Namespace(K=20, N=20, N_per=100, bandwidths=[1.0, None, None, None], batch_size=100, filter_sizes=[3, 3, 3, 3], g_activs=['cos', 'relu', 'relu', 'relu'], init_stdvs=[None, 1.0, 1.0, 1.0], kernel_type='ntk', mode='type2', n=1000, poolings=['st2', 'st2', 'st2', 'st2'], run_id=0, top_dir='/scratch/hdd001/home/sheng/NTKTST', use_components=None, widths=[200, 200, 200, 200])
1000
[200, 200, 200, 200]
Files already downloaded and verified
-23.143632888793945
count:  6
0 3.055333763768431e-13 0 [0. 0. 0. 0. 0. 0. 0. 0. 0. 0. 0. 0. 0. 0. 0. 0. 0. 0. 0. 0.]
count:  6
1 4.192202140984591e-13 0 [0. 0. 0. 0. 0. 0. 0. 0. 0. 0. 0. 0. 0. 0. 0. 0. 0. 0. 0. 0.]
count:  6
2 5.044853423896711e-13 0 [0. 0. 0. 0. 0. 0. 0. 0. 0. 0. 0. 0. 0. 0. 0. 0. 0. 0. 0. 0.]
count:  6
3 -2.5082158572331537e-12 0 [0. 0. 0. 0. 0. 0. 0. 0. 0. 0. 0. 0. 0. 0. 0. 0. 0. 0. 0. 0.]
count:  6
4 1.9326762412674725e-12 0 [0. 0. 0. 0. 0. 0. 0. 0. 0. 0. 0. 0. 0. 0. 0. 0. 0. 0. 0. 0.]
count:  6
5 -1.9682033780554775e-12 0 [0. 0. 0. 0. 0. 0. 0. 0. 0. 0. 0. 0. 0. 0. 0. 0. 0. 0. 0. 0.]
count:  6
6 -1.2576606422953773e-12 0 [0. 0. 0. 0. 0. 0. 0. 0. 0. 0. 0. 0. 0. 0. 0. 0. 0. 0. 0. 0.]
count:  6
7 -4.334310688136611e-13 0 [0. 0. 0. 0. 0. 0. 0. 0. 0. 0. 0. 0. 0. 0. 0. 0. 0. 0. 0. 0.]
count:  6
8 -7.460698725481052e-13 0 [0. 0. 0. 0. 0. 0. 0. 0. 0. 0. 0. 0. 0. 0. 0. 0. 0. 0. 0. 0.]
count:  6
9 -1.7550405573274475e-12 0 [0. 0. 0. 0. 0. 0. 0. 0. 0. 0. 0. 0. 0. 0. 0. 0. 0. 0. 0. 0.]
count:  6
10 1.2363443602225743e-12 0 [0. 0. 0. 0. 0. 0. 0. 0. 0. 0. 0. 0. 0. 0. 0. 0. 0. 0. 0. 0.]
count:  6
11 -1.3287149158713873e-12 0 [0. 0. 0. 0. 0. 0. 0. 0. 0. 0. 0. 0. 0. 0. 0. 0. 0. 0. 0. 0.]
count:  6
12 3.083755473198835e-12 0 [0. 0. 0. 0. 0. 0. 0. 0. 0. 0. 0. 0. 0. 0. 0. 0. 0. 0. 0. 0.]
count:  6
13 -1.2576606422953773e-12 0 [0. 0. 0. 0. 0. 0. 0. 0. 0. 0. 0. 0. 0. 0. 0. 0. 0. 0. 0. 0.]
count:  6
14 -1.3429257705865894e-12 0 [0. 0. 0. 0. 0. 0. 0. 0. 0. 0. 0. 0. 0. 0. 0. 0. 0. 0. 0. 0.]
count:  6
15 6.394884621840902e-14 0 [0. 0. 0. 0. 0. 0. 0. 0. 0. 0. 0. 0. 0. 0. 0. 0. 0. 0. 0. 0.]
count:  6
16 -1.5631940186722204e-13 0 [0. 0. 0. 0. 0. 0. 0. 0. 0. 0. 0. 0. 0. 0. 0. 0. 0. 0. 0. 0.]
count:  6
17 -2.842170943040401e-14 0 [0. 0. 0. 0. 0. 0. 0. 0. 0. 0. 0. 0. 0. 0. 0. 0. 0. 0. 0. 0.]
count:  6
18 -1.3784529073745944e-12 0 [0. 0. 0. 0. 0. 0. 0. 0. 0. 0. 0. 0. 0. 0. 0. 0. 0. 0. 0. 0.]
count:  6
19 -2.8705926524708048e-12 0 [0. 0. 0. 0. 0. 0. 0. 0. 0. 0. 0. 0. 0. 0. 0. 0. 0. 0. 0. 0.]
Reject rate_u:  0.0
Test Power of Baselines (K times): 
[[0. 0. 0. 0. 0. 0. 0. 0. 0. 0. 0. 0. 0. 0. 0. 0. 0. 0. 0. 0.]]
Average Test Power of Baselines (K times): 
MMD-D:  0.0 C2ST-L: 
test power, MMD/varest= [ 0.00402721  0.00417315  0.00477101 -0.04198119  0.01655118 -0.03071728
 -0.01940064 -0.00525841 -0.00768472 -0.03050225  0.01259589 -0.0185628
  0.02396408 -0.01745272 -0.01646295  0.00067782 -0.00170902 -0.00027308
 -0.01876821 -0.04418272] sum= -0.009309781858221221
-23.384754180908203
count:  0
0 5.059064278611913e-12 1 [1. 0. 0. 0. 0. 0. 0. 0. 0. 0. 0. 0. 0. 0. 0. 0. 0. 0. 0. 0.]
count:  6
1 3.609557097661309e-12 0 [1. 0. 0. 0. 0. 0. 0. 0. 0. 0. 0. 0. 0. 0. 0. 0. 0. 0. 0. 0.]
count:  6
2 2.2524204723595176e-12 0 [1. 0. 0. 0. 0. 0. 0. 0. 0. 0. 0. 0. 0. 0. 0. 0. 0. 0. 0. 0.]
count:  6
3 1.8829382497642655e-12 0 [1. 0. 0. 0. 0. 0. 0. 0. 0. 0. 0. 0. 0. 0. 0. 0. 0. 0. 0. 0.]
count:  6
4 8.668621376273222e-13 0 [1. 0. 0. 0. 0. 0. 0. 0. 0. 0. 0. 0. 0. 0. 0. 0. 0. 0. 0. 0.]
count:  6
5 1.3002932064409833e-12 0 [1. 0. 0. 0. 0. 0. 0. 0. 0. 0. 0. 0. 0. 0. 0. 0. 0. 0. 0. 0.]
count:  0
6 7.283063041541027e-12 1 [1. 0. 0. 0. 0. 0. 1. 0. 0. 0. 0. 0. 0. 0. 0. 0. 0. 0. 0. 0.]
count:  6
7 3.907985046680551e-13 0 [1. 0. 0. 0. 0. 0. 1. 0. 0. 0. 0. 0. 0. 0. 0. 0. 0. 0. 0. 0.]
count:  6
8 4.902744876744691e-13 0 [1. 0. 0. 0. 0. 0. 1. 0. 0. 0. 0. 0. 0. 0. 0. 0. 0. 0. 0. 0.]
count:  6
9 -5.968558980384842e-13 0 [1. 0. 0. 0. 0. 0. 1. 0. 0. 0. 0. 0. 0. 0. 0. 0. 0. 0. 0. 0.]
count:  6
10 1.3926637620897964e-12 0 [1. 0. 0. 0. 0. 0. 1. 0. 0. 0. 0. 0. 0. 0. 0. 0. 0. 0. 0. 0.]
count:  6
11 1.8118839761882555e-12 0 [1. 0. 0. 0. 0. 0. 1. 0. 0. 0. 0. 0. 0. 0. 0. 0. 0. 0. 0. 0.]
count:  6
12 2.7711166694643907e-12 0 [1. 0. 0. 0. 0. 0. 1. 0. 0. 0. 0. 0. 0. 0. 0. 0. 0. 0. 0. 0.]
count:  6
13 9.379164112033322e-13 0 [1. 0. 0. 0. 0. 0. 1. 0. 0. 0. 0. 0. 0. 0. 0. 0. 0. 0. 0. 0.]
count:  6
14 -9.237055564881302e-14 0 [1. 0. 0. 0. 0. 0. 1. 0. 0. 0. 0. 0. 0. 0. 0. 0. 0. 0. 0. 0.]
count:  6
15 -4.973799150320701e-14 0 [1. 0. 0. 0. 0. 0. 1. 0. 0. 0. 0. 0. 0. 0. 0. 0. 0. 0. 0. 0.]
count:  6
16 -7.105427357601002e-15 0 [1. 0. 0. 0. 0. 0. 1. 0. 0. 0. 0. 0. 0. 0. 0. 0. 0. 0. 0. 0.]
count:  6
17 2.1316282072803006e-14 0 [1. 0. 0. 0. 0. 0. 1. 0. 0. 0. 0. 0. 0. 0. 0. 0. 0. 0. 0. 0.]
count:  6
18 -1.7053025658242404e-13 0 [1. 0. 0. 0. 0. 0. 1. 0. 0. 0. 0. 0. 0. 0. 0. 0. 0. 0. 0. 0.]
count:  6
19 -2.4868995751603507e-13 0 [1. 0. 0. 0. 0. 0. 1. 0. 0. 0. 0. 0. 0. 0. 0. 0. 0. 0. 0. 0.]
Reject rate_u:  0.1
Test Power of Baselines (K times): 
[[0.  0.1 0.  0.  0.  0.  0.  0.  0.  0.  0.  0.  0.  0.  0.  0.  0.  0.
  0.  0. ]]
Average Test Power of Baselines (K times): 
MMD-D:  0.05 C2ST-L: 
test power, MMD/varest= [ 0.03327357  0.03182101  0.0196213   0.02157696  0.01065464  0.01136824
  0.04424997  0.00457979  0.00670541 -0.00758095  0.01707956  0.0236627
  0.02228264  0.01267265 -0.00129576 -0.00075886 -0.00010958  0.00032465
 -0.00192901 -0.00365496] sum= 0.012227199380452846
-24.268173217773438
count:  6
0 2.7355895326763857e-12 0 [0. 0. 0. 0. 0. 0. 0. 0. 0. 0. 0. 0. 0. 0. 0. 0. 0. 0. 0. 0.]
count:  6
1 7.531752999057062e-13 0 [0. 0. 0. 0. 0. 0. 0. 0. 0. 0. 0. 0. 0. 0. 0. 0. 0. 0. 0. 0.]
count:  6
2 -1.0658141036401503e-12 0 [0. 0. 0. 0. 0. 0. 0. 0. 0. 0. 0. 0. 0. 0. 0. 0. 0. 0. 0. 0.]
count:  6
3 -3.694822225952521e-13 0 [0. 0. 0. 0. 0. 0. 0. 0. 0. 0. 0. 0. 0. 0. 0. 0. 0. 0. 0. 0.]
count:  6
4 1.0089706847793423e-12 0 [0. 0. 0. 0. 0. 0. 0. 0. 0. 0. 0. 0. 0. 0. 0. 0. 0. 0. 0. 0.]
count:  2
5 4.490630090003833e-12 1 [0. 0. 0. 0. 0. 1. 0. 0. 0. 0. 0. 0. 0. 0. 0. 0. 0. 0. 0. 0.]
count:  5
6 5.314859663485549e-12 1 [0. 0. 0. 0. 0. 1. 1. 0. 0. 0. 0. 0. 0. 0. 0. 0. 0. 0. 0. 0.]
count:  6
7 -2.2666313270747196e-12 0 [0. 0. 0. 0. 0. 1. 1. 0. 0. 0. 0. 0. 0. 0. 0. 0. 0. 0. 0. 0.]
count:  6
8 4.973799150320701e-14 0 [0. 0. 0. 0. 0. 1. 1. 0. 0. 0. 0. 0. 0. 0. 0. 0. 0. 0. 0. 0.]
count:  6
9 -8.810729923425242e-13 0 [0. 0. 0. 0. 0. 1. 1. 0. 0. 0. 0. 0. 0. 0. 0. 0. 0. 0. 0. 0.]
count:  6
10 2.4229507289419416e-12 0 [0. 0. 0. 0. 0. 1. 1. 0. 0. 0. 0. 0. 0. 0. 0. 0. 0. 0. 0. 0.]
count:  6
11 2.0747847884194925e-12 0 [0. 0. 0. 0. 0. 1. 1. 0. 0. 0. 0. 0. 0. 0. 0. 0. 0. 0. 0. 0.]
count:  6
12 7.602807272633072e-13 0 [0. 0. 0. 0. 0. 1. 1. 0. 0. 0. 0. 0. 0. 0. 0. 0. 0. 0. 0. 0.]
count:  6
13 3.531397396727698e-12 0 [0. 0. 0. 0. 0. 1. 1. 0. 0. 0. 0. 0. 0. 0. 0. 0. 0. 0. 0. 0.]
count:  6
14 3.979039320256561e-13 0 [0. 0. 0. 0. 0. 1. 1. 0. 0. 0. 0. 0. 0. 0. 0. 0. 0. 0. 0. 0.]
count:  6
15 1.8260948309034575e-12 0 [0. 0. 0. 0. 0. 1. 1. 0. 0. 0. 0. 0. 0. 0. 0. 0. 0. 0. 0. 0.]
count:  4
16 3.538502824085299e-12 1 [0. 0. 0. 0. 0. 1. 1. 0. 0. 0. 0. 0. 0. 0. 0. 0. 1. 0. 0. 0.]
count:  6
17 -7.034373084024992e-13 0 [0. 0. 0. 0. 0. 1. 1. 0. 0. 0. 0. 0. 0. 0. 0. 0. 1. 0. 0. 0.]
count:  6
18 -8.810729923425242e-13 0 [0. 0. 0. 0. 0. 1. 1. 0. 0. 0. 0. 0. 0. 0. 0. 0. 1. 0. 0. 0.]
count:  6
19 1.7053025658242404e-13 0 [0. 0. 0. 0. 0. 1. 1. 0. 0. 0. 0. 0. 0. 0. 0. 0. 1. 0. 0. 0.]
Reject rate_u:  0.15
Test Power of Baselines (K times): 
[[0.   0.1  0.15 0.   0.   0.   0.   0.   0.   0.   0.   0.   0.   0.
  0.   0.   0.   0.   0.   0.  ]]
Average Test Power of Baselines (K times): 
MMD-D:  0.08333333333333333 C2ST-L: 
test power, MMD/varest= [ 0.02535599  0.00591426 -0.01772886 -0.00410033  0.01234438  0.03136433
  0.03582018 -0.04781066  0.00055573 -0.01554526  0.01862426  0.0220765
  0.00949069  0.03058088  0.00497118  0.01841941  0.02363815 -0.00995756
 -0.01538803  0.00221348] sum= 0.006541936251650391
-23.510313034057617
count:  6
0 1.1723955140041653e-12 0 [0. 0. 0. 0. 0. 0. 0. 0. 0. 0. 0. 0. 0. 0. 0. 0. 0. 0. 0. 0.]
count:  6
1 -1.7053025658242404e-13 0 [0. 0. 0. 0. 0. 0. 0. 0. 0. 0. 0. 0. 0. 0. 0. 0. 0. 0. 0. 0.]
count:  6
2 -7.744915819785092e-13 0 [0. 0. 0. 0. 0. 0. 0. 0. 0. 0. 0. 0. 0. 0. 0. 0. 0. 0. 0. 0.]
count:  6
3 1.9824142327706795e-12 0 [0. 0. 0. 0. 0. 0. 0. 0. 0. 0. 0. 0. 0. 0. 0. 0. 0. 0. 0. 0.]
count:  4
4 5.186961971048731e-12 1 [0. 0. 0. 0. 1. 0. 0. 0. 0. 0. 0. 0. 0. 0. 0. 0. 0. 0. 0. 0.]
count:  6
5 8.526512829121202e-14 0 [0. 0. 0. 0. 1. 0. 0. 0. 0. 0. 0. 0. 0. 0. 0. 0. 0. 0. 0. 0.]
count:  5
6 3.296918293926865e-12 1 [0. 0. 0. 0. 1. 0. 1. 0. 0. 0. 0. 0. 0. 0. 0. 0. 0. 0. 0. 0.]
count:  6
7 -5.684341886080802e-14 0 [0. 0. 0. 0. 1. 0. 1. 0. 0. 0. 0. 0. 0. 0. 0. 0. 0. 0. 0. 0.]
count:  6
8 -2.5579538487363607e-13 0 [0. 0. 0. 0. 1. 0. 1. 0. 0. 0. 0. 0. 0. 0. 0. 0. 0. 0. 0. 0.]
count:  6
9 3.353761712787673e-12 0 [0. 0. 0. 0. 1. 0. 1. 0. 0. 0. 0. 0. 0. 0. 0. 0. 0. 0. 0. 0.]
count:  6
10 9.663381206337363e-13 0 [0. 0. 0. 0. 1. 0. 1. 0. 0. 0. 0. 0. 0. 0. 0. 0. 0. 0. 0. 0.]
count:  6
11 -9.166001291305292e-13 0 [0. 0. 0. 0. 1. 0. 1. 0. 0. 0. 0. 0. 0. 0. 0. 0. 0. 0. 0. 0.]
count:  6
12 2.2453150450019166e-12 0 [0. 0. 0. 0. 1. 0. 1. 0. 0. 0. 0. 0. 0. 0. 0. 0. 0. 0. 0. 0.]
count:  6
13 1.7408297026122455e-12 0 [0. 0. 0. 0. 1. 0. 1. 0. 0. 0. 0. 0. 0. 0. 0. 0. 0. 0. 0. 0.]
count:  6
14 1.1723955140041653e-12 0 [0. 0. 0. 0. 1. 0. 1. 0. 0. 0. 0. 0. 0. 0. 0. 0. 0. 0. 0. 0.]
count:  6
15 3.950617610826157e-12 0 [0. 0. 0. 0. 1. 0. 1. 0. 0. 0. 0. 0. 0. 0. 0. 0. 0. 0. 0. 0.]
count:  6
16 1.6413537196058314e-12 0 [0. 0. 0. 0. 1. 0. 1. 0. 0. 0. 0. 0. 0. 0. 0. 0. 0. 0. 0. 0.]
count:  6
17 -1.0444978215673473e-12 0 [0. 0. 0. 0. 1. 0. 1. 0. 0. 0. 0. 0. 0. 0. 0. 0. 0. 0. 0. 0.]
count:  6
18 5.684341886080802e-14 0 [0. 0. 0. 0. 1. 0. 1. 0. 0. 0. 0. 0. 0. 0. 0. 0. 0. 0. 0. 0.]
count:  6
19 -9.663381206337363e-13 0 [0. 0. 0. 0. 1. 0. 1. 0. 0. 0. 0. 0. 0. 0. 0. 0. 0. 0. 0. 0.]
Reject rate_u:  0.1
Test Power of Baselines (K times): 
[[0.   0.1  0.15 0.1  0.   0.   0.   0.   0.   0.   0.   0.   0.   0.
  0.   0.   0.   0.   0.   0.  ]]
Average Test Power of Baselines (K times): 
MMD-D:  0.0875 C2ST-L: 
test power, MMD/varest= [ 0.01143102 -0.00273726 -0.01379452  0.01953667  0.03857506  0.00097852
  0.02199472 -0.00069196 -0.00361193  0.03044917  0.01034628 -0.01572426
  0.02166864  0.01661961  0.01050407  0.0290915   0.01419284 -0.01291183
  0.00064882 -0.01404584] sum= 0.00812596665418313
-23.810152053833008
count:  6
0 1.3713474800169934e-12 0 [0. 0. 0. 0. 0. 0. 0. 0. 0. 0. 0. 0. 0. 0. 0. 0. 0. 0. 0. 0.]
count:  6
1 -5.258016244624741e-13 0 [0. 0. 0. 0. 0. 0. 0. 0. 0. 0. 0. 0. 0. 0. 0. 0. 0. 0. 0. 0.]
count:  6
2 -2.984279490192421e-13 0 [0. 0. 0. 0. 0. 0. 0. 0. 0. 0. 0. 0. 0. 0. 0. 0. 0. 0. 0. 0.]
count:  6
3 6.536993168992922e-13 0 [0. 0. 0. 0. 0. 0. 0. 0. 0. 0. 0. 0. 0. 0. 0. 0. 0. 0. 0. 0.]
count:  6
4 -1.3358203432289883e-12 0 [0. 0. 0. 0. 0. 0. 0. 0. 0. 0. 0. 0. 0. 0. 0. 0. 0. 0. 0. 0.]
count:  6
5 -5.186961971048731e-13 0 [0. 0. 0. 0. 0. 0. 0. 0. 0. 0. 0. 0. 0. 0. 0. 0. 0. 0. 0. 0.]
count:  6
6 2.1032064978498966e-12 0 [0. 0. 0. 0. 0. 0. 0. 0. 0. 0. 0. 0. 0. 0. 0. 0. 0. 0. 0. 0.]
count:  6
7 3.751665644813329e-12 0 [0. 0. 0. 0. 0. 0. 0. 0. 0. 0. 0. 0. 0. 0. 0. 0. 0. 0. 0. 0.]
count:  6
8 -1.5560885913146194e-12 0 [0. 0. 0. 0. 0. 0. 0. 0. 0. 0. 0. 0. 0. 0. 0. 0. 0. 0. 0. 0.]
count:  6
9 -1.0444978215673473e-12 0 [0. 0. 0. 0. 0. 0. 0. 0. 0. 0. 0. 0. 0. 0. 0. 0. 0. 0. 0. 0.]
count:  6
10 -1.1368683772161603e-13 0 [0. 0. 0. 0. 0. 0. 0. 0. 0. 0. 0. 0. 0. 0. 0. 0. 0. 0. 0. 0.]
count:  6
11 1.5347723092418164e-12 0 [0. 0. 0. 0. 0. 0. 0. 0. 0. 0. 0. 0. 0. 0. 0. 0. 0. 0. 0. 0.]
count:  6
12 3.126388037344441e-13 0 [0. 0. 0. 0. 0. 0. 0. 0. 0. 0. 0. 0. 0. 0. 0. 0. 0. 0. 0. 0.]
count:  6
13 1.2789769243681803e-12 0 [0. 0. 0. 0. 0. 0. 0. 0. 0. 0. 0. 0. 0. 0. 0. 0. 0. 0. 0. 0.]
count:  6
14 -1.8971491044794675e-12 0 [0. 0. 0. 0. 0. 0. 0. 0. 0. 0. 0. 0. 0. 0. 0. 0. 0. 0. 0. 0.]
count:  6
15 1.0160761121369433e-12 0 [0. 0. 0. 0. 0. 0. 0. 0. 0. 0. 0. 0. 0. 0. 0. 0. 0. 0. 0. 0.]
count:  6
16 1.1652900866465643e-12 0 [0. 0. 0. 0. 0. 0. 0. 0. 0. 0. 0. 0. 0. 0. 0. 0. 0. 0. 0. 0.]
count:  2
17 4.817479748453479e-12 1 [0. 0. 0. 0. 0. 0. 0. 0. 0. 0. 0. 0. 0. 0. 0. 0. 0. 1. 0. 0.]
count:  6
18 -1.1937117960769683e-12 0 [0. 0. 0. 0. 0. 0. 0. 0. 0. 0. 0. 0. 0. 0. 0. 0. 0. 1. 0. 0.]
count:  6
19 1.8545165403338615e-12 0 [0. 0. 0. 0. 0. 0. 0. 0. 0. 0. 0. 0. 0. 0. 0. 0. 0. 1. 0. 0.]
Reject rate_u:  0.05
Test Power of Baselines (K times): 
[[0.   0.1  0.15 0.1  0.05 0.   0.   0.   0.   0.   0.   0.   0.   0.
  0.   0.   0.   0.   0.   0.  ]]
Average Test Power of Baselines (K times): 
MMD-D:  0.07999999999999999 C2ST-L: 
test power, MMD/varest= [ 0.01478625 -0.00706963 -0.00340297  0.00636446 -0.02235538 -0.00712176
  0.01893073  0.03597497 -0.02089525 -0.01872059 -0.00152005  0.01541623
  0.00420853  0.01483603 -0.03284773  0.00889374  0.01433512  0.03718491
 -0.01679617  0.0201814 ] sum= 0.0030191423630354665
-23.12932777404785
count:  6
0 3.979039320256561e-13 0 [0. 0. 0. 0. 0. 0. 0. 0. 0. 0. 0. 0. 0. 0. 0. 0. 0. 0. 0. 0.]
count:  6
1 7.531752999057062e-13 0 [0. 0. 0. 0. 0. 0. 0. 0. 0. 0. 0. 0. 0. 0. 0. 0. 0. 0. 0. 0.]
count:  6
2 -8.668621376273222e-13 0 [0. 0. 0. 0. 0. 0. 0. 0. 0. 0. 0. 0. 0. 0. 0. 0. 0. 0. 0. 0.]
count:  6
3 -1.1084466677857563e-12 0 [0. 0. 0. 0. 0. 0. 0. 0. 0. 0. 0. 0. 0. 0. 0. 0. 0. 0. 0. 0.]
count:  6
4 -2.3447910280083306e-13 0 [0. 0. 0. 0. 0. 0. 0. 0. 0. 0. 0. 0. 0. 0. 0. 0. 0. 0. 0. 0.]
count:  6
5 1.3926637620897964e-12 0 [0. 0. 0. 0. 0. 0. 0. 0. 0. 0. 0. 0. 0. 0. 0. 0. 0. 0. 0. 0.]
count:  6
6 -7.673861546209082e-13 0 [0. 0. 0. 0. 0. 0. 0. 0. 0. 0. 0. 0. 0. 0. 0. 0. 0. 0. 0. 0.]
count:  6
7 1.4921397450962104e-12 0 [0. 0. 0. 0. 0. 0. 0. 0. 0. 0. 0. 0. 0. 0. 0. 0. 0. 0. 0. 0.]
count:  6
8 1.8758328224066645e-12 0 [0. 0. 0. 0. 0. 0. 0. 0. 0. 0. 0. 0. 0. 0. 0. 0. 0. 0. 0. 0.]
count:  6
9 6.821210263296962e-13 0 [0. 0. 0. 0. 0. 0. 0. 0. 0. 0. 0. 0. 0. 0. 0. 0. 0. 0. 0. 0.]
count:  6
10 -1.2647660696529783e-12 0 [0. 0. 0. 0. 0. 0. 0. 0. 0. 0. 0. 0. 0. 0. 0. 0. 0. 0. 0. 0.]
count:  6
11 -1.3216094885137863e-12 0 [0. 0. 0. 0. 0. 0. 0. 0. 0. 0. 0. 0. 0. 0. 0. 0. 0. 0. 0. 0.]
count:  6
12 -3.055333763768431e-13 0 [0. 0. 0. 0. 0. 0. 0. 0. 0. 0. 0. 0. 0. 0. 0. 0. 0. 0. 0. 0.]
count:  6
13 3.602451670303708e-12 0 [0. 0. 0. 0. 0. 0. 0. 0. 0. 0. 0. 0. 0. 0. 0. 0. 0. 0. 0. 0.]
count:  6
14 3.694822225952521e-13 0 [0. 0. 0. 0. 0. 0. 0. 0. 0. 0. 0. 0. 0. 0. 0. 0. 0. 0. 0. 0.]
count:  6
15 2.5579538487363607e-13 0 [0. 0. 0. 0. 0. 0. 0. 0. 0. 0. 0. 0. 0. 0. 0. 0. 0. 0. 0. 0.]
count:  6
16 1.5418777365994174e-12 0 [0. 0. 0. 0. 0. 0. 0. 0. 0. 0. 0. 0. 0. 0. 0. 0. 0. 0. 0. 0.]
count:  6
17 -9.237055564881302e-14 0 [0. 0. 0. 0. 0. 0. 0. 0. 0. 0. 0. 0. 0. 0. 0. 0. 0. 0. 0. 0.]
count:  6
18 -1.2221335055073723e-12 0 [0. 0. 0. 0. 0. 0. 0. 0. 0. 0. 0. 0. 0. 0. 0. 0. 0. 0. 0. 0.]
count:  6
19 3.225864020350855e-12 0 [0. 0. 0. 0. 0. 0. 0. 0. 0. 0. 0. 0. 0. 0. 0. 0. 0. 0. 0. 0.]
Reject rate_u:  0.0
Test Power of Baselines (K times): 
[[0.   0.1  0.15 0.1  0.05 0.   0.   0.   0.   0.   0.   0.   0.   0.
  0.   0.   0.   0.   0.   0.  ]]
Average Test Power of Baselines (K times): 
MMD-D:  0.06666666666666667 C2ST-L: 
test power, MMD/varest= [ 0.00391839  0.01000909 -0.01409386 -0.01697182 -0.00273953  0.01989237
 -0.01178073  0.01636377  0.01351455  0.00849811 -0.01787285 -0.02445262
 -0.00457642  0.03506302  0.00433392  0.00404363  0.01761498 -0.00109823
 -0.01962517  0.02569907] sum= 0.002286983663857936
-23.27025032043457
count:  6
0 -1.4495071809506044e-12 0 [0. 0. 0. 0. 0. 0. 0. 0. 0. 0. 0. 0. 0. 0. 0. 0. 0. 0. 0. 0.]
count:  6
1 -6.394884621840902e-13 0 [0. 0. 0. 0. 0. 0. 0. 0. 0. 0. 0. 0. 0. 0. 0. 0. 0. 0. 0. 0.]
count:  6
2 -2.8421709430404007e-13 0 [0. 0. 0. 0. 0. 0. 0. 0. 0. 0. 0. 0. 0. 0. 0. 0. 0. 0. 0. 0.]
count:  6
3 6.394884621840902e-14 0 [0. 0. 0. 0. 0. 0. 0. 0. 0. 0. 0. 0. 0. 0. 0. 0. 0. 0. 0. 0.]
count:  6
4 -9.521272659185342e-13 0 [0. 0. 0. 0. 0. 0. 0. 0. 0. 0. 0. 0. 0. 0. 0. 0. 0. 0. 0. 0.]
count:  6
5 -9.237055564881302e-14 0 [0. 0. 0. 0. 0. 0. 0. 0. 0. 0. 0. 0. 0. 0. 0. 0. 0. 0. 0. 0.]
count:  6
6 -1.9184653865522705e-13 0 [0. 0. 0. 0. 0. 0. 0. 0. 0. 0. 0. 0. 0. 0. 0. 0. 0. 0. 0. 0.]
count:  6
7 1.2434497875801753e-12 0 [0. 0. 0. 0. 0. 0. 0. 0. 0. 0. 0. 0. 0. 0. 0. 0. 0. 0. 0. 0.]
count:  6
8 1.6058265828178264e-12 0 [0. 0. 0. 0. 0. 0. 0. 0. 0. 0. 0. 0. 0. 0. 0. 0. 0. 0. 0. 0.]
count:  6
9 6.892264536872972e-13 0 [0. 0. 0. 0. 0. 0. 0. 0. 0. 0. 0. 0. 0. 0. 0. 0. 0. 0. 0. 0.]
count:  6
10 -4.334310688136611e-13 0 [0. 0. 0. 0. 0. 0. 0. 0. 0. 0. 0. 0. 0. 0. 0. 0. 0. 0. 0. 0.]
count:  6
11 4.476419235288631e-13 0 [0. 0. 0. 0. 0. 0. 0. 0. 0. 0. 0. 0. 0. 0. 0. 0. 0. 0. 0. 0.]
count:  6
12 3.552713678800501e-13 0 [0. 0. 0. 0. 0. 0. 0. 0. 0. 0. 0. 0. 0. 0. 0. 0. 0. 0. 0. 0.]
count:  6
13 1.4850343177386094e-12 0 [0. 0. 0. 0. 0. 0. 0. 0. 0. 0. 0. 0. 0. 0. 0. 0. 0. 0. 0. 0.]
count:  6
14 -7.389644451905042e-13 0 [0. 0. 0. 0. 0. 0. 0. 0. 0. 0. 0. 0. 0. 0. 0. 0. 0. 0. 0. 0.]
count:  6
15 -1.8474111129762605e-13 0 [0. 0. 0. 0. 0. 0. 0. 0. 0. 0. 0. 0. 0. 0. 0. 0. 0. 0. 0. 0.]
count:  6
16 -2.1316282072803006e-14 0 [0. 0. 0. 0. 0. 0. 0. 0. 0. 0. 0. 0. 0. 0. 0. 0. 0. 0. 0. 0.]
count:  6
17 3.268496584496461e-13 0 [0. 0. 0. 0. 0. 0. 0. 0. 0. 0. 0. 0. 0. 0. 0. 0. 0. 0. 0. 0.]
count:  6
18 2.9416469260468148e-12 0 [0. 0. 0. 0. 0. 0. 0. 0. 0. 0. 0. 0. 0. 0. 0. 0. 0. 0. 0. 0.]
count:  6
19 2.0676793610618915e-12 0 [0. 0. 0. 0. 0. 0. 0. 0. 0. 0. 0. 0. 0. 0. 0. 0. 0. 0. 0. 0.]
Reject rate_u:  0.0
Test Power of Baselines (K times): 
[[0.   0.1  0.15 0.1  0.05 0.   0.   0.   0.   0.   0.   0.   0.   0.
  0.   0.   0.   0.   0.   0.  ]]
Average Test Power of Baselines (K times): 
MMD-D:  0.05714285714285714 C2ST-L: 
test power, MMD/varest= [-0.02554859 -0.00862812 -0.00386202  0.00079009 -0.01343107 -0.00131986
 -0.00339415  0.0153622   0.01783487  0.00798386 -0.00692278  0.00541681
  0.00472101  0.01695047 -0.01040351 -0.00236842 -0.00027206  0.00400964
  0.0271452   0.01803849] sum= 0.0021051033313525826
-24.963781356811523
count:  6
0 -1.2221335055073723e-12 0 [0. 0. 0. 0. 0. 0. 0. 0. 0. 0. 0. 0. 0. 0. 0. 0. 0. 0. 0. 0.]
count:  6
1 2.1316282072803006e-14 0 [0. 0. 0. 0. 0. 0. 0. 0. 0. 0. 0. 0. 0. 0. 0. 0. 0. 0. 0. 0.]
count:  6
2 -9.379164112033322e-13 0 [0. 0. 0. 0. 0. 0. 0. 0. 0. 0. 0. 0. 0. 0. 0. 0. 0. 0. 0. 0.]
count:  6
3 -1.4921397450962104e-13 0 [0. 0. 0. 0. 0. 0. 0. 0. 0. 0. 0. 0. 0. 0. 0. 0. 0. 0. 0. 0.]
count:  6
4 -7.815970093361102e-13 0 [0. 0. 0. 0. 0. 0. 0. 0. 0. 0. 0. 0. 0. 0. 0. 0. 0. 0. 0. 0.]
count:  6
5 -1.2079226507921703e-13 0 [0. 0. 0. 0. 0. 0. 0. 0. 0. 0. 0. 0. 0. 0. 0. 0. 0. 0. 0. 0.]
count:  6
6 -3.552713678800501e-14 0 [0. 0. 0. 0. 0. 0. 0. 0. 0. 0. 0. 0. 0. 0. 0. 0. 0. 0. 0. 0.]
count:  6
7 1.2079226507921703e-12 0 [0. 0. 0. 0. 0. 0. 0. 0. 0. 0. 0. 0. 0. 0. 0. 0. 0. 0. 0. 0.]
count:  6
8 9.308109838457312e-13 0 [0. 0. 0. 0. 0. 0. 0. 0. 0. 0. 0. 0. 0. 0. 0. 0. 0. 0. 0. 0.]
count:  6
9 2.1742607714259066e-12 0 [0. 0. 0. 0. 0. 0. 0. 0. 0. 0. 0. 0. 0. 0. 0. 0. 0. 0. 0. 0.]
count:  6
10 -1.1795009413617663e-12 0 [0. 0. 0. 0. 0. 0. 0. 0. 0. 0. 0. 0. 0. 0. 0. 0. 0. 0. 0. 0.]
count:  6
11 6.323830348264892e-13 0 [0. 0. 0. 0. 0. 0. 0. 0. 0. 0. 0. 0. 0. 0. 0. 0. 0. 0. 0. 0.]
count:  6
12 -4.405364961712621e-13 0 [0. 0. 0. 0. 0. 0. 0. 0. 0. 0. 0. 0. 0. 0. 0. 0. 0. 0. 0. 0.]
count:  6
13 -7.247535904753022e-13 0 [0. 0. 0. 0. 0. 0. 0. 0. 0. 0. 0. 0. 0. 0. 0. 0. 0. 0. 0. 0.]
count:  6
14 1.7053025658242404e-13 0 [0. 0. 0. 0. 0. 0. 0. 0. 0. 0. 0. 0. 0. 0. 0. 0. 0. 0. 0. 0.]
count:  6
15 4.547473508864641e-13 0 [0. 0. 0. 0. 0. 0. 0. 0. 0. 0. 0. 0. 0. 0. 0. 0. 0. 0. 0. 0.]
count:  6
16 2.5082158572331537e-12 0 [0. 0. 0. 0. 0. 0. 0. 0. 0. 0. 0. 0. 0. 0. 0. 0. 0. 0. 0. 0.]
count:  6
17 1.2434497875801753e-12 0 [0. 0. 0. 0. 0. 0. 0. 0. 0. 0. 0. 0. 0. 0. 0. 0. 0. 0. 0. 0.]
count:  6
18 1.5702994460298214e-12 0 [0. 0. 0. 0. 0. 0. 0. 0. 0. 0. 0. 0. 0. 0. 0. 0. 0. 0. 0. 0.]
count:  6
19 1.4352963262354024e-12 0 [0. 0. 0. 0. 0. 0. 0. 0. 0. 0. 0. 0. 0. 0. 0. 0. 0. 0. 0. 0.]
Reject rate_u:  0.0
Test Power of Baselines (K times): 
[[0.   0.1  0.15 0.1  0.05 0.   0.   0.   0.   0.   0.   0.   0.   0.
  0.   0.   0.   0.   0.   0.  ]]
Average Test Power of Baselines (K times): 
MMD-D:  0.049999999999999996 C2ST-L: 
test power, MMD/varest= [-0.02173047  0.00033009 -0.01607461 -0.0020664  -0.01357373 -0.00163639
 -0.000408    0.01576737  0.01295743  0.01840058 -0.01855844  0.0098434
 -0.00651139 -0.01196538  0.00204214  0.00651597  0.02526057  0.01222908
  0.01809094  0.01707158] sum= 0.0022992170781906073
-23.114883422851562
count:  6
0 -5.684341886080802e-14 0 [0. 0. 0. 0. 0. 0. 0. 0. 0. 0. 0. 0. 0. 0. 0. 0. 0. 0. 0. 0.]
count:  6
1 -7.531752999057062e-13 0 [0. 0. 0. 0. 0. 0. 0. 0. 0. 0. 0. 0. 0. 0. 0. 0. 0. 0. 0. 0.]
count:  6
2 7.815970093361102e-14 0 [0. 0. 0. 0. 0. 0. 0. 0. 0. 0. 0. 0. 0. 0. 0. 0. 0. 0. 0. 0.]
count:  6
3 -1.4921397450962104e-12 0 [0. 0. 0. 0. 0. 0. 0. 0. 0. 0. 0. 0. 0. 0. 0. 0. 0. 0. 0. 0.]
count:  6
4 4.476419235288631e-13 0 [0. 0. 0. 0. 0. 0. 0. 0. 0. 0. 0. 0. 0. 0. 0. 0. 0. 0. 0. 0.]
count:  6
5 1.5631940186722204e-13 0 [0. 0. 0. 0. 0. 0. 0. 0. 0. 0. 0. 0. 0. 0. 0. 0. 0. 0. 0. 0.]
count:  6
6 5.684341886080801e-13 0 [0. 0. 0. 0. 0. 0. 0. 0. 0. 0. 0. 0. 0. 0. 0. 0. 0. 0. 0. 0.]
count:  6
7 1.1937117960769683e-12 0 [0. 0. 0. 0. 0. 0. 0. 0. 0. 0. 0. 0. 0. 0. 0. 0. 0. 0. 0. 0.]
count:  6
8 2.0108359422010835e-12 0 [0. 0. 0. 0. 0. 0. 0. 0. 0. 0. 0. 0. 0. 0. 0. 0. 0. 0. 0. 0.]
count:  6
9 8.242295734817162e-13 0 [0. 0. 0. 0. 0. 0. 0. 0. 0. 0. 0. 0. 0. 0. 0. 0. 0. 0. 0. 0.]
count:  6
10 -1.7550405573274475e-12 0 [0. 0. 0. 0. 0. 0. 0. 0. 0. 0. 0. 0. 0. 0. 0. 0. 0. 0. 0. 0.]
count:  6
11 -5.968558980384842e-13 0 [0. 0. 0. 0. 0. 0. 0. 0. 0. 0. 0. 0. 0. 0. 0. 0. 0. 0. 0. 0.]
count:  6
12 -4.476419235288631e-13 0 [0. 0. 0. 0. 0. 0. 0. 0. 0. 0. 0. 0. 0. 0. 0. 0. 0. 0. 0. 0.]
count:  6
13 -8.526512829121202e-13 0 [0. 0. 0. 0. 0. 0. 0. 0. 0. 0. 0. 0. 0. 0. 0. 0. 0. 0. 0. 0.]
count:  6
14 6.536993168992922e-13 0 [0. 0. 0. 0. 0. 0. 0. 0. 0. 0. 0. 0. 0. 0. 0. 0. 0. 0. 0. 0.]
count:  6
15 -2.8421709430404007e-13 0 [0. 0. 0. 0. 0. 0. 0. 0. 0. 0. 0. 0. 0. 0. 0. 0. 0. 0. 0. 0.]
count:  6
16 1.1226575225009583e-12 0 [0. 0. 0. 0. 0. 0. 0. 0. 0. 0. 0. 0. 0. 0. 0. 0. 0. 0. 0. 0.]
count:  6
17 -5.542233338928781e-13 0 [0. 0. 0. 0. 0. 0. 0. 0. 0. 0. 0. 0. 0. 0. 0. 0. 0. 0. 0. 0.]
count:  6
18 -1.6342482922482304e-13 0 [0. 0. 0. 0. 0. 0. 0. 0. 0. 0. 0. 0. 0. 0. 0. 0. 0. 0. 0. 0.]
count:  3
19 5.7696070143720135e-12 1 [0. 0. 0. 0. 0. 0. 0. 0. 0. 0. 0. 0. 0. 0. 0. 0. 0. 0. 0. 1.]
Reject rate_u:  0.05
Test Power of Baselines (K times): 
[[0.   0.1  0.15 0.1  0.05 0.   0.   0.   0.05 0.   0.   0.   0.   0.
  0.   0.   0.   0.   0.   0.  ]]
Average Test Power of Baselines (K times): 
MMD-D:  0.05 C2ST-L: 
test power, MMD/varest= [-0.00071875 -0.01186673  0.00097135 -0.02946848  0.00657761  0.00200571
  0.00777482  0.01014464  0.0199246   0.0111713  -0.036274   -0.00733253
 -0.00505328 -0.0135392   0.00787991 -0.00449284  0.01169058 -0.00603253
 -0.00182928  0.03251739] sum= -0.00029748556110389366
-23.67049789428711
count:  6
0 2.1316282072803006e-13 0 [0. 0. 0. 0. 0. 0. 0. 0. 0. 0. 0. 0. 0. 0. 0. 0. 0. 0. 0. 0.]
count:  6
1 -3.481659405224491e-13 0 [0. 0. 0. 0. 0. 0. 0. 0. 0. 0. 0. 0. 0. 0. 0. 0. 0. 0. 0. 0.]
count:  6
2 4.831690603168681e-13 0 [0. 0. 0. 0. 0. 0. 0. 0. 0. 0. 0. 0. 0. 0. 0. 0. 0. 0. 0. 0.]
count:  6
3 5.968558980384842e-13 0 [0. 0. 0. 0. 0. 0. 0. 0. 0. 0. 0. 0. 0. 0. 0. 0. 0. 0. 0. 0.]
count:  6
4 5.968558980384842e-13 0 [0. 0. 0. 0. 0. 0. 0. 0. 0. 0. 0. 0. 0. 0. 0. 0. 0. 0. 0. 0.]
count:  6
5 5.684341886080801e-13 0 [0. 0. 0. 0. 0. 0. 0. 0. 0. 0. 0. 0. 0. 0. 0. 0. 0. 0. 0. 0.]
count:  6
6 -1.0089706847793423e-12 0 [0. 0. 0. 0. 0. 0. 0. 0. 0. 0. 0. 0. 0. 0. 0. 0. 0. 0. 0. 0.]
count:  6
7 -1.6342482922482304e-13 0 [0. 0. 0. 0. 0. 0. 0. 0. 0. 0. 0. 0. 0. 0. 0. 0. 0. 0. 0. 0.]
count:  6
8 -2.4868995751603507e-13 0 [0. 0. 0. 0. 0. 0. 0. 0. 0. 0. 0. 0. 0. 0. 0. 0. 0. 0. 0. 0.]
count:  6
9 -7.531752999057062e-13 0 [0. 0. 0. 0. 0. 0. 0. 0. 0. 0. 0. 0. 0. 0. 0. 0. 0. 0. 0. 0.]
count:  6
10 -3.410605131648481e-13 0 [0. 0. 0. 0. 0. 0. 0. 0. 0. 0. 0. 0. 0. 0. 0. 0. 0. 0. 0. 0.]
count:  6
11 9.023892744153272e-13 0 [0. 0. 0. 0. 0. 0. 0. 0. 0. 0. 0. 0. 0. 0. 0. 0. 0. 0. 0. 0.]
count:  6
12 -1.2931877790833823e-12 0 [0. 0. 0. 0. 0. 0. 0. 0. 0. 0. 0. 0. 0. 0. 0. 0. 0. 0. 0. 0.]
count:  6
13 1.5205614545266144e-12 0 [0. 0. 0. 0. 0. 0. 0. 0. 0. 0. 0. 0. 0. 0. 0. 0. 0. 0. 0. 0.]
count:  6
14 0.0 0 [0. 0. 0. 0. 0. 0. 0. 0. 0. 0. 0. 0. 0. 0. 0. 0. 0. 0. 0. 0.]
count:  6
15 1.8474111129762605e-13 0 [0. 0. 0. 0. 0. 0. 0. 0. 0. 0. 0. 0. 0. 0. 0. 0. 0. 0. 0. 0.]
count:  6
16 7.958078640513122e-13 0 [0. 0. 0. 0. 0. 0. 0. 0. 0. 0. 0. 0. 0. 0. 0. 0. 0. 0. 0. 0.]
count:  6
17 1.5631940186722204e-12 0 [0. 0. 0. 0. 0. 0. 0. 0. 0. 0. 0. 0. 0. 0. 0. 0. 0. 0. 0. 0.]
count:  6
18 3.424815986363683e-12 0 [0. 0. 0. 0. 0. 0. 0. 0. 0. 0. 0. 0. 0. 0. 0. 0. 0. 0. 0. 0.]
count:  6
19 2.7426949600339867e-12 0 [0. 0. 0. 0. 0. 0. 0. 0. 0. 0. 0. 0. 0. 0. 0. 0. 0. 0. 0. 0.]
Reject rate_u:  0.0
Test Power of Baselines (K times): 
[[0.   0.1  0.15 0.1  0.05 0.   0.   0.   0.05 0.   0.   0.   0.   0.
  0.   0.   0.   0.   0.   0.  ]]
Average Test Power of Baselines (K times): 
MMD-D:  0.045 C2ST-L: 
test power, MMD/varest= [ 0.00288911 -0.00593429  0.00626275  0.00968928  0.00707903  0.00717339
 -0.01206398 -0.00216991 -0.00314135 -0.00969503 -0.00536441  0.00891968
 -0.01771387  0.01886122  0.          0.00197433  0.00964445  0.01549985
  0.02982587  0.0259085 ] sum= 0.004382231095128688
-27.06736946105957
count:  6
0 7.958078640513122e-13 0 [0. 0. 0. 0. 0. 0. 0. 0. 0. 0. 0. 0. 0. 0. 0. 0. 0. 0. 0. 0.]
count:  6
1 1.7763568394002505e-13 0 [0. 0. 0. 0. 0. 0. 0. 0. 0. 0. 0. 0. 0. 0. 0. 0. 0. 0. 0. 0.]
count:  6
2 -1.3926637620897964e-12 0 [0. 0. 0. 0. 0. 0. 0. 0. 0. 0. 0. 0. 0. 0. 0. 0. 0. 0. 0. 0.]
count:  6
3 -1.3429257705865894e-12 0 [0. 0. 0. 0. 0. 0. 0. 0. 0. 0. 0. 0. 0. 0. 0. 0. 0. 0. 0. 0.]
count:  6
4 -3.0340174816956278e-12 0 [0. 0. 0. 0. 0. 0. 0. 0. 0. 0. 0. 0. 0. 0. 0. 0. 0. 0. 0. 0.]
count:  6
5 -1.2576606422953773e-12 0 [0. 0. 0. 0. 0. 0. 0. 0. 0. 0. 0. 0. 0. 0. 0. 0. 0. 0. 0. 0.]
count:  6
6 -1.1013412404281553e-12 0 [0. 0. 0. 0. 0. 0. 0. 0. 0. 0. 0. 0. 0. 0. 0. 0. 0. 0. 0. 0.]
count:  6
7 -1.7763568394002505e-12 0 [0. 0. 0. 0. 0. 0. 0. 0. 0. 0. 0. 0. 0. 0. 0. 0. 0. 0. 0. 0.]
count:  6
8 1.3002932064409833e-12 0 [0. 0. 0. 0. 0. 0. 0. 0. 0. 0. 0. 0. 0. 0. 0. 0. 0. 0. 0. 0.]
count:  6
9 -3.552713678800501e-13 0 [0. 0. 0. 0. 0. 0. 0. 0. 0. 0. 0. 0. 0. 0. 0. 0. 0. 0. 0. 0.]
count:  6
10 2.842170943040401e-14 0 [0. 0. 0. 0. 0. 0. 0. 0. 0. 0. 0. 0. 0. 0. 0. 0. 0. 0. 0. 0.]
count:  6
11 -1.9895196601282805e-12 0 [0. 0. 0. 0. 0. 0. 0. 0. 0. 0. 0. 0. 0. 0. 0. 0. 0. 0. 0. 0.]
count:  6
12 1.1795009413617663e-12 0 [0. 0. 0. 0. 0. 0. 0. 0. 0. 0. 0. 0. 0. 0. 0. 0. 0. 0. 0. 0.]
count:  6
13 -7.105427357601002e-15 0 [0. 0. 0. 0. 0. 0. 0. 0. 0. 0. 0. 0. 0. 0. 0. 0. 0. 0. 0. 0.]
count:  6
14 -2.7995383788947947e-12 0 [0. 0. 0. 0. 0. 0. 0. 0. 0. 0. 0. 0. 0. 0. 0. 0. 0. 0. 0. 0.]
count:  6
15 -1.2008172234345693e-12 0 [0. 0. 0. 0. 0. 0. 0. 0. 0. 0. 0. 0. 0. 0. 0. 0. 0. 0. 0. 0.]
count:  6
16 5.755396159656812e-13 0 [0. 0. 0. 0. 0. 0. 0. 0. 0. 0. 0. 0. 0. 0. 0. 0. 0. 0. 0. 0.]
count:  6
17 -8.029132914089132e-13 0 [0. 0. 0. 0. 0. 0. 0. 0. 0. 0. 0. 0. 0. 0. 0. 0. 0. 0. 0. 0.]
count:  6
18 -1.0587086762825493e-12 0 [0. 0. 0. 0. 0. 0. 0. 0. 0. 0. 0. 0. 0. 0. 0. 0. 0. 0. 0. 0.]
count:  6
19 -1.8047785488306545e-12 0 [0. 0. 0. 0. 0. 0. 0. 0. 0. 0. 0. 0. 0. 0. 0. 0. 0. 0. 0. 0.]
Reject rate_u:  0.0
Test Power of Baselines (K times): 
[[0.   0.1  0.15 0.1  0.05 0.   0.   0.   0.05 0.   0.   0.   0.   0.
  0.   0.   0.   0.   0.   0.  ]]
Average Test Power of Baselines (K times): 
MMD-D:  0.04090909090909091 C2ST-L: 
test power, MMD/varest= [ 7.79021890e-03  2.29787084e-03 -1.59532797e-02 -1.84760504e-02
 -5.17736754e-02 -2.62748898e-02 -1.72320480e-02 -2.92279650e-02
  1.29502987e-02 -4.09999208e-03  3.14766200e-04 -3.84499953e-02
  9.25765364e-03 -7.98167768e-05 -6.11836174e-02 -2.07968005e-02
  5.40311066e-03 -1.21483052e-02 -1.96047996e-02 -3.33547195e-02] sum= -0.015532101788931768
-23.128841400146484
count:  6
0 1.7053025658242404e-12 0 [0. 0. 0. 0. 0. 0. 0. 0. 0. 0. 0. 0. 0. 0. 0. 0. 0. 0. 0. 0.]
count:  6
1 1.1795009413617663e-12 0 [0. 0. 0. 0. 0. 0. 0. 0. 0. 0. 0. 0. 0. 0. 0. 0. 0. 0. 0. 0.]
count:  6
2 8.029132914089132e-13 0 [0. 0. 0. 0. 0. 0. 0. 0. 0. 0. 0. 0. 0. 0. 0. 0. 0. 0. 0. 0.]
count:  6
3 1.0302869668521453e-12 0 [0. 0. 0. 0. 0. 0. 0. 0. 0. 0. 0. 0. 0. 0. 0. 0. 0. 0. 0. 0.]
count:  6
4 4.547473508864641e-13 0 [0. 0. 0. 0. 0. 0. 0. 0. 0. 0. 0. 0. 0. 0. 0. 0. 0. 0. 0. 0.]
count:  6
5 2.4158453015843406e-13 0 [0. 0. 0. 0. 0. 0. 0. 0. 0. 0. 0. 0. 0. 0. 0. 0. 0. 0. 0. 0.]
count:  2
6 4.739320047519868e-12 1 [0. 0. 0. 0. 0. 0. 1. 0. 0. 0. 0. 0. 0. 0. 0. 0. 0. 0. 0. 0.]
count:  6
7 -6.892264536872972e-13 0 [0. 0. 0. 0. 0. 0. 1. 0. 0. 0. 0. 0. 0. 0. 0. 0. 0. 0. 0. 0.]
count:  6
8 1.0658141036401503e-12 0 [0. 0. 0. 0. 0. 0. 1. 0. 0. 0. 0. 0. 0. 0. 0. 0. 0. 0. 0. 0.]
count:  6
9 1.5489831639570184e-12 0 [0. 0. 0. 0. 0. 0. 1. 0. 0. 0. 0. 0. 0. 0. 0. 0. 0. 0. 0. 0.]
count:  6
10 2.7853275241795927e-12 0 [0. 0. 0. 0. 0. 0. 1. 0. 0. 0. 0. 0. 0. 0. 0. 0. 0. 0. 0. 0.]
count:  6
11 1.1510792319313623e-12 0 [0. 0. 0. 0. 0. 0. 1. 0. 0. 0. 0. 0. 0. 0. 0. 0. 0. 0. 0. 0.]
count:  6
12 1.0444978215673473e-12 0 [0. 0. 0. 0. 0. 0. 1. 0. 0. 0. 0. 0. 0. 0. 0. 0. 0. 0. 0. 0.]
count:  6
13 3.0055957722652238e-12 0 [0. 0. 0. 0. 0. 0. 1. 0. 0. 0. 0. 0. 0. 0. 0. 0. 0. 0. 0. 0.]
count:  6
14 1.5845103007450234e-12 0 [0. 0. 0. 0. 0. 0. 1. 0. 0. 0. 0. 0. 0. 0. 0. 0. 0. 0. 0. 0.]
count:  6
15 3.907985046680551e-13 0 [0. 0. 0. 0. 0. 0. 1. 0. 0. 0. 0. 0. 0. 0. 0. 0. 0. 0. 0. 0.]
count:  6
16 2.3447910280083306e-12 0 [0. 0. 0. 0. 0. 0. 1. 0. 0. 0. 0. 0. 0. 0. 0. 0. 0. 0. 0. 0.]
count:  6
17 3.979039320256561e-13 0 [0. 0. 0. 0. 0. 0. 1. 0. 0. 0. 0. 0. 0. 0. 0. 0. 0. 0. 0. 0.]
count:  6
18 -2.8421709430404007e-13 0 [0. 0. 0. 0. 0. 0. 1. 0. 0. 0. 0. 0. 0. 0. 0. 0. 0. 0. 0. 0.]
count:  6
19 6.110667527536862e-13 0 [0. 0. 0. 0. 0. 0. 1. 0. 0. 0. 0. 0. 0. 0. 0. 0. 0. 0. 0. 0.]
Reject rate_u:  0.05
Test Power of Baselines (K times): 
[[0.   0.1  0.15 0.1  0.05 0.   0.   0.   0.05 0.   0.   0.05 0.   0.
  0.   0.   0.   0.   0.   0.  ]]
Average Test Power of Baselines (K times): 
MMD-D:  0.04166666666666668 C2ST-L: 
test power, MMD/varest= [ 0.01537052  0.01405213  0.00965795  0.01283123  0.00438387  0.00324898
  0.03513964 -0.01124326  0.01191411  0.01368341  0.02564866  0.01380272
  0.01265441  0.0256298   0.01773267  0.00446345  0.0227078   0.00553929
 -0.00425633  0.00939311] sum= 0.012117706905211093
-26.589035034179688
count:  5
0 4.554578936222242e-12 1 [1. 0. 0. 0. 0. 0. 0. 0. 0. 0. 0. 0. 0. 0. 0. 0. 0. 0. 0. 0.]
count:  6
1 1.4850343177386094e-12 0 [1. 0. 0. 0. 0. 0. 0. 0. 0. 0. 0. 0. 0. 0. 0. 0. 0. 0. 0. 0.]
count:  1
2 5.9969806898152456e-12 1 [1. 0. 1. 0. 0. 0. 0. 0. 0. 0. 0. 0. 0. 0. 0. 0. 0. 0. 0. 0.]
count:  6
3 2.7142732506035827e-12 0 [1. 0. 1. 0. 0. 0. 0. 0. 0. 0. 0. 0. 0. 0. 0. 0. 0. 0. 0. 0.]
count:  6
4 1.1297629498585593e-12 0 [1. 0. 1. 0. 0. 0. 0. 0. 0. 0. 0. 0. 0. 0. 0. 0. 0. 0. 0. 0.]
count:  6
5 1.0516032489249483e-12 0 [1. 0. 1. 0. 0. 0. 0. 0. 0. 0. 0. 0. 0. 0. 0. 0. 0. 0. 0. 0.]
count:  6
6 3.346656285430072e-12 0 [1. 0. 1. 0. 0. 0. 0. 0. 0. 0. 0. 0. 0. 0. 0. 0. 0. 0. 0. 0.]
count:  6
7 4.263256414560601e-13 0 [1. 0. 1. 0. 0. 0. 0. 0. 0. 0. 0. 0. 0. 0. 0. 0. 0. 0. 0. 0.]
count:  0
8 7.013056801952189e-12 1 [1. 0. 1. 0. 0. 0. 0. 0. 1. 0. 0. 0. 0. 0. 0. 0. 0. 0. 0. 0.]
count:  6
9 2.8421709430404007e-12 0 [1. 0. 1. 0. 0. 0. 0. 0. 1. 0. 0. 0. 0. 0. 0. 0. 0. 0. 0. 0.]
count:  6
10 1.0018652574217413e-12 0 [1. 0. 1. 0. 0. 0. 0. 0. 1. 0. 0. 0. 0. 0. 0. 0. 0. 0. 0. 0.]
count:  6
11 2.0108359422010835e-12 0 [1. 0. 1. 0. 0. 0. 0. 0. 1. 0. 0. 0. 0. 0. 0. 0. 0. 0. 0. 0.]
count:  6
12 1.2008172234345693e-12 0 [1. 0. 1. 0. 0. 0. 0. 0. 1. 0. 0. 0. 0. 0. 0. 0. 0. 0. 0. 0.]
count:  6
13 6.963318810448982e-13 0 [1. 0. 1. 0. 0. 0. 0. 0. 1. 0. 0. 0. 0. 0. 0. 0. 0. 0. 0. 0.]
count:  6
14 4.234834705130197e-12 0 [1. 0. 1. 0. 0. 0. 0. 0. 1. 0. 0. 0. 0. 0. 0. 0. 0. 0. 0. 0.]
count:  6
15 2.4016344468691386e-12 0 [1. 0. 1. 0. 0. 0. 0. 0. 1. 0. 0. 0. 0. 0. 0. 0. 0. 0. 0. 0.]
count:  6
16 2.2311041902867146e-12 0 [1. 0. 1. 0. 0. 0. 0. 0. 1. 0. 0. 0. 0. 0. 0. 0. 0. 0. 0. 0.]
count:  6
17 -4.263256414560601e-13 0 [1. 0. 1. 0. 0. 0. 0. 0. 1. 0. 0. 0. 0. 0. 0. 0. 0. 0. 0. 0.]
count:  6
18 6.394884621840902e-14 0 [1. 0. 1. 0. 0. 0. 0. 0. 1. 0. 0. 0. 0. 0. 0. 0. 0. 0. 0. 0.]
count:  6
19 2.2097879082139116e-12 0 [1. 0. 1. 0. 0. 0. 0. 0. 1. 0. 0. 0. 0. 0. 0. 0. 0. 0. 0. 0.]
Reject rate_u:  0.15
Test Power of Baselines (K times): 
[[0.   0.1  0.15 0.1  0.05 0.   0.   0.   0.05 0.   0.   0.05 0.15 0.
  0.   0.   0.   0.   0.   0.  ]]
Average Test Power of Baselines (K times): 
MMD-D:  0.05000000000000001 C2ST-L: 
test power, MMD/varest= [ 0.03071446  0.01318061  0.03395416  0.02183121  0.00919093  0.00969096
  0.02438879  0.00558184  0.03619016  0.02170206  0.00940926  0.01464729
  0.01187271  0.00857725  0.02688704  0.01755454  0.0184913  -0.00658135
  0.00069987  0.0191316 ] sum= 0.016355734841431237
-23.412233352661133
count:  6
0 1.1581846592889633e-12 0 [0. 0. 0. 0. 0. 0. 0. 0. 0. 0. 0. 0. 0. 0. 0. 0. 0. 0. 0. 0.]
count:  6
1 2.3590018827235326e-12 0 [0. 0. 0. 0. 0. 0. 0. 0. 0. 0. 0. 0. 0. 0. 0. 0. 0. 0. 0. 0.]
count:  6
2 -5.755396159656812e-13 0 [0. 0. 0. 0. 0. 0. 0. 0. 0. 0. 0. 0. 0. 0. 0. 0. 0. 0. 0. 0.]
count:  6
3 3.517186542012496e-12 0 [0. 0. 0. 0. 0. 0. 0. 0. 0. 0. 0. 0. 0. 0. 0. 0. 0. 0. 0. 0.]
count:  6
4 2.3163693185779266e-12 0 [0. 0. 0. 0. 0. 0. 0. 0. 0. 0. 0. 0. 0. 0. 0. 0. 0. 0. 0. 0.]
count:  6
5 7.744915819785092e-13 0 [0. 0. 0. 0. 0. 0. 0. 0. 0. 0. 0. 0. 0. 0. 0. 0. 0. 0. 0. 0.]
count:  6
6 1.4210854715202004e-14 0 [0. 0. 0. 0. 0. 0. 0. 0. 0. 0. 0. 0. 0. 0. 0. 0. 0. 0. 0. 0.]
count:  6
7 2.9700686354772188e-12 0 [0. 0. 0. 0. 0. 0. 0. 0. 0. 0. 0. 0. 0. 0. 0. 0. 0. 0. 0. 0.]
count:  6
8 1.8047785488306545e-12 0 [0. 0. 0. 0. 0. 0. 0. 0. 0. 0. 0. 0. 0. 0. 0. 0. 0. 0. 0. 0.]
count:  6
9 1.0942358130705543e-12 0 [0. 0. 0. 0. 0. 0. 0. 0. 0. 0. 0. 0. 0. 0. 0. 0. 0. 0. 0. 0.]
count:  6
10 4.312994406063808e-12 0 [0. 0. 0. 0. 0. 0. 0. 0. 0. 0. 0. 0. 0. 0. 0. 0. 0. 0. 0. 0.]
count:  2
11 6.508571459562518e-12 1 [0. 0. 0. 0. 0. 0. 0. 0. 0. 0. 0. 1. 0. 0. 0. 0. 0. 0. 0. 0.]
count:  6
12 4.263256414560601e-14 0 [0. 0. 0. 0. 0. 0. 0. 0. 0. 0. 0. 1. 0. 0. 0. 0. 0. 0. 0. 0.]
count:  6
13 2.7924329515371937e-12 0 [0. 0. 0. 0. 0. 0. 0. 0. 0. 0. 0. 1. 0. 0. 0. 0. 0. 0. 0. 0.]
count:  6
14 2.4016344468691386e-12 0 [0. 0. 0. 0. 0. 0. 0. 0. 0. 0. 0. 1. 0. 0. 0. 0. 0. 0. 0. 0.]
count:  6
15 1.8900436771218665e-12 0 [0. 0. 0. 0. 0. 0. 0. 0. 0. 0. 0. 1. 0. 0. 0. 0. 0. 0. 0. 0.]
count:  0
16 8.01492205937393e-12 1 [0. 0. 0. 0. 0. 0. 0. 0. 0. 0. 0. 1. 0. 0. 0. 0. 1. 0. 0. 0.]
count:  6
17 4.177991286269389e-12 0 [0. 0. 0. 0. 0. 0. 0. 0. 0. 0. 0. 1. 0. 0. 0. 0. 1. 0. 0. 0.]
count:  6
18 2.6929569685307797e-12 0 [0. 0. 0. 0. 0. 0. 0. 0. 0. 0. 0. 1. 0. 0. 0. 0. 1. 0. 0. 0.]
count:  5
19 5.016431714466307e-12 1 [0. 0. 0. 0. 0. 0. 0. 0. 0. 0. 0. 1. 0. 0. 0. 0. 1. 0. 0. 1.]
Reject rate_u:  0.15
Test Power of Baselines (K times): 
[[0.   0.1  0.15 0.1  0.05 0.   0.   0.   0.05 0.   0.   0.05 0.15 0.15
  0.   0.   0.   0.   0.   0.  ]]
Average Test Power of Baselines (K times): 
MMD-D:  0.05714285714285715 C2ST-L: 
test power, MMD/varest= [ 0.01536156  0.02340922 -0.0091869   0.02758038  0.02153895  0.01105639
  0.00017611  0.02375303  0.02366197  0.01437935  0.03399275  0.04051618
  0.0005302   0.02288173  0.02941642  0.01983554  0.04533696  0.04663971
  0.02855533  0.03434862] sum= 0.022689175150427114
-23.3773250579834
count:  6
0 1.9824142327706795e-12 0 [0. 0. 0. 0. 0. 0. 0. 0. 0. 0. 0. 0. 0. 0. 0. 0. 0. 0. 0. 0.]
count:  6
1 9.237055564881302e-14 0 [0. 0. 0. 0. 0. 0. 0. 0. 0. 0. 0. 0. 0. 0. 0. 0. 0. 0. 0. 0.]
count:  6
2 -8.313350008393172e-13 0 [0. 0. 0. 0. 0. 0. 0. 0. 0. 0. 0. 0. 0. 0. 0. 0. 0. 0. 0. 0.]
count:  6
3 1.5134560271690134e-12 0 [0. 0. 0. 0. 0. 0. 0. 0. 0. 0. 0. 0. 0. 0. 0. 0. 0. 0. 0. 0.]
count:  6
4 1.1226575225009583e-12 0 [0. 0. 0. 0. 0. 0. 0. 0. 0. 0. 0. 0. 0. 0. 0. 0. 0. 0. 0. 0.]
count:  6
5 1.7550405573274475e-12 0 [0. 0. 0. 0. 0. 0. 0. 0. 0. 0. 0. 0. 0. 0. 0. 0. 0. 0. 0. 0.]
count:  6
6 4.334310688136611e-13 0 [0. 0. 0. 0. 0. 0. 0. 0. 0. 0. 0. 0. 0. 0. 0. 0. 0. 0. 0. 0.]
count:  6
7 3.396394276933279e-12 0 [0. 0. 0. 0. 0. 0. 0. 0. 0. 0. 0. 0. 0. 0. 0. 0. 0. 0. 0. 0.]
count:  4
8 7.311484750971431e-12 1 [0. 0. 0. 0. 0. 0. 0. 0. 1. 0. 0. 0. 0. 0. 0. 0. 0. 0. 0. 0.]
count:  6
9 3.0055957722652238e-12 0 [0. 0. 0. 0. 0. 0. 0. 0. 1. 0. 0. 0. 0. 0. 0. 0. 0. 0. 0. 0.]
count:  6
10 -3.268496584496461e-13 0 [0. 0. 0. 0. 0. 0. 0. 0. 1. 0. 0. 0. 0. 0. 0. 0. 0. 0. 0. 0.]
count:  6
11 4.54036808150704e-12 0 [0. 0. 0. 0. 0. 0. 0. 0. 1. 0. 0. 0. 0. 0. 0. 0. 0. 0. 0. 0.]
count:  6
12 -1.5134560271690134e-12 0 [0. 0. 0. 0. 0. 0. 0. 0. 1. 0. 0. 0. 0. 0. 0. 0. 0. 0. 0. 0.]
count:  6
13 3.701927653310122e-12 0 [0. 0. 0. 0. 0. 0. 0. 0. 1. 0. 0. 0. 0. 0. 0. 0. 0. 0. 0. 0.]
count:  6
14 -2.7711166694643907e-13 0 [0. 0. 0. 0. 0. 0. 0. 0. 1. 0. 0. 0. 0. 0. 0. 0. 0. 0. 0. 0.]
count:  6
15 2.7284841053187847e-12 0 [0. 0. 0. 0. 0. 0. 0. 0. 1. 0. 0. 0. 0. 0. 0. 0. 0. 0. 0. 0.]
count:  6
16 3.382183422218077e-12 0 [0. 0. 0. 0. 0. 0. 0. 0. 1. 0. 0. 0. 0. 0. 0. 0. 0. 0. 0. 0.]
count:  6
17 3.339550858072471e-13 0 [0. 0. 0. 0. 0. 0. 0. 0. 1. 0. 0. 0. 0. 0. 0. 0. 0. 0. 0. 0.]
count:  2
18 5.32196509084315e-12 1 [0. 0. 0. 0. 0. 0. 0. 0. 1. 0. 0. 0. 0. 0. 0. 0. 0. 0. 1. 0.]
count:  6
19 2.2737367544323206e-13 0 [0. 0. 0. 0. 0. 0. 0. 0. 1. 0. 0. 0. 0. 0. 0. 0. 0. 0. 1. 0.]
Reject rate_u:  0.1
Test Power of Baselines (K times): 
[[0.   0.1  0.15 0.1  0.05 0.   0.   0.   0.05 0.   0.   0.05 0.15 0.15
  0.1  0.   0.   0.   0.   0.  ]]
Average Test Power of Baselines (K times): 
MMD-D:  0.060000000000000005 C2ST-L: 
test power, MMD/varest= [ 0.01426763  0.00088299 -0.01210123  0.01342056  0.01156888  0.01637746
  0.00644735  0.02345809  0.04295265  0.02106283 -0.00373357  0.02908401
 -0.02530861  0.03068671 -0.00286001  0.02011399  0.0240969   0.00513204
  0.0305293   0.00239613] sum= 0.012423704572262276
-24.36676788330078
count:  6
0 2.2168933355715126e-12 0 [0. 0. 0. 0. 0. 0. 0. 0. 0. 0. 0. 0. 0. 0. 0. 0. 0. 0. 0. 0.]
count:  6
1 -6.750155989720952e-13 0 [0. 0. 0. 0. 0. 0. 0. 0. 0. 0. 0. 0. 0. 0. 0. 0. 0. 0. 0. 0.]
count:  6
2 1.4566126083082054e-12 0 [0. 0. 0. 0. 0. 0. 0. 0. 0. 0. 0. 0. 0. 0. 0. 0. 0. 0. 0. 0.]
count:  2
3 6.323830348264892e-12 1 [0. 0. 0. 1. 0. 0. 0. 0. 0. 0. 0. 0. 0. 0. 0. 0. 0. 0. 0. 0.]
count:  6
4 2.4868995751603507e-13 0 [0. 0. 0. 1. 0. 0. 0. 0. 0. 0. 0. 0. 0. 0. 0. 0. 0. 0. 0. 0.]
count:  6
5 1.0516032489249483e-12 0 [0. 0. 0. 1. 0. 0. 0. 0. 0. 0. 0. 0. 0. 0. 0. 0. 0. 0. 0. 0.]
count:  6
6 -8.313350008393172e-13 0 [0. 0. 0. 1. 0. 0. 0. 0. 0. 0. 0. 0. 0. 0. 0. 0. 0. 0. 0. 0.]
count:  4
7 3.396394276933279e-12 1 [0. 0. 0. 1. 0. 0. 0. 1. 0. 0. 0. 0. 0. 0. 0. 0. 0. 0. 0. 0.]
count:  6
8 2.7000623958883807e-13 0 [0. 0. 0. 1. 0. 0. 0. 1. 0. 0. 0. 0. 0. 0. 0. 0. 0. 0. 0. 0.]
count:  6
9 2.1742607714259066e-12 0 [0. 0. 0. 1. 0. 0. 0. 1. 0. 0. 0. 0. 0. 0. 0. 0. 0. 0. 0. 0.]
count:  6
10 -6.679101716144942e-13 0 [0. 0. 0. 1. 0. 0. 0. 1. 0. 0. 0. 0. 0. 0. 0. 0. 0. 0. 0. 0.]
count:  6
11 2.1103119252074976e-12 0 [0. 0. 0. 1. 0. 0. 0. 1. 0. 0. 0. 0. 0. 0. 0. 0. 0. 0. 0. 0.]
count:  6
12 7.887024366937112e-13 0 [0. 0. 0. 1. 0. 0. 0. 1. 0. 0. 0. 0. 0. 0. 0. 0. 0. 0. 0. 0.]
count:  6
13 1.1652900866465643e-12 0 [0. 0. 0. 1. 0. 0. 0. 1. 0. 0. 0. 0. 0. 0. 0. 0. 0. 0. 0. 0.]
count:  5
14 4.142464149481384e-12 1 [0. 0. 0. 1. 0. 0. 0. 1. 0. 0. 0. 0. 0. 0. 1. 0. 0. 0. 0. 0.]
count:  6
15 2.0534685063466895e-12 0 [0. 0. 0. 1. 0. 0. 0. 1. 0. 0. 0. 0. 0. 0. 1. 0. 0. 0. 0. 0.]
count:  6
16 4.277467269275803e-12 0 [0. 0. 0. 1. 0. 0. 0. 1. 0. 0. 0. 0. 0. 0. 1. 0. 0. 0. 0. 0.]
count:  6
17 2.1955770534987096e-12 0 [0. 0. 0. 1. 0. 0. 0. 1. 0. 0. 0. 0. 0. 0. 1. 0. 0. 0. 0. 0.]
count:  6
18 7.744915819785092e-13 0 [0. 0. 0. 1. 0. 0. 0. 1. 0. 0. 0. 0. 0. 0. 1. 0. 0. 0. 0. 0.]
count:  6
19 1.0444978215673473e-12 0 [0. 0. 0. 1. 0. 0. 0. 1. 0. 0. 0. 0. 0. 0. 1. 0. 0. 0. 0. 0.]
Reject rate_u:  0.15
Test Power of Baselines (K times): 
[[0.   0.1  0.15 0.1  0.05 0.   0.   0.   0.05 0.   0.   0.05 0.15 0.15
  0.1  0.15 0.   0.   0.   0.  ]]
Average Test Power of Baselines (K times): 
MMD-D:  0.065625 C2ST-L: 
test power, MMD/varest= [ 0.02396219 -0.00962868  0.01324196  0.04360518  0.00335676  0.01408397
 -0.01087578  0.0291879   0.0026668   0.01728769 -0.0084953   0.01931403
  0.00842937  0.01237426  0.03376543  0.02104736  0.02881982  0.02412213
  0.00831362  0.00924336] sum= 0.014191103301950827
-24.560590744018555
count:  6
0 -8.384404281969182e-13 0 [0. 0. 0. 0. 0. 0. 0. 0. 0. 0. 0. 0. 0. 0. 0. 0. 0. 0. 0. 0.]
count:  6
1 2.4158453015843406e-12 0 [0. 0. 0. 0. 0. 0. 0. 0. 0. 0. 0. 0. 0. 0. 0. 0. 0. 0. 0. 0.]
count:  6
2 -1.8474111129762605e-13 0 [0. 0. 0. 0. 0. 0. 0. 0. 0. 0. 0. 0. 0. 0. 0. 0. 0. 0. 0. 0.]
count:  6
3 1.2150280781497713e-12 0 [0. 0. 0. 0. 0. 0. 0. 0. 0. 0. 0. 0. 0. 0. 0. 0. 0. 0. 0. 0.]
count:  6
4 1.5205614545266144e-12 0 [0. 0. 0. 0. 0. 0. 0. 0. 0. 0. 0. 0. 0. 0. 0. 0. 0. 0. 0. 0.]
count:  6
5 -6.536993168992922e-13 0 [0. 0. 0. 0. 0. 0. 0. 0. 0. 0. 0. 0. 0. 0. 0. 0. 0. 0. 0. 0.]
count:  6
6 -1.4068746168049984e-12 0 [0. 0. 0. 0. 0. 0. 0. 0. 0. 0. 0. 0. 0. 0. 0. 0. 0. 0. 0. 0.]
count:  6
7 2.4513724383723456e-12 0 [0. 0. 0. 0. 0. 0. 0. 0. 0. 0. 0. 0. 0. 0. 0. 0. 0. 0. 0. 0.]
count:  6
8 1.7905676941154525e-12 0 [0. 0. 0. 0. 0. 0. 0. 0. 0. 0. 0. 0. 0. 0. 0. 0. 0. 0. 0. 0.]
count:  6
9 -3.268496584496461e-13 0 [0. 0. 0. 0. 0. 0. 0. 0. 0. 0. 0. 0. 0. 0. 0. 0. 0. 0. 0. 0.]
count:  6
10 -1.8829382497642655e-12 0 [0. 0. 0. 0. 0. 0. 0. 0. 0. 0. 0. 0. 0. 0. 0. 0. 0. 0. 0. 0.]
count:  6
11 4.050093593832571e-13 0 [0. 0. 0. 0. 0. 0. 0. 0. 0. 0. 0. 0. 0. 0. 0. 0. 0. 0. 0. 0.]
count:  6
12 -8.455458555545192e-13 0 [0. 0. 0. 0. 0. 0. 0. 0. 0. 0. 0. 0. 0. 0. 0. 0. 0. 0. 0. 0.]
count:  6
13 -2.1032064978498966e-12 0 [0. 0. 0. 0. 0. 0. 0. 0. 0. 0. 0. 0. 0. 0. 0. 0. 0. 0. 0. 0.]
count:  6
14 3.481659405224491e-12 0 [0. 0. 0. 0. 0. 0. 0. 0. 0. 0. 0. 0. 0. 0. 0. 0. 0. 0. 0. 0.]
count:  6
15 9.734435479913373e-13 0 [0. 0. 0. 0. 0. 0. 0. 0. 0. 0. 0. 0. 0. 0. 0. 0. 0. 0. 0. 0.]
count:  6
16 -6.323830348264892e-13 0 [0. 0. 0. 0. 0. 0. 0. 0. 0. 0. 0. 0. 0. 0. 0. 0. 0. 0. 0. 0.]
count:  3
17 3.360867140145274e-12 1 [0. 0. 0. 0. 0. 0. 0. 0. 0. 0. 0. 0. 0. 0. 0. 0. 0. 1. 0. 0.]
count:  6
18 1.8829382497642655e-12 0 [0. 0. 0. 0. 0. 0. 0. 0. 0. 0. 0. 0. 0. 0. 0. 0. 0. 1. 0. 0.]
count:  6
19 3.694822225952521e-13 0 [0. 0. 0. 0. 0. 0. 0. 0. 0. 0. 0. 0. 0. 0. 0. 0. 0. 1. 0. 0.]
Reject rate_u:  0.05
Test Power of Baselines (K times): 
[[0.   0.1  0.15 0.1  0.05 0.   0.   0.   0.05 0.   0.   0.05 0.15 0.15
  0.1  0.15 0.05 0.   0.   0.  ]]
Average Test Power of Baselines (K times): 
MMD-D:  0.06470588235294118 C2ST-L: 
test power, MMD/varest= [-0.0115502   0.01876082 -0.00213475  0.01261923  0.01861096 -0.00807904
 -0.01900777  0.02336132  0.02483746 -0.0049308  -0.02777847  0.00488027
 -0.01357129 -0.04312825  0.03225211  0.01280597 -0.01049556  0.02860079
  0.02044897  0.00515606] sum= 0.0030828927122420555
-25.576990127563477
count:  6
0 -4.689582056016661e-13 0 [0. 0. 0. 0. 0. 0. 0. 0. 0. 0. 0. 0. 0. 0. 0. 0. 0. 0. 0. 0.]
count:  6
1 -3.268496584496461e-13 0 [0. 0. 0. 0. 0. 0. 0. 0. 0. 0. 0. 0. 0. 0. 0. 0. 0. 0. 0. 0.]
count:  6
2 2.6005864128819667e-12 0 [0. 0. 0. 0. 0. 0. 0. 0. 0. 0. 0. 0. 0. 0. 0. 0. 0. 0. 0. 0.]
count:  6
3 2.9345414986892138e-12 0 [0. 0. 0. 0. 0. 0. 0. 0. 0. 0. 0. 0. 0. 0. 0. 0. 0. 0. 0. 0.]
count:  0
4 7.041478511382593e-12 1 [0. 0. 0. 0. 1. 0. 0. 0. 0. 0. 0. 0. 0. 0. 0. 0. 0. 0. 0. 0.]
count:  6
5 1.5134560271690134e-12 0 [0. 0. 0. 0. 1. 0. 0. 0. 0. 0. 0. 0. 0. 0. 0. 0. 0. 0. 0. 0.]
count:  6
6 2.4797941478027496e-12 0 [0. 0. 0. 0. 1. 0. 0. 0. 0. 0. 0. 0. 0. 0. 0. 0. 0. 0. 0. 0.]
count:  6
7 3.75877107217093e-12 0 [0. 0. 0. 0. 1. 0. 0. 0. 0. 0. 0. 0. 0. 0. 0. 0. 0. 0. 0. 0.]
count:  4
8 4.376943252282217e-12 1 [0. 0. 0. 0. 1. 0. 0. 0. 1. 0. 0. 0. 0. 0. 0. 0. 0. 0. 0. 0.]
count:  6
9 2.9203306439740118e-12 0 [0. 0. 0. 0. 1. 0. 0. 0. 1. 0. 0. 0. 0. 0. 0. 0. 0. 0. 0. 0.]
count:  6
10 2.4300561562995426e-12 0 [0. 0. 0. 0. 1. 0. 0. 0. 1. 0. 0. 0. 0. 0. 0. 0. 0. 0. 0. 0.]
count:  6
11 3.154809746774845e-12 0 [0. 0. 0. 0. 1. 0. 0. 0. 1. 0. 0. 0. 0. 0. 0. 0. 0. 0. 0. 0.]
count:  1
12 9.599432360118954e-12 1 [0. 0. 0. 0. 1. 0. 0. 0. 1. 0. 0. 0. 1. 0. 0. 0. 0. 0. 0. 0.]
count:  6
13 1.7976731214730535e-12 0 [0. 0. 0. 0. 1. 0. 0. 0. 1. 0. 0. 0. 1. 0. 0. 0. 0. 0. 0. 0.]
count:  6
14 1.4921397450962104e-12 0 [0. 0. 0. 0. 1. 0. 0. 0. 1. 0. 0. 0. 1. 0. 0. 0. 0. 0. 0. 0.]
count:  6
15 4.064304448547773e-12 0 [0. 0. 0. 0. 1. 0. 0. 0. 1. 0. 0. 0. 1. 0. 0. 0. 0. 0. 0. 0.]
count:  6
16 -6.394884621840902e-14 0 [0. 0. 0. 0. 1. 0. 0. 0. 1. 0. 0. 0. 1. 0. 0. 0. 0. 0. 0. 0.]
count:  6
17 1.9539925233402755e-12 0 [0. 0. 0. 0. 1. 0. 0. 0. 1. 0. 0. 0. 1. 0. 0. 0. 0. 0. 0. 0.]
count:  6
18 1.0729195309977513e-12 0 [0. 0. 0. 0. 1. 0. 0. 0. 1. 0. 0. 0. 1. 0. 0. 0. 0. 0. 0. 0.]
count:  4
19 4.121147867408581e-12 1 [0. 0. 0. 0. 1. 0. 0. 0. 1. 0. 0. 0. 1. 0. 0. 0. 0. 0. 0. 1.]
Reject rate_u:  0.2
Test Power of Baselines (K times): 
[[0.   0.1  0.15 0.1  0.05 0.   0.   0.   0.05 0.   0.   0.05 0.15 0.15
  0.1  0.15 0.05 0.2  0.   0.  ]]
Average Test Power of Baselines (K times): 
MMD-D:  0.07222222222222223 C2ST-L: 
test power, MMD/varest= [-0.00737207 -0.00470106  0.02544294  0.02543146  0.04633422  0.01278268
  0.01944117  0.02684046  0.02910598  0.0293356   0.01881779  0.0336756
  0.04628836  0.01866039  0.0161314   0.03180803 -0.00072181  0.01736439
  0.01154951  0.03551407] sum= 0.021586455850633648
-23.08512306213379
count:  6
0 -7.389644451905042e-13 0 [0. 0. 0. 0. 0. 0. 0. 0. 0. 0. 0. 0. 0. 0. 0. 0. 0. 0. 0. 0.]
count:  6
1 -7.034373084024992e-13 0 [0. 0. 0. 0. 0. 0. 0. 0. 0. 0. 0. 0. 0. 0. 0. 0. 0. 0. 0. 0.]
count:  6
2 1.6768808563938364e-12 0 [0. 0. 0. 0. 0. 0. 0. 0. 0. 0. 0. 0. 0. 0. 0. 0. 0. 0. 0. 0.]
count:  6
3 9.379164112033322e-13 0 [0. 0. 0. 0. 0. 0. 0. 0. 0. 0. 0. 0. 0. 0. 0. 0. 0. 0. 0. 0.]
count:  6
4 -4.547473508864641e-13 0 [0. 0. 0. 0. 0. 0. 0. 0. 0. 0. 0. 0. 0. 0. 0. 0. 0. 0. 0. 0.]
count:  6
5 -1.4637180356658064e-12 0 [0. 0. 0. 0. 0. 0. 0. 0. 0. 0. 0. 0. 0. 0. 0. 0. 0. 0. 0. 0.]
count:  6
6 1.7195134205394424e-12 0 [0. 0. 0. 0. 0. 0. 0. 0. 0. 0. 0. 0. 0. 0. 0. 0. 0. 0. 0. 0.]
count:  6
7 -2.1316282072803006e-13 0 [0. 0. 0. 0. 0. 0. 0. 0. 0. 0. 0. 0. 0. 0. 0. 0. 0. 0. 0. 0.]
count:  6
8 -2.3305801732931286e-12 0 [0. 0. 0. 0. 0. 0. 0. 0. 0. 0. 0. 0. 0. 0. 0. 0. 0. 0. 0. 0.]
count:  6
9 8.171241461241152e-13 0 [0. 0. 0. 0. 0. 0. 0. 0. 0. 0. 0. 0. 0. 0. 0. 0. 0. 0. 0. 0.]
count:  6
10 -5.684341886080801e-13 0 [0. 0. 0. 0. 0. 0. 0. 0. 0. 0. 0. 0. 0. 0. 0. 0. 0. 0. 0. 0.]
count:  6
11 -8.526512829121202e-14 0 [0. 0. 0. 0. 0. 0. 0. 0. 0. 0. 0. 0. 0. 0. 0. 0. 0. 0. 0. 0.]
count:  6
12 9.947598300641403e-13 0 [0. 0. 0. 0. 0. 0. 0. 0. 0. 0. 0. 0. 0. 0. 0. 0. 0. 0. 0. 0.]
count:  6
13 2.3945290195115376e-12 0 [0. 0. 0. 0. 0. 0. 0. 0. 0. 0. 0. 0. 0. 0. 0. 0. 0. 0. 0. 0.]
count:  6
14 4.973799150320701e-14 0 [0. 0. 0. 0. 0. 0. 0. 0. 0. 0. 0. 0. 0. 0. 0. 0. 0. 0. 0. 0.]
count:  6
15 9.947598300641403e-14 0 [0. 0. 0. 0. 0. 0. 0. 0. 0. 0. 0. 0. 0. 0. 0. 0. 0. 0. 0. 0.]
count:  6
16 6.039613253960852e-13 0 [0. 0. 0. 0. 0. 0. 0. 0. 0. 0. 0. 0. 0. 0. 0. 0. 0. 0. 0. 0.]
count:  6
17 7.815970093361102e-14 0 [0. 0. 0. 0. 0. 0. 0. 0. 0. 0. 0. 0. 0. 0. 0. 0. 0. 0. 0. 0.]
count:  6
18 -2.7711166694643907e-13 0 [0. 0. 0. 0. 0. 0. 0. 0. 0. 0. 0. 0. 0. 0. 0. 0. 0. 0. 0. 0.]
count:  6
19 1.7053025658242404e-13 0 [0. 0. 0. 0. 0. 0. 0. 0. 0. 0. 0. 0. 0. 0. 0. 0. 0. 0. 0. 0.]
Reject rate_u:  0.0
Test Power of Baselines (K times): 
[[0.   0.1  0.15 0.1  0.05 0.   0.   0.   0.05 0.   0.   0.05 0.15 0.15
  0.1  0.15 0.05 0.2  0.   0.  ]]
Average Test Power of Baselines (K times): 
MMD-D:  0.06842105263157895 C2ST-L: 
test power, MMD/varest= [-0.01164085 -0.00745194  0.02159831  0.01109191 -0.00724241 -0.02667392
  0.01629682 -0.00322868 -0.05062283  0.01050954 -0.00830644 -0.00122635
  0.01449691  0.02332893  0.00051675  0.00147424  0.00679283  0.00108952
 -0.00436832  0.00205753] sum= -0.0005754222117823843
-23.310199737548828
count:  6
0 9.876544027065393e-13 0 [0. 0. 0. 0. 0. 0. 0. 0. 0. 0. 0. 0. 0. 0. 0. 0. 0. 0. 0. 0.]
count:  6
1 2.0889956431346945e-12 0 [0. 0. 0. 0. 0. 0. 0. 0. 0. 0. 0. 0. 0. 0. 0. 0. 0. 0. 0. 0.]
count:  6
2 7.389644451905042e-13 0 [0. 0. 0. 0. 0. 0. 0. 0. 0. 0. 0. 0. 0. 0. 0. 0. 0. 0. 0. 0.]
count:  6
3 1.1795009413617663e-12 0 [0. 0. 0. 0. 0. 0. 0. 0. 0. 0. 0. 0. 0. 0. 0. 0. 0. 0. 0. 0.]
count:  6
4 4.476419235288631e-13 0 [0. 0. 0. 0. 0. 0. 0. 0. 0. 0. 0. 0. 0. 0. 0. 0. 0. 0. 0. 0.]
count:  6
5 1.2292389328649733e-12 0 [0. 0. 0. 0. 0. 0. 0. 0. 0. 0. 0. 0. 0. 0. 0. 0. 0. 0. 0. 0.]
count:  6
6 4.014566457044566e-12 0 [0. 0. 0. 0. 0. 0. 0. 0. 0. 0. 0. 0. 0. 0. 0. 0. 0. 0. 0. 0.]
count:  6
7 2.4087398742267396e-12 0 [0. 0. 0. 0. 0. 0. 0. 0. 0. 0. 0. 0. 0. 0. 0. 0. 0. 0. 0. 0.]
count:  6
8 1.5560885913146194e-12 0 [0. 0. 0. 0. 0. 0. 0. 0. 0. 0. 0. 0. 0. 0. 0. 0. 0. 0. 0. 0.]
count:  6
9 -3.623767952376511e-13 0 [0. 0. 0. 0. 0. 0. 0. 0. 0. 0. 0. 0. 0. 0. 0. 0. 0. 0. 0. 0.]
count:  6
10 2.6005864128819667e-12 0 [0. 0. 0. 0. 0. 0. 0. 0. 0. 0. 0. 0. 0. 0. 0. 0. 0. 0. 0. 0.]
count:  6
11 5.755396159656812e-13 0 [0. 0. 0. 0. 0. 0. 0. 0. 0. 0. 0. 0. 0. 0. 0. 0. 0. 0. 0. 0.]
count:  6
12 -3.481659405224491e-13 0 [0. 0. 0. 0. 0. 0. 0. 0. 0. 0. 0. 0. 0. 0. 0. 0. 0. 0. 0. 0.]
count:  4
13 3.744560217455728e-12 1 [0. 0. 0. 0. 0. 0. 0. 0. 0. 0. 0. 0. 0. 1. 0. 0. 0. 0. 0. 0.]
count:  6
14 1.9824142327706795e-12 0 [0. 0. 0. 0. 0. 0. 0. 0. 0. 0. 0. 0. 0. 1. 0. 0. 0. 0. 0. 0.]
count:  6
15 1.1155520951433573e-12 0 [0. 0. 0. 0. 0. 0. 0. 0. 0. 0. 0. 0. 0. 1. 0. 0. 0. 0. 0. 0.]
count:  6
16 3.140598892059643e-12 0 [0. 0. 0. 0. 0. 0. 0. 0. 0. 0. 0. 0. 0. 1. 0. 0. 0. 0. 0. 0.]
count:  6
17 2.4300561562995426e-12 0 [0. 0. 0. 0. 0. 0. 0. 0. 0. 0. 0. 0. 0. 1. 0. 0. 0. 0. 0. 0.]
count:  6
18 2.3234747459355276e-12 0 [0. 0. 0. 0. 0. 0. 0. 0. 0. 0. 0. 0. 0. 1. 0. 0. 0. 0. 0. 0.]
count:  3
19 3.147704319417244e-12 1 [0. 0. 0. 0. 0. 0. 0. 0. 0. 0. 0. 0. 0. 1. 0. 0. 0. 0. 0. 1.]
Reject rate_u:  0.1
Test Power of Baselines (K times): 
[[0.   0.1  0.15 0.1  0.05 0.   0.   0.   0.05 0.   0.   0.05 0.15 0.15
  0.1  0.15 0.05 0.2  0.   0.1 ]]
Average Test Power of Baselines (K times): 
MMD-D:  0.07 C2ST-L: 
test power, MMD/varest= [ 0.01187156  0.02548148  0.0076748   0.01251078  0.00744106  0.01188392
  0.02872189  0.02040041  0.01704667 -0.00484083  0.02507321  0.00828681
 -0.00565205  0.03088055  0.02350406  0.0143796   0.02876869  0.02873883
  0.02020892  0.02542856] sum= 0.016890446228337345
