Namespace(K=20, N=20, N_per=100, bandwidths=[1.0, None, None], batch_size=100, filter_sizes=[3, 3, 3], g_activs=['cos', 'relu', 'relu'], init_stdvs=[None, 1.0, 1.0], kernel_type='ntk', mode='type2', n=1000, poolings=['st1', 'st2', 'st4'], run_id=0, top_dir='/scratch/hdd001/home/sheng/NTKTST', use_components=None, widths=[250, 250, 250])
1000
[250, 250, 250]
Files already downloaded and verified
-23.143632888793945
count:  6
0 3.9835867937654257e-10 0 [0. 0. 0. 0. 0. 0. 0. 0. 0. 0. 0. 0. 0. 0. 0. 0. 0. 0. 0. 0.]
count:  6
1 4.2018655221909285e-10 0 [0. 0. 0. 0. 0. 0. 0. 0. 0. 0. 0. 0. 0. 0. 0. 0. 0. 0. 0. 0.]
count:  6
2 3.92901711165905e-10 0 [0. 0. 0. 0. 0. 0. 0. 0. 0. 0. 0. 0. 0. 0. 0. 0. 0. 0. 0. 0.]
count:  6
3 1.9463186617940664e-10 0 [0. 0. 0. 0. 0. 0. 0. 0. 0. 0. 0. 0. 0. 0. 0. 0. 0. 0. 0. 0.]
count:  6
4 5.948095349594951e-10 0 [0. 0. 0. 0. 0. 0. 0. 0. 0. 0. 0. 0. 0. 0. 0. 0. 0. 0. 0. 0.]
count:  6
5 -4.2382453102618456e-10 0 [0. 0. 0. 0. 0. 0. 0. 0. 0. 0. 0. 0. 0. 0. 0. 0. 0. 0. 0. 0.]
count:  6
6 1.6916601452976465e-10 0 [0. 0. 0. 0. 0. 0. 0. 0. 0. 0. 0. 0. 0. 0. 0. 0. 0. 0. 0. 0.]
count:  6
7 2.0372681319713593e-10 0 [0. 0. 0. 0. 0. 0. 0. 0. 0. 0. 0. 0. 0. 0. 0. 0. 0. 0. 0. 0.]
count:  6
8 1.8189894035458565e-11 0 [0. 0. 0. 0. 0. 0. 0. 0. 0. 0. 0. 0. 0. 0. 0. 0. 0. 0. 0. 0.]
count:  6
9 1.5279510989785194e-10 0 [0. 0. 0. 0. 0. 0. 0. 0. 0. 0. 0. 0. 0. 0. 0. 0. 0. 0. 0. 0.]
count:  3
10 9.731593308970332e-10 1 [0. 0. 0. 0. 0. 0. 0. 0. 0. 0. 1. 0. 0. 0. 0. 0. 0. 0. 0. 0.]
count:  6
11 2.9103830456733704e-11 0 [0. 0. 0. 0. 0. 0. 0. 0. 0. 0. 1. 0. 0. 0. 0. 0. 0. 0. 0. 0.]
count:  0
12 1.2259988579899073e-09 1 [0. 0. 0. 0. 0. 0. 0. 0. 0. 0. 1. 0. 1. 0. 0. 0. 0. 0. 0. 0.]
count:  6
13 -2.5283952709287405e-10 0 [0. 0. 0. 0. 0. 0. 0. 0. 0. 0. 1. 0. 1. 0. 0. 0. 0. 0. 0. 0.]
count:  5
14 7.257767720147967e-10 1 [0. 0. 0. 0. 0. 0. 0. 0. 0. 0. 1. 0. 1. 0. 1. 0. 0. 0. 0. 0.]
count:  6
15 1.418811734765768e-10 0 [0. 0. 0. 0. 0. 0. 0. 0. 0. 0. 1. 0. 1. 0. 1. 0. 0. 0. 0. 0.]
count:  1
16 9.094947017729282e-10 1 [0. 0. 0. 0. 0. 0. 0. 0. 0. 0. 1. 0. 1. 0. 1. 0. 1. 0. 0. 0.]
count:  6
17 3.383320290595293e-10 0 [0. 0. 0. 0. 0. 0. 0. 0. 0. 0. 1. 0. 1. 0. 1. 0. 1. 0. 0. 0.]
count:  6
18 -2.7284841053187847e-11 0 [0. 0. 0. 0. 0. 0. 0. 0. 0. 0. 1. 0. 1. 0. 1. 0. 1. 0. 0. 0.]
count:  6
19 1.6916601452976465e-10 0 [0. 0. 0. 0. 0. 0. 0. 0. 0. 0. 1. 0. 1. 0. 1. 0. 1. 0. 0. 0.]
Reject rate_u:  0.2
Test Power of Baselines (K times): 
[[0.2 0.  0.  0.  0.  0.  0.  0.  0.  0.  0.  0.  0.  0.  0.  0.  0.  0.
  0.  0. ]]
Average Test Power of Baselines (K times): 
MMD-D:  0.2 C2ST-L: 
test power, MMD/varest= [ 0.02167953  0.02003817  0.01956851  0.00915715  0.02243297 -0.05037106
  0.00987105  0.00895387  0.00130572  0.00892054  0.03130481  0.0016127
  0.03542424 -0.01992619  0.02578416  0.00984325  0.03163551  0.01899123
 -0.0014725   0.01131339] sum= 0.010803353294645312
-23.384754180908203
count:  3
0 7.621565600857139e-10 1 [1. 0. 0. 0. 0. 0. 0. 0. 0. 0. 0. 0. 0. 0. 0. 0. 0. 0. 0. 0.]
count:  5
1 7.967173587530851e-10 1 [1. 1. 0. 0. 0. 0. 0. 0. 0. 0. 0. 0. 0. 0. 0. 0. 0. 0. 0. 0.]
count:  0
2 9.440555004402995e-10 1 [1. 1. 1. 0. 0. 0. 0. 0. 0. 0. 0. 0. 0. 0. 0. 0. 0. 0. 0. 0.]
count:  6
3 2.546585164964199e-10 0 [1. 1. 1. 0. 0. 0. 0. 0. 0. 0. 0. 0. 0. 0. 0. 0. 0. 0. 0. 0.]
count:  6
4 4.965841071680188e-10 0 [1. 1. 1. 0. 0. 0. 0. 0. 0. 0. 0. 0. 0. 0. 0. 0. 0. 0. 0. 0.]
count:  6
5 1.3278622645884752e-10 0 [1. 1. 1. 0. 0. 0. 0. 0. 0. 0. 0. 0. 0. 0. 0. 0. 0. 0. 0. 0.]
count:  6
6 3.6925484891980886e-10 0 [1. 1. 1. 0. 0. 0. 0. 0. 0. 0. 0. 0. 0. 0. 0. 0. 0. 0. 0. 0.]
count:  1
7 1.2059899745509028e-09 1 [1. 1. 1. 0. 0. 0. 0. 1. 0. 0. 0. 0. 0. 0. 0. 0. 0. 0. 0. 0.]
count:  6
8 5.766196409240365e-10 0 [1. 1. 1. 0. 0. 0. 0. 1. 0. 0. 0. 0. 0. 0. 0. 0. 0. 0. 0. 0.]
count:  6
9 -1.4733814168721437e-10 0 [1. 1. 1. 0. 0. 0. 0. 1. 0. 0. 0. 0. 0. 0. 0. 0. 0. 0. 0. 0.]
count:  6
10 4.1654857341200113e-10 0 [1. 1. 1. 0. 0. 0. 0. 1. 0. 0. 0. 0. 0. 0. 0. 0. 0. 0. 0. 0.]
count:  6
11 5.529727786779404e-10 0 [1. 1. 1. 0. 0. 0. 0. 1. 0. 0. 0. 0. 0. 0. 0. 0. 0. 0. 0. 0.]
count:  6
12 6.730260793119669e-10 0 [1. 1. 1. 0. 0. 0. 0. 1. 0. 0. 0. 0. 0. 0. 0. 0. 0. 0. 0. 0.]
count:  3
13 6.639311322942376e-10 1 [1. 1. 1. 0. 0. 0. 0. 1. 0. 0. 0. 0. 0. 1. 0. 0. 0. 0. 0. 0.]
count:  6
14 4.656612873077393e-10 0 [1. 1. 1. 0. 0. 0. 0. 1. 0. 0. 0. 0. 0. 1. 0. 0. 0. 0. 0. 0.]
count:  5
15 7.803464541211724e-10 1 [1. 1. 1. 0. 0. 0. 0. 1. 0. 0. 0. 0. 0. 1. 0. 1. 0. 0. 0. 0.]
count:  6
16 3.765308065339923e-10 0 [1. 1. 1. 0. 0. 0. 0. 1. 0. 0. 0. 0. 0. 1. 0. 1. 0. 0. 0. 0.]
count:  6
17 4.638422979041934e-10 0 [1. 1. 1. 0. 0. 0. 0. 1. 0. 0. 0. 0. 0. 1. 0. 1. 0. 0. 0. 0.]
count:  6
18 2.7830537874251604e-10 0 [1. 1. 1. 0. 0. 0. 0. 1. 0. 0. 0. 0. 0. 1. 0. 1. 0. 0. 0. 0.]
count:  6
19 4.129105946049094e-10 0 [1. 1. 1. 0. 0. 0. 0. 1. 0. 0. 0. 0. 0. 1. 0. 1. 0. 0. 0. 0.]
Reject rate_u:  0.3
Test Power of Baselines (K times): 
[[0.2 0.3 0.  0.  0.  0.  0.  0.  0.  0.  0.  0.  0.  0.  0.  0.  0.  0.
  0.  0. ]]
Average Test Power of Baselines (K times): 
MMD-D:  0.25 C2ST-L: 
test power, MMD/varest= [ 0.02893754  0.03451303  0.03872791  0.01679806  0.02719365  0.00834588
  0.01683162  0.05770383  0.03442449 -0.01152672  0.02204053  0.03190455
  0.0273889   0.03514502  0.02405867  0.04258282  0.02175269  0.02690899
  0.01704617  0.02522061] sum= 0.026299912482785025
-24.268173217773438
count:  6
0 4.092726157978177e-10 0 [0. 0. 0. 0. 0. 0. 0. 0. 0. 0. 0. 0. 0. 0. 0. 0. 0. 0. 0. 0.]
count:  6
1 -6.002665031701326e-11 0 [0. 0. 0. 0. 0. 0. 0. 0. 0. 0. 0. 0. 0. 0. 0. 0. 0. 0. 0. 0.]
count:  6
2 1.4006218407303095e-10 0 [0. 0. 0. 0. 0. 0. 0. 0. 0. 0. 0. 0. 0. 0. 0. 0. 0. 0. 0. 0.]
count:  6
3 1.0913936421275139e-10 0 [0. 0. 0. 0. 0. 0. 0. 0. 0. 0. 0. 0. 0. 0. 0. 0. 0. 0. 0. 0.]
count:  6
4 -1.4370016288012266e-10 0 [0. 0. 0. 0. 0. 0. 0. 0. 0. 0. 0. 0. 0. 0. 0. 0. 0. 0. 0. 0.]
count:  6
5 9.276845958083868e-11 0 [0. 0. 0. 0. 0. 0. 0. 0. 0. 0. 0. 0. 0. 0. 0. 0. 0. 0. 0. 0.]
count:  6
6 -2.0190782379359007e-10 0 [0. 0. 0. 0. 0. 0. 0. 0. 0. 0. 0. 0. 0. 0. 0. 0. 0. 0. 0. 0.]
count:  6
7 -4.019966581836343e-10 0 [0. 0. 0. 0. 0. 0. 0. 0. 0. 0. 0. 0. 0. 0. 0. 0. 0. 0. 0. 0.]
count:  6
8 -3.4015101846307516e-10 0 [0. 0. 0. 0. 0. 0. 0. 0. 0. 0. 0. 0. 0. 0. 0. 0. 0. 0. 0. 0.]
count:  6
9 2.9103830456733704e-11 0 [0. 0. 0. 0. 0. 0. 0. 0. 0. 0. 0. 0. 0. 0. 0. 0. 0. 0. 0. 0.]
count:  6
10 -4.18367562815547e-11 0 [0. 0. 0. 0. 0. 0. 0. 0. 0. 0. 0. 0. 0. 0. 0. 0. 0. 0. 0. 0.]
count:  6
11 -2.4920154828578234e-10 0 [0. 0. 0. 0. 0. 0. 0. 0. 0. 0. 0. 0. 0. 0. 0. 0. 0. 0. 0. 0.]
count:  5
12 5.602487362921238e-10 1 [0. 0. 0. 0. 0. 0. 0. 0. 0. 0. 0. 0. 1. 0. 0. 0. 0. 0. 0. 0.]
count:  6
13 -5.529727786779404e-10 0 [0. 0. 0. 0. 0. 0. 0. 0. 0. 0. 0. 0. 1. 0. 0. 0. 0. 0. 0. 0.]
count:  6
14 5.111360223963857e-10 0 [0. 0. 0. 0. 0. 0. 0. 0. 0. 0. 0. 0. 1. 0. 0. 0. 0. 0. 0. 0.]
count:  6
15 3.1650415621697903e-10 0 [0. 0. 0. 0. 0. 0. 0. 0. 0. 0. 0. 0. 1. 0. 0. 0. 0. 0. 0. 0.]
count:  6
16 -2.4374458007514477e-10 0 [0. 0. 0. 0. 0. 0. 0. 0. 0. 0. 0. 0. 1. 0. 0. 0. 0. 0. 0. 0.]
count:  6
17 2.2009771782904863e-10 0 [0. 0. 0. 0. 0. 0. 0. 0. 0. 0. 0. 0. 1. 0. 0. 0. 0. 0. 0. 0.]
count:  6
18 -4.729372449219227e-11 0 [0. 0. 0. 0. 0. 0. 0. 0. 0. 0. 0. 0. 1. 0. 0. 0. 0. 0. 0. 0.]
count:  6
19 -1.127773430198431e-10 0 [0. 0. 0. 0. 0. 0. 0. 0. 0. 0. 0. 0. 1. 0. 0. 0. 0. 0. 0. 0.]
Reject rate_u:  0.05
Test Power of Baselines (K times): 
[[0.2  0.3  0.05 0.   0.   0.   0.   0.   0.   0.   0.   0.   0.   0.
  0.   0.   0.   0.   0.   0.  ]]
Average Test Power of Baselines (K times): 
MMD-D:  0.18333333333333335 C2ST-L: 
test power, MMD/varest= [ 0.02454449 -0.00520005  0.00740253  0.00755647 -0.01231371  0.00698427
 -0.01788118 -0.05449678 -0.03693969  0.00150956 -0.00293067 -0.02399051
  0.02379306 -0.07052736  0.02105206  0.01818253 -0.02570172  0.0157972
 -0.0039022  -0.00936478] sum= -0.006821323801718413
-23.510313034057617
count:  6
0 4.4929038267582655e-10 0 [0. 0. 0. 0. 0. 0. 0. 0. 0. 0. 0. 0. 0. 0. 0. 0. 0. 0. 0. 0.]
count:  5
1 6.330083124339581e-10 1 [0. 1. 0. 0. 0. 0. 0. 0. 0. 0. 0. 0. 0. 0. 0. 0. 0. 0. 0. 0.]
count:  6
2 -2.6193447411060333e-10 0 [0. 1. 0. 0. 0. 0. 0. 0. 0. 0. 0. 0. 0. 0. 0. 0. 0. 0. 0. 0.]
count:  6
3 3.67435859516263e-10 0 [0. 1. 0. 0. 0. 0. 0. 0. 0. 0. 0. 0. 0. 0. 0. 0. 0. 0. 0. 0.]
count:  6
4 3.765308065339923e-10 0 [0. 1. 0. 0. 0. 0. 0. 0. 0. 0. 0. 0. 0. 0. 0. 0. 0. 0. 0. 0.]
count:  4
5 6.002665031701326e-10 1 [0. 1. 0. 0. 0. 1. 0. 0. 0. 0. 0. 0. 0. 0. 0. 0. 0. 0. 0. 0.]
count:  6
6 3.9472070056945086e-10 0 [0. 1. 0. 0. 0. 1. 0. 0. 0. 0. 0. 0. 0. 0. 0. 0. 0. 0. 0. 0.]
count:  6
7 2.4010660126805305e-10 0 [0. 1. 0. 0. 0. 1. 0. 0. 0. 0. 0. 0. 0. 0. 0. 0. 0. 0. 0. 0.]
count:  6
8 -1.0186340659856796e-10 0 [0. 1. 0. 0. 0. 1. 0. 0. 0. 0. 0. 0. 0. 0. 0. 0. 0. 0. 0. 0.]
count:  6
9 2.1827872842550278e-10 0 [0. 1. 0. 0. 0. 1. 0. 0. 0. 0. 0. 0. 0. 0. 0. 0. 0. 0. 0. 0.]
count:  6
10 1.509761204943061e-10 0 [0. 1. 0. 0. 0. 1. 0. 0. 0. 0. 0. 0. 0. 0. 0. 0. 0. 0. 0. 0.]
count:  6
11 2.4920154828578234e-10 0 [0. 1. 0. 0. 0. 1. 0. 0. 0. 0. 0. 0. 0. 0. 0. 0. 0. 0. 0. 0.]
count:  4
12 5.893525667488575e-10 1 [0. 1. 0. 0. 0. 1. 0. 0. 0. 0. 0. 0. 1. 0. 0. 0. 0. 0. 0. 0.]
count:  2
13 8.840288501232862e-10 1 [0. 1. 0. 0. 0. 1. 0. 0. 0. 0. 0. 0. 1. 1. 0. 0. 0. 0. 0. 0.]
count:  6
14 5.784386303275824e-10 0 [0. 1. 0. 0. 0. 1. 0. 0. 0. 0. 0. 0. 1. 1. 0. 0. 0. 0. 0. 0.]
count:  6
15 5.093170329928398e-11 0 [0. 1. 0. 0. 0. 1. 0. 0. 0. 0. 0. 0. 1. 1. 0. 0. 0. 0. 0. 0.]
count:  6
16 4.929461283609271e-10 0 [0. 1. 0. 0. 0. 1. 0. 0. 0. 0. 0. 0. 1. 1. 0. 0. 0. 0. 0. 0.]
count:  6
17 1.8189894035458565e-10 0 [0. 1. 0. 0. 0. 1. 0. 0. 0. 0. 0. 0. 1. 1. 0. 0. 0. 0. 0. 0.]
count:  6
18 4.4565240386873484e-10 0 [0. 1. 0. 0. 0. 1. 0. 0. 0. 0. 0. 0. 1. 1. 0. 0. 0. 0. 0. 0.]
count:  6
19 3.183231456205249e-10 0 [0. 1. 0. 0. 0. 1. 0. 0. 0. 0. 0. 0. 1. 1. 0. 0. 0. 0. 0. 0.]
Reject rate_u:  0.2
Test Power of Baselines (K times): 
[[0.2  0.3  0.05 0.2  0.   0.   0.   0.   0.   0.   0.   0.   0.   0.
  0.   0.   0.   0.   0.   0.  ]]
Average Test Power of Baselines (K times): 
MMD-D:  0.1875 C2ST-L: 
test power, MMD/varest= [ 0.02467186  0.03960637 -0.02636309  0.02520621  0.02026264  0.03442399
  0.02066669  0.01746796 -0.0074325   0.014719    0.01079128  0.01846045
  0.03012966  0.05184221  0.03446169  0.00284283  0.02538387  0.0123006
  0.02602284  0.02337262] sum= 0.019941859361563057
-23.810152053833008
count:  6
0 6.002665031701326e-10 0 [0. 0. 0. 0. 0. 0. 0. 0. 0. 0. 0. 0. 0. 0. 0. 0. 0. 0. 0. 0.]
count:  6
1 5.20230969414115e-10 0 [0. 0. 0. 0. 0. 0. 0. 0. 0. 0. 0. 0. 0. 0. 0. 0. 0. 0. 0. 0.]
count:  6
2 -1.2005330063402653e-10 0 [0. 0. 0. 0. 0. 0. 0. 0. 0. 0. 0. 0. 0. 0. 0. 0. 0. 0. 0. 0.]
count:  6
3 3.1650415621697903e-10 0 [0. 0. 0. 0. 0. 0. 0. 0. 0. 0. 0. 0. 0. 0. 0. 0. 0. 0. 0. 0.]
count:  6
4 2.9467628337442875e-10 0 [0. 0. 0. 0. 0. 0. 0. 0. 0. 0. 0. 0. 0. 0. 0. 0. 0. 0. 0. 0.]
count:  6
5 4.638422979041934e-10 0 [0. 0. 0. 0. 0. 0. 0. 0. 0. 0. 0. 0. 0. 0. 0. 0. 0. 0. 0. 0.]
count:  6
6 2.1100277081131935e-10 0 [0. 0. 0. 0. 0. 0. 0. 0. 0. 0. 0. 0. 0. 0. 0. 0. 0. 0. 0. 0.]
count:  6
7 4.511093720793724e-10 0 [0. 0. 0. 0. 0. 0. 0. 0. 0. 0. 0. 0. 0. 0. 0. 0. 0. 0. 0. 0.]
count:  6
8 -1.4733814168721437e-10 0 [0. 0. 0. 0. 0. 0. 0. 0. 0. 0. 0. 0. 0. 0. 0. 0. 0. 0. 0. 0.]
count:  6
9 4.94765117764473e-10 0 [0. 0. 0. 0. 0. 0. 0. 0. 0. 0. 0. 0. 0. 0. 0. 0. 0. 0. 0. 0.]
count:  6
10 -2.3646862246096134e-11 0 [0. 0. 0. 0. 0. 0. 0. 0. 0. 0. 0. 0. 0. 0. 0. 0. 0. 0. 0. 0.]
count:  6
11 3.7834979593753815e-10 0 [0. 0. 0. 0. 0. 0. 0. 0. 0. 0. 0. 0. 0. 0. 0. 0. 0. 0. 0. 0.]
count:  6
12 2.1464074961841106e-10 0 [0. 0. 0. 0. 0. 0. 0. 0. 0. 0. 0. 0. 0. 0. 0. 0. 0. 0. 0. 0.]
count:  6
13 -7.275957614183426e-12 0 [0. 0. 0. 0. 0. 0. 0. 0. 0. 0. 0. 0. 0. 0. 0. 0. 0. 0. 0. 0.]
count:  6
14 -7.275957614183426e-12 0 [0. 0. 0. 0. 0. 0. 0. 0. 0. 0. 0. 0. 0. 0. 0. 0. 0. 0. 0. 0.]
count:  6
15 -6.002665031701326e-11 0 [0. 0. 0. 0. 0. 0. 0. 0. 0. 0. 0. 0. 0. 0. 0. 0. 0. 0. 0. 0.]
count:  6
16 1.255102688446641e-10 0 [0. 0. 0. 0. 0. 0. 0. 0. 0. 0. 0. 0. 0. 0. 0. 0. 0. 0. 0. 0.]
count:  6
17 3.510649548843503e-10 0 [0. 0. 0. 0. 0. 0. 0. 0. 0. 0. 0. 0. 0. 0. 0. 0. 0. 0. 0. 0.]
count:  6
18 -5.093170329928398e-11 0 [0. 0. 0. 0. 0. 0. 0. 0. 0. 0. 0. 0. 0. 0. 0. 0. 0. 0. 0. 0.]
count:  5
19 8.076312951743603e-10 1 [0. 0. 0. 0. 0. 0. 0. 0. 0. 0. 0. 0. 0. 0. 0. 0. 0. 0. 0. 1.]
Reject rate_u:  0.05
Test Power of Baselines (K times): 
[[0.2  0.3  0.05 0.2  0.05 0.   0.   0.   0.   0.   0.   0.   0.   0.
  0.   0.   0.   0.   0.   0.  ]]
Average Test Power of Baselines (K times): 
MMD-D:  0.16 C2ST-L: 
test power, MMD/varest= [ 0.0372085   0.02678107 -0.00974248  0.01893478  0.02033251  0.03433575
  0.01661329  0.03137692 -0.01363166  0.03356655 -0.00213859  0.01872347
  0.01732738 -0.00060901 -0.00044807 -0.00541603  0.01011973  0.01965124
 -0.00447319  0.03927265] sum= 0.01438924158796373
-23.12932777404785
count:  6
0 -3.128661774098873e-10 0 [0. 0. 0. 0. 0. 0. 0. 0. 0. 0. 0. 0. 0. 0. 0. 0. 0. 0. 0. 0.]
count:  6
1 -1.4551915228366852e-11 0 [0. 0. 0. 0. 0. 0. 0. 0. 0. 0. 0. 0. 0. 0. 0. 0. 0. 0. 0. 0.]
count:  6
2 -3.1650415621697903e-10 0 [0. 0. 0. 0. 0. 0. 0. 0. 0. 0. 0. 0. 0. 0. 0. 0. 0. 0. 0. 0.]
count:  6
3 1.5279510989785194e-10 0 [0. 0. 0. 0. 0. 0. 0. 0. 0. 0. 0. 0. 0. 0. 0. 0. 0. 0. 0. 0.]
count:  6
4 -8.003553375601768e-11 0 [0. 0. 0. 0. 0. 0. 0. 0. 0. 0. 0. 0. 0. 0. 0. 0. 0. 0. 0. 0.]
count:  6
5 -2.546585164964199e-11 0 [0. 0. 0. 0. 0. 0. 0. 0. 0. 0. 0. 0. 0. 0. 0. 0. 0. 0. 0. 0.]
count:  6
6 -2.0554580260068178e-10 0 [0. 0. 0. 0. 0. 0. 0. 0. 0. 0. 0. 0. 0. 0. 0. 0. 0. 0. 0. 0.]
count:  6
7 -4.547473508864641e-11 0 [0. 0. 0. 0. 0. 0. 0. 0. 0. 0. 0. 0. 0. 0. 0. 0. 0. 0. 0. 0.]
count:  6
8 -2.3101165425032377e-10 0 [0. 0. 0. 0. 0. 0. 0. 0. 0. 0. 0. 0. 0. 0. 0. 0. 0. 0. 0. 0.]
count:  6
9 3.8198777474462986e-11 0 [0. 0. 0. 0. 0. 0. 0. 0. 0. 0. 0. 0. 0. 0. 0. 0. 0. 0. 0. 0.]
count:  6
10 -4.3655745685100555e-10 0 [0. 0. 0. 0. 0. 0. 0. 0. 0. 0. 0. 0. 0. 0. 0. 0. 0. 0. 0. 0.]
count:  6
11 -1.7826096154749393e-10 0 [0. 0. 0. 0. 0. 0. 0. 0. 0. 0. 0. 0. 0. 0. 0. 0. 0. 0. 0. 0.]
count:  6
12 4.18367562815547e-11 0 [0. 0. 0. 0. 0. 0. 0. 0. 0. 0. 0. 0. 0. 0. 0. 0. 0. 0. 0. 0.]
count:  6
13 -1.255102688446641e-10 0 [0. 0. 0. 0. 0. 0. 0. 0. 0. 0. 0. 0. 0. 0. 0. 0. 0. 0. 0. 0.]
count:  6
14 -4.347384674474597e-10 0 [0. 0. 0. 0. 0. 0. 0. 0. 0. 0. 0. 0. 0. 0. 0. 0. 0. 0. 0. 0.]
count:  6
15 1.9099388737231493e-10 0 [0. 0. 0. 0. 0. 0. 0. 0. 0. 0. 0. 0. 0. 0. 0. 0. 0. 0. 0. 0.]
count:  6
16 -1.2187229003757238e-10 0 [0. 0. 0. 0. 0. 0. 0. 0. 0. 0. 0. 0. 0. 0. 0. 0. 0. 0. 0. 0.]
count:  6
17 -3.4378899727016687e-10 0 [0. 0. 0. 0. 0. 0. 0. 0. 0. 0. 0. 0. 0. 0. 0. 0. 0. 0. 0. 0.]
count:  6
18 -1.0913936421275139e-10 0 [0. 0. 0. 0. 0. 0. 0. 0. 0. 0. 0. 0. 0. 0. 0. 0. 0. 0. 0. 0.]
count:  6
19 2.1100277081131935e-10 0 [0. 0. 0. 0. 0. 0. 0. 0. 0. 0. 0. 0. 0. 0. 0. 0. 0. 0. 0. 0.]
Reject rate_u:  0.0
Test Power of Baselines (K times): 
[[0.2  0.3  0.05 0.2  0.05 0.   0.   0.   0.   0.   0.   0.   0.   0.
  0.   0.   0.   0.   0.   0.  ]]
Average Test Power of Baselines (K times): 
MMD-D:  0.13333333333333333 C2ST-L: 
test power, MMD/varest= [-0.02989621 -0.00108536 -0.03207498  0.01137165 -0.00584541 -0.00177203
 -0.01680462 -0.00305285 -0.02288107  0.00287033 -0.04210354 -0.01678609
  0.0029804  -0.00921492 -0.05602335  0.00872557 -0.01036395 -0.03336007
 -0.00902062  0.01152662] sum= -0.012640523984674976
-23.27025032043457
count:  6
0 -5.4569682106375694e-11 0 [0. 0. 0. 0. 0. 0. 0. 0. 0. 0. 0. 0. 0. 0. 0. 0. 0. 0. 0. 0.]
count:  6
1 -5.093170329928398e-11 0 [0. 0. 0. 0. 0. 0. 0. 0. 0. 0. 0. 0. 0. 0. 0. 0. 0. 0. 0. 0.]
count:  6
2 1.5825207810848951e-10 0 [0. 0. 0. 0. 0. 0. 0. 0. 0. 0. 0. 0. 0. 0. 0. 0. 0. 0. 0. 0.]
count:  6
3 2.1464074961841106e-10 0 [0. 0. 0. 0. 0. 0. 0. 0. 0. 0. 0. 0. 0. 0. 0. 0. 0. 0. 0. 0.]
count:  6
4 2.2737367544323206e-10 0 [0. 0. 0. 0. 0. 0. 0. 0. 0. 0. 0. 0. 0. 0. 0. 0. 0. 0. 0. 0.]
count:  6
5 3.0377123039215803e-10 0 [0. 0. 0. 0. 0. 0. 0. 0. 0. 0. 0. 0. 0. 0. 0. 0. 0. 0. 0. 0.]
count:  6
6 4.729372449219227e-11 0 [0. 0. 0. 0. 0. 0. 0. 0. 0. 0. 0. 0. 0. 0. 0. 0. 0. 0. 0. 0.]
count:  6
7 1.0550138540565968e-10 0 [0. 0. 0. 0. 0. 0. 0. 0. 0. 0. 0. 0. 0. 0. 0. 0. 0. 0. 0. 0.]
count:  6
8 7.457856554538012e-11 0 [0. 0. 0. 0. 0. 0. 0. 0. 0. 0. 0. 0. 0. 0. 0. 0. 0. 0. 0. 0.]
count:  6
9 -3.9472070056945086e-10 0 [0. 0. 0. 0. 0. 0. 0. 0. 0. 0. 0. 0. 0. 0. 0. 0. 0. 0. 0. 0.]
count:  6
10 3.219611244276166e-10 0 [0. 0. 0. 0. 0. 0. 0. 0. 0. 0. 0. 0. 0. 0. 0. 0. 0. 0. 0. 0.]
count:  6
11 6.493792170658708e-10 0 [0. 0. 0. 0. 0. 0. 0. 0. 0. 0. 0. 0. 0. 0. 0. 0. 0. 0. 0. 0.]
count:  6
12 -1.1095835361629725e-10 0 [0. 0. 0. 0. 0. 0. 0. 0. 0. 0. 0. 0. 0. 0. 0. 0. 0. 0. 0. 0.]
count:  6
13 1.8553691916167736e-10 0 [0. 0. 0. 0. 0. 0. 0. 0. 0. 0. 0. 0. 0. 0. 0. 0. 0. 0. 0. 0.]
count:  6
14 7.275957614183426e-12 0 [0. 0. 0. 0. 0. 0. 0. 0. 0. 0. 0. 0. 0. 0. 0. 0. 0. 0. 0. 0.]
count:  6
15 -9.458744898438454e-11 0 [0. 0. 0. 0. 0. 0. 0. 0. 0. 0. 0. 0. 0. 0. 0. 0. 0. 0. 0. 0.]
count:  6
16 1.837179297581315e-10 0 [0. 0. 0. 0. 0. 0. 0. 0. 0. 0. 0. 0. 0. 0. 0. 0. 0. 0. 0. 0.]
count:  6
17 1.4733814168721437e-10 0 [0. 0. 0. 0. 0. 0. 0. 0. 0. 0. 0. 0. 0. 0. 0. 0. 0. 0. 0. 0.]
count:  6
18 -6.912159733474255e-11 0 [0. 0. 0. 0. 0. 0. 0. 0. 0. 0. 0. 0. 0. 0. 0. 0. 0. 0. 0. 0.]
count:  6
19 -4.729372449219227e-11 0 [0. 0. 0. 0. 0. 0. 0. 0. 0. 0. 0. 0. 0. 0. 0. 0. 0. 0. 0. 0.]
Reject rate_u:  0.0
Test Power of Baselines (K times): 
[[0.2  0.3  0.05 0.2  0.05 0.   0.   0.   0.   0.   0.   0.   0.   0.
  0.   0.   0.   0.   0.   0.  ]]
Average Test Power of Baselines (K times): 
MMD-D:  0.1142857142857143 C2ST-L: 
test power, MMD/varest= [-0.00462348 -0.00379934  0.01151271  0.01631999  0.01298197  0.01523744
  0.00393015  0.00586325  0.00431615 -0.03819812  0.01559552  0.02917631
 -0.0076668   0.01098682  0.00060321 -0.00740874  0.00829076  0.0090624
 -0.00502395 -0.00355405] sum= 0.0036801094237843683
-24.963781356811523
count:  6
0 4.220055416226387e-10 0 [0. 0. 0. 0. 0. 0. 0. 0. 0. 0. 0. 0. 0. 0. 0. 0. 0. 0. 0. 0.]
count:  6
1 2.7284841053187847e-11 0 [0. 0. 0. 0. 0. 0. 0. 0. 0. 0. 0. 0. 0. 0. 0. 0. 0. 0. 0. 0.]
count:  6
2 -2.1827872842550278e-10 0 [0. 0. 0. 0. 0. 0. 0. 0. 0. 0. 0. 0. 0. 0. 0. 0. 0. 0. 0. 0.]
count:  6
3 1.3460521586239338e-10 0 [0. 0. 0. 0. 0. 0. 0. 0. 0. 0. 0. 0. 0. 0. 0. 0. 0. 0. 0. 0.]
count:  6
4 3.019522409886122e-10 0 [0. 0. 0. 0. 0. 0. 0. 0. 0. 0. 0. 0. 0. 0. 0. 0. 0. 0. 0. 0.]
count:  6
5 1.9463186617940664e-10 0 [0. 0. 0. 0. 0. 0. 0. 0. 0. 0. 0. 0. 0. 0. 0. 0. 0. 0. 0. 0.]
count:  5
6 6.330083124339581e-10 1 [0. 0. 0. 0. 0. 0. 1. 0. 0. 0. 0. 0. 0. 0. 0. 0. 0. 0. 0. 0.]
count:  3
7 7.548806024715304e-10 1 [0. 0. 0. 0. 0. 0. 1. 1. 0. 0. 0. 0. 0. 0. 0. 0. 0. 0. 0. 0.]
count:  6
8 5.275069270282984e-11 0 [0. 0. 0. 0. 0. 0. 1. 1. 0. 0. 0. 0. 0. 0. 0. 0. 0. 0. 0. 0.]
count:  6
9 2.546585164964199e-11 0 [0. 0. 0. 0. 0. 0. 1. 1. 0. 0. 0. 0. 0. 0. 0. 0. 0. 0. 0. 0.]
count:  6
10 -1.291482476517558e-10 0 [0. 0. 0. 0. 0. 0. 1. 1. 0. 0. 0. 0. 0. 0. 0. 0. 0. 0. 0. 0.]
count:  6
11 -2.0190782379359007e-10 0 [0. 0. 0. 0. 0. 0. 1. 1. 0. 0. 0. 0. 0. 0. 0. 0. 0. 0. 0. 0.]
count:  6
12 1.2732925824820995e-10 0 [0. 0. 0. 0. 0. 0. 1. 1. 0. 0. 0. 0. 0. 0. 0. 0. 0. 0. 0. 0.]
count:  6
13 -1.8553691916167736e-10 0 [0. 0. 0. 0. 0. 0. 1. 1. 0. 0. 0. 0. 0. 0. 0. 0. 0. 0. 0. 0.]
count:  6
14 2.546585164964199e-10 0 [0. 0. 0. 0. 0. 0. 1. 1. 0. 0. 0. 0. 0. 0. 0. 0. 0. 0. 0. 0.]
count:  6
15 -9.276845958083868e-11 0 [0. 0. 0. 0. 0. 0. 1. 1. 0. 0. 0. 0. 0. 0. 0. 0. 0. 0. 0. 0.]
count:  1
16 1.1132215149700642e-09 1 [0. 0. 0. 0. 0. 0. 1. 1. 0. 0. 0. 0. 0. 0. 0. 0. 1. 0. 0. 0.]
count:  6
17 -2.582964953035116e-10 0 [0. 0. 0. 0. 0. 0. 1. 1. 0. 0. 0. 0. 0. 0. 0. 0. 1. 0. 0. 0.]
count:  6
18 5.165929906070232e-10 0 [0. 0. 0. 0. 0. 0. 1. 1. 0. 0. 0. 0. 0. 0. 0. 0. 1. 0. 0. 0.]
count:  6
19 2.346496330574155e-10 0 [0. 0. 0. 0. 0. 0. 1. 1. 0. 0. 0. 0. 0. 0. 0. 0. 1. 0. 0. 0.]
Reject rate_u:  0.15
Test Power of Baselines (K times): 
[[0.2  0.3  0.05 0.2  0.05 0.   0.   0.15 0.   0.   0.   0.   0.   0.
  0.   0.   0.   0.   0.   0.  ]]
Average Test Power of Baselines (K times): 
MMD-D:  0.11875 C2ST-L: 
test power, MMD/varest= [ 0.01962322  0.001422   -0.01479604  0.00778903  0.02203751  0.0122566
  0.03811061  0.03041555  0.00298759  0.00160005 -0.00841086 -0.02134176
  0.00718844 -0.01813055  0.01513112 -0.00786615  0.03320225 -0.02258454
  0.02008989  0.01135987] sum= 0.006504191365945972
-23.114883422851562
count:  6
0 4.220055416226387e-10 0 [0. 0. 0. 0. 0. 0. 0. 0. 0. 0. 0. 0. 0. 0. 0. 0. 0. 0. 0. 0.]
count:  6
1 -7.639755494892597e-11 0 [0. 0. 0. 0. 0. 0. 0. 0. 0. 0. 0. 0. 0. 0. 0. 0. 0. 0. 0. 0.]
count:  6
2 1.1641532182693481e-10 0 [0. 0. 0. 0. 0. 0. 0. 0. 0. 0. 0. 0. 0. 0. 0. 0. 0. 0. 0. 0.]
count:  6
3 -1.6916601452976465e-10 0 [0. 0. 0. 0. 0. 0. 0. 0. 0. 0. 0. 0. 0. 0. 0. 0. 0. 0. 0. 0.]
count:  6
4 -7.275957614183426e-12 0 [0. 0. 0. 0. 0. 0. 0. 0. 0. 0. 0. 0. 0. 0. 0. 0. 0. 0. 0. 0.]
count:  6
5 -3.728928277269006e-10 0 [0. 0. 0. 0. 0. 0. 0. 0. 0. 0. 0. 0. 0. 0. 0. 0. 0. 0. 0. 0.]
count:  6
6 1.5279510989785194e-10 0 [0. 0. 0. 0. 0. 0. 0. 0. 0. 0. 0. 0. 0. 0. 0. 0. 0. 0. 0. 0.]
count:  6
7 -3.8198777474462986e-10 0 [0. 0. 0. 0. 0. 0. 0. 0. 0. 0. 0. 0. 0. 0. 0. 0. 0. 0. 0. 0.]
count:  6
8 -2.1827872842550278e-11 0 [0. 0. 0. 0. 0. 0. 0. 0. 0. 0. 0. 0. 0. 0. 0. 0. 0. 0. 0. 0.]
count:  6
9 3.310560714453459e-10 0 [0. 0. 0. 0. 0. 0. 0. 0. 0. 0. 0. 0. 0. 0. 0. 0. 0. 0. 0. 0.]
count:  6
10 1.800799509510398e-10 0 [0. 0. 0. 0. 0. 0. 0. 0. 0. 0. 0. 0. 0. 0. 0. 0. 0. 0. 0. 0.]
count:  6
11 -1.382431946694851e-10 0 [0. 0. 0. 0. 0. 0. 0. 0. 0. 0. 0. 0. 0. 0. 0. 0. 0. 0. 0. 0.]
count:  6
12 -6.366462912410498e-11 0 [0. 0. 0. 0. 0. 0. 0. 0. 0. 0. 0. 0. 0. 0. 0. 0. 0. 0. 0. 0.]
count:  6
13 2.455635694786906e-10 0 [0. 0. 0. 0. 0. 0. 0. 0. 0. 0. 0. 0. 0. 0. 0. 0. 0. 0. 0. 0.]
count:  6
14 2.874003257602453e-10 0 [0. 0. 0. 0. 0. 0. 0. 0. 0. 0. 0. 0. 0. 0. 0. 0. 0. 0. 0. 0.]
count:  6
15 -1.964508555829525e-10 0 [0. 0. 0. 0. 0. 0. 0. 0. 0. 0. 0. 0. 0. 0. 0. 0. 0. 0. 0. 0.]
count:  6
16 -7.275957614183426e-11 0 [0. 0. 0. 0. 0. 0. 0. 0. 0. 0. 0. 0. 0. 0. 0. 0. 0. 0. 0. 0.]
count:  6
17 -3.8198777474462986e-11 0 [0. 0. 0. 0. 0. 0. 0. 0. 0. 0. 0. 0. 0. 0. 0. 0. 0. 0. 0. 0.]
count:  6
18 -2.673914423212409e-10 0 [0. 0. 0. 0. 0. 0. 0. 0. 0. 0. 0. 0. 0. 0. 0. 0. 0. 0. 0. 0.]
count:  6
19 -1.8189894035458565e-11 0 [0. 0. 0. 0. 0. 0. 0. 0. 0. 0. 0. 0. 0. 0. 0. 0. 0. 0. 0. 0.]
Reject rate_u:  0.0
Test Power of Baselines (K times): 
[[0.2  0.3  0.05 0.2  0.05 0.   0.   0.15 0.   0.   0.   0.   0.   0.
  0.   0.   0.   0.   0.   0.  ]]
Average Test Power of Baselines (K times): 
MMD-D:  0.10555555555555556 C2ST-L: 
test power, MMD/varest= [ 0.02478246 -0.0064657   0.00746566 -0.01423307 -0.0005637  -0.04423458
  0.01341824 -0.04504624 -0.00156342  0.02252994  0.01066543 -0.0110581
 -0.00494332  0.01775333  0.01282562 -0.01813425 -0.00614918 -0.00327335
 -0.02339561 -0.00121015] sum= -0.003541499677195181
-23.67049789428711
count:  3
0 7.530616130679846e-10 1 [1. 0. 0. 0. 0. 0. 0. 0. 0. 0. 0. 0. 0. 0. 0. 0. 0. 0. 0. 0.]
count:  6
1 4.3655745685100555e-11 0 [1. 0. 0. 0. 0. 0. 0. 0. 0. 0. 0. 0. 0. 0. 0. 0. 0. 0. 0. 0.]
count:  6
2 -3.5652192309498787e-10 0 [1. 0. 0. 0. 0. 0. 0. 0. 0. 0. 0. 0. 0. 0. 0. 0. 0. 0. 0. 0.]
count:  6
3 2.7284841053187847e-11 0 [1. 0. 0. 0. 0. 0. 0. 0. 0. 0. 0. 0. 0. 0. 0. 0. 0. 0. 0. 0.]
count:  6
4 -1.673470251262188e-10 0 [1. 0. 0. 0. 0. 0. 0. 0. 0. 0. 0. 0. 0. 0. 0. 0. 0. 0. 0. 0.]
count:  6
5 1.8189894035458565e-11 0 [1. 0. 0. 0. 0. 0. 0. 0. 0. 0. 0. 0. 0. 0. 0. 0. 0. 0. 0. 0.]
count:  6
6 8.185452315956354e-11 0 [1. 0. 0. 0. 0. 0. 0. 0. 0. 0. 0. 0. 0. 0. 0. 0. 0. 0. 0. 0.]
count:  6
7 1.6552803572267294e-10 0 [1. 0. 0. 0. 0. 0. 0. 0. 0. 0. 0. 0. 0. 0. 0. 0. 0. 0. 0. 0.]
count:  6
8 -1.9281287677586079e-10 0 [1. 0. 0. 0. 0. 0. 0. 0. 0. 0. 0. 0. 0. 0. 0. 0. 0. 0. 0. 0.]
count:  6
9 -1.4733814168721437e-10 0 [1. 0. 0. 0. 0. 0. 0. 0. 0. 0. 0. 0. 0. 0. 0. 0. 0. 0. 0. 0.]
count:  6
10 1.9281287677586079e-10 0 [1. 0. 0. 0. 0. 0. 0. 0. 0. 0. 0. 0. 0. 0. 0. 0. 0. 0. 0. 0.]
count:  6
11 9.094947017729282e-12 0 [1. 0. 0. 0. 0. 0. 0. 0. 0. 0. 0. 0. 0. 0. 0. 0. 0. 0. 0. 0.]
count:  6
12 -6.730260793119669e-11 0 [1. 0. 0. 0. 0. 0. 0. 0. 0. 0. 0. 0. 0. 0. 0. 0. 0. 0. 0. 0.]
count:  6
13 -5.820766091346741e-11 0 [1. 0. 0. 0. 0. 0. 0. 0. 0. 0. 0. 0. 0. 0. 0. 0. 0. 0. 0. 0.]
count:  6
14 -4.001776687800884e-11 0 [1. 0. 0. 0. 0. 0. 0. 0. 0. 0. 0. 0. 0. 0. 0. 0. 0. 0. 0. 0.]
count:  6
15 -2.3283064365386963e-10 0 [1. 0. 0. 0. 0. 0. 0. 0. 0. 0. 0. 0. 0. 0. 0. 0. 0. 0. 0. 0.]
count:  5
16 5.620677256956697e-10 1 [1. 0. 0. 0. 0. 0. 0. 0. 0. 0. 0. 0. 0. 0. 0. 0. 1. 0. 0. 0.]
count:  6
17 2.964952727779746e-10 0 [1. 0. 0. 0. 0. 0. 0. 0. 0. 0. 0. 0. 0. 0. 0. 0. 1. 0. 0. 0.]
count:  6
18 3.67435859516263e-10 0 [1. 0. 0. 0. 0. 0. 0. 0. 0. 0. 0. 0. 0. 0. 0. 0. 1. 0. 0. 0.]
count:  6
19 4.220055416226387e-10 0 [1. 0. 0. 0. 0. 0. 0. 0. 0. 0. 0. 0. 0. 0. 0. 0. 1. 0. 0. 0.]
Reject rate_u:  0.1
Test Power of Baselines (K times): 
[[0.2  0.3  0.05 0.2  0.05 0.   0.   0.15 0.   0.1  0.   0.   0.   0.
  0.   0.   0.   0.   0.   0.  ]]
Average Test Power of Baselines (K times): 
MMD-D:  0.10500000000000001 C2ST-L: 
test power, MMD/varest= [ 0.03853641  0.00246471 -0.03247914  0.00228733 -0.01684095  0.00138773
  0.00489864  0.0130282  -0.01897945 -0.01362913  0.0148007   0.00064146
 -0.00570632 -0.00469797 -0.00334999 -0.02326249  0.03238924  0.01582704
  0.02052815  0.02028584] sum= 0.002406500554252971
-27.06736946105957
count:  6
0 1.1641532182693481e-10 0 [0. 0. 0. 0. 0. 0. 0. 0. 0. 0. 0. 0. 0. 0. 0. 0. 0. 0. 0. 0.]
count:  6
1 3.510649548843503e-10 0 [0. 0. 0. 0. 0. 0. 0. 0. 0. 0. 0. 0. 0. 0. 0. 0. 0. 0. 0. 0.]
count:  6
2 -2.510205376893282e-10 0 [0. 0. 0. 0. 0. 0. 0. 0. 0. 0. 0. 0. 0. 0. 0. 0. 0. 0. 0. 0.]
count:  6
3 6.275513442233205e-10 0 [0. 0. 0. 0. 0. 0. 0. 0. 0. 0. 0. 0. 0. 0. 0. 0. 0. 0. 0. 0.]
count:  6
4 6.002665031701326e-10 0 [0. 0. 0. 0. 0. 0. 0. 0. 0. 0. 0. 0. 0. 0. 0. 0. 0. 0. 0. 0.]
count:  5
5 8.11269273981452e-10 1 [0. 0. 0. 0. 0. 1. 0. 0. 0. 0. 0. 0. 0. 0. 0. 0. 0. 0. 0. 0.]
count:  6
6 -3.41970007866621e-10 0 [0. 0. 0. 0. 0. 1. 0. 0. 0. 0. 0. 0. 0. 0. 0. 0. 0. 0. 0. 0.]
count:  5
7 9.677023626863956e-10 1 [0. 0. 0. 0. 0. 1. 0. 1. 0. 0. 0. 0. 0. 0. 0. 0. 0. 0. 0. 0.]
count:  6
8 2.4010660126805305e-10 0 [0. 0. 0. 0. 0. 1. 0. 1. 0. 0. 0. 0. 0. 0. 0. 0. 0. 0. 0. 0.]
count:  6
9 1.255102688446641e-10 0 [0. 0. 0. 0. 0. 1. 0. 1. 0. 0. 0. 0. 0. 0. 0. 0. 0. 0. 0. 0.]
count:  6
10 4.3655745685100555e-11 0 [0. 0. 0. 0. 0. 1. 0. 1. 0. 0. 0. 0. 0. 0. 0. 0. 0. 0. 0. 0.]
count:  6
11 -1.8735590856522322e-10 0 [0. 0. 0. 0. 0. 1. 0. 1. 0. 0. 0. 0. 0. 0. 0. 0. 0. 0. 0. 0.]
count:  6
12 -1.8735590856522322e-10 0 [0. 0. 0. 0. 0. 1. 0. 1. 0. 0. 0. 0. 0. 0. 0. 0. 0. 0. 0. 0.]
count:  6
13 3.7471181713044643e-10 0 [0. 0. 0. 0. 0. 1. 0. 1. 0. 0. 0. 0. 0. 0. 0. 0. 0. 0. 0. 0.]
count:  6
14 5.275069270282984e-11 0 [0. 0. 0. 0. 0. 1. 0. 1. 0. 0. 0. 0. 0. 0. 0. 0. 0. 0. 0. 0.]
count:  6
15 -2.510205376893282e-10 0 [0. 0. 0. 0. 0. 1. 0. 1. 0. 0. 0. 0. 0. 0. 0. 0. 0. 0. 0. 0.]
count:  6
16 5.20230969414115e-10 0 [0. 0. 0. 0. 0. 1. 0. 1. 0. 0. 0. 0. 0. 0. 0. 0. 0. 0. 0. 0.]
count:  6
17 6.566551746800542e-10 0 [0. 0. 0. 0. 0. 1. 0. 1. 0. 0. 0. 0. 0. 0. 0. 0. 0. 0. 0. 0.]
count:  6
18 1.000444171950221e-10 0 [0. 0. 0. 0. 0. 1. 0. 1. 0. 0. 0. 0. 0. 0. 0. 0. 0. 0. 0. 0.]
count:  6
19 -1.4006218407303095e-10 0 [0. 0. 0. 0. 0. 1. 0. 1. 0. 0. 0. 0. 0. 0. 0. 0. 0. 0. 0. 0.]
Reject rate_u:  0.1
Test Power of Baselines (K times): 
[[0.2  0.3  0.05 0.2  0.05 0.   0.   0.15 0.   0.1  0.1  0.   0.   0.
  0.   0.   0.   0.   0.   0.  ]]
Average Test Power of Baselines (K times): 
MMD-D:  0.10454545454545455 C2ST-L: 
test power, MMD/varest= [ 0.00943113  0.01864248 -0.0233068   0.02889819  0.02922711  0.04611647
 -0.04087302  0.0347075   0.01214711  0.00815872  0.0022204  -0.01406106
 -0.01960699  0.01719591  0.00346049 -0.02414142  0.02361264  0.02897829
  0.00638748 -0.01333366] sum= 0.00669304869575847
-23.128841400146484
count:  6
0 -2.3646862246096134e-10 0 [0. 0. 0. 0. 0. 0. 0. 0. 0. 0. 0. 0. 0. 0. 0. 0. 0. 0. 0. 0.]
count:  6
1 -8.913048077374697e-11 0 [0. 0. 0. 0. 0. 0. 0. 0. 0. 0. 0. 0. 0. 0. 0. 0. 0. 0. 0. 0.]
count:  6
2 3.710738383233547e-10 0 [0. 0. 0. 0. 0. 0. 0. 0. 0. 0. 0. 0. 0. 0. 0. 0. 0. 0. 0. 0.]
count:  6
3 -1.2732925824820995e-11 0 [0. 0. 0. 0. 0. 0. 0. 0. 0. 0. 0. 0. 0. 0. 0. 0. 0. 0. 0. 0.]
count:  6
4 -1.6189005691558123e-10 0 [0. 0. 0. 0. 0. 0. 0. 0. 0. 0. 0. 0. 0. 0. 0. 0. 0. 0. 0. 0.]
count:  6
5 3.0740920919924974e-10 0 [0. 0. 0. 0. 0. 0. 0. 0. 0. 0. 0. 0. 0. 0. 0. 0. 0. 0. 0. 0.]
count:  6
6 6.984919309616089e-10 0 [0. 0. 0. 0. 0. 0. 0. 0. 0. 0. 0. 0. 0. 0. 0. 0. 0. 0. 0. 0.]
count:  6
7 2.1827872842550278e-10 0 [0. 0. 0. 0. 0. 0. 0. 0. 0. 0. 0. 0. 0. 0. 0. 0. 0. 0. 0. 0.]
count:  6
8 4.729372449219227e-10 0 [0. 0. 0. 0. 0. 0. 0. 0. 0. 0. 0. 0. 0. 0. 0. 0. 0. 0. 0. 0.]
count:  6
9 4.2928149923682213e-10 0 [0. 0. 0. 0. 0. 0. 0. 0. 0. 0. 0. 0. 0. 0. 0. 0. 0. 0. 0. 0.]
count:  6
10 5.002220859751105e-10 0 [0. 0. 0. 0. 0. 0. 0. 0. 0. 0. 0. 0. 0. 0. 0. 0. 0. 0. 0. 0.]
count:  6
11 1.3096723705530167e-10 0 [0. 0. 0. 0. 0. 0. 0. 0. 0. 0. 0. 0. 0. 0. 0. 0. 0. 0. 0. 0.]
count:  6
12 3.6925484891980886e-10 0 [0. 0. 0. 0. 0. 0. 0. 0. 0. 0. 0. 0. 0. 0. 0. 0. 0. 0. 0. 0.]
count:  6
13 4.3655745685100555e-11 0 [0. 0. 0. 0. 0. 0. 0. 0. 0. 0. 0. 0. 0. 0. 0. 0. 0. 0. 0. 0.]
count:  6
14 5.929905455559492e-10 0 [0. 0. 0. 0. 0. 0. 0. 0. 0. 0. 0. 0. 0. 0. 0. 0. 0. 0. 0. 0.]
count:  6
15 4.3291947804391384e-10 0 [0. 0. 0. 0. 0. 0. 0. 0. 0. 0. 0. 0. 0. 0. 0. 0. 0. 0. 0. 0.]
count:  6
16 9.458744898438454e-11 0 [0. 0. 0. 0. 0. 0. 0. 0. 0. 0. 0. 0. 0. 0. 0. 0. 0. 0. 0. 0.]
count:  6
17 1.4551915228366852e-11 0 [0. 0. 0. 0. 0. 0. 0. 0. 0. 0. 0. 0. 0. 0. 0. 0. 0. 0. 0. 0.]
count:  6
18 -1.0186340659856796e-10 0 [0. 0. 0. 0. 0. 0. 0. 0. 0. 0. 0. 0. 0. 0. 0. 0. 0. 0. 0. 0.]
count:  6
19 3.4015101846307516e-10 0 [0. 0. 0. 0. 0. 0. 0. 0. 0. 0. 0. 0. 0. 0. 0. 0. 0. 0. 0. 0.]
Reject rate_u:  0.0
Test Power of Baselines (K times): 
[[0.2  0.3  0.05 0.2  0.05 0.   0.   0.15 0.   0.1  0.1  0.   0.   0.
  0.   0.   0.   0.   0.   0.  ]]
Average Test Power of Baselines (K times): 
MMD-D:  0.09583333333333334 C2ST-L: 
test power, MMD/varest= [-0.02134962 -0.00658844  0.01942666 -0.00093975 -0.01318085  0.01719411
  0.03547601  0.01211989  0.02850338  0.0252991   0.02564422  0.01058089
  0.02731457  0.00363594  0.03416769  0.03009036  0.00668674  0.00084325
 -0.00903175  0.02059057] sum= 0.012324148848231254
-26.589035034179688
count:  4
0 6.511982064694166e-10 1 [1. 0. 0. 0. 0. 0. 0. 0. 0. 0. 0. 0. 0. 0. 0. 0. 0. 0. 0. 0.]
count:  6
1 2.637534635141492e-10 0 [1. 0. 0. 0. 0. 0. 0. 0. 0. 0. 0. 0. 0. 0. 0. 0. 0. 0. 0. 0.]
count:  6
2 1.6552803572267294e-10 0 [1. 0. 0. 0. 0. 0. 0. 0. 0. 0. 0. 0. 0. 0. 0. 0. 0. 0. 0. 0.]
count:  6
3 9.094947017729282e-12 0 [1. 0. 0. 0. 0. 0. 0. 0. 0. 0. 0. 0. 0. 0. 0. 0. 0. 0. 0. 0.]
count:  6
4 -1.2187229003757238e-10 0 [1. 0. 0. 0. 0. 0. 0. 0. 0. 0. 0. 0. 0. 0. 0. 0. 0. 0. 0. 0.]
count:  6
5 8.185452315956354e-11 0 [1. 0. 0. 0. 0. 0. 0. 0. 0. 0. 0. 0. 0. 0. 0. 0. 0. 0. 0. 0.]
count:  6
6 5.111360223963857e-10 0 [1. 0. 0. 0. 0. 0. 0. 0. 0. 0. 0. 0. 0. 0. 0. 0. 0. 0. 0. 0.]
count:  6
7 -9.094947017729282e-12 0 [1. 0. 0. 0. 0. 0. 0. 0. 0. 0. 0. 0. 0. 0. 0. 0. 0. 0. 0. 0.]
count:  6
8 5.238689482212067e-10 0 [1. 0. 0. 0. 0. 0. 0. 0. 0. 0. 0. 0. 0. 0. 0. 0. 0. 0. 0. 0.]
count:  6
9 2.1827872842550278e-11 0 [1. 0. 0. 0. 0. 0. 0. 0. 0. 0. 0. 0. 0. 0. 0. 0. 0. 0. 0. 0.]
count:  6
10 1.1459633242338896e-10 0 [1. 0. 0. 0. 0. 0. 0. 0. 0. 0. 0. 0. 0. 0. 0. 0. 0. 0. 0. 0.]
count:  6
11 -1.0368239600211382e-10 0 [1. 0. 0. 0. 0. 0. 0. 0. 0. 0. 0. 0. 0. 0. 0. 0. 0. 0. 0. 0.]
count:  6
12 2.2373569663614035e-10 0 [1. 0. 0. 0. 0. 0. 0. 0. 0. 0. 0. 0. 0. 0. 0. 0. 0. 0. 0. 0.]
count:  6
13 -5.4569682106375694e-11 0 [1. 0. 0. 0. 0. 0. 0. 0. 0. 0. 0. 0. 0. 0. 0. 0. 0. 0. 0. 0.]
count:  6
14 4.729372449219227e-11 0 [1. 0. 0. 0. 0. 0. 0. 0. 0. 0. 0. 0. 0. 0. 0. 0. 0. 0. 0. 0.]
count:  6
15 -5.4569682106375694e-11 0 [1. 0. 0. 0. 0. 0. 0. 0. 0. 0. 0. 0. 0. 0. 0. 0. 0. 0. 0. 0.]
count:  6
16 5.038600647822022e-10 0 [1. 0. 0. 0. 0. 0. 0. 0. 0. 0. 0. 0. 0. 0. 0. 0. 0. 0. 0. 0.]
count:  6
17 1.6916601452976465e-10 0 [1. 0. 0. 0. 0. 0. 0. 0. 0. 0. 0. 0. 0. 0. 0. 0. 0. 0. 0. 0.]
count:  6
18 2.473825588822365e-10 0 [1. 0. 0. 0. 0. 0. 0. 0. 0. 0. 0. 0. 0. 0. 0. 0. 0. 0. 0. 0.]
count:  6
19 4.511093720793724e-10 0 [1. 0. 0. 0. 0. 0. 0. 0. 0. 0. 0. 0. 0. 0. 0. 0. 0. 0. 0. 0.]
Reject rate_u:  0.05
Test Power of Baselines (K times): 
[[0.2  0.3  0.05 0.2  0.05 0.   0.   0.15 0.   0.1  0.1  0.   0.05 0.
  0.   0.   0.   0.   0.   0.  ]]
Average Test Power of Baselines (K times): 
MMD-D:  0.09230769230769233 C2ST-L: 
test power, MMD/varest= [ 0.03311902  0.01366367  0.01244658  0.00052439 -0.00893656  0.00663378
  0.02604056 -0.00081109  0.02511461  0.00178209  0.00732538 -0.00793519
  0.01350771 -0.00424132  0.00334212 -0.004071    0.02428245  0.01130383
  0.01013179  0.02193064] sum= 0.009257671908318972
-23.412233352661133
count:  6
0 4.220055416226387e-10 0 [0. 0. 0. 0. 0. 0. 0. 0. 0. 0. 0. 0. 0. 0. 0. 0. 0. 0. 0. 0.]
count:  6
1 2.346496330574155e-10 0 [0. 0. 0. 0. 0. 0. 0. 0. 0. 0. 0. 0. 0. 0. 0. 0. 0. 0. 0. 0.]
count:  6
2 1.546140993013978e-10 0 [0. 0. 0. 0. 0. 0. 0. 0. 0. 0. 0. 0. 0. 0. 0. 0. 0. 0. 0. 0.]
count:  6
3 -2.6557245291769505e-10 0 [0. 0. 0. 0. 0. 0. 0. 0. 0. 0. 0. 0. 0. 0. 0. 0. 0. 0. 0. 0.]
count:  6
4 6.548361852765083e-11 0 [0. 0. 0. 0. 0. 0. 0. 0. 0. 0. 0. 0. 0. 0. 0. 0. 0. 0. 0. 0.]
count:  6
5 2.091837814077735e-10 0 [0. 0. 0. 0. 0. 0. 0. 0. 0. 0. 0. 0. 0. 0. 0. 0. 0. 0. 0. 0.]
count:  6
6 -6.548361852765083e-11 0 [0. 0. 0. 0. 0. 0. 0. 0. 0. 0. 0. 0. 0. 0. 0. 0. 0. 0. 0. 0.]
count:  6
7 -2.9467628337442875e-10 0 [0. 0. 0. 0. 0. 0. 0. 0. 0. 0. 0. 0. 0. 0. 0. 0. 0. 0. 0. 0.]
count:  6
8 3.892637323588133e-10 0 [0. 0. 0. 0. 0. 0. 0. 0. 0. 0. 0. 0. 0. 0. 0. 0. 0. 0. 0. 0.]
count:  6
9 1.1095835361629725e-10 0 [0. 0. 0. 0. 0. 0. 0. 0. 0. 0. 0. 0. 0. 0. 0. 0. 0. 0. 0. 0.]
count:  6
10 2.1827872842550278e-11 0 [0. 0. 0. 0. 0. 0. 0. 0. 0. 0. 0. 0. 0. 0. 0. 0. 0. 0. 0. 0.]
count:  6
11 5.966285243630409e-10 0 [0. 0. 0. 0. 0. 0. 0. 0. 0. 0. 0. 0. 0. 0. 0. 0. 0. 0. 0. 0.]
count:  6
12 4.929461283609271e-10 0 [0. 0. 0. 0. 0. 0. 0. 0. 0. 0. 0. 0. 0. 0. 0. 0. 0. 0. 0. 0.]
count:  6
13 1.4551915228366852e-11 0 [0. 0. 0. 0. 0. 0. 0. 0. 0. 0. 0. 0. 0. 0. 0. 0. 0. 0. 0. 0.]
count:  6
14 6.548361852765083e-11 0 [0. 0. 0. 0. 0. 0. 0. 0. 0. 0. 0. 0. 0. 0. 0. 0. 0. 0. 0. 0.]
count:  6
15 -9.094947017729282e-12 0 [0. 0. 0. 0. 0. 0. 0. 0. 0. 0. 0. 0. 0. 0. 0. 0. 0. 0. 0. 0.]
count:  6
16 2.0736479200422764e-10 0 [0. 0. 0. 0. 0. 0. 0. 0. 0. 0. 0. 0. 0. 0. 0. 0. 0. 0. 0. 0.]
count:  6
17 5.802576197311282e-10 0 [0. 0. 0. 0. 0. 0. 0. 0. 0. 0. 0. 0. 0. 0. 0. 0. 0. 0. 0. 0.]
count:  6
18 1.0550138540565968e-10 0 [0. 0. 0. 0. 0. 0. 0. 0. 0. 0. 0. 0. 0. 0. 0. 0. 0. 0. 0. 0.]
count:  6
19 -1.2732925824820995e-11 0 [0. 0. 0. 0. 0. 0. 0. 0. 0. 0. 0. 0. 0. 0. 0. 0. 0. 0. 0. 0.]
Reject rate_u:  0.0
Test Power of Baselines (K times): 
[[0.2  0.3  0.05 0.2  0.05 0.   0.   0.15 0.   0.1  0.1  0.   0.05 0.
  0.   0.   0.   0.   0.   0.  ]]
Average Test Power of Baselines (K times): 
MMD-D:  0.08571428571428573 C2ST-L: 
test power, MMD/varest= [ 0.02018902  0.01749575  0.01200058 -0.02503115  0.00505575  0.01174696
 -0.0061757  -0.02822781  0.01619832  0.00770479  0.00132505  0.0273965
  0.02215445  0.00110386  0.00562993 -0.00064525  0.01243494  0.02368593
  0.00747351 -0.00096569] sum= 0.006527487051361332
-23.3773250579834
count:  6
0 2.3101165425032377e-10 0 [0. 0. 0. 0. 0. 0. 0. 0. 0. 0. 0. 0. 0. 0. 0. 0. 0. 0. 0. 0.]
count:  6
1 9.458744898438454e-11 0 [0. 0. 0. 0. 0. 0. 0. 0. 0. 0. 0. 0. 0. 0. 0. 0. 0. 0. 0. 0.]
count:  6
2 -2.473825588822365e-10 0 [0. 0. 0. 0. 0. 0. 0. 0. 0. 0. 0. 0. 0. 0. 0. 0. 0. 0. 0. 0.]
count:  6
3 7.075868779793382e-10 0 [0. 0. 0. 0. 0. 0. 0. 0. 0. 0. 0. 0. 0. 0. 0. 0. 0. 0. 0. 0.]
count:  1
4 1.013177097775042e-09 1 [0. 0. 0. 0. 1. 0. 0. 0. 0. 0. 0. 0. 0. 0. 0. 0. 0. 0. 0. 0.]
count:  6
5 2.764863893389702e-10 0 [0. 0. 0. 0. 1. 0. 0. 0. 0. 0. 0. 0. 0. 0. 0. 0. 0. 0. 0. 0.]
count:  6
6 2.7284841053187847e-10 0 [0. 0. 0. 0. 1. 0. 0. 0. 0. 0. 0. 0. 0. 0. 0. 0. 0. 0. 0. 0.]
count:  6
7 2.7830537874251604e-10 0 [0. 0. 0. 0. 1. 0. 0. 0. 0. 0. 0. 0. 0. 0. 0. 0. 0. 0. 0. 0.]
count:  6
8 2.5283952709287405e-10 0 [0. 0. 0. 0. 1. 0. 0. 0. 0. 0. 0. 0. 0. 0. 0. 0. 0. 0. 0. 0.]
count:  5
9 5.711626727133989e-10 1 [0. 0. 0. 0. 1. 0. 0. 0. 0. 1. 0. 0. 0. 0. 0. 0. 0. 0. 0. 0.]
count:  6
10 3.637978807091713e-11 0 [0. 0. 0. 0. 1. 0. 0. 0. 0. 1. 0. 0. 0. 0. 0. 0. 0. 0. 0. 0.]
count:  6
11 -6.366462912410498e-11 0 [0. 0. 0. 0. 1. 0. 0. 0. 0. 1. 0. 0. 0. 0. 0. 0. 0. 0. 0. 0.]
count:  6
12 7.876224117353559e-10 0 [0. 0. 0. 0. 1. 0. 0. 0. 0. 1. 0. 0. 0. 0. 0. 0. 0. 0. 0. 0.]
count:  6
13 4.5292836148291826e-10 0 [0. 0. 0. 0. 1. 0. 0. 0. 0. 1. 0. 0. 0. 0. 0. 0. 0. 0. 0. 0.]
count:  6
14 1.8189894035458565e-12 0 [0. 0. 0. 0. 1. 0. 0. 0. 0. 1. 0. 0. 0. 0. 0. 0. 0. 0. 0. 0.]
count:  6
15 2.1645973902195692e-10 0 [0. 0. 0. 0. 1. 0. 0. 0. 0. 1. 0. 0. 0. 0. 0. 0. 0. 0. 0. 0.]
count:  6
16 1.6916601452976465e-10 0 [0. 0. 0. 0. 1. 0. 0. 0. 0. 1. 0. 0. 0. 0. 0. 0. 0. 0. 0. 0.]
count:  6
17 -4.18367562815547e-11 0 [0. 0. 0. 0. 1. 0. 0. 0. 0. 1. 0. 0. 0. 0. 0. 0. 0. 0. 0. 0.]
count:  6
18 1.9826984498649836e-10 0 [0. 0. 0. 0. 1. 0. 0. 0. 0. 1. 0. 0. 0. 0. 0. 0. 0. 0. 0. 0.]
count:  6
19 3.092281986027956e-11 0 [0. 0. 0. 0. 1. 0. 0. 0. 0. 1. 0. 0. 0. 0. 0. 0. 0. 0. 0. 0.]
Reject rate_u:  0.1
Test Power of Baselines (K times): 
[[0.2  0.3  0.05 0.2  0.05 0.   0.   0.15 0.   0.1  0.1  0.   0.05 0.
  0.1  0.   0.   0.   0.   0.  ]]
Average Test Power of Baselines (K times): 
MMD-D:  0.08666666666666668 C2ST-L: 
test power, MMD/varest= [ 0.01424998  0.00496804 -0.0210141   0.02593951  0.05482562  0.01601084
  0.0187031   0.01583583  0.01627781  0.03181873  0.0022992  -0.00429832
  0.03414876  0.02648796  0.00013873  0.01419683  0.0134893  -0.00311029
  0.01382122  0.00240642] sum= 0.013859758053905458
-24.36676788330078
count:  6
0 3.1468516681343317e-10 0 [0. 0. 0. 0. 0. 0. 0. 0. 0. 0. 0. 0. 0. 0. 0. 0. 0. 0. 0. 0.]
count:  6
1 2.9103830456733704e-11 0 [0. 0. 0. 0. 0. 0. 0. 0. 0. 0. 0. 0. 0. 0. 0. 0. 0. 0. 0. 0.]
count:  6
2 -2.4010660126805305e-10 0 [0. 0. 0. 0. 0. 0. 0. 0. 0. 0. 0. 0. 0. 0. 0. 0. 0. 0. 0. 0.]
count:  5
3 8.294591680169106e-10 1 [0. 0. 0. 1. 0. 0. 0. 0. 0. 0. 0. 0. 0. 0. 0. 0. 0. 0. 0. 0.]
count:  6
4 5.511537892743945e-10 0 [0. 0. 0. 1. 0. 0. 0. 0. 0. 0. 0. 0. 0. 0. 0. 0. 0. 0. 0. 0.]
count:  6
5 -2.6921043172478676e-10 0 [0. 0. 0. 1. 0. 0. 0. 0. 0. 0. 0. 0. 0. 0. 0. 0. 0. 0. 0. 0.]
count:  6
6 -2.455635694786906e-10 0 [0. 0. 0. 1. 0. 0. 0. 0. 0. 0. 0. 0. 0. 0. 0. 0. 0. 0. 0. 0.]
count:  6
7 3.67435859516263e-10 0 [0. 0. 0. 1. 0. 0. 0. 0. 0. 0. 0. 0. 0. 0. 0. 0. 0. 0. 0. 0.]
count:  6
8 -1.0732037480920553e-10 0 [0. 0. 0. 1. 0. 0. 0. 0. 0. 0. 0. 0. 0. 0. 0. 0. 0. 0. 0. 0.]
count:  6
9 4.729372449219227e-11 0 [0. 0. 0. 1. 0. 0. 0. 0. 0. 0. 0. 0. 0. 0. 0. 0. 0. 0. 0. 0.]
count:  6
10 7.275957614183426e-11 0 [0. 0. 0. 1. 0. 0. 0. 0. 0. 0. 0. 0. 0. 0. 0. 0. 0. 0. 0. 0.]
count:  2
11 6.96672941558063e-10 1 [0. 0. 0. 1. 0. 0. 0. 0. 0. 0. 0. 1. 0. 0. 0. 0. 0. 0. 0. 0.]
count:  5
12 5.529727786779404e-10 1 [0. 0. 0. 1. 0. 0. 0. 0. 0. 0. 0. 1. 1. 0. 0. 0. 0. 0. 0. 0.]
count:  6
13 4.1654857341200113e-10 0 [0. 0. 0. 1. 0. 0. 0. 0. 0. 0. 0. 1. 1. 0. 0. 0. 0. 0. 0. 0.]
count:  6
14 6.693881005048752e-10 0 [0. 0. 0. 1. 0. 0. 0. 0. 0. 0. 0. 1. 1. 0. 0. 0. 0. 0. 0. 0.]
count:  6
15 -1.8189894035458565e-11 0 [0. 0. 0. 1. 0. 0. 0. 0. 0. 0. 0. 1. 1. 0. 0. 0. 0. 0. 0. 0.]
count:  2
16 1.1696101864799857e-09 1 [0. 0. 0. 1. 0. 0. 0. 0. 0. 0. 0. 1. 1. 0. 0. 0. 1. 0. 0. 0.]
count:  6
17 1.255102688446641e-10 0 [0. 0. 0. 1. 0. 0. 0. 0. 0. 0. 0. 1. 1. 0. 0. 0. 1. 0. 0. 0.]
count:  6
18 2.3283064365386963e-10 0 [0. 0. 0. 1. 0. 0. 0. 0. 0. 0. 0. 1. 1. 0. 0. 0. 1. 0. 0. 0.]
count:  6
19 3.67435859516263e-10 0 [0. 0. 0. 1. 0. 0. 0. 0. 0. 0. 0. 1. 1. 0. 0. 0. 1. 0. 0. 0.]
Reject rate_u:  0.2
Test Power of Baselines (K times): 
[[0.2  0.3  0.05 0.2  0.05 0.   0.   0.15 0.   0.1  0.1  0.   0.05 0.
  0.1  0.2  0.   0.   0.   0.  ]]
Average Test Power of Baselines (K times): 
MMD-D:  0.09375 C2ST-L: 
test power, MMD/varest= [ 0.01956208  0.00195576 -0.0165193   0.02814691  0.03290325 -0.02731485
 -0.02230051  0.0194671  -0.00924855  0.00280607  0.00476947  0.02392562
  0.02480259  0.01732982  0.0241467  -0.00138931  0.03564452  0.00888497
  0.01541688  0.01779185] sum= 0.01003905377414368
-24.560590744018555
count:  6
0 -8.36735125631094e-11 0 [0. 0. 0. 0. 0. 0. 0. 0. 0. 0. 0. 0. 0. 0. 0. 0. 0. 0. 0. 0.]
count:  1
1 1.0659277904778719e-09 1 [0. 1. 0. 0. 0. 0. 0. 0. 0. 0. 0. 0. 0. 0. 0. 0. 0. 0. 0. 0.]
count:  6
2 2.546585164964199e-10 0 [0. 1. 0. 0. 0. 0. 0. 0. 0. 0. 0. 0. 0. 0. 0. 0. 0. 0. 0. 0.]
count:  6
3 1.0732037480920553e-10 0 [0. 1. 0. 0. 0. 0. 0. 0. 0. 0. 0. 0. 0. 0. 0. 0. 0. 0. 0. 0.]
count:  6
4 7.457856554538012e-11 0 [0. 1. 0. 0. 0. 0. 0. 0. 0. 0. 0. 0. 0. 0. 0. 0. 0. 0. 0. 0.]
count:  6
5 -2.546585164964199e-11 0 [0. 1. 0. 0. 0. 0. 0. 0. 0. 0. 0. 0. 0. 0. 0. 0. 0. 0. 0. 0.]
count:  6
6 -2.091837814077735e-10 0 [0. 1. 0. 0. 0. 0. 0. 0. 0. 0. 0. 0. 0. 0. 0. 0. 0. 0. 0. 0.]
count:  6
7 -1.8189894035458565e-12 0 [0. 1. 0. 0. 0. 0. 0. 0. 0. 0. 0. 0. 0. 0. 0. 0. 0. 0. 0. 0.]
count:  6
8 1.291482476517558e-10 0 [0. 1. 0. 0. 0. 0. 0. 0. 0. 0. 0. 0. 0. 0. 0. 0. 0. 0. 0. 0.]
count:  6
9 -4.602043190971017e-10 0 [0. 1. 0. 0. 0. 0. 0. 0. 0. 0. 0. 0. 0. 0. 0. 0. 0. 0. 0. 0.]
count:  6
10 2.582964953035116e-10 0 [0. 1. 0. 0. 0. 0. 0. 0. 0. 0. 0. 0. 0. 0. 0. 0. 0. 0. 0. 0.]
count:  6
11 -2.928572939708829e-10 0 [0. 1. 0. 0. 0. 0. 0. 0. 0. 0. 0. 0. 0. 0. 0. 0. 0. 0. 0. 0.]
count:  6
12 1.9099388737231493e-10 0 [0. 1. 0. 0. 0. 0. 0. 0. 0. 0. 0. 0. 0. 0. 0. 0. 0. 0. 0. 0.]
count:  6
13 -1.3460521586239338e-10 0 [0. 1. 0. 0. 0. 0. 0. 0. 0. 0. 0. 0. 0. 0. 0. 0. 0. 0. 0. 0.]
count:  6
14 1.418811734765768e-10 0 [0. 1. 0. 0. 0. 0. 0. 0. 0. 0. 0. 0. 0. 0. 0. 0. 0. 0. 0. 0.]
count:  6
15 1.4915713109076023e-10 0 [0. 1. 0. 0. 0. 0. 0. 0. 0. 0. 0. 0. 0. 0. 0. 0. 0. 0. 0. 0.]
count:  6
16 -1.837179297581315e-10 0 [0. 1. 0. 0. 0. 0. 0. 0. 0. 0. 0. 0. 0. 0. 0. 0. 0. 0. 0. 0.]
count:  6
17 -2.219167072325945e-10 0 [0. 1. 0. 0. 0. 0. 0. 0. 0. 0. 0. 0. 0. 0. 0. 0. 0. 0. 0. 0.]
count:  6
18 -1.837179297581315e-10 0 [0. 1. 0. 0. 0. 0. 0. 0. 0. 0. 0. 0. 0. 0. 0. 0. 0. 0. 0. 0.]
count:  6
19 2.2009771782904863e-10 0 [0. 1. 0. 0. 0. 0. 0. 0. 0. 0. 0. 0. 0. 0. 0. 0. 0. 0. 0. 0.]
Reject rate_u:  0.05
Test Power of Baselines (K times): 
[[0.2  0.3  0.05 0.2  0.05 0.   0.   0.15 0.   0.1  0.1  0.   0.05 0.
  0.1  0.2  0.05 0.   0.   0.  ]]
Average Test Power of Baselines (K times): 
MMD-D:  0.0911764705882353 C2ST-L: 
test power, MMD/varest= [-0.00636383  0.03299843  0.01607694  0.00559581  0.00485238 -0.00150242
 -0.01413953 -0.00015084  0.00977012 -0.05638949  0.01566917 -0.01921356
  0.01154553 -0.01329551  0.01056058  0.01062451 -0.01761273 -0.01767634
 -0.01573658  0.01560637] sum= -0.0014390478123755671
-25.576990127563477
count:  6
0 1.0186340659856796e-10 0 [0. 0. 0. 0. 0. 0. 0. 0. 0. 0. 0. 0. 0. 0. 0. 0. 0. 0. 0. 0.]
count:  6
1 -3.1468516681343317e-10 0 [0. 0. 0. 0. 0. 0. 0. 0. 0. 0. 0. 0. 0. 0. 0. 0. 0. 0. 0. 0.]
count:  6
2 1.9281287677586079e-10 0 [0. 0. 0. 0. 0. 0. 0. 0. 0. 0. 0. 0. 0. 0. 0. 0. 0. 0. 0. 0.]
count:  6
3 -1.4551915228366852e-10 0 [0. 0. 0. 0. 0. 0. 0. 0. 0. 0. 0. 0. 0. 0. 0. 0. 0. 0. 0. 0.]
count:  6
4 5.293259164318442e-10 0 [0. 0. 0. 0. 0. 0. 0. 0. 0. 0. 0. 0. 0. 0. 0. 0. 0. 0. 0. 0.]
count:  6
5 4.420144250616431e-10 0 [0. 0. 0. 0. 0. 0. 0. 0. 0. 0. 0. 0. 0. 0. 0. 0. 0. 0. 0. 0.]
count:  6
6 1.418811734765768e-10 0 [0. 0. 0. 0. 0. 0. 0. 0. 0. 0. 0. 0. 0. 0. 0. 0. 0. 0. 0. 0.]
count:  1
7 1.1623342288658023e-09 1 [0. 0. 0. 0. 0. 0. 0. 1. 0. 0. 0. 0. 0. 0. 0. 0. 0. 0. 0. 0.]
count:  6
8 8.185452315956354e-11 0 [0. 0. 0. 0. 0. 0. 0. 1. 0. 0. 0. 0. 0. 0. 0. 0. 0. 0. 0. 0.]
count:  6
9 1.1095835361629725e-10 0 [0. 0. 0. 0. 0. 0. 0. 1. 0. 0. 0. 0. 0. 0. 0. 0. 0. 0. 0. 0.]
count:  6
10 5.129550117999315e-10 0 [0. 0. 0. 0. 0. 0. 0. 1. 0. 0. 0. 0. 0. 0. 0. 0. 0. 0. 0. 0.]
count:  6
11 5.111360223963857e-10 0 [0. 0. 0. 0. 0. 0. 0. 1. 0. 0. 0. 0. 0. 0. 0. 0. 0. 0. 0. 0.]
count:  6
12 1.2732925824820995e-11 0 [0. 0. 0. 0. 0. 0. 0. 1. 0. 0. 0. 0. 0. 0. 0. 0. 0. 0. 0. 0.]
count:  6
13 3.9835867937654257e-10 0 [0. 0. 0. 0. 0. 0. 0. 1. 0. 0. 0. 0. 0. 0. 0. 0. 0. 0. 0. 0.]
count:  6
14 2.710294211283326e-10 0 [0. 0. 0. 0. 0. 0. 0. 1. 0. 0. 0. 0. 0. 0. 0. 0. 0. 0. 0. 0.]
count:  6
15 3.2014213502407074e-10 0 [0. 0. 0. 0. 0. 0. 0. 1. 0. 0. 0. 0. 0. 0. 0. 0. 0. 0. 0. 0.]
count:  6
16 3.9835867937654257e-10 0 [0. 0. 0. 0. 0. 0. 0. 1. 0. 0. 0. 0. 0. 0. 0. 0. 0. 0. 0. 0.]
count:  6
17 1.6370904631912708e-11 0 [0. 0. 0. 0. 0. 0. 0. 1. 0. 0. 0. 0. 0. 0. 0. 0. 0. 0. 0. 0.]
count:  6
18 -1.800799509510398e-10 0 [0. 0. 0. 0. 0. 0. 0. 1. 0. 0. 0. 0. 0. 0. 0. 0. 0. 0. 0. 0.]
count:  2
19 9.586074156686664e-10 1 [0. 0. 0. 0. 0. 0. 0. 1. 0. 0. 0. 0. 0. 0. 0. 0. 0. 0. 0. 1.]
Reject rate_u:  0.1
Test Power of Baselines (K times): 
[[0.2  0.3  0.05 0.2  0.05 0.   0.   0.15 0.   0.1  0.1  0.   0.05 0.
  0.1  0.2  0.05 0.1  0.   0.  ]]
Average Test Power of Baselines (K times): 
MMD-D:  0.09166666666666667 C2ST-L: 
test power, MMD/varest= [ 0.00757851 -0.02757746  0.01159583 -0.01401001  0.02429496  0.01666934
  0.01040467  0.03655082  0.00528868  0.00864037  0.02350458  0.03552447
  0.00099866  0.01914127  0.01805793  0.01464574  0.02874312  0.0013262
 -0.01679099  0.05664532] sum= 0.013061600220794837
-23.08512306213379
count:  6
0 3.583409124985337e-10 0 [0. 0. 0. 0. 0. 0. 0. 0. 0. 0. 0. 0. 0. 0. 0. 0. 0. 0. 0. 0.]
count:  6
1 1.8553691916167736e-10 0 [0. 0. 0. 0. 0. 0. 0. 0. 0. 0. 0. 0. 0. 0. 0. 0. 0. 0. 0. 0.]
count:  6
2 5.638867150992155e-11 0 [0. 0. 0. 0. 0. 0. 0. 0. 0. 0. 0. 0. 0. 0. 0. 0. 0. 0. 0. 0.]
count:  5
3 7.803464541211724e-10 1 [0. 0. 0. 1. 0. 0. 0. 0. 0. 0. 0. 0. 0. 0. 0. 0. 0. 0. 0. 0.]
count:  6
4 1.8189894035458565e-12 0 [0. 0. 0. 1. 0. 0. 0. 0. 0. 0. 0. 0. 0. 0. 0. 0. 0. 0. 0. 0.]
count:  6
5 5.748006515204906e-10 0 [0. 0. 0. 1. 0. 0. 0. 0. 0. 0. 0. 0. 0. 0. 0. 0. 0. 0. 0. 0.]
count:  6
6 8.549250196665525e-11 0 [0. 0. 0. 1. 0. 0. 0. 0. 0. 0. 0. 0. 0. 0. 0. 0. 0. 0. 0. 0.]
count:  6
7 1.4370016288012266e-10 0 [0. 0. 0. 1. 0. 0. 0. 0. 0. 0. 0. 0. 0. 0. 0. 0. 0. 0. 0. 0.]
count:  6
8 9.094947017729282e-12 0 [0. 0. 0. 1. 0. 0. 0. 0. 0. 0. 0. 0. 0. 0. 0. 0. 0. 0. 0. 0.]
count:  6
9 1.4733814168721437e-10 0 [0. 0. 0. 1. 0. 0. 0. 0. 0. 0. 0. 0. 0. 0. 0. 0. 0. 0. 0. 0.]
count:  6
10 4.256435204297304e-10 0 [0. 0. 0. 1. 0. 0. 0. 0. 0. 0. 0. 0. 0. 0. 0. 0. 0. 0. 0. 0.]
count:  6
11 -2.346496330574155e-10 0 [0. 0. 0. 1. 0. 0. 0. 0. 0. 0. 0. 0. 0. 0. 0. 0. 0. 0. 0. 0.]
count:  6
12 3.383320290595293e-10 0 [0. 0. 0. 1. 0. 0. 0. 0. 0. 0. 0. 0. 0. 0. 0. 0. 0. 0. 0. 0.]
count:  6
13 4.729372449219227e-10 0 [0. 0. 0. 1. 0. 0. 0. 0. 0. 0. 0. 0. 0. 0. 0. 0. 0. 0. 0. 0.]
count:  6
14 2.219167072325945e-10 0 [0. 0. 0. 1. 0. 0. 0. 0. 0. 0. 0. 0. 0. 0. 0. 0. 0. 0. 0. 0.]
count:  6
15 -2.2737367544323206e-10 0 [0. 0. 0. 1. 0. 0. 0. 0. 0. 0. 0. 0. 0. 0. 0. 0. 0. 0. 0. 0.]
count:  6
16 -2.3646862246096134e-10 0 [0. 0. 0. 1. 0. 0. 0. 0. 0. 0. 0. 0. 0. 0. 0. 0. 0. 0. 0. 0.]
count:  6
17 7.09405867382884e-11 0 [0. 0. 0. 1. 0. 0. 0. 0. 0. 0. 0. 0. 0. 0. 0. 0. 0. 0. 0. 0.]
count:  6
18 3.183231456205249e-10 0 [0. 0. 0. 1. 0. 0. 0. 0. 0. 0. 0. 0. 0. 0. 0. 0. 0. 0. 0. 0.]
count:  6
19 4.001776687800884e-11 0 [0. 0. 0. 1. 0. 0. 0. 0. 0. 0. 0. 0. 0. 0. 0. 0. 0. 0. 0. 0.]
Reject rate_u:  0.05
Test Power of Baselines (K times): 
[[0.2  0.3  0.05 0.2  0.05 0.   0.   0.15 0.   0.1  0.1  0.   0.05 0.
  0.1  0.2  0.05 0.1  0.05 0.  ]]
Average Test Power of Baselines (K times): 
MMD-D:  0.08947368421052633 C2ST-L: 
test power, MMD/varest= [ 0.02349819  0.01334052  0.00503268  0.03103581  0.00014594  0.03050305
  0.00757074  0.00911872  0.00083288  0.01139053  0.02714728 -0.02277059
  0.02349671  0.02290322  0.01103406 -0.01993429 -0.02219128  0.00480848
  0.02063952  0.00354038] sum= 0.009057127345526687
-23.310199737548828
count:  6
0 2.1100277081131935e-10 0 [0. 0. 0. 0. 0. 0. 0. 0. 0. 0. 0. 0. 0. 0. 0. 0. 0. 0. 0. 0.]
count:  4
1 8.440110832452774e-10 1 [0. 1. 0. 0. 0. 0. 0. 0. 0. 0. 0. 0. 0. 0. 0. 0. 0. 0. 0. 0.]
count:  6
2 4.1654857341200113e-10 0 [0. 1. 0. 0. 0. 0. 0. 0. 0. 0. 0. 0. 0. 0. 0. 0. 0. 0. 0. 0.]
count:  6
3 3.2378011383116245e-10 0 [0. 1. 0. 0. 0. 0. 0. 0. 0. 0. 0. 0. 0. 0. 0. 0. 0. 0. 0. 0.]
count:  6
4 -1.3642420526593924e-10 0 [0. 1. 0. 0. 0. 0. 0. 0. 0. 0. 0. 0. 0. 0. 0. 0. 0. 0. 0. 0.]
count:  6
5 4.729372449219227e-11 0 [0. 1. 0. 0. 0. 0. 0. 0. 0. 0. 0. 0. 0. 0. 0. 0. 0. 0. 0. 0.]
count:  6
6 6.002665031701326e-11 0 [0. 1. 0. 0. 0. 0. 0. 0. 0. 0. 0. 0. 0. 0. 0. 0. 0. 0. 0. 0.]
count:  6
7 2.7284841053187847e-10 0 [0. 1. 0. 0. 0. 0. 0. 0. 0. 0. 0. 0. 0. 0. 0. 0. 0. 0. 0. 0.]
count:  6
8 4.0381564758718014e-10 0 [0. 1. 0. 0. 0. 0. 0. 0. 0. 0. 0. 0. 0. 0. 0. 0. 0. 0. 0. 0.]
count:  6
9 8.549250196665525e-11 0 [0. 1. 0. 0. 0. 0. 0. 0. 0. 0. 0. 0. 0. 0. 0. 0. 0. 0. 0. 0.]
count:  6
10 -1.0368239600211382e-10 0 [0. 1. 0. 0. 0. 0. 0. 0. 0. 0. 0. 0. 0. 0. 0. 0. 0. 0. 0. 0.]
count:  6
11 9.094947017729282e-11 0 [0. 1. 0. 0. 0. 0. 0. 0. 0. 0. 0. 0. 0. 0. 0. 0. 0. 0. 0. 0.]
count:  6
12 3.3651303965598345e-10 0 [0. 1. 0. 0. 0. 0. 0. 0. 0. 0. 0. 0. 0. 0. 0. 0. 0. 0. 0. 0.]
count:  6
13 8.36735125631094e-11 0 [0. 1. 0. 0. 0. 0. 0. 0. 0. 0. 0. 0. 0. 0. 0. 0. 0. 0. 0. 0.]
count:  4
14 9.00399754755199e-10 1 [0. 1. 0. 0. 0. 0. 0. 0. 0. 0. 0. 0. 0. 0. 1. 0. 0. 0. 0. 0.]
count:  6
15 6.275513442233205e-10 0 [0. 1. 0. 0. 0. 0. 0. 0. 0. 0. 0. 0. 0. 0. 1. 0. 0. 0. 0. 0.]
count:  6
16 1.9463186617940664e-10 0 [0. 1. 0. 0. 0. 0. 0. 0. 0. 0. 0. 0. 0. 0. 1. 0. 0. 0. 0. 0.]
count:  6
17 1.2732925824820995e-10 0 [0. 1. 0. 0. 0. 0. 0. 0. 0. 0. 0. 0. 0. 0. 1. 0. 0. 0. 0. 0.]
count:  6
18 3.292370820418e-10 0 [0. 1. 0. 0. 0. 0. 0. 0. 0. 0. 0. 0. 0. 0. 1. 0. 0. 0. 0. 0.]
count:  6
19 2.2919266484677792e-10 0 [0. 1. 0. 0. 0. 0. 0. 0. 0. 0. 0. 0. 0. 0. 1. 0. 0. 0. 0. 0.]
Reject rate_u:  0.1
Test Power of Baselines (K times): 
[[0.2  0.3  0.05 0.2  0.05 0.   0.   0.15 0.   0.1  0.1  0.   0.05 0.
  0.1  0.2  0.05 0.1  0.05 0.1 ]]
Average Test Power of Baselines (K times): 
MMD-D:  0.09000000000000001 C2ST-L: 
test power, MMD/varest= [ 0.01434269  0.0431309   0.02257703  0.01963661 -0.0099849   0.00235053
  0.00304816  0.01299645  0.02103313  0.00663397 -0.00892215  0.00784097
  0.01766679  0.00505494  0.03599127  0.03463138  0.01400742  0.00949514
  0.01847999  0.01367899] sum= 0.014184465632733526
