Namespace(K=20, N=20, N_per=100, bandwidths=[1.0, None, None, None], batch_size=100, filter_sizes=[3, 3, 3, 3], g_activs=['cos', 'relu', 'relu', 'relu'], init_stdvs=[None, 1.0, 1.0, 1.0], kernel_type='ntk', mode='type2', n=1000, poolings=['st4', 'st4', 'st4', 'st4'], run_id=0, top_dir='/scratch/hdd001/home/sheng/NTKTST', use_components=None, widths=[100, 100, 100, 100])
1000
[100, 100, 100, 100]
Files already downloaded and verified
-23.143632888793945
count:  1
0 7.389644451905042e-13 1 [1. 0. 0. 0. 0. 0. 0. 0. 0. 0. 0. 0. 0. 0. 0. 0. 0. 0. 0. 0.]
count:  0
1 2.093436535233195e-12 1 [1. 1. 0. 0. 0. 0. 0. 0. 0. 0. 0. 0. 0. 0. 0. 0. 0. 0. 0. 0.]
count:  0
2 1.3518075547835906e-12 1 [1. 1. 1. 0. 0. 0. 0. 0. 0. 0. 0. 0. 0. 0. 0. 0. 0. 0. 0. 0.]
count:  0
3 1.709743457922741e-12 1 [1. 1. 1. 1. 0. 0. 0. 0. 0. 0. 0. 0. 0. 0. 0. 0. 0. 0. 0. 0.]
count:  0
4 1.652011860642233e-12 1 [1. 1. 1. 1. 1. 0. 0. 0. 0. 0. 0. 0. 0. 0. 0. 0. 0. 0. 0. 0.]
count:  6
5 8.117950756059145e-13 0 [1. 1. 1. 1. 1. 0. 0. 0. 0. 0. 0. 0. 0. 0. 0. 0. 0. 0. 0. 0.]
count:  0
6 1.4370726830748026e-12 1 [1. 1. 1. 1. 1. 0. 1. 0. 0. 0. 0. 0. 0. 0. 0. 0. 0. 0. 0. 0.]
count:  0
7 2.5091040356528538e-12 1 [1. 1. 1. 1. 1. 0. 1. 1. 0. 0. 0. 0. 0. 0. 0. 0. 0. 0. 0. 0.]
count:  2
8 1.0089706847793423e-12 1 [1. 1. 1. 1. 1. 0. 1. 1. 1. 0. 0. 0. 0. 0. 0. 0. 0. 0. 0. 0.]
count:  3
9 1.1821654766208667e-12 1 [1. 1. 1. 1. 1. 0. 1. 1. 1. 1. 0. 0. 0. 0. 0. 0. 0. 0. 0. 0.]
count:  0
10 2.3856472353145364e-12 1 [1. 1. 1. 1. 1. 0. 1. 1. 1. 1. 1. 0. 0. 0. 0. 0. 0. 0. 0. 0.]
count:  0
11 1.963762485956977e-12 1 [1. 1. 1. 1. 1. 0. 1. 1. 1. 1. 1. 1. 0. 0. 0. 0. 0. 0. 0. 0.]
count:  0
12 2.2222224060897133e-12 1 [1. 1. 1. 1. 1. 0. 1. 1. 1. 1. 1. 1. 1. 0. 0. 0. 0. 0. 0. 0.]
count:  6
13 3.135269821541442e-13 0 [1. 1. 1. 1. 1. 0. 1. 1. 1. 1. 1. 1. 1. 0. 0. 0. 0. 0. 0. 0.]
count:  2
14 9.636735853746359e-13 1 [1. 1. 1. 1. 1. 0. 1. 1. 1. 1. 1. 1. 1. 0. 1. 0. 0. 0. 0. 0.]
count:  6
15 2.353672812205332e-13 0 [1. 1. 1. 1. 1. 0. 1. 1. 1. 1. 1. 1. 1. 0. 1. 0. 0. 0. 0. 0.]
count:  1
16 1.77280412572145e-12 1 [1. 1. 1. 1. 1. 0. 1. 1. 1. 1. 1. 1. 1. 0. 1. 0. 1. 0. 0. 0.]
count:  6
17 7.700506898800086e-13 0 [1. 1. 1. 1. 1. 0. 1. 1. 1. 1. 1. 1. 1. 0. 1. 0. 1. 0. 0. 0.]
count:  0
18 1.1866063687193673e-12 1 [1. 1. 1. 1. 1. 0. 1. 1. 1. 1. 1. 1. 1. 0. 1. 0. 1. 0. 1. 0.]
count:  6
19 2.779998453661392e-13 0 [1. 1. 1. 1. 1. 0. 1. 1. 1. 1. 1. 1. 1. 0. 1. 0. 1. 0. 1. 0.]
Reject rate_u:  0.75
Test Power of Baselines (K times): 
[[0.75 0.   0.   0.   0.   0.   0.   0.   0.   0.   0.   0.   0.   0.
  0.   0.   0.   0.   0.   0.  ]]
Average Test Power of Baselines (K times): 
MMD-D:  0.75 C2ST-L: 
test power, MMD/varest= [0.02804828 0.05541921 0.04291565 0.04587095 0.04321781 0.02941175
 0.04478078 0.05542966 0.03378768 0.03756662 0.05185634 0.05070951
 0.05337926 0.0182793  0.0313287  0.01449201 0.04423723 0.02784803
 0.03741449 0.01325655] sum= 0.037962490328098286
-23.384754180908203
count:  6
0 3.907985046680551e-13 0 [0. 0. 0. 0. 0. 0. 0. 0. 0. 0. 0. 0. 0. 0. 0. 0. 0. 0. 0. 0.]
count:  6
1 2.318145675417327e-13 0 [0. 0. 0. 0. 0. 0. 0. 0. 0. 0. 0. 0. 0. 0. 0. 0. 0. 0. 0. 0.]
count:  1
2 1.5427659150191175e-12 1 [0. 0. 1. 0. 0. 0. 0. 0. 0. 0. 0. 0. 0. 0. 0. 0. 0. 0. 0. 0.]
count:  6
3 1.2878587085651816e-13 0 [0. 0. 1. 0. 0. 0. 0. 0. 0. 0. 0. 0. 0. 0. 0. 0. 0. 0. 0. 0.]
count:  0
4 1.835864793520159e-12 1 [0. 0. 1. 0. 1. 0. 0. 0. 0. 0. 0. 0. 0. 0. 0. 0. 0. 0. 0. 0.]
count:  4
5 6.474820679613913e-13 1 [0. 0. 1. 0. 1. 1. 0. 0. 0. 0. 0. 0. 0. 0. 0. 0. 0. 0. 0. 0.]
count:  6
6 -9.85878045867139e-14 0 [0. 0. 1. 0. 1. 1. 0. 0. 0. 0. 0. 0. 0. 0. 0. 0. 0. 0. 0. 0.]
count:  0
7 1.0151879337172431e-12 1 [0. 0. 1. 0. 1. 1. 0. 1. 0. 0. 0. 0. 0. 0. 0. 0. 0. 0. 0. 0.]
count:  0
8 1.0889067425523535e-12 1 [0. 0. 1. 0. 1. 1. 0. 1. 1. 0. 0. 0. 0. 0. 0. 0. 0. 0. 0. 0.]
count:  6
9 7.034373084024992e-13 0 [0. 0. 1. 0. 1. 1. 0. 1. 1. 0. 0. 0. 0. 0. 0. 0. 0. 0. 0. 0.]
count:  4
10 7.895906151134113e-13 1 [0. 0. 1. 0. 1. 1. 0. 1. 1. 0. 1. 0. 0. 0. 0. 0. 0. 0. 0. 0.]
count:  6
11 4.884981308350689e-13 0 [0. 0. 1. 0. 1. 1. 0. 1. 1. 0. 1. 0. 0. 0. 0. 0. 0. 0. 0. 0.]
count:  6
12 1.7408297026122455e-13 0 [0. 0. 1. 0. 1. 1. 0. 1. 1. 0. 1. 0. 0. 0. 0. 0. 0. 0. 0. 0.]
count:  1
13 1.1750600492632657e-12 1 [0. 0. 1. 0. 1. 1. 0. 1. 1. 0. 1. 0. 0. 1. 0. 0. 0. 0. 0. 0.]
count:  1
14 1.0604850331219495e-12 1 [0. 0. 1. 0. 1. 1. 0. 1. 1. 0. 1. 0. 0. 1. 1. 0. 0. 0. 0. 0.]
count:  2
15 8.473222123939195e-13 1 [0. 0. 1. 0. 1. 1. 0. 1. 1. 0. 1. 0. 0. 1. 1. 1. 0. 0. 0. 0.]
count:  0
16 2.0410340084708878e-12 1 [0. 0. 1. 0. 1. 1. 0. 1. 1. 0. 1. 0. 0. 1. 1. 1. 1. 0. 0. 0.]
count:  6
17 3.1175062531474396e-13 0 [0. 0. 1. 0. 1. 1. 0. 1. 1. 0. 1. 0. 0. 1. 1. 1. 1. 0. 0. 0.]
count:  0
18 1.3553602684623911e-12 1 [0. 0. 1. 0. 1. 1. 0. 1. 1. 0. 1. 0. 0. 1. 1. 1. 1. 0. 1. 0.]
count:  6
19 5.018208071305708e-13 0 [0. 0. 1. 0. 1. 1. 0. 1. 1. 0. 1. 0. 0. 1. 1. 1. 1. 0. 1. 0.]
Reject rate_u:  0.55
Test Power of Baselines (K times): 
[[0.75 0.55 0.   0.   0.   0.   0.   0.   0.   0.   0.   0.   0.   0.
  0.   0.   0.   0.   0.   0.  ]]
Average Test Power of Baselines (K times): 
MMD-D:  0.65 C2ST-L: 
test power, MMD/varest= [ 0.02317302  0.02158568  0.04514823  0.00809418  0.0495226   0.02656268
 -0.01268928  0.03558954  0.03867582  0.02960134  0.03630423  0.02573847
  0.01433228  0.04213056  0.03853755  0.03060058  0.05592932  0.01916139
  0.0432625   0.02426168] sum= 0.02977611888979904
-24.268173217773438
count:  6
0 1.865174681370263e-13 0 [0. 0. 0. 0. 0. 0. 0. 0. 0. 0. 0. 0. 0. 0. 0. 0. 0. 0. 0. 0.]
count:  6
1 -2.3714363805993344e-13 0 [0. 0. 0. 0. 0. 0. 0. 0. 0. 0. 0. 0. 0. 0. 0. 0. 0. 0. 0. 0.]
count:  6
2 -2.3092638912203256e-14 0 [0. 0. 0. 0. 0. 0. 0. 0. 0. 0. 0. 0. 0. 0. 0. 0. 0. 0. 0. 0.]
count:  6
3 4.529709940470639e-14 0 [0. 0. 0. 0. 0. 0. 0. 0. 0. 0. 0. 0. 0. 0. 0. 0. 0. 0. 0. 0.]
count:  6
4 -1.270095140171179e-13 0 [0. 0. 0. 0. 0. 0. 0. 0. 0. 0. 0. 0. 0. 0. 0. 0. 0. 0. 0. 0.]
count:  6
5 1.056932319443149e-13 0 [0. 0. 0. 0. 0. 0. 0. 0. 0. 0. 0. 0. 0. 0. 0. 0. 0. 0. 0. 0.]
count:  6
6 1.7674750552032492e-13 0 [0. 0. 0. 0. 0. 0. 0. 0. 0. 0. 0. 0. 0. 0. 0. 0. 0. 0. 0. 0.]
count:  6
7 -1.4832579608992091e-13 0 [0. 0. 0. 0. 0. 0. 0. 0. 0. 0. 0. 0. 0. 0. 0. 0. 0. 0. 0. 0.]
count:  6
8 -8.881784197001252e-15 0 [0. 0. 0. 0. 0. 0. 0. 0. 0. 0. 0. 0. 0. 0. 0. 0. 0. 0. 0. 0.]
count:  6
9 1.3855583347321954e-13 0 [0. 0. 0. 0. 0. 0. 0. 0. 0. 0. 0. 0. 0. 0. 0. 0. 0. 0. 0. 0.]
count:  6
10 -2.149391775674303e-13 0 [0. 0. 0. 0. 0. 0. 0. 0. 0. 0. 0. 0. 0. 0. 0. 0. 0. 0. 0. 0.]
count:  6
11 -2.282618538629322e-13 0 [0. 0. 0. 0. 0. 0. 0. 0. 0. 0. 0. 0. 0. 0. 0. 0. 0. 0. 0. 0.]
count:  6
12 3.064215547965432e-13 0 [0. 0. 0. 0. 0. 0. 0. 0. 0. 0. 0. 0. 0. 0. 0. 0. 0. 0. 0. 0.]
count:  4
13 4.902744876744691e-13 1 [0. 0. 0. 0. 0. 0. 0. 0. 0. 0. 0. 0. 0. 1. 0. 0. 0. 0. 0. 0.]
count:  6
14 3.2862601528904634e-13 0 [0. 0. 0. 0. 0. 0. 0. 0. 0. 0. 0. 0. 0. 1. 0. 0. 0. 0. 0. 0.]
count:  6
15 3.446132268436486e-13 0 [0. 0. 0. 0. 0. 0. 0. 0. 0. 0. 0. 0. 0. 1. 0. 0. 0. 0. 0. 0.]
count:  6
16 -2.3092638912203256e-13 0 [0. 0. 0. 0. 0. 0. 0. 0. 0. 0. 0. 0. 0. 1. 0. 0. 0. 0. 0. 0.]
count:  6
17 4.618527782440651e-14 0 [0. 0. 0. 0. 0. 0. 0. 0. 0. 0. 0. 0. 0. 1. 0. 0. 0. 0. 0. 0.]
count:  6
18 -9.059419880941277e-14 0 [0. 0. 0. 0. 0. 0. 0. 0. 0. 0. 0. 0. 0. 1. 0. 0. 0. 0. 0. 0.]
count:  6
19 5.417888360170764e-14 0 [0. 0. 0. 0. 0. 0. 0. 0. 0. 0. 0. 0. 0. 1. 0. 0. 0. 0. 0. 0.]
Reject rate_u:  0.05
Test Power of Baselines (K times): 
[[0.75 0.55 0.05 0.   0.   0.   0.   0.   0.   0.   0.   0.   0.   0.
  0.   0.   0.   0.   0.   0.  ]]
Average Test Power of Baselines (K times): 
MMD-D:  0.45 C2ST-L: 
test power, MMD/varest= [ 0.0118953  -0.05427612 -0.00179794  0.00409495 -0.02078015  0.00666577
  0.02051829 -0.02492246 -0.00082518  0.01065516 -0.02759976 -0.04448473
  0.01627593  0.02373082  0.01800953  0.01711202 -0.04579427  0.00498546
 -0.01027255  0.00565077] sum= -0.004557959088640215
-23.510313034057617
count:  6
0 3.3217872896784684e-13 0 [0. 0. 0. 0. 0. 0. 0. 0. 0. 0. 0. 0. 0. 0. 0. 0. 0. 0. 0. 0.]
count:  0
1 9.681144774731365e-13 1 [0. 1. 0. 0. 0. 0. 0. 0. 0. 0. 0. 0. 0. 0. 0. 0. 0. 0. 0. 0.]
count:  2
2 8.206768598029157e-13 1 [0. 1. 1. 0. 0. 0. 0. 0. 0. 0. 0. 0. 0. 0. 0. 0. 0. 0. 0. 0.]
count:  6
3 6.3860028376439e-13 0 [0. 1. 1. 0. 0. 0. 0. 0. 0. 0. 0. 0. 0. 0. 0. 0. 0. 0. 0. 0.]
count:  0
4 1.3109513474773848e-12 1 [0. 1. 1. 0. 1. 0. 0. 0. 0. 0. 0. 0. 0. 0. 0. 0. 0. 0. 0. 0.]
count:  2
5 9.636735853746359e-13 1 [0. 1. 1. 0. 1. 1. 0. 0. 0. 0. 0. 0. 0. 0. 0. 0. 0. 0. 0. 0.]
count:  2
6 7.94031507211912e-13 1 [0. 1. 1. 0. 1. 1. 1. 0. 0. 0. 0. 0. 0. 0. 0. 0. 0. 0. 0. 0.]
count:  6
7 3.099742684753437e-13 0 [0. 1. 1. 0. 1. 1. 1. 0. 0. 0. 0. 0. 0. 0. 0. 0. 0. 0. 0. 0.]
count:  6
8 2.682298827494378e-13 0 [0. 1. 1. 0. 1. 1. 1. 0. 0. 0. 0. 0. 0. 0. 0. 0. 0. 0. 0. 0.]
count:  6
9 3.739231146937527e-13 0 [0. 1. 1. 0. 1. 1. 1. 0. 0. 0. 0. 0. 0. 0. 0. 0. 0. 0. 0. 0.]
count:  6
10 -2.6645352591003757e-15 0 [0. 1. 1. 0. 1. 1. 1. 0. 0. 0. 0. 0. 0. 0. 0. 0. 0. 0. 0. 0.]
count:  6
11 4.840572387365683e-13 0 [0. 1. 1. 0. 1. 1. 1. 0. 0. 0. 0. 0. 0. 0. 0. 0. 0. 0. 0. 0.]
count:  1
12 1.0889067425523535e-12 1 [0. 1. 1. 0. 1. 1. 1. 0. 0. 0. 0. 0. 1. 0. 0. 0. 0. 0. 0. 0.]
count:  6
13 3.97015753605956e-13 0 [0. 1. 1. 0. 1. 1. 1. 0. 0. 0. 0. 0. 1. 0. 0. 0. 0. 0. 0. 0.]
count:  6
14 4.440892098500626e-13 0 [0. 1. 1. 0. 1. 1. 1. 0. 0. 0. 0. 0. 1. 0. 0. 0. 0. 0. 0. 0.]
count:  6
15 1.971756091734278e-13 0 [0. 1. 1. 0. 1. 1. 1. 0. 0. 0. 0. 0. 1. 0. 0. 0. 0. 0. 0. 0.]
count:  6
16 3.0464519795714295e-13 0 [0. 1. 1. 0. 1. 1. 1. 0. 0. 0. 0. 0. 1. 0. 0. 0. 0. 0. 0. 0.]
count:  3
17 8.881784197001252e-13 1 [0. 1. 1. 0. 1. 1. 1. 0. 0. 0. 0. 0. 1. 0. 0. 0. 0. 1. 0. 0.]
count:  6
18 -1.900701818158268e-13 0 [0. 1. 1. 0. 1. 1. 1. 0. 0. 0. 0. 0. 1. 0. 0. 0. 0. 1. 0. 0.]
count:  2
19 7.416289804496046e-13 1 [0. 1. 1. 0. 1. 1. 1. 0. 0. 0. 0. 0. 1. 0. 0. 0. 0. 1. 0. 1.]
Reject rate_u:  0.4
Test Power of Baselines (K times): 
[[0.75 0.55 0.05 0.4  0.   0.   0.   0.   0.   0.   0.   0.   0.   0.
  0.   0.   0.   0.   0.   0.  ]]
Average Test Power of Baselines (K times): 
MMD-D:  0.4375 C2ST-L: 
test power, MMD/varest= [ 0.01814271  0.03500611  0.03256454  0.0254911   0.04477601  0.03447891
  0.03160119  0.01648569  0.01668897  0.02317166 -0.00023049  0.02351223
  0.03669575  0.02287934  0.02748081  0.0150183   0.02227824  0.03311416
 -0.03187785  0.02898331] sum= 0.022813034501064835
-23.810152053833008
count:  6
0 3.7569947153315297e-13 0 [0. 0. 0. 0. 0. 0. 0. 0. 0. 0. 0. 0. 0. 0. 0. 0. 0. 0. 0. 0.]
count:  6
1 2.948752353404416e-13 0 [0. 0. 0. 0. 0. 0. 0. 0. 0. 0. 0. 0. 0. 0. 0. 0. 0. 0. 0. 0.]
count:  0
2 1.3082868122182845e-12 1 [0. 0. 1. 0. 0. 0. 0. 0. 0. 0. 0. 0. 0. 0. 0. 0. 0. 0. 0. 0.]
count:  6
3 3.197442310920451e-13 0 [0. 0. 1. 0. 0. 0. 0. 0. 0. 0. 0. 0. 0. 0. 0. 0. 0. 0. 0. 0.]
count:  6
4 -1.0036416142611415e-13 0 [0. 0. 1. 0. 0. 0. 0. 0. 0. 0. 0. 0. 0. 0. 0. 0. 0. 0. 0. 0.]
count:  6
5 -5.062616992290714e-14 0 [0. 0. 1. 0. 0. 0. 0. 0. 0. 0. 0. 0. 0. 0. 0. 0. 0. 0. 0. 0.]
count:  6
6 7.105427357601002e-14 0 [0. 0. 1. 0. 0. 0. 0. 0. 0. 0. 0. 0. 0. 0. 0. 0. 0. 0. 0. 0.]
count:  6
7 -4.3520742565306136e-14 0 [0. 0. 1. 0. 0. 0. 0. 0. 0. 0. 0. 0. 0. 0. 0. 0. 0. 0. 0. 0.]
count:  6
8 -8.970602038971265e-14 0 [0. 0. 1. 0. 0. 0. 0. 0. 0. 0. 0. 0. 0. 0. 0. 0. 0. 0. 0. 0.]
count:  6
9 -4.796163466380676e-14 0 [0. 0. 1. 0. 0. 0. 0. 0. 0. 0. 0. 0. 0. 0. 0. 0. 0. 0. 0. 0.]
count:  6
10 -2.042810365310288e-14 0 [0. 0. 1. 0. 0. 0. 0. 0. 0. 0. 0. 0. 0. 0. 0. 0. 0. 0. 0. 0.]
count:  6
11 -1.056932319443149e-13 0 [0. 0. 1. 0. 0. 0. 0. 0. 0. 0. 0. 0. 0. 0. 0. 0. 0. 0. 0. 0.]
count:  6
12 1.0835776720341528e-13 0 [0. 0. 1. 0. 0. 0. 0. 0. 0. 0. 0. 0. 0. 0. 0. 0. 0. 0. 0. 0.]
count:  1
13 7.7982065249671e-13 1 [0. 0. 1. 0. 0. 0. 0. 0. 0. 0. 0. 0. 0. 1. 0. 0. 0. 0. 0. 0.]
count:  6
14 3.481659405224491e-13 0 [0. 0. 1. 0. 0. 0. 0. 0. 0. 0. 0. 0. 0. 1. 0. 0. 0. 0. 0. 0.]
count:  6
15 1.6253665080512292e-13 0 [0. 0. 1. 0. 0. 0. 0. 0. 0. 0. 0. 0. 0. 1. 0. 0. 0. 0. 0. 0.]
count:  6
16 1.8562928971732617e-13 0 [0. 0. 1. 0. 0. 0. 0. 0. 0. 0. 0. 0. 0. 1. 0. 0. 0. 0. 0. 0.]
count:  6
17 4.618527782440651e-14 0 [0. 0. 1. 0. 0. 0. 0. 0. 0. 0. 0. 0. 0. 1. 0. 0. 0. 0. 0. 0.]
count:  2
18 7.807088309164101e-13 1 [0. 0. 1. 0. 0. 0. 0. 0. 0. 0. 0. 0. 0. 1. 0. 0. 0. 0. 1. 0.]
count:  1
19 1.0054179711005418e-12 1 [0. 0. 1. 0. 0. 0. 0. 0. 0. 0. 0. 0. 0. 1. 0. 0. 0. 0. 1. 1.]
Reject rate_u:  0.2
Test Power of Baselines (K times): 
[[0.75 0.55 0.05 0.4  0.2  0.   0.   0.   0.   0.   0.   0.   0.   0.
  0.   0.   0.   0.   0.   0.  ]]
Average Test Power of Baselines (K times): 
MMD-D:  0.39 C2ST-L: 
test power, MMD/varest= [ 0.0188085   0.01646357  0.0427011   0.01786908 -0.01360861 -0.00466645
  0.00546331 -0.00631434 -0.01169405 -0.00482406 -0.00197399 -0.01066706
  0.00865969  0.02940402  0.01708809  0.00950367  0.01193911  0.00363654
  0.03138062  0.03599575] sum= 0.009758224873254617
-23.12932777404785
count:  0
0 9.912071163853398e-13 1 [1. 0. 0. 0. 0. 0. 0. 0. 0. 0. 0. 0. 0. 0. 0. 0. 0. 0. 0. 0.]
count:  3
1 5.684341886080801e-13 1 [1. 1. 0. 0. 0. 0. 0. 0. 0. 0. 0. 0. 0. 0. 0. 0. 0. 0. 0. 0.]
count:  6
2 3.659295089164516e-13 0 [1. 1. 0. 0. 0. 0. 0. 0. 0. 0. 0. 0. 0. 0. 0. 0. 0. 0. 0. 0.]
count:  6
3 5.542233338928781e-13 0 [1. 1. 0. 0. 0. 0. 0. 0. 0. 0. 0. 0. 0. 0. 0. 0. 0. 0. 0. 0.]
count:  6
4 7.993605777301127e-14 0 [1. 1. 0. 0. 0. 0. 0. 0. 0. 0. 0. 0. 0. 0. 0. 0. 0. 0. 0. 0.]
count:  6
5 4.04121180963557e-13 0 [1. 1. 0. 0. 0. 0. 0. 0. 0. 0. 0. 0. 0. 0. 0. 0. 0. 0. 0. 0.]
count:  2
6 6.732392421326949e-13 1 [1. 1. 0. 0. 0. 0. 1. 0. 0. 0. 0. 0. 0. 0. 0. 0. 0. 0. 0. 0.]
count:  6
7 2.851052727237402e-13 0 [1. 1. 0. 0. 0. 0. 1. 0. 0. 0. 0. 0. 0. 0. 0. 0. 0. 0. 0. 0.]
count:  6
8 4.4853010194856324e-13 0 [1. 1. 0. 0. 0. 0. 1. 0. 0. 0. 0. 0. 0. 0. 0. 0. 0. 0. 0. 0.]
count:  6
9 3.9257486150745535e-13 0 [1. 1. 0. 0. 0. 0. 1. 0. 0. 0. 0. 0. 0. 0. 0. 0. 0. 0. 0. 0.]
count:  2
10 6.812328479099961e-13 1 [1. 1. 0. 0. 0. 0. 1. 0. 0. 0. 1. 0. 0. 0. 0. 0. 0. 0. 0. 0.]
count:  6
11 3.552713678800501e-14 0 [1. 1. 0. 0. 0. 0. 1. 0. 0. 0. 1. 0. 0. 0. 0. 0. 0. 0. 0. 0.]
count:  6
12 -9.592326932761353e-14 0 [1. 1. 0. 0. 0. 0. 1. 0. 0. 0. 1. 0. 0. 0. 0. 0. 0. 0. 0. 0.]
count:  6
13 -3.552713678800501e-14 0 [1. 1. 0. 0. 0. 0. 1. 0. 0. 0. 1. 0. 0. 0. 0. 0. 0. 0. 0. 0.]
count:  6
14 2.8688162956314045e-13 0 [1. 1. 0. 0. 0. 0. 1. 0. 0. 0. 1. 0. 0. 0. 0. 0. 0. 0. 0. 0.]
count:  6
15 6.545874953189923e-13 0 [1. 1. 0. 0. 0. 0. 1. 0. 0. 0. 1. 0. 0. 0. 0. 0. 0. 0. 0. 0.]
count:  6
16 3.632649736573512e-13 0 [1. 1. 0. 0. 0. 0. 1. 0. 0. 0. 1. 0. 0. 0. 0. 0. 0. 0. 0. 0.]
count:  6
17 9.592326932761353e-14 0 [1. 1. 0. 0. 0. 0. 1. 0. 0. 0. 1. 0. 0. 0. 0. 0. 0. 0. 0. 0.]
count:  6
18 2.5579538487363607e-13 0 [1. 1. 0. 0. 0. 0. 1. 0. 0. 0. 1. 0. 0. 0. 0. 0. 0. 0. 0. 0.]
count:  6
19 5.737632591262809e-13 0 [1. 1. 0. 0. 0. 0. 1. 0. 0. 0. 1. 0. 0. 0. 0. 0. 0. 0. 0. 0.]
Reject rate_u:  0.2
Test Power of Baselines (K times): 
[[0.75 0.55 0.05 0.4  0.2  0.2  0.   0.   0.   0.   0.   0.   0.   0.
  0.   0.   0.   0.   0.   0.  ]]
Average Test Power of Baselines (K times): 
MMD-D:  0.35833333333333334 C2ST-L: 
test power, MMD/varest= [ 0.03671067  0.03403556  0.02218031  0.02333228  0.00550064  0.01935114
  0.02864926  0.01602363  0.02084899  0.02054558  0.03134203  0.00269801
 -0.00936484 -0.00397287  0.01517382  0.02487222  0.01809085  0.00697145
  0.01356253  0.04011402] sum= 0.018333264288384655
-23.27025032043457
count:  6
0 2.4424906541753444e-13 0 [0. 0. 0. 0. 0. 0. 0. 0. 0. 0. 0. 0. 0. 0. 0. 0. 0. 0. 0. 0.]
count:  4
1 9.467981954003335e-13 1 [0. 1. 0. 0. 0. 0. 0. 0. 0. 0. 0. 0. 0. 0. 0. 0. 0. 0. 0. 0.]
count:  6
2 1.0835776720341528e-13 0 [0. 1. 0. 0. 0. 0. 0. 0. 0. 0. 0. 0. 0. 0. 0. 0. 0. 0. 0. 0.]
count:  1
3 1.2612133559741778e-12 1 [0. 1. 0. 1. 0. 0. 0. 0. 0. 0. 0. 0. 0. 0. 0. 0. 0. 0. 0. 0.]
count:  6
4 -5.329070518200751e-15 0 [0. 1. 0. 1. 0. 0. 0. 0. 0. 0. 0. 0. 0. 0. 0. 0. 0. 0. 0. 0.]
count:  0
5 1.0746958878371515e-12 1 [0. 1. 0. 1. 0. 1. 0. 0. 0. 0. 0. 0. 0. 0. 0. 0. 0. 0. 0. 0.]
count:  6
6 1.580957587066223e-13 0 [0. 1. 0. 1. 0. 1. 0. 0. 0. 0. 0. 0. 0. 0. 0. 0. 0. 0. 0. 0.]
count:  0
7 1.2887468869848817e-12 1 [0. 1. 0. 1. 0. 1. 0. 1. 0. 0. 0. 0. 0. 0. 0. 0. 0. 0. 0. 0.]
count:  2
8 6.652456363553938e-13 1 [0. 1. 0. 1. 0. 1. 0. 1. 1. 0. 0. 0. 0. 0. 0. 0. 0. 0. 0. 0.]
count:  6
9 9.325873406851315e-14 0 [0. 1. 0. 1. 0. 1. 0. 1. 1. 0. 0. 0. 0. 0. 0. 0. 0. 0. 0. 0.]
count:  0
10 1.3011813848606835e-12 1 [0. 1. 0. 1. 0. 1. 0. 1. 1. 0. 1. 0. 0. 0. 0. 0. 0. 0. 0. 0.]
count:  6
11 6.155076448521868e-13 0 [0. 1. 0. 1. 0. 1. 0. 1. 1. 0. 1. 0. 0. 0. 0. 0. 0. 0. 0. 0.]
count:  6
12 1.6431300764452317e-13 0 [0. 1. 0. 1. 0. 1. 0. 1. 1. 0. 1. 0. 0. 0. 0. 0. 0. 0. 0. 0.]
count:  5
13 7.398526236102043e-13 1 [0. 1. 0. 1. 0. 1. 0. 1. 1. 0. 1. 0. 0. 1. 0. 0. 0. 0. 0. 0.]
count:  3
14 8.233413950620161e-13 1 [0. 1. 0. 1. 0. 1. 0. 1. 1. 0. 1. 0. 0. 1. 1. 0. 0. 0. 0. 0.]
count:  6
15 1.3145040611561853e-13 0 [0. 1. 0. 1. 0. 1. 0. 1. 1. 0. 1. 0. 0. 1. 1. 0. 0. 0. 0. 0.]
count:  0
16 1.4388490399142029e-12 1 [0. 1. 0. 1. 0. 1. 0. 1. 1. 0. 1. 0. 0. 1. 1. 0. 1. 0. 0. 0.]
count:  4
17 5.195843755245733e-13 1 [0. 1. 0. 1. 0. 1. 0. 1. 1. 0. 1. 0. 0. 1. 1. 0. 1. 1. 0. 0.]
count:  6
18 7.016609515630989e-14 0 [0. 1. 0. 1. 0. 1. 0. 1. 1. 0. 1. 0. 0. 1. 1. 0. 1. 1. 0. 0.]
count:  1
19 8.748557434046234e-13 1 [0. 1. 0. 1. 0. 1. 0. 1. 1. 0. 1. 0. 0. 1. 1. 0. 1. 1. 0. 1.]
Reject rate_u:  0.55
Test Power of Baselines (K times): 
[[0.75 0.55 0.05 0.4  0.2  0.2  0.55 0.   0.   0.   0.   0.   0.   0.
  0.   0.   0.   0.   0.   0.  ]]
Average Test Power of Baselines (K times): 
MMD-D:  0.38571428571428573 C2ST-L: 
test power, MMD/varest= [ 0.01385981  0.03302938  0.01196244  0.04000205 -0.00045681  0.0361737
  0.0110844   0.04182712  0.02413201  0.00784753  0.04026387  0.02480413
  0.00937036  0.02889575  0.02981728  0.00768837  0.04116213  0.02220492
  0.00514081  0.03333774] sum= 0.023107348307108887
-24.963781356811523
count:  6
0 -1.6431300764452317e-13 0 [0. 0. 0. 0. 0. 0. 0. 0. 0. 0. 0. 0. 0. 0. 0. 0. 0. 0. 0. 0.]
count:  6
1 7.194245199571014e-14 0 [0. 0. 0. 0. 0. 0. 0. 0. 0. 0. 0. 0. 0. 0. 0. 0. 0. 0. 0. 0.]
count:  6
2 2.5845992013273644e-13 0 [0. 0. 0. 0. 0. 0. 0. 0. 0. 0. 0. 0. 0. 0. 0. 0. 0. 0. 0. 0.]
count:  1
3 6.918909889463976e-13 1 [0. 0. 0. 1. 0. 0. 0. 0. 0. 0. 0. 0. 0. 0. 0. 0. 0. 0. 0. 0.]
count:  6
4 -6.927791673660977e-14 0 [0. 0. 0. 1. 0. 0. 0. 0. 0. 0. 0. 0. 0. 0. 0. 0. 0. 0. 0. 0.]
count:  6
5 1.9806378759312793e-13 0 [0. 0. 0. 1. 0. 0. 0. 0. 0. 0. 0. 0. 0. 0. 0. 0. 0. 0. 0. 0.]
count:  6
6 3.623767952376511e-13 0 [0. 0. 0. 1. 0. 0. 0. 0. 0. 0. 0. 0. 0. 0. 0. 0. 0. 0. 0. 0.]
count:  6
7 2.4158453015843406e-13 0 [0. 0. 0. 1. 0. 0. 0. 0. 0. 0. 0. 0. 0. 0. 0. 0. 0. 0. 0. 0.]
count:  6
8 1.580957587066223e-13 0 [0. 0. 0. 1. 0. 0. 0. 0. 0. 0. 0. 0. 0. 0. 0. 0. 0. 0. 0. 0.]
count:  6
9 4.627409566637652e-13 0 [0. 0. 0. 1. 0. 0. 0. 0. 0. 0. 0. 0. 0. 0. 0. 0. 0. 0. 0. 0.]
count:  6
10 1.687538997430238e-14 0 [0. 0. 0. 1. 0. 0. 0. 0. 0. 0. 0. 0. 0. 0. 0. 0. 0. 0. 0. 0.]
count:  6
11 1.2256862191861728e-13 0 [0. 0. 0. 1. 0. 0. 0. 0. 0. 0. 0. 0. 0. 0. 0. 0. 0. 0. 0. 0.]
count:  6
12 1.509903313490213e-14 0 [0. 0. 0. 1. 0. 0. 0. 0. 0. 0. 0. 0. 0. 0. 0. 0. 0. 0. 0. 0.]
count:  6
13 2.469136006766348e-13 0 [0. 0. 0. 1. 0. 0. 0. 0. 0. 0. 0. 0. 0. 0. 0. 0. 0. 0. 0. 0.]
count:  6
14 4.707345624410664e-14 0 [0. 0. 0. 1. 0. 0. 0. 0. 0. 0. 0. 0. 0. 0. 0. 0. 0. 0. 0. 0.]
count:  6
15 -1.580957587066223e-13 0 [0. 0. 0. 1. 0. 0. 0. 0. 0. 0. 0. 0. 0. 0. 0. 0. 0. 0. 0. 0.]
count:  3
16 7.824851877558103e-13 1 [0. 0. 0. 1. 0. 0. 0. 0. 0. 0. 0. 0. 0. 0. 0. 0. 1. 0. 0. 0.]
count:  6
17 -2.4158453015843406e-13 0 [0. 0. 0. 1. 0. 0. 0. 0. 0. 0. 0. 0. 0. 0. 0. 0. 1. 0. 0. 0.]
count:  6
18 5.24913446042774e-13 0 [0. 0. 0. 1. 0. 0. 0. 0. 0. 0. 0. 0. 0. 0. 0. 0. 1. 0. 0. 0.]
count:  6
19 1.4477308241112041e-13 0 [0. 0. 0. 1. 0. 0. 0. 0. 0. 0. 0. 0. 0. 0. 0. 0. 1. 0. 0. 0.]
Reject rate_u:  0.1
Test Power of Baselines (K times): 
[[0.75 0.55 0.05 0.4  0.2  0.2  0.55 0.1  0.   0.   0.   0.   0.   0.
  0.   0.   0.   0.   0.   0.  ]]
Average Test Power of Baselines (K times): 
MMD-D:  0.35 C2ST-L: 
test power, MMD/varest= [-0.01374035  0.00431372  0.0142318   0.02724071 -0.00773997  0.01186539
  0.02210525  0.01248144  0.01115218  0.02657584  0.00161362  0.00839044
  0.00105249  0.01469578  0.00315796 -0.01971906  0.02852619 -0.03030732
  0.02172523  0.00770006] sum= 0.007266069955022193
-23.114883422851562
count:  6
0 5.071498776487715e-13 0 [0. 0. 0. 0. 0. 0. 0. 0. 0. 0. 0. 0. 0. 0. 0. 0. 0. 0. 0. 0.]
count:  6
1 3.8458125573015423e-13 0 [0. 0. 0. 0. 0. 0. 0. 0. 0. 0. 0. 0. 0. 0. 0. 0. 0. 0. 0. 0.]
count:  4
2 5.080380560684716e-13 1 [0. 0. 1. 0. 0. 0. 0. 0. 0. 0. 0. 0. 0. 0. 0. 0. 0. 0. 0. 0.]
count:  6
3 7.194245199571014e-14 0 [0. 0. 1. 0. 0. 0. 0. 0. 0. 0. 0. 0. 0. 0. 0. 0. 0. 0. 0. 0.]
count:  2
4 6.741274205523951e-13 1 [0. 0. 1. 0. 1. 0. 0. 0. 0. 0. 0. 0. 0. 0. 0. 0. 0. 0. 0. 0.]
count:  6
5 2.2648549702353193e-13 0 [0. 0. 1. 0. 1. 0. 0. 0. 0. 0. 0. 0. 0. 0. 0. 0. 0. 0. 0. 0.]
count:  6
6 7.238654120556021e-13 0 [0. 0. 1. 0. 1. 0. 0. 0. 0. 0. 0. 0. 0. 0. 0. 0. 0. 0. 0. 0.]
count:  6
7 2.398081733190338e-14 0 [0. 0. 1. 0. 1. 0. 0. 0. 0. 0. 0. 0. 0. 0. 0. 0. 0. 0. 0. 0.]
count:  6
8 5.39124300757976e-13 0 [0. 0. 1. 0. 1. 0. 0. 0. 0. 0. 0. 0. 0. 0. 0. 0. 0. 0. 0. 0.]
count:  6
9 3.375077994860476e-14 0 [0. 0. 1. 0. 1. 0. 0. 0. 0. 0. 0. 0. 0. 0. 0. 0. 0. 0. 0. 0.]
count:  6
10 3.632649736573512e-13 0 [0. 0. 1. 0. 1. 0. 0. 0. 0. 0. 0. 0. 0. 0. 0. 0. 0. 0. 0. 0.]
count:  6
11 2.717825964282383e-13 0 [0. 0. 1. 0. 1. 0. 0. 0. 0. 0. 0. 0. 0. 0. 0. 0. 0. 0. 0. 0.]
count:  6
12 5.275779813018744e-13 0 [0. 0. 1. 0. 1. 0. 0. 0. 0. 0. 0. 0. 0. 0. 0. 0. 0. 0. 0. 0.]
count:  6
13 7.380762667708041e-13 0 [0. 0. 1. 0. 1. 0. 0. 0. 0. 0. 0. 0. 0. 0. 0. 0. 0. 0. 0. 0.]
count:  6
14 3.6859404417555197e-13 0 [0. 0. 1. 0. 1. 0. 0. 0. 0. 0. 0. 0. 0. 0. 0. 0. 0. 0. 0. 0.]
count:  6
15 3.7214675785435247e-13 0 [0. 0. 1. 0. 1. 0. 0. 0. 0. 0. 0. 0. 0. 0. 0. 0. 0. 0. 0. 0.]
count:  6
16 1.9095836023552692e-13 0 [0. 0. 1. 0. 1. 0. 0. 0. 0. 0. 0. 0. 0. 0. 0. 0. 0. 0. 0. 0.]
count:  6
17 9.237055564881302e-14 0 [0. 0. 1. 0. 1. 0. 0. 0. 0. 0. 0. 0. 0. 0. 0. 0. 0. 0. 0. 0.]
count:  6
18 1.8740564655672642e-13 0 [0. 0. 1. 0. 1. 0. 0. 0. 0. 0. 0. 0. 0. 0. 0. 0. 0. 0. 0. 0.]
count:  4
19 5.790923296444817e-13 1 [0. 0. 1. 0. 1. 0. 0. 0. 0. 0. 0. 0. 0. 0. 0. 0. 0. 0. 0. 1.]
Reject rate_u:  0.15
Test Power of Baselines (K times): 
[[0.75 0.55 0.05 0.4  0.2  0.2  0.55 0.1  0.15 0.   0.   0.   0.   0.
  0.   0.   0.   0.   0.   0.  ]]
Average Test Power of Baselines (K times): 
MMD-D:  0.3277777777777778 C2ST-L: 
test power, MMD/varest= [0.02418263 0.02067481 0.02127274 0.00520018 0.03338554 0.01694011
 0.03551146 0.00270461 0.03078547 0.00370647 0.01966156 0.01417654
 0.02570687 0.02903676 0.0252054  0.02029944 0.01339848 0.00831057
 0.01796709 0.03103654] sum= 0.019958164016594095
-23.67049789428711
count:  6
0 -1.9895196601282805e-13 0 [0. 0. 0. 0. 0. 0. 0. 0. 0. 0. 0. 0. 0. 0. 0. 0. 0. 0. 0. 0.]
count:  3
1 7.72715225139109e-13 1 [0. 1. 0. 0. 0. 0. 0. 0. 0. 0. 0. 0. 0. 0. 0. 0. 0. 0. 0. 0.]
count:  0
2 1.0036416142611415e-12 1 [0. 1. 1. 0. 0. 0. 0. 0. 0. 0. 0. 0. 0. 0. 0. 0. 0. 0. 0. 0.]
count:  1
3 1.2354561818028742e-12 1 [0. 1. 1. 1. 0. 0. 0. 0. 0. 0. 0. 0. 0. 0. 0. 0. 0. 0. 0. 0.]
count:  1
4 1.0897949209720537e-12 1 [0. 1. 1. 1. 1. 0. 0. 0. 0. 0. 0. 0. 0. 0. 0. 0. 0. 0. 0. 0.]
count:  6
5 4.2099657093785936e-13 0 [0. 1. 1. 1. 1. 0. 0. 0. 0. 0. 0. 0. 0. 0. 0. 0. 0. 0. 0. 0.]
count:  6
6 -1.9539925233402755e-14 0 [0. 1. 1. 1. 1. 0. 0. 0. 0. 0. 0. 0. 0. 0. 0. 0. 0. 0. 0. 0.]
count:  6
7 2.5490720645393594e-13 0 [0. 1. 1. 1. 1. 0. 0. 0. 0. 0. 0. 0. 0. 0. 0. 0. 0. 0. 0. 0.]
count:  5
8 6.137312880127865e-13 1 [0. 1. 1. 1. 1. 0. 0. 0. 1. 0. 0. 0. 0. 0. 0. 0. 0. 0. 0. 0.]
count:  1
9 1.1546319456101628e-12 1 [0. 1. 1. 1. 1. 0. 0. 0. 1. 1. 0. 0. 0. 0. 0. 0. 0. 0. 0. 0.]
count:  3
10 8.855138844410249e-13 1 [0. 1. 1. 1. 1. 0. 0. 0. 1. 1. 1. 0. 0. 0. 0. 0. 0. 0. 0. 0.]
count:  5
11 4.3520742565306136e-13 1 [0. 1. 1. 1. 1. 0. 0. 0. 1. 1. 1. 1. 0. 0. 0. 0. 0. 0. 0. 0.]
count:  2
12 1.5294432387236157e-12 1 [0. 1. 1. 1. 1. 0. 0. 0. 1. 1. 1. 1. 1. 0. 0. 0. 0. 0. 0. 0.]
count:  6
13 8.79296635503124e-14 0 [0. 1. 1. 1. 1. 0. 0. 0. 1. 1. 1. 1. 1. 0. 0. 0. 0. 0. 0. 0.]
count:  6
14 7.212008767965017e-13 0 [0. 1. 1. 1. 1. 0. 0. 0. 1. 1. 1. 1. 1. 0. 0. 0. 0. 0. 0. 0.]
count:  0
15 7.842615445952106e-13 1 [0. 1. 1. 1. 1. 0. 0. 0. 1. 1. 1. 1. 1. 0. 0. 1. 0. 0. 0. 0.]
count:  6
16 3.5438318946034997e-13 0 [0. 1. 1. 1. 1. 0. 0. 0. 1. 1. 1. 1. 1. 0. 0. 1. 0. 0. 0. 0.]
count:  0
17 8.748557434046234e-13 1 [0. 1. 1. 1. 1. 0. 0. 0. 1. 1. 1. 1. 1. 0. 0. 1. 0. 1. 0. 0.]
count:  1
18 8.57980353430321e-13 1 [0. 1. 1. 1. 1. 0. 0. 0. 1. 1. 1. 1. 1. 0. 0. 1. 0. 1. 1. 0.]
count:  6
19 4.796163466380676e-14 0 [0. 1. 1. 1. 1. 0. 0. 0. 1. 1. 1. 1. 1. 0. 0. 1. 0. 1. 1. 0.]
Reject rate_u:  0.6
Test Power of Baselines (K times): 
[[0.75 0.55 0.05 0.4  0.2  0.2  0.55 0.1  0.15 0.6  0.   0.   0.   0.
  0.   0.   0.   0.   0.   0.  ]]
Average Test Power of Baselines (K times): 
MMD-D:  0.355 C2ST-L: 
test power, MMD/varest= [-0.04257208  0.02740113  0.03342278  0.04273057  0.03531482  0.02170428
 -0.00182552  0.01604198  0.02653369  0.03944911  0.03248667  0.02044001
  0.04197116  0.00582484  0.03017858  0.03059434  0.02071755  0.03068901
  0.03777416  0.00422883] sum= 0.022655296088999834
-27.06736946105957
count:  6
0 -3.552713678800501e-15 0 [0. 0. 0. 0. 0. 0. 0. 0. 0. 0. 0. 0. 0. 0. 0. 0. 0. 0. 0. 0.]
count:  6
1 2.531308496145357e-13 0 [0. 0. 0. 0. 0. 0. 0. 0. 0. 0. 0. 0. 0. 0. 0. 0. 0. 0. 0. 0.]
count:  6
2 4.4586556668946287e-13 0 [0. 0. 0. 0. 0. 0. 0. 0. 0. 0. 0. 0. 0. 0. 0. 0. 0. 0. 0. 0.]
count:  6
3 -1.127986593019159e-13 0 [0. 0. 0. 0. 0. 0. 0. 0. 0. 0. 0. 0. 0. 0. 0. 0. 0. 0. 0. 0.]
count:  6
4 -2.8066438062523957e-13 0 [0. 0. 0. 0. 0. 0. 0. 0. 0. 0. 0. 0. 0. 0. 0. 0. 0. 0. 0. 0.]
count:  6
5 -1.5543122344752192e-13 0 [0. 0. 0. 0. 0. 0. 0. 0. 0. 0. 0. 0. 0. 0. 0. 0. 0. 0. 0. 0.]
count:  6
6 -1.9895196601282805e-13 0 [0. 0. 0. 0. 0. 0. 0. 0. 0. 0. 0. 0. 0. 0. 0. 0. 0. 0. 0. 0.]
count:  6
7 6.039613253960852e-14 0 [0. 0. 0. 0. 0. 0. 0. 0. 0. 0. 0. 0. 0. 0. 0. 0. 0. 0. 0. 0.]
count:  6
8 2.7622348852673895e-13 0 [0. 0. 0. 0. 0. 0. 0. 0. 0. 0. 0. 0. 0. 0. 0. 0. 0. 0. 0. 0.]
count:  6
9 -1.4566126083082054e-13 0 [0. 0. 0. 0. 0. 0. 0. 0. 0. 0. 0. 0. 0. 0. 0. 0. 0. 0. 0. 0.]
count:  6
10 3.907985046680551e-14 0 [0. 0. 0. 0. 0. 0. 0. 0. 0. 0. 0. 0. 0. 0. 0. 0. 0. 0. 0. 0.]
count:  6
11 -2.255973186038318e-13 0 [0. 0. 0. 0. 0. 0. 0. 0. 0. 0. 0. 0. 0. 0. 0. 0. 0. 0. 0. 0.]
count:  6
12 -1.0036416142611415e-13 0 [0. 0. 0. 0. 0. 0. 0. 0. 0. 0. 0. 0. 0. 0. 0. 0. 0. 0. 0. 0.]
count:  6
13 -1.9984014443252818e-13 0 [0. 0. 0. 0. 0. 0. 0. 0. 0. 0. 0. 0. 0. 0. 0. 0. 0. 0. 0. 0.]
count:  6
14 4.618527782440651e-14 0 [0. 0. 0. 0. 0. 0. 0. 0. 0. 0. 0. 0. 0. 0. 0. 0. 0. 0. 0. 0.]
count:  6
15 -3.5793590313915047e-13 0 [0. 0. 0. 0. 0. 0. 0. 0. 0. 0. 0. 0. 0. 0. 0. 0. 0. 0. 0. 0.]
count:  6
16 5.74651437545981e-13 0 [0. 0. 0. 0. 0. 0. 0. 0. 0. 0. 0. 0. 0. 0. 0. 0. 0. 0. 0. 0.]
count:  6
17 9.414691248821327e-14 0 [0. 0. 0. 0. 0. 0. 0. 0. 0. 0. 0. 0. 0. 0. 0. 0. 0. 0. 0. 0.]
count:  6
18 -1.545430450278218e-13 0 [0. 0. 0. 0. 0. 0. 0. 0. 0. 0. 0. 0. 0. 0. 0. 0. 0. 0. 0. 0.]
count:  6
19 2.1227464230832993e-13 0 [0. 0. 0. 0. 0. 0. 0. 0. 0. 0. 0. 0. 0. 0. 0. 0. 0. 0. 0. 0.]
Reject rate_u:  0.0
Test Power of Baselines (K times): 
[[0.75 0.55 0.05 0.4  0.2  0.2  0.55 0.1  0.15 0.6  0.   0.   0.   0.
  0.   0.   0.   0.   0.   0.  ]]
Average Test Power of Baselines (K times): 
MMD-D:  0.3227272727272727 C2ST-L: 
test power, MMD/varest= [-0.0002924   0.01318559  0.01980253 -0.00901826 -0.07175094 -0.01958316
 -0.02210669  0.00486989  0.01394289 -0.01908085  0.00298906 -0.02984113
 -0.00936813 -0.0313019   0.00325345 -0.11116448  0.02400806  0.00617419
 -0.02849222  0.01111203] sum= -0.012633123121909817
-23.128841400146484
count:  6
0 4.1744385725905886e-14 0 [0. 0. 0. 0. 0. 0. 0. 0. 0. 0. 0. 0. 0. 0. 0. 0. 0. 0. 0. 0.]
count:  6
1 1.3944401189291966e-13 0 [0. 0. 0. 0. 0. 0. 0. 0. 0. 0. 0. 0. 0. 0. 0. 0. 0. 0. 0. 0.]
count:  6
2 -8.881784197001252e-15 0 [0. 0. 0. 0. 0. 0. 0. 0. 0. 0. 0. 0. 0. 0. 0. 0. 0. 0. 0. 0.]
count:  6
3 3.9879211044535623e-13 0 [0. 0. 0. 0. 0. 0. 0. 0. 0. 0. 0. 0. 0. 0. 0. 0. 0. 0. 0. 0.]
count:  6
4 8.79296635503124e-14 0 [0. 0. 0. 0. 0. 0. 0. 0. 0. 0. 0. 0. 0. 0. 0. 0. 0. 0. 0. 0.]
count:  6
5 5.515587986337778e-13 0 [0. 0. 0. 0. 0. 0. 0. 0. 0. 0. 0. 0. 0. 0. 0. 0. 0. 0. 0. 0.]
count:  6
6 -7.460698725481052e-14 0 [0. 0. 0. 0. 0. 0. 0. 0. 0. 0. 0. 0. 0. 0. 0. 0. 0. 0. 0. 0.]
count:  5
7 4.82280881897168e-13 1 [0. 0. 0. 0. 0. 0. 0. 1. 0. 0. 0. 0. 0. 0. 0. 0. 0. 0. 0. 0.]
count:  6
8 -1.0746958878371515e-13 0 [0. 0. 0. 0. 0. 0. 0. 1. 0. 0. 0. 0. 0. 0. 0. 0. 0. 0. 0. 0.]
count:  0
9 1.2736478538499796e-12 1 [0. 0. 0. 0. 0. 0. 0. 1. 0. 1. 0. 0. 0. 0. 0. 0. 0. 0. 0. 0.]
count:  1
10 9.43245481721533e-13 1 [0. 0. 0. 0. 0. 0. 0. 1. 0. 1. 1. 0. 0. 0. 0. 0. 0. 0. 0. 0.]
count:  6
11 1.8030021919912542e-13 0 [0. 0. 0. 0. 0. 0. 0. 1. 0. 1. 1. 0. 0. 0. 0. 0. 0. 0. 0. 0.]
count:  6
12 2.744471316873387e-13 0 [0. 0. 0. 0. 0. 0. 0. 1. 0. 1. 1. 0. 0. 0. 0. 0. 0. 0. 0. 0.]
count:  6
13 1.6342482922482304e-13 0 [0. 0. 0. 0. 0. 0. 0. 1. 0. 1. 1. 0. 0. 0. 0. 0. 0. 0. 0. 0.]
count:  6
14 3.5349501104064984e-13 0 [0. 0. 0. 0. 0. 0. 0. 1. 0. 1. 1. 0. 0. 0. 0. 0. 0. 0. 0. 0.]
count:  6
15 1.6431300764452317e-13 0 [0. 0. 0. 0. 0. 0. 0. 1. 0. 1. 1. 0. 0. 0. 0. 0. 0. 0. 0. 0.]
count:  6
16 9.769962616701378e-14 0 [0. 0. 0. 0. 0. 0. 0. 1. 0. 1. 1. 0. 0. 0. 0. 0. 0. 0. 0. 0.]
count:  6
17 1.5720758028692217e-13 0 [0. 0. 0. 0. 0. 0. 0. 1. 0. 1. 1. 0. 0. 0. 0. 0. 0. 0. 0. 0.]
count:  6
18 1.0658141036401503e-13 0 [0. 0. 0. 0. 0. 0. 0. 1. 0. 1. 1. 0. 0. 0. 0. 0. 0. 0. 0. 0.]
count:  6
19 2.993161274389422e-13 0 [0. 0. 0. 0. 0. 0. 0. 1. 0. 1. 1. 0. 0. 0. 0. 0. 0. 0. 0. 0.]
Reject rate_u:  0.15
Test Power of Baselines (K times): 
[[0.75 0.55 0.05 0.4  0.2  0.2  0.55 0.1  0.15 0.6  0.   0.15 0.   0.
  0.   0.   0.   0.   0.   0.  ]]
Average Test Power of Baselines (K times): 
MMD-D:  0.30833333333333335 C2ST-L: 
test power, MMD/varest= [ 0.0037398   0.00822472 -0.00071449  0.02524949  0.00540506  0.02431401
 -0.00615215  0.02230009 -0.0137741   0.04126029  0.03248991  0.01048162
  0.01467677  0.01132104  0.01633253  0.0127899   0.00685305  0.00951317
  0.00650987  0.01543304] sum= 0.012312680965170941
-26.589035034179688
count:  2
0 9.956480084838404e-13 1 [1. 0. 0. 0. 0. 0. 0. 0. 0. 0. 0. 0. 0. 0. 0. 0. 0. 0. 0. 0.]
count:  6
1 5.311306949806749e-13 0 [1. 0. 0. 0. 0. 0. 0. 0. 0. 0. 0. 0. 0. 0. 0. 0. 0. 0. 0. 0.]
count:  6
2 3.9879211044535623e-13 0 [1. 0. 0. 0. 0. 0. 0. 0. 0. 0. 0. 0. 0. 0. 0. 0. 0. 0. 0. 0.]
count:  6
3 3.8902214782865485e-13 0 [1. 0. 0. 0. 0. 0. 0. 0. 0. 0. 0. 0. 0. 0. 0. 0. 0. 0. 0. 0.]
count:  6
4 2.7267077484793845e-13 0 [1. 0. 0. 0. 0. 0. 0. 0. 0. 0. 0. 0. 0. 0. 0. 0. 0. 0. 0. 0.]
count:  6
5 2.042810365310288e-13 0 [1. 0. 0. 0. 0. 0. 0. 0. 0. 0. 0. 0. 0. 0. 0. 0. 0. 0. 0. 0.]
count:  1
6 1.3766765505351941e-12 1 [1. 0. 0. 0. 0. 0. 1. 0. 0. 0. 0. 0. 0. 0. 0. 0. 0. 0. 0. 0.]
count:  6
7 8.348877145181177e-14 0 [1. 0. 0. 0. 0. 0. 1. 0. 0. 0. 0. 0. 0. 0. 0. 0. 0. 0. 0. 0.]
count:  1
8 9.974243653232406e-13 1 [1. 0. 0. 0. 0. 0. 1. 0. 1. 0. 0. 0. 0. 0. 0. 0. 0. 0. 0. 0.]
count:  6
9 8.704148513061227e-14 0 [1. 0. 0. 0. 0. 0. 1. 0. 1. 0. 0. 0. 0. 0. 0. 0. 0. 0. 0. 0.]
count:  3
10 8.331113576787175e-13 1 [1. 0. 0. 0. 0. 0. 1. 0. 1. 0. 1. 0. 0. 0. 0. 0. 0. 0. 0. 0.]
count:  6
11 1.6697754290362354e-13 0 [1. 0. 0. 0. 0. 0. 1. 0. 1. 0. 1. 0. 0. 0. 0. 0. 0. 0. 0. 0.]
count:  6
12 5.080380560684716e-13 0 [1. 0. 0. 0. 0. 0. 1. 0. 1. 0. 1. 0. 0. 0. 0. 0. 0. 0. 0. 0.]
count:  6
13 2.362554596402333e-13 0 [1. 0. 0. 0. 0. 0. 1. 0. 1. 0. 1. 0. 0. 0. 0. 0. 0. 0. 0. 0.]
count:  6
14 1.829647544582258e-13 0 [1. 0. 0. 0. 0. 0. 1. 0. 1. 0. 1. 0. 0. 0. 0. 0. 0. 0. 0. 0.]
count:  6
15 6.519229600598919e-13 0 [1. 0. 0. 0. 0. 0. 1. 0. 1. 0. 1. 0. 0. 0. 0. 0. 0. 0. 0. 0.]
count:  4
16 5.666578317686799e-13 1 [1. 0. 0. 0. 0. 0. 1. 0. 1. 0. 1. 0. 0. 0. 0. 0. 1. 0. 0. 0.]
count:  6
17 2.398081733190338e-14 0 [1. 0. 0. 0. 0. 0. 1. 0. 1. 0. 1. 0. 0. 0. 0. 0. 1. 0. 0. 0.]
count:  6
18 4.2366110619695974e-13 0 [1. 0. 0. 0. 0. 0. 1. 0. 1. 0. 1. 0. 0. 0. 0. 0. 1. 0. 0. 0.]
count:  6
19 6.226130722097878e-13 0 [1. 0. 0. 0. 0. 0. 1. 0. 1. 0. 1. 0. 0. 0. 0. 0. 1. 0. 0. 0.]
Reject rate_u:  0.25
Test Power of Baselines (K times): 
[[0.75 0.55 0.05 0.4  0.2  0.2  0.55 0.1  0.15 0.6  0.   0.15 0.25 0.
  0.   0.   0.   0.   0.   0.  ]]
Average Test Power of Baselines (K times): 
MMD-D:  0.3038461538461539 C2ST-L: 
test power, MMD/varest= [0.03775633 0.02133002 0.01944753 0.01628577 0.01421121 0.01068837
 0.04121758 0.00859622 0.03502256 0.00614408 0.03091248 0.00943748
 0.02036992 0.01289209 0.00986003 0.02719265 0.0224126  0.00175477
 0.01836918 0.02449703] sum= 0.019419894692435335
-23.412233352661133
count:  5
0 4.982680934517703e-13 1 [1. 0. 0. 0. 0. 0. 0. 0. 0. 0. 0. 0. 0. 0. 0. 0. 0. 0. 0. 0.]
count:  6
1 4.2810199829546036e-13 0 [1. 0. 0. 0. 0. 0. 0. 0. 0. 0. 0. 0. 0. 0. 0. 0. 0. 0. 0. 0.]
count:  6
2 -2.6645352591003757e-14 0 [1. 0. 0. 0. 0. 0. 0. 0. 0. 0. 0. 0. 0. 0. 0. 0. 0. 0. 0. 0.]
count:  6
3 -2.220446049250313e-14 0 [1. 0. 0. 0. 0. 0. 0. 0. 0. 0. 0. 0. 0. 0. 0. 0. 0. 0. 0. 0.]
count:  6
4 2.7267077484793845e-13 0 [1. 0. 0. 0. 0. 0. 0. 0. 0. 0. 0. 0. 0. 0. 0. 0. 0. 0. 0. 0.]
count:  6
5 4.147793219999585e-13 0 [1. 0. 0. 0. 0. 0. 0. 0. 0. 0. 0. 0. 0. 0. 0. 0. 0. 0. 0. 0.]
count:  2
6 7.833733661755105e-13 1 [1. 0. 0. 0. 0. 0. 1. 0. 0. 0. 0. 0. 0. 0. 0. 0. 0. 0. 0. 0.]
count:  6
7 -8.881784197001252e-16 0 [1. 0. 0. 0. 0. 0. 1. 0. 0. 0. 0. 0. 0. 0. 0. 0. 0. 0. 0. 0.]
count:  0
8 8.961720254774264e-13 1 [1. 0. 0. 0. 0. 0. 1. 0. 1. 0. 0. 0. 0. 0. 0. 0. 0. 0. 0. 0.]
count:  6
9 7.460698725481052e-14 0 [1. 0. 0. 0. 0. 0. 1. 0. 1. 0. 0. 0. 0. 0. 0. 0. 0. 0. 0. 0.]
count:  6
10 2.637889906509372e-13 0 [1. 0. 0. 0. 0. 0. 1. 0. 1. 0. 0. 0. 0. 0. 0. 0. 0. 0. 0. 0.]
count:  6
11 -2.7533531010703882e-14 0 [1. 0. 0. 0. 0. 0. 1. 0. 1. 0. 0. 0. 0. 0. 0. 0. 0. 0. 0. 0.]
count:  0
12 1.5356604876615165e-12 1 [1. 0. 0. 0. 0. 0. 1. 0. 1. 0. 0. 0. 1. 0. 0. 0. 0. 0. 0. 0.]
count:  6
13 3.9879211044535623e-13 0 [1. 0. 0. 0. 0. 0. 1. 0. 1. 0. 0. 0. 1. 0. 0. 0. 0. 0. 0. 0.]
count:  6
14 2.5845992013273644e-13 0 [1. 0. 0. 0. 0. 0. 1. 0. 1. 0. 0. 0. 1. 0. 0. 0. 0. 0. 0. 0.]
count:  6
15 3.801403636316536e-13 0 [1. 0. 0. 0. 0. 0. 1. 0. 1. 0. 0. 0. 1. 0. 0. 0. 0. 0. 0. 0.]
count:  6
16 6.803446694902959e-13 0 [1. 0. 0. 0. 0. 0. 1. 0. 1. 0. 0. 0. 1. 0. 0. 0. 0. 0. 0. 0.]
count:  2
17 9.778844400898379e-13 1 [1. 0. 0. 0. 0. 0. 1. 0. 1. 0. 0. 0. 1. 0. 0. 0. 0. 1. 0. 0.]
count:  6
18 1.6076029396572267e-13 0 [1. 0. 0. 0. 0. 0. 1. 0. 1. 0. 0. 0. 1. 0. 0. 0. 0. 1. 0. 0.]
count:  6
19 2.708944180085382e-13 0 [1. 0. 0. 0. 0. 0. 1. 0. 1. 0. 0. 0. 1. 0. 0. 0. 0. 1. 0. 0.]
Reject rate_u:  0.25
Test Power of Baselines (K times): 
[[0.75 0.55 0.05 0.4  0.2  0.2  0.55 0.1  0.15 0.6  0.   0.15 0.25 0.25
  0.   0.   0.   0.   0.   0.  ]]
Average Test Power of Baselines (K times): 
MMD-D:  0.3 C2ST-L: 
test power, MMD/varest= [ 2.06262782e-02  2.96201201e-02 -1.76016049e-03 -1.82493941e-03
  1.74377577e-02  1.85980408e-02  3.37886356e-02 -6.56482007e-05
  3.00645219e-02  4.51164875e-03  1.91568656e-02 -3.39087154e-03
  4.43034427e-02  2.55204801e-02  1.71226123e-02  2.25117947e-02
  2.80363476e-02  3.34283999e-02  1.75591224e-02  1.39793945e-02] sum= 0.018461192166274114
-23.3773250579834
count:  6
0 3.5083047578154947e-13 0 [0. 0. 0. 0. 0. 0. 0. 0. 0. 0. 0. 0. 0. 0. 0. 0. 0. 0. 0. 0.]
count:  6
1 3.410605131648481e-13 0 [0. 0. 0. 0. 0. 0. 0. 0. 0. 0. 0. 0. 0. 0. 0. 0. 0. 0. 0. 0.]
count:  6
2 4.218847493575595e-13 0 [0. 0. 0. 0. 0. 0. 0. 0. 0. 0. 0. 0. 0. 0. 0. 0. 0. 0. 0. 0.]
count:  6
3 6.270539643082884e-13 0 [0. 0. 0. 0. 0. 0. 0. 0. 0. 0. 0. 0. 0. 0. 0. 0. 0. 0. 0. 0.]
count:  6
4 4.2099657093785936e-13 0 [0. 0. 0. 0. 0. 0. 0. 0. 0. 0. 0. 0. 0. 0. 0. 0. 0. 0. 0. 0.]
count:  6
5 4.574118861455645e-13 0 [0. 0. 0. 0. 0. 0. 0. 0. 0. 0. 0. 0. 0. 0. 0. 0. 0. 0. 0. 0.]
count:  4
6 6.350475700855895e-13 1 [0. 0. 0. 0. 0. 0. 1. 0. 0. 0. 0. 0. 0. 0. 0. 0. 0. 0. 0. 0.]
count:  6
7 3.97015753605956e-13 0 [0. 0. 0. 0. 0. 0. 1. 0. 0. 0. 0. 0. 0. 0. 0. 0. 0. 0. 0. 0.]
count:  2
8 1.3731238368563936e-12 1 [0. 0. 0. 0. 0. 0. 1. 0. 1. 0. 0. 0. 0. 0. 0. 0. 0. 0. 0. 0.]
count:  2
9 8.109068971862143e-13 1 [0. 0. 0. 0. 0. 0. 1. 0. 1. 1. 0. 0. 0. 0. 0. 0. 0. 0. 0. 0.]
count:  0
10 1.127986593019159e-12 1 [0. 0. 0. 0. 0. 0. 1. 0. 1. 1. 1. 0. 0. 0. 0. 0. 0. 0. 0. 0.]
count:  6
11 4.263256414560601e-13 0 [0. 0. 0. 0. 0. 0. 1. 0. 1. 1. 1. 0. 0. 0. 0. 0. 0. 0. 0. 0.]
count:  0
12 1.687538997430238e-12 1 [0. 0. 0. 0. 0. 0. 1. 0. 1. 1. 1. 0. 1. 0. 0. 0. 0. 0. 0. 0.]
count:  0
13 1.1173284519827575e-12 1 [0. 0. 0. 0. 0. 0. 1. 0. 1. 1. 1. 0. 1. 1. 0. 0. 0. 0. 0. 0.]
count:  6
14 8.704148513061227e-14 0 [0. 0. 0. 0. 0. 0. 1. 0. 1. 1. 1. 0. 1. 1. 0. 0. 0. 0. 0. 0.]
count:  1
15 1.1031175972675555e-12 1 [0. 0. 0. 0. 0. 0. 1. 0. 1. 1. 1. 0. 1. 1. 0. 1. 0. 0. 0. 0.]
count:  6
16 8.260059303211165e-14 0 [0. 0. 0. 0. 0. 0. 1. 0. 1. 1. 1. 0. 1. 1. 0. 1. 0. 0. 0. 0.]
count:  3
17 7.469580509678053e-13 1 [0. 0. 0. 0. 0. 0. 1. 0. 1. 1. 1. 0. 1. 1. 0. 1. 0. 1. 0. 0.]
count:  6
18 1.0036416142611415e-13 0 [0. 0. 0. 0. 0. 0. 1. 0. 1. 1. 1. 0. 1. 1. 0. 1. 0. 1. 0. 0.]
count:  6
19 1.5987211554602254e-13 0 [0. 0. 0. 0. 0. 0. 1. 0. 1. 1. 1. 0. 1. 1. 0. 1. 0. 1. 0. 0.]
Reject rate_u:  0.4
Test Power of Baselines (K times): 
[[0.75 0.55 0.05 0.4  0.2  0.2  0.55 0.1  0.15 0.6  0.   0.15 0.25 0.25
  0.4  0.   0.   0.   0.   0.  ]]
Average Test Power of Baselines (K times): 
MMD-D:  0.30666666666666664 C2ST-L: 
test power, MMD/varest= [0.01731821 0.01554629 0.01962931 0.02519542 0.01929885 0.02128167
 0.02859919 0.02213353 0.04293222 0.03029938 0.0360026  0.0183539
 0.04551391 0.03732832 0.00712561 0.0374556  0.00510265 0.02886431
 0.00814689 0.00991731] sum= 0.023802258040838548
-24.36676788330078
count:  2
0 8.36664071357518e-13 1 [1. 0. 0. 0. 0. 0. 0. 0. 0. 0. 0. 0. 0. 0. 0. 0. 0. 0. 0. 0.]
count:  6
1 -2.1405099914773018e-13 0 [1. 0. 0. 0. 0. 0. 0. 0. 0. 0. 0. 0. 0. 0. 0. 0. 0. 0. 0. 0.]
count:  6
2 -1.6697754290362354e-13 0 [1. 0. 0. 0. 0. 0. 0. 0. 0. 0. 0. 0. 0. 0. 0. 0. 0. 0. 0. 0.]
count:  6
3 -4.440892098500626e-15 0 [1. 0. 0. 0. 0. 0. 0. 0. 0. 0. 0. 0. 0. 0. 0. 0. 0. 0. 0. 0.]
count:  3
4 6.830092047493963e-13 1 [1. 0. 0. 0. 1. 0. 0. 0. 0. 0. 0. 0. 0. 0. 0. 0. 0. 0. 0. 0.]
count:  6
5 2.779998453661392e-13 0 [1. 0. 0. 0. 1. 0. 0. 0. 0. 0. 0. 0. 0. 0. 0. 0. 0. 0. 0. 0.]
count:  6
6 1.3855583347321954e-13 0 [1. 0. 0. 0. 1. 0. 0. 0. 0. 0. 0. 0. 0. 0. 0. 0. 0. 0. 0. 0.]
count:  6
7 -1.0658141036401503e-14 0 [1. 0. 0. 0. 1. 0. 0. 0. 0. 0. 0. 0. 0. 0. 0. 0. 0. 0. 0. 0.]
count:  6
8 -1.3677947663381929e-13 0 [1. 0. 0. 0. 1. 0. 0. 0. 0. 0. 0. 0. 0. 0. 0. 0. 0. 0. 0. 0.]
count:  6
9 -1.4654943925052066e-13 0 [1. 0. 0. 0. 1. 0. 0. 0. 0. 0. 0. 0. 0. 0. 0. 0. 0. 0. 0. 0.]
count:  6
10 2.0694557179012918e-13 0 [1. 0. 0. 0. 1. 0. 0. 0. 0. 0. 0. 0. 0. 0. 0. 0. 0. 0. 0. 0.]
count:  6
11 1.0746958878371515e-13 0 [1. 0. 0. 0. 1. 0. 0. 0. 0. 0. 0. 0. 0. 0. 0. 0. 0. 0. 0. 0.]
count:  6
12 -9.14823772291129e-14 0 [1. 0. 0. 0. 1. 0. 0. 0. 0. 0. 0. 0. 0. 0. 0. 0. 0. 0. 0. 0.]
count:  6
13 -1.0125233984581428e-13 0 [1. 0. 0. 0. 1. 0. 0. 0. 0. 0. 0. 0. 0. 0. 0. 0. 0. 0. 0. 0.]
count:  6
14 4.32542890393961e-13 0 [1. 0. 0. 0. 1. 0. 0. 0. 0. 0. 0. 0. 0. 0. 0. 0. 0. 0. 0. 0.]
count:  5
15 3.89910326248355e-13 1 [1. 0. 0. 0. 1. 0. 0. 0. 0. 0. 0. 0. 0. 0. 0. 1. 0. 0. 0. 0.]
count:  6
16 4.4586556668946287e-13 0 [1. 0. 0. 0. 1. 0. 0. 0. 0. 0. 0. 0. 0. 0. 0. 1. 0. 0. 0. 0.]
count:  6
17 2.1316282072803006e-14 0 [1. 0. 0. 0. 1. 0. 0. 0. 0. 0. 0. 0. 0. 0. 0. 1. 0. 0. 0. 0.]
count:  6
18 3.907985046680551e-14 0 [1. 0. 0. 0. 1. 0. 0. 0. 0. 0. 0. 0. 0. 0. 0. 1. 0. 0. 0. 0.]
count:  6
19 6.217248937900877e-14 0 [1. 0. 0. 0. 1. 0. 0. 0. 0. 0. 0. 0. 0. 0. 0. 1. 0. 0. 0. 0.]
Reject rate_u:  0.15
Test Power of Baselines (K times): 
[[0.75 0.55 0.05 0.4  0.2  0.2  0.55 0.1  0.15 0.6  0.   0.15 0.25 0.25
  0.4  0.15 0.   0.   0.   0.  ]]
Average Test Power of Baselines (K times): 
MMD-D:  0.296875 C2ST-L: 
test power, MMD/varest= [ 0.03917555 -0.04448728 -0.02015024 -0.00055344  0.02932736  0.01572945
  0.0108863  -0.0014848  -0.0142462  -0.01734697  0.01547511  0.00895244
 -0.01089277 -0.01542154  0.03003146  0.0278434   0.02170653  0.00169517
  0.0041129   0.00742217] sum= 0.004388730623756334
-24.560590744018555
count:  6
0 3.2951419370874646e-13 0 [0. 0. 0. 0. 0. 0. 0. 0. 0. 0. 0. 0. 0. 0. 0. 0. 0. 0. 0. 0.]
count:  6
1 2.3359092438113294e-13 0 [0. 0. 0. 0. 0. 0. 0. 0. 0. 0. 0. 0. 0. 0. 0. 0. 0. 0. 0. 0.]
count:  6
2 1.2256862191861728e-13 0 [0. 0. 0. 0. 0. 0. 0. 0. 0. 0. 0. 0. 0. 0. 0. 0. 0. 0. 0. 0.]
count:  0
3 1.0764722446765518e-12 1 [0. 0. 0. 1. 0. 0. 0. 0. 0. 0. 0. 0. 0. 0. 0. 0. 0. 0. 0. 0.]
count:  6
4 7.72715225139109e-14 0 [0. 0. 0. 1. 0. 0. 0. 0. 0. 0. 0. 0. 0. 0. 0. 0. 0. 0. 0. 0.]
count:  4
5 5.329070518200751e-13 1 [0. 0. 0. 1. 0. 1. 0. 0. 0. 0. 0. 0. 0. 0. 0. 0. 0. 0. 0. 0.]
count:  6
6 -1.4210854715202004e-13 0 [0. 0. 0. 1. 0. 1. 0. 0. 0. 0. 0. 0. 0. 0. 0. 0. 0. 0. 0. 0.]
count:  6
7 -1.1546319456101628e-13 0 [0. 0. 0. 1. 0. 1. 0. 0. 0. 0. 0. 0. 0. 0. 0. 0. 0. 0. 0. 0.]
count:  6
8 -1.341149413747189e-13 0 [0. 0. 0. 1. 0. 1. 0. 0. 0. 0. 0. 0. 0. 0. 0. 0. 0. 0. 0. 0.]
count:  6
9 2.1316282072803006e-14 0 [0. 0. 0. 1. 0. 1. 0. 0. 0. 0. 0. 0. 0. 0. 0. 0. 0. 0. 0. 0.]
count:  6
10 4.867217739956686e-13 0 [0. 0. 0. 1. 0. 1. 0. 0. 0. 0. 0. 0. 0. 0. 0. 0. 0. 0. 0. 0.]
count:  6
11 3.7214675785435247e-13 0 [0. 0. 0. 1. 0. 1. 0. 0. 0. 0. 0. 0. 0. 0. 0. 0. 0. 0. 0. 0.]
count:  6
12 2.149391775674303e-13 0 [0. 0. 0. 1. 0. 1. 0. 0. 0. 0. 0. 0. 0. 0. 0. 0. 0. 0. 0. 0.]
count:  6
13 5.631051180898794e-13 0 [0. 0. 0. 1. 0. 1. 0. 0. 0. 0. 0. 0. 0. 0. 0. 0. 0. 0. 0. 0.]
count:  6
14 3.0375701953744283e-13 0 [0. 0. 0. 1. 0. 1. 0. 0. 0. 0. 0. 0. 0. 0. 0. 0. 0. 0. 0. 0.]
count:  6
15 1.0036416142611415e-13 0 [0. 0. 0. 1. 0. 1. 0. 0. 0. 0. 0. 0. 0. 0. 0. 0. 0. 0. 0. 0.]
count:  6
16 1.0746958878371515e-13 0 [0. 0. 0. 1. 0. 1. 0. 0. 0. 0. 0. 0. 0. 0. 0. 0. 0. 0. 0. 0.]
count:  6
17 3.028688411177427e-13 0 [0. 0. 0. 1. 0. 1. 0. 0. 0. 0. 0. 0. 0. 0. 0. 0. 0. 0. 0. 0.]
count:  6
18 -8.881784197001252e-16 0 [0. 0. 0. 1. 0. 1. 0. 0. 0. 0. 0. 0. 0. 0. 0. 0. 0. 0. 0. 0.]
count:  6
19 3.064215547965432e-13 0 [0. 0. 0. 1. 0. 1. 0. 0. 0. 0. 0. 0. 0. 0. 0. 0. 0. 0. 0. 0.]
Reject rate_u:  0.1
Test Power of Baselines (K times): 
[[0.75 0.55 0.05 0.4  0.2  0.2  0.55 0.1  0.15 0.6  0.   0.15 0.25 0.25
  0.4  0.15 0.1  0.   0.   0.  ]]
Average Test Power of Baselines (K times): 
MMD-D:  0.2852941176470588 C2ST-L: 
test power, MMD/varest= [ 2.07754686e-02  1.92721630e-02  9.80566313e-03  3.53431741e-02
  6.44448127e-03  2.47268237e-02 -2.58385259e-02 -1.17375653e-02
 -1.59934960e-02  1.98208478e-03  2.65072017e-02  1.98652745e-02
  1.51997528e-02  2.83871081e-02  2.10210751e-02  1.12823295e-02
  9.88168362e-03  1.64253553e-02 -9.27977021e-05  1.98935586e-02] sum= 0.011657540650339963
-25.576990127563477
count:  6
0 7.815970093361102e-14 0 [0. 0. 0. 0. 0. 0. 0. 0. 0. 0. 0. 0. 0. 0. 0. 0. 0. 0. 0. 0.]
count:  6
1 1.1546319456101628e-13 0 [0. 0. 0. 0. 0. 0. 0. 0. 0. 0. 0. 0. 0. 0. 0. 0. 0. 0. 0. 0.]
count:  6
2 -1.2523315717771766e-13 0 [0. 0. 0. 0. 0. 0. 0. 0. 0. 0. 0. 0. 0. 0. 0. 0. 0. 0. 0. 0.]
count:  6
3 1.3677947663381929e-13 0 [0. 0. 0. 0. 0. 0. 0. 0. 0. 0. 0. 0. 0. 0. 0. 0. 0. 0. 0. 0.]
count:  6
4 -6.572520305780927e-14 0 [0. 0. 0. 0. 0. 0. 0. 0. 0. 0. 0. 0. 0. 0. 0. 0. 0. 0. 0. 0.]
count:  6
5 -1.0658141036401503e-14 0 [0. 0. 0. 0. 0. 0. 0. 0. 0. 0. 0. 0. 0. 0. 0. 0. 0. 0. 0. 0.]
count:  6
6 8.79296635503124e-14 0 [0. 0. 0. 0. 0. 0. 0. 0. 0. 0. 0. 0. 0. 0. 0. 0. 0. 0. 0. 0.]
count:  6
7 1.4210854715202004e-13 0 [0. 0. 0. 0. 0. 0. 0. 0. 0. 0. 0. 0. 0. 0. 0. 0. 0. 0. 0. 0.]
count:  6
8 1.4210854715202004e-14 0 [0. 0. 0. 0. 0. 0. 0. 0. 0. 0. 0. 0. 0. 0. 0. 0. 0. 0. 0. 0.]
count:  6
9 1.2434497875801753e-14 0 [0. 0. 0. 0. 0. 0. 0. 0. 0. 0. 0. 0. 0. 0. 0. 0. 0. 0. 0. 0.]
count:  6
10 -1.3855583347321954e-13 0 [0. 0. 0. 0. 0. 0. 0. 0. 0. 0. 0. 0. 0. 0. 0. 0. 0. 0. 0. 0.]
count:  6
11 2.682298827494378e-13 0 [0. 0. 0. 0. 0. 0. 0. 0. 0. 0. 0. 0. 0. 0. 0. 0. 0. 0. 0. 0.]
count:  4
12 7.94031507211912e-13 1 [0. 0. 0. 0. 0. 0. 0. 0. 0. 0. 0. 0. 1. 0. 0. 0. 0. 0. 0. 0.]
count:  6
13 4.18332035678759e-13 0 [0. 0. 0. 0. 0. 0. 0. 0. 0. 0. 0. 0. 1. 0. 0. 0. 0. 0. 0. 0.]
count:  6
14 1.936228954946273e-13 0 [0. 0. 0. 0. 0. 0. 0. 0. 0. 0. 0. 0. 1. 0. 0. 0. 0. 0. 0. 0.]
count:  6
15 8.881784197001252e-14 0 [0. 0. 0. 0. 0. 0. 0. 0. 0. 0. 0. 0. 1. 0. 0. 0. 0. 0. 0. 0.]
count:  6
16 1.8829382497642655e-13 0 [0. 0. 0. 0. 0. 0. 0. 0. 0. 0. 0. 0. 1. 0. 0. 0. 0. 0. 0. 0.]
count:  6
17 2.7977620220553945e-13 0 [0. 0. 0. 0. 0. 0. 0. 0. 0. 0. 0. 0. 1. 0. 0. 0. 0. 0. 0. 0.]
count:  6
18 4.263256414560601e-13 0 [0. 0. 0. 0. 0. 0. 0. 0. 0. 0. 0. 0. 1. 0. 0. 0. 0. 0. 0. 0.]
count:  6
19 2.6201263381153694e-13 0 [0. 0. 0. 0. 0. 0. 0. 0. 0. 0. 0. 0. 1. 0. 0. 0. 0. 0. 0. 0.]
Reject rate_u:  0.05
Test Power of Baselines (K times): 
[[0.75 0.55 0.05 0.4  0.2  0.2  0.55 0.1  0.15 0.6  0.   0.15 0.25 0.25
  0.4  0.15 0.1  0.05 0.   0.  ]]
Average Test Power of Baselines (K times): 
MMD-D:  0.2722222222222222 C2ST-L: 
test power, MMD/varest= [ 0.00850301  0.00984396 -0.01902091  0.00909683 -0.00842185 -0.00131122
  0.00713334  0.01308414  0.00113557  0.00147909 -0.02421263  0.0185345
  0.03086695  0.0338564   0.01481857  0.00813316  0.01518636  0.0153258
  0.02311774  0.01588874] sum= 0.008651877320881908
-23.08512306213379
count:  6
0 1.5631940186722204e-13 0 [0. 0. 0. 0. 0. 0. 0. 0. 0. 0. 0. 0. 0. 0. 0. 0. 0. 0. 0. 0.]
count:  2
1 6.039613253960852e-13 1 [0. 1. 0. 0. 0. 0. 0. 0. 0. 0. 0. 0. 0. 0. 0. 0. 0. 0. 0. 0.]
count:  6
2 1.0658141036401503e-14 0 [0. 1. 0. 0. 0. 0. 0. 0. 0. 0. 0. 0. 0. 0. 0. 0. 0. 0. 0. 0.]
count:  0
3 1.3598011605608917e-12 1 [0. 1. 0. 1. 0. 0. 0. 0. 0. 0. 0. 0. 0. 0. 0. 0. 0. 0. 0. 0.]
count:  4
4 5.977440764581843e-13 1 [0. 1. 0. 1. 1. 0. 0. 0. 0. 0. 0. 0. 0. 0. 0. 0. 0. 0. 0. 0.]
count:  6
5 3.7836400679225335e-13 0 [0. 1. 0. 1. 1. 0. 0. 0. 0. 0. 0. 0. 0. 0. 0. 0. 0. 0. 0. 0.]
count:  0
6 6.17284001691587e-13 1 [0. 1. 0. 1. 1. 0. 1. 0. 0. 0. 0. 0. 0. 0. 0. 0. 0. 0. 0. 0.]
count:  6
7 -1.5187850976872141e-13 0 [0. 1. 0. 1. 1. 0. 1. 0. 0. 0. 0. 0. 0. 0. 0. 0. 0. 0. 0. 0.]
count:  6
8 9.769962616701378e-15 0 [0. 1. 0. 1. 1. 0. 1. 0. 0. 0. 0. 0. 0. 0. 0. 0. 0. 0. 0. 0.]
count:  2
9 7.256417688950023e-13 1 [0. 1. 0. 1. 1. 0. 1. 0. 0. 1. 0. 0. 0. 0. 0. 0. 0. 0. 0. 0.]
count:  2
10 6.128431095930864e-13 1 [0. 1. 0. 1. 1. 0. 1. 0. 0. 1. 1. 0. 0. 0. 0. 0. 0. 0. 0. 0.]
count:  6
11 3.455014052633487e-13 0 [0. 1. 0. 1. 1. 0. 1. 0. 0. 1. 1. 0. 0. 0. 0. 0. 0. 0. 0. 0.]
count:  6
12 4.662936703425657e-13 0 [0. 1. 0. 1. 1. 0. 1. 0. 0. 1. 1. 0. 0. 0. 0. 0. 0. 0. 0. 0.]
count:  0
13 1.4859224961583095e-12 1 [0. 1. 0. 1. 1. 0. 1. 0. 0. 1. 1. 0. 0. 1. 0. 0. 0. 0. 0. 0.]
count:  1
14 1.0951239914902544e-12 1 [0. 1. 0. 1. 1. 0. 1. 0. 0. 1. 1. 0. 0. 1. 1. 0. 0. 0. 0. 0.]
count:  6
15 1.7141843500212417e-13 0 [0. 1. 0. 1. 1. 0. 1. 0. 0. 1. 1. 0. 0. 1. 1. 0. 0. 0. 0. 0.]
count:  6
16 1.0036416142611415e-13 0 [0. 1. 0. 1. 1. 0. 1. 0. 0. 1. 1. 0. 0. 1. 1. 0. 0. 0. 0. 0.]
count:  6
17 1.7053025658242404e-13 0 [0. 1. 0. 1. 1. 0. 1. 0. 0. 1. 1. 0. 0. 1. 1. 0. 0. 0. 0. 0.]
count:  6
18 -1.509903313490213e-13 0 [0. 1. 0. 1. 1. 0. 1. 0. 0. 1. 1. 0. 0. 1. 1. 0. 0. 0. 0. 0.]
count:  6
19 5.861977570020827e-14 0 [0. 1. 0. 1. 1. 0. 1. 0. 0. 1. 1. 0. 0. 1. 1. 0. 0. 0. 0. 0.]
Reject rate_u:  0.4
Test Power of Baselines (K times): 
[[0.75 0.55 0.05 0.4  0.2  0.2  0.55 0.1  0.15 0.6  0.   0.15 0.25 0.25
  0.4  0.15 0.1  0.05 0.4  0.  ]]
Average Test Power of Baselines (K times): 
MMD-D:  0.2789473684210526 C2ST-L: 
test power, MMD/varest= [ 0.00898211  0.02760235  0.00136515  0.04161206  0.02544984  0.01728828
  0.02528929 -0.01739149  0.00070031  0.03023218  0.02497038  0.01865365
  0.02478315  0.04296653  0.03442025  0.00972897  0.0081947   0.01087293
 -0.01409554  0.00527433] sum= 0.016344972245942068
-23.310199737548828
count:  4
0 6.24389429049188e-13 1 [1. 0. 0. 0. 0. 0. 0. 0. 0. 0. 0. 0. 0. 0. 0. 0. 0. 0. 0. 0.]
count:  1
1 1.850075648235361e-12 1 [1. 1. 0. 0. 0. 0. 0. 0. 0. 0. 0. 0. 0. 0. 0. 0. 0. 0. 0. 0.]
count:  0
2 1.4157564010019996e-12 1 [1. 1. 1. 0. 0. 0. 0. 0. 0. 0. 0. 0. 0. 0. 0. 0. 0. 0. 0. 0.]
count:  1
3 1.0382805726294464e-12 1 [1. 1. 1. 1. 0. 0. 0. 0. 0. 0. 0. 0. 0. 0. 0. 0. 0. 0. 0. 0.]
count:  6
4 2.753353101070388e-13 0 [1. 1. 1. 1. 0. 0. 0. 0. 0. 0. 0. 0. 0. 0. 0. 0. 0. 0. 0. 0.]
count:  6
5 4.289901767151605e-13 0 [1. 1. 1. 1. 0. 0. 0. 0. 0. 0. 0. 0. 0. 0. 0. 0. 0. 0. 0. 0.]
count:  6
6 5.3290705182007514e-14 0 [1. 1. 1. 1. 0. 0. 0. 0. 0. 0. 0. 0. 0. 0. 0. 0. 0. 0. 0. 0.]
count:  6
7 1.9806378759312793e-13 0 [1. 1. 1. 1. 0. 0. 0. 0. 0. 0. 0. 0. 0. 0. 0. 0. 0. 0. 0. 0.]
count:  4
8 6.981082378842984e-13 1 [1. 1. 1. 1. 0. 0. 0. 0. 1. 0. 0. 0. 0. 0. 0. 0. 0. 0. 0. 0.]
count:  6
9 3.455014052633487e-13 0 [1. 1. 1. 1. 0. 0. 0. 0. 1. 0. 0. 0. 0. 0. 0. 0. 0. 0. 0. 0.]
count:  6
10 0.0 0 [1. 1. 1. 1. 0. 0. 0. 0. 1. 0. 0. 0. 0. 0. 0. 0. 0. 0. 0. 0.]
count:  0
11 1.284305994886381e-12 1 [1. 1. 1. 1. 0. 0. 0. 0. 1. 0. 0. 1. 0. 0. 0. 0. 0. 0. 0. 0.]
count:  0
12 1.7035262089848402e-12 1 [1. 1. 1. 1. 0. 0. 0. 0. 1. 0. 0. 1. 1. 0. 0. 0. 0. 0. 0. 0.]
count:  6
13 2.851052727237402e-13 0 [1. 1. 1. 1. 0. 0. 0. 0. 1. 0. 0. 1. 1. 0. 0. 0. 0. 0. 0. 0.]
count:  0
14 2.2213342276700132e-12 1 [1. 1. 1. 1. 0. 0. 0. 0. 1. 0. 0. 1. 1. 0. 1. 0. 0. 0. 0. 0.]
count:  1
15 1.326938559031987e-12 1 [1. 1. 1. 1. 0. 0. 0. 0. 1. 0. 0. 1. 1. 0. 1. 1. 0. 0. 0. 0.]
count:  6
16 -1.7763568394002505e-14 0 [1. 1. 1. 1. 0. 0. 0. 0. 1. 0. 0. 1. 1. 0. 1. 1. 0. 0. 0. 0.]
count:  5
17 5.062616992290714e-13 1 [1. 1. 1. 1. 0. 0. 0. 0. 1. 0. 0. 1. 1. 0. 1. 1. 0. 1. 0. 0.]
count:  1
18 1.149302875091962e-12 1 [1. 1. 1. 1. 0. 0. 0. 0. 1. 0. 0. 1. 1. 0. 1. 1. 0. 1. 1. 0.]
count:  6
19 1.7852386235972517e-13 0 [1. 1. 1. 1. 0. 0. 0. 0. 1. 0. 0. 1. 1. 0. 1. 1. 0. 1. 1. 0.]
Reject rate_u:  0.55
Test Power of Baselines (K times): 
[[0.75 0.55 0.05 0.4  0.2  0.2  0.55 0.1  0.15 0.6  0.   0.15 0.25 0.25
  0.4  0.15 0.1  0.05 0.4  0.55]]
Average Test Power of Baselines (K times): 
MMD-D:  0.2925 C2ST-L: 
test power, MMD/varest= [ 0.02726114  0.05259327  0.04368565  0.0414094   0.01888987  0.02584855
  0.00472114  0.01644262  0.02810461  0.01957063  0.          0.04171204
  0.04755518  0.01614518  0.0540984   0.04125363 -0.00145249  0.02490384
  0.03934941  0.01699399] sum= 0.027954302846420098
