Namespace(K=2, N=20, N_per=100, bandwidths=[1.0, None, None], batch_size=100, filter_sizes=[3, 3, 2], g_activs=['cos', 'relu', 'relu'], init_stdvs=[None, 1.0, 1.0], kernel_type='ntk', mode='type2', n=400, poolings=['st2', 'st2', 'st2'], run_id=0, top_dir='/scratch/hdd001/home/sheng/NTKTST_test', use_components=None, widths=[300, 300, 300])
400
[300, 300, 300]
-23.220361709594727
count:  0
0 1.2105374480597675e-09 1 [1. 0. 0. 0. 0. 0. 0. 0. 0. 0. 0. 0. 0. 0. 0. 0. 0. 0. 0. 0.]
count:  0
1 1.0732037480920553e-09 1 [1. 1. 0. 0. 0. 0. 0. 0. 0. 0. 0. 0. 0. 0. 0. 0. 0. 0. 0. 0.]
count:  0
2 9.567884262651205e-10 1 [1. 1. 1. 0. 0. 0. 0. 0. 0. 0. 0. 0. 0. 0. 0. 0. 0. 0. 0. 0.]
count:  0
3 1.0359144653193653e-09 1 [1. 1. 1. 1. 0. 0. 0. 0. 0. 0. 0. 0. 0. 0. 0. 0. 0. 0. 0. 0.]
count:  0
4 1.7535057850182056e-09 1 [1. 1. 1. 1. 1. 0. 0. 0. 0. 0. 0. 0. 0. 0. 0. 0. 0. 0. 0. 0.]
count:  1
5 6.857590051367879e-10 1 [1. 1. 1. 1. 1. 1. 0. 0. 0. 0. 0. 0. 0. 0. 0. 0. 0. 0. 0. 0.]
count:  0
6 8.221832104027271e-10 1 [1. 1. 1. 1. 1. 1. 1. 0. 0. 0. 0. 0. 0. 0. 0. 0. 0. 0. 0. 0.]
count:  0
7 1.3606040738523006e-09 1 [1. 1. 1. 1. 1. 1. 1. 1. 0. 0. 0. 0. 0. 0. 0. 0. 0. 0. 0. 0.]
count:  6
8 3.3287506084889174e-10 0 [1. 1. 1. 1. 1. 1. 1. 1. 0. 0. 0. 0. 0. 0. 0. 0. 0. 0. 0. 0.]
count:  1
9 1.1841621017083526e-09 1 [1. 1. 1. 1. 1. 1. 1. 1. 0. 1. 0. 0. 0. 0. 0. 0. 0. 0. 0. 0.]
count:  0
10 7.867129170335829e-10 1 [1. 1. 1. 1. 1. 1. 1. 1. 0. 1. 1. 0. 0. 0. 0. 0. 0. 0. 0. 0.]
count:  1
11 7.748894859105349e-10 1 [1. 1. 1. 1. 1. 1. 1. 1. 0. 1. 1. 1. 0. 0. 0. 0. 0. 0. 0. 0.]
count:  0
12 1.089574652723968e-09 1 [1. 1. 1. 1. 1. 1. 1. 1. 0. 1. 1. 1. 1. 0. 0. 0. 0. 0. 0. 0.]
count:  1
13 7.8580342233181e-10 1 [1. 1. 1. 1. 1. 1. 1. 1. 0. 1. 1. 1. 1. 1. 0. 0. 0. 0. 0. 0.]
count:  0
14 1.002263161353767e-09 1 [1. 1. 1. 1. 1. 1. 1. 1. 0. 1. 1. 1. 1. 1. 1. 0. 0. 0. 0. 0.]
count:  6
15 2.710294211283326e-10 0 [1. 1. 1. 1. 1. 1. 1. 1. 0. 1. 1. 1. 1. 1. 1. 0. 0. 0. 0. 0.]
count:  1
16 7.503331289626658e-10 1 [1. 1. 1. 1. 1. 1. 1. 1. 0. 1. 1. 1. 1. 1. 1. 0. 1. 0. 0. 0.]
count:  3
17 5.675246939063072e-10 1 [1. 1. 1. 1. 1. 1. 1. 1. 0. 1. 1. 1. 1. 1. 1. 0. 1. 1. 0. 0.]
count:  6
18 4.383764462545514e-10 0 [1. 1. 1. 1. 1. 1. 1. 1. 0. 1. 1. 1. 1. 1. 1. 0. 1. 1. 0. 0.]
count:  1
19 6.866684998385608e-10 1 [1. 1. 1. 1. 1. 1. 1. 1. 0. 1. 1. 1. 1. 1. 1. 0. 1. 1. 0. 1.]
Reject rate_u:  0.85
Test Power of Baselines (K times): 
[[0.85 0.  ]]
Average Test Power of Baselines (K times): 
MMD-D:  0.85 C2ST-L: 
[1.0, None, None]
test power, MMD/varest= [0.08280688 0.08474144 0.0803655  0.0825327  0.11146138 0.06847869
 0.06733735 0.10301104 0.0408499  0.09374378 0.06791745 0.05960111
 0.08816893 0.07458036 0.08123087 0.04167973 0.07663471 0.06084838
 0.05189779 0.06494474] sum= 0.07414163661756117
-23.34714126586914
count:  2
0 5.566107574850321e-10 1 [1. 0. 0. 0. 0. 0. 0. 0. 0. 0. 0. 0. 0. 0. 0. 0. 0. 0. 0. 0.]
count:  5
1 6.093614501878619e-10 1 [1. 1. 0. 0. 0. 0. 0. 0. 0. 0. 0. 0. 0. 0. 0. 0. 0. 0. 0. 0.]
count:  6
2 2.2282620193436742e-10 0 [1. 1. 0. 0. 0. 0. 0. 0. 0. 0. 0. 0. 0. 0. 0. 0. 0. 0. 0. 0.]
count:  0
3 9.595169103704393e-10 1 [1. 1. 0. 1. 0. 0. 0. 0. 0. 0. 0. 0. 0. 0. 0. 0. 0. 0. 0. 0.]
count:  5
4 5.402398528531194e-10 1 [1. 1. 0. 1. 1. 0. 0. 0. 0. 0. 0. 0. 0. 0. 0. 0. 0. 0. 0. 0.]
count:  6
5 1.6279955161735415e-10 0 [1. 1. 0. 1. 1. 0. 0. 0. 0. 0. 0. 0. 0. 0. 0. 0. 0. 0. 0. 0.]
count:  2
6 7.548806024715304e-10 1 [1. 1. 0. 1. 1. 0. 1. 0. 0. 0. 0. 0. 0. 0. 0. 0. 0. 0. 0. 0.]
count:  6
7 3.092281986027956e-11 0 [1. 1. 0. 1. 1. 0. 1. 0. 0. 0. 0. 0. 0. 0. 0. 0. 0. 0. 0. 0.]
count:  3
8 6.139089236967266e-10 1 [1. 1. 0. 1. 1. 0. 1. 0. 1. 0. 0. 0. 0. 0. 0. 0. 0. 0. 0. 0.]
count:  0
9 1.4861143426969647e-09 1 [1. 1. 0. 1. 1. 0. 1. 0. 1. 1. 0. 0. 0. 0. 0. 0. 0. 0. 0. 0.]
count:  0
10 1.0695657692849636e-09 1 [1. 1. 0. 1. 1. 0. 1. 0. 1. 1. 1. 0. 0. 0. 0. 0. 0. 0. 0. 0.]
count:  6
11 5.338733899407089e-10 0 [1. 1. 0. 1. 1. 0. 1. 0. 1. 1. 1. 0. 0. 0. 0. 0. 0. 0. 0. 0.]
count:  6
12 3.92901711165905e-10 0 [1. 1. 0. 1. 1. 0. 1. 0. 1. 1. 1. 0. 0. 0. 0. 0. 0. 0. 0. 0.]
count:  1
13 9.12223185878247e-10 1 [1. 1. 0. 1. 1. 0. 1. 0. 1. 1. 1. 0. 0. 1. 0. 0. 0. 0. 0. 0.]
count:  0
14 1.6389094525948167e-09 1 [1. 1. 0. 1. 1. 0. 1. 0. 1. 1. 1. 0. 0. 1. 1. 0. 0. 0. 0. 0.]
count:  6
15 3.765308065339923e-10 0 [1. 1. 0. 1. 1. 0. 1. 0. 1. 1. 1. 0. 0. 1. 1. 0. 0. 0. 0. 0.]
count:  6
16 3.9199221646413207e-10 0 [1. 1. 0. 1. 1. 0. 1. 0. 1. 1. 1. 0. 0. 1. 1. 0. 0. 0. 0. 0.]
count:  6
17 4.2291503632441163e-10 0 [1. 1. 0. 1. 1. 0. 1. 0. 1. 1. 1. 0. 0. 1. 1. 0. 0. 0. 0. 0.]
count:  1
18 6.657501216977835e-10 1 [1. 1. 0. 1. 1. 0. 1. 0. 1. 1. 1. 0. 0. 1. 1. 0. 0. 0. 1. 0.]
count:  0
19 8.758433978073299e-10 1 [1. 1. 0. 1. 1. 0. 1. 0. 1. 1. 1. 0. 0. 1. 1. 0. 0. 0. 1. 1.]
Reject rate_u:  0.6
Test Power of Baselines (K times): 
[[0.85 0.6 ]]
Average Test Power of Baselines (K times): 
MMD-D:  0.725 C2ST-L: 
[1.0, None, None]
test power, MMD/varest= [0.05513767 0.05979616 0.02550234 0.08655164 0.04753034 0.02086243
 0.06972903 0.00328025 0.06342123 0.1093416  0.09037004 0.05165243
 0.04677622 0.0742351  0.12849244 0.04280665 0.04087891 0.04540324
 0.05975759 0.07989932] sum= 0.060071231087872136
