Namespace(K=2, N=20, N_per=100, bandwidths=[1.0, None, None], batch_size=100, filter_sizes=[3, 3, 3], g_activs=['cos', 'relu', 'relu'], init_stdvs=[None, 1.0, 1.0], kernel_type='ntk', mode='type2', n=400, poolings=['st3', 'st3', 'st3'], run_id=0, top_dir='/scratch/hdd001/home/sheng/NTKTST_test', use_components=None, widths=[300, 300, 300])
400
[300, 300, 300]
-23.220361709594727
count:  0
0 8.185452315956354e-10 1 [1. 0. 0. 0. 0. 0. 0. 0. 0. 0. 0. 0. 0. 0. 0. 0. 0. 0. 0. 0.]
count:  6
1 3.3014657674357295e-10 0 [1. 0. 0. 0. 0. 0. 0. 0. 0. 0. 0. 0. 0. 0. 0. 0. 0. 0. 0. 0.]
count:  2
2 6.402842700481415e-10 1 [1. 0. 1. 0. 0. 0. 0. 0. 0. 0. 0. 0. 0. 0. 0. 0. 0. 0. 0. 0.]
count:  6
3 1.0913936421275139e-10 0 [1. 0. 1. 0. 0. 0. 0. 0. 0. 0. 0. 0. 0. 0. 0. 0. 0. 0. 0. 0.]
count:  3
4 5.993570084683597e-10 1 [1. 0. 1. 0. 1. 0. 0. 0. 0. 0. 0. 0. 0. 0. 0. 0. 0. 0. 0. 0.]
count:  0
5 1.5252226148732007e-09 1 [1. 0. 1. 0. 1. 1. 0. 0. 0. 0. 0. 0. 0. 0. 0. 0. 0. 0. 0. 0.]
count:  4
6 6.511982064694166e-10 1 [1. 0. 1. 0. 1. 1. 1. 0. 0. 0. 0. 0. 0. 0. 0. 0. 0. 0. 0. 0.]
count:  3
7 6.08451955486089e-10 1 [1. 0. 1. 0. 1. 1. 1. 1. 0. 0. 0. 0. 0. 0. 0. 0. 0. 0. 0. 0.]
count:  0
8 7.60337570682168e-10 1 [1. 0. 1. 0. 1. 1. 1. 1. 1. 0. 0. 0. 0. 0. 0. 0. 0. 0. 0. 0.]
count:  6
9 2.701199264265597e-10 0 [1. 0. 1. 0. 1. 1. 1. 1. 1. 0. 0. 0. 0. 0. 0. 0. 0. 0. 0. 0.]
count:  3
10 4.2291503632441163e-10 1 [1. 0. 1. 0. 1. 1. 1. 1. 1. 0. 1. 0. 0. 0. 0. 0. 0. 0. 0. 0.]
count:  4
11 4.756657290272415e-10 1 [1. 0. 1. 0. 1. 1. 1. 1. 1. 0. 1. 1. 0. 0. 0. 0. 0. 0. 0. 0.]
count:  0
12 9.340510587207973e-10 1 [1. 0. 1. 0. 1. 1. 1. 1. 1. 0. 1. 1. 1. 0. 0. 0. 0. 0. 0. 0.]
count:  6
13 8.822098607197404e-11 0 [1. 0. 1. 0. 1. 1. 1. 1. 1. 0. 1. 1. 1. 0. 0. 0. 0. 0. 0. 0.]
count:  2
14 5.784386303275824e-10 1 [1. 0. 1. 0. 1. 1. 1. 1. 1. 0. 1. 1. 1. 0. 1. 0. 0. 0. 0. 0.]
count:  4
15 4.474713932722807e-10 1 [1. 0. 1. 0. 1. 1. 1. 1. 1. 0. 1. 1. 1. 0. 1. 1. 0. 0. 0. 0.]
count:  0
16 8.985807653516531e-10 1 [1. 0. 1. 0. 1. 1. 1. 1. 1. 0. 1. 1. 1. 0. 1. 1. 1. 0. 0. 0.]
count:  6
17 2.7830537874251604e-10 0 [1. 0. 1. 0. 1. 1. 1. 1. 1. 0. 1. 1. 1. 0. 1. 1. 1. 0. 0. 0.]
count:  6
18 2.5556801119819283e-10 0 [1. 0. 1. 0. 1. 1. 1. 1. 1. 0. 1. 1. 1. 0. 1. 1. 1. 0. 0. 0.]
count:  6
19 4.5201886678114533e-10 0 [1. 0. 1. 0. 1. 1. 1. 1. 1. 0. 1. 1. 1. 0. 1. 1. 1. 0. 0. 0.]
Reject rate_u:  0.65
Test Power of Baselines (K times): 
[[0.65 0.  ]]
Average Test Power of Baselines (K times): 
MMD-D:  0.65 C2ST-L: 
[1.0, None, None]
test power, MMD/varest= [0.0943088  0.05224828 0.06877832 0.01828564 0.07992272 0.11980611
 0.06583793 0.0780858  0.08493385 0.04067162 0.05496805 0.06385265
 0.0966921  0.01689367 0.06588084 0.05726705 0.09233699 0.03903425
 0.03607238 0.05074957] sum= 0.06383133118289394
-23.34714126586914
count:  2
0 6.129994289949536e-10 1 [1. 0. 0. 0. 0. 0. 0. 0. 0. 0. 0. 0. 0. 0. 0. 0. 0. 0. 0. 0.]
count:  6
1 1.4279066817834973e-10 0 [1. 0. 0. 0. 0. 0. 0. 0. 0. 0. 0. 0. 0. 0. 0. 0. 0. 0. 0. 0.]
count:  4
2 5.802576197311282e-10 1 [1. 0. 1. 0. 0. 0. 0. 0. 0. 0. 0. 0. 0. 0. 0. 0. 0. 0. 0. 0.]
count:  0
3 1.1705196811817586e-09 1 [1. 0. 1. 1. 0. 0. 0. 0. 0. 0. 0. 0. 0. 0. 0. 0. 0. 0. 0. 0.]
count:  5
4 4.2291503632441163e-10 1 [1. 0. 1. 1. 1. 0. 0. 0. 0. 0. 0. 0. 0. 0. 0. 0. 0. 0. 0. 0.]
count:  6
5 -9.822542779147625e-11 0 [1. 0. 1. 1. 1. 0. 0. 0. 0. 0. 0. 0. 0. 0. 0. 0. 0. 0. 0. 0.]
count:  6
6 3.738023224286735e-10 0 [1. 0. 1. 1. 1. 0. 0. 0. 0. 0. 0. 0. 0. 0. 0. 0. 0. 0. 0. 0.]
count:  6
7 3.738023224286735e-10 0 [1. 0. 1. 1. 1. 0. 0. 0. 0. 0. 0. 0. 0. 0. 0. 0. 0. 0. 0. 0.]
count:  6
8 1.6370904631912708e-11 0 [1. 0. 1. 1. 1. 0. 0. 0. 0. 0. 0. 0. 0. 0. 0. 0. 0. 0. 0. 0.]
count:  0
9 6.33917807135731e-10 1 [1. 0. 1. 1. 1. 0. 0. 0. 0. 1. 0. 0. 0. 0. 0. 0. 0. 0. 0. 0.]
count:  1
10 5.775291356258094e-10 1 [1. 0. 1. 1. 1. 0. 0. 0. 0. 1. 1. 0. 0. 0. 0. 0. 0. 0. 0. 0.]
count:  6
11 3.583409124985337e-10 0 [1. 0. 1. 1. 1. 0. 0. 0. 0. 1. 1. 0. 0. 0. 0. 0. 0. 0. 0. 0.]
count:  6
12 0.0 0 [1. 0. 1. 1. 1. 0. 0. 0. 0. 1. 1. 0. 0. 0. 0. 0. 0. 0. 0. 0.]
count:  2
13 4.965841071680188e-10 1 [1. 0. 1. 1. 1. 0. 0. 0. 0. 1. 1. 0. 0. 1. 0. 0. 0. 0. 0. 0.]
count:  4
14 6.020854925736785e-10 1 [1. 0. 1. 1. 1. 0. 0. 0. 0. 1. 1. 0. 0. 1. 1. 0. 0. 0. 0. 0.]
count:  6
15 6.548361852765083e-11 0 [1. 0. 1. 1. 1. 0. 0. 0. 0. 1. 1. 0. 0. 1. 1. 0. 0. 0. 0. 0.]
count:  6
16 2.828528522513807e-10 0 [1. 0. 1. 1. 1. 0. 0. 0. 0. 1. 1. 0. 0. 1. 1. 0. 0. 0. 0. 0.]
count:  2
17 7.939888746477664e-10 1 [1. 0. 1. 1. 1. 0. 0. 0. 0. 1. 1. 0. 0. 1. 1. 0. 0. 1. 0. 0.]
count:  2
18 6.011759978719056e-10 1 [1. 0. 1. 1. 1. 0. 0. 0. 0. 1. 1. 0. 0. 1. 1. 0. 0. 1. 1. 0.]
count:  6
19 3.4287950256839395e-10 0 [1. 0. 1. 1. 1. 0. 0. 0. 0. 1. 1. 0. 0. 1. 1. 0. 0. 1. 1. 0.]
Reject rate_u:  0.5
Test Power of Baselines (K times): 
[[0.65 0.5 ]]
Average Test Power of Baselines (K times): 
MMD-D:  0.575 C2ST-L: 
[1.0, None, None]
test power, MMD/varest= [ 0.06624997  0.02243508  0.06585953  0.10714814  0.05378423 -0.01622335
  0.05403705  0.04301372  0.00268616  0.08037396  0.06271969  0.05513725
  0.          0.06008275  0.05766207  0.01152574  0.04138122  0.09134655
  0.07409711  0.04708703] sum= 0.04902019638459772
