Namespace(K=2, N=20, N_per=100, bandwidths=[1.0, None, None, None], batch_size=100, filter_sizes=[3, 3, 2, 2], g_activs=['cos', 'relu', 'relu', 'relu'], init_stdvs=[None, 1.0, 1.0, 1.0], kernel_type='ntk', mode='type2', n=400, poolings=['st2', 'st2', 'st2', 'st2'], run_id=0, top_dir='/scratch/hdd001/home/sheng/NTKTST_test', use_components=None, widths=[300, 300, 300, 300])
400
[300, 300, 300, 300]
-23.220361709594727
count:  0
0 5.002220859751105e-12 1 [1. 0. 0. 0. 0. 0. 0. 0. 0. 0. 0. 0. 0. 0. 0. 0. 0. 0. 0. 0.]
count:  0
1 3.595346242946107e-12 1 [1. 1. 0. 0. 0. 0. 0. 0. 0. 0. 0. 0. 0. 0. 0. 0. 0. 0. 0. 0.]
count:  0
2 3.8333780594257405e-12 1 [1. 1. 1. 0. 0. 0. 0. 0. 0. 0. 0. 0. 0. 0. 0. 0. 0. 0. 0. 0.]
count:  6
3 9.521272659185342e-13 0 [1. 1. 1. 0. 0. 0. 0. 0. 0. 0. 0. 0. 0. 0. 0. 0. 0. 0. 0. 0.]
count:  0
4 6.149747378003667e-12 1 [1. 1. 1. 0. 1. 0. 0. 0. 0. 0. 0. 0. 0. 0. 0. 0. 0. 0. 0. 0.]
count:  0
5 5.336175945558352e-12 1 [1. 1. 1. 0. 1. 1. 0. 0. 0. 0. 0. 0. 0. 0. 0. 0. 0. 0. 0. 0.]
count:  6
6 2.3945290195115376e-12 0 [1. 1. 1. 0. 1. 1. 0. 0. 0. 0. 0. 0. 0. 0. 0. 0. 0. 0. 0. 0.]
count:  6
7 7.780442956573097e-13 0 [1. 1. 1. 0. 1. 1. 0. 0. 0. 0. 0. 0. 0. 0. 0. 0. 0. 0. 0. 0.]
count:  1
8 2.9238833576528123e-12 1 [1. 1. 1. 0. 1. 1. 0. 0. 1. 0. 0. 0. 0. 0. 0. 0. 0. 0. 0. 0.]
count:  6
9 1.588063014423824e-12 0 [1. 1. 1. 0. 1. 1. 0. 0. 1. 0. 0. 0. 0. 0. 0. 0. 0. 0. 0. 0.]
count:  0
10 6.014744258209248e-12 1 [1. 1. 1. 0. 1. 1. 0. 0. 1. 0. 1. 0. 0. 0. 0. 0. 0. 0. 0. 0.]
count:  0
11 4.472866521609831e-12 1 [1. 1. 1. 0. 1. 1. 0. 0. 1. 0. 1. 1. 0. 0. 0. 0. 0. 0. 0. 0.]
count:  0
12 6.036060540282051e-12 1 [1. 1. 1. 0. 1. 1. 0. 0. 1. 0. 1. 1. 1. 0. 0. 0. 0. 0. 0. 0.]
count:  4
13 1.644906433284632e-12 1 [1. 1. 1. 0. 1. 1. 0. 0. 1. 0. 1. 1. 1. 1. 0. 0. 0. 0. 0. 0.]
count:  0
14 4.440892098500626e-12 1 [1. 1. 1. 0. 1. 1. 0. 0. 1. 0. 1. 1. 1. 1. 1. 0. 0. 0. 0. 0.]
count:  6
15 1.0977885267493548e-12 0 [1. 1. 1. 0. 1. 1. 0. 0. 1. 0. 1. 1. 1. 1. 1. 0. 0. 0. 0. 0.]
count:  2
16 2.7178259642823832e-12 1 [1. 1. 1. 0. 1. 1. 0. 0. 1. 0. 1. 1. 1. 1. 1. 0. 1. 0. 0. 0.]
count:  4
17 2.8954616482224083e-12 1 [1. 1. 1. 0. 1. 1. 0. 0. 1. 0. 1. 1. 1. 1. 1. 0. 1. 1. 0. 0.]
count:  6
18 -7.496225862269057e-13 0 [1. 1. 1. 0. 1. 1. 0. 0. 1. 0. 1. 1. 1. 1. 1. 0. 1. 1. 0. 0.]
count:  6
19 1.7692514120426495e-12 0 [1. 1. 1. 0. 1. 1. 0. 0. 1. 0. 1. 1. 1. 1. 1. 0. 1. 1. 0. 0.]
Reject rate_u:  0.65
Test Power of Baselines (K times): 
[[0.65 0.  ]]
Average Test Power of Baselines (K times): 
MMD-D:  0.65 C2ST-L: 
[1.0, None, None, None]
test power, MMD/varest= [ 0.10098624  0.08082316  0.09027978  0.03225376  0.11022671  0.09349894
  0.06613094  0.02667695  0.08019207  0.04832993  0.10912735  0.09151359
  0.11045197  0.04776355  0.10326539  0.03512477  0.06337868  0.05711283
 -0.03557292  0.04364774] sum= 0.067760571504295
-23.34714126586914
count:  6
0 -2.948752353404416e-13 0 [0. 0. 0. 0. 0. 0. 0. 0. 0. 0. 0. 0. 0. 0. 0. 0. 0. 0. 0. 0.]
count:  6
1 8.917311333789257e-13 0 [0. 0. 0. 0. 0. 0. 0. 0. 0. 0. 0. 0. 0. 0. 0. 0. 0. 0. 0. 0.]
count:  0
2 4.39825953435502e-12 1 [0. 0. 1. 0. 0. 0. 0. 0. 0. 0. 0. 0. 0. 0. 0. 0. 0. 0. 0. 0.]
count:  1
3 3.5846881019097054e-12 1 [0. 0. 1. 1. 0. 0. 0. 0. 0. 0. 0. 0. 0. 0. 0. 0. 0. 0. 0. 0.]
count:  6
4 1.8545165403338615e-12 0 [0. 0. 1. 1. 0. 0. 0. 0. 0. 0. 0. 0. 0. 0. 0. 0. 0. 0. 0. 0.]
count:  6
5 -2.3092638912203256e-13 0 [0. 0. 1. 1. 0. 0. 0. 0. 0. 0. 0. 0. 0. 0. 0. 0. 0. 0. 0. 0.]
count:  0
6 2.7142732506035827e-12 1 [0. 0. 1. 1. 0. 0. 1. 0. 0. 0. 0. 0. 0. 0. 0. 0. 0. 0. 0. 0.]
count:  6
7 -4.511946372076636e-13 0 [0. 0. 1. 1. 0. 0. 1. 0. 0. 0. 0. 0. 0. 0. 0. 0. 0. 0. 0. 0.]
count:  6
8 1.8474111129762605e-13 0 [0. 0. 1. 1. 0. 0. 1. 0. 0. 0. 0. 0. 0. 0. 0. 0. 0. 0. 0. 0.]
count:  6
9 1.8545165403338615e-12 0 [0. 0. 1. 1. 0. 0. 1. 0. 0. 0. 0. 0. 0. 0. 0. 0. 0. 0. 0. 0.]
count:  6
10 5.684341886080802e-14 0 [0. 0. 1. 1. 0. 0. 1. 0. 0. 0. 0. 0. 0. 0. 0. 0. 0. 0. 0. 0.]
count:  6
11 4.511946372076636e-13 0 [0. 0. 1. 1. 0. 0. 1. 0. 0. 0. 0. 0. 0. 0. 0. 0. 0. 0. 0. 0.]
count:  6
12 9.450218385609332e-13 0 [0. 0. 1. 1. 0. 0. 1. 0. 0. 0. 0. 0. 0. 0. 0. 0. 0. 0. 0. 0.]
count:  0
13 4.32365254710021e-12 1 [0. 0. 1. 1. 0. 0. 1. 0. 0. 0. 0. 0. 0. 1. 0. 0. 0. 0. 0. 0.]
count:  3
14 2.3234747459355276e-12 1 [0. 0. 1. 1. 0. 0. 1. 0. 0. 0. 0. 0. 0. 1. 1. 0. 0. 0. 0. 0.]
count:  1
15 2.5508484213787597e-12 1 [0. 0. 1. 1. 0. 0. 1. 0. 0. 0. 0. 0. 0. 1. 1. 1. 0. 0. 0. 0.]
count:  6
16 8.526512829121202e-14 0 [0. 0. 1. 1. 0. 0. 1. 0. 0. 0. 0. 0. 0. 1. 1. 1. 0. 0. 0. 0.]
count:  6
17 1.4352963262354024e-12 0 [0. 0. 1. 1. 0. 0. 1. 0. 0. 0. 0. 0. 0. 1. 1. 1. 0. 0. 0. 0.]
count:  1
18 3.1441516057384433e-12 1 [0. 0. 1. 1. 0. 0. 1. 0. 0. 0. 0. 0. 0. 1. 1. 1. 0. 0. 1. 0.]
count:  6
19 1.8118839761882555e-12 0 [0. 0. 1. 1. 0. 0. 1. 0. 0. 0. 0. 0. 0. 1. 1. 1. 0. 0. 1. 0.]
Reject rate_u:  0.35
Test Power of Baselines (K times): 
[[0.65 0.35]]
Average Test Power of Baselines (K times): 
MMD-D:  0.5 C2ST-L: 
[1.0, None, None, None]
test power, MMD/varest= [-0.01009966  0.02924155  0.08269644  0.0782807   0.0437918  -0.00923709
  0.06707377 -0.01926235  0.00727204  0.04619257  0.00240689  0.01648266
  0.02652741  0.09063295  0.06384713  0.07635864  0.00310939  0.04139048
  0.06746028  0.0545666 ] sum= 0.03793661148474535
