Namespace(K=2, N=20, N_per=100, bandwidths=[1.0, None, None, None], batch_size=100, filter_sizes=[3, 3, 2, 2], g_activs=['cos', 'relu', 'relu', 'relu'], init_stdvs=[None, 1.0, 1.0, 1.0], kernel_type='ntk', mode='type2', n=400, poolings=['st3', 'st3', 'st3', 'st3'], run_id=0, top_dir='/scratch/hdd001/home/sheng/NTKTST_test', use_components=None, widths=[300, 300, 300, 300])
400
[300, 300, 300, 300]
-23.220361709594727
count:  1
0 2.0232704400768853e-12 1 [1. 0. 0. 0. 0. 0. 0. 0. 0. 0. 0. 0. 0. 0. 0. 0. 0. 0. 0. 0.]
count:  6
1 6.217248937900877e-13 0 [1. 0. 0. 0. 0. 0. 0. 0. 0. 0. 0. 0. 0. 0. 0. 0. 0. 0. 0. 0.]
count:  6
2 5.933031843596837e-13 0 [1. 0. 0. 0. 0. 0. 0. 0. 0. 0. 0. 0. 0. 0. 0. 0. 0. 0. 0. 0.]
count:  6
3 9.00612917575927e-13 0 [1. 0. 0. 0. 0. 0. 0. 0. 0. 0. 0. 0. 0. 0. 0. 0. 0. 0. 0. 0.]
count:  6
4 3.872457909892546e-13 0 [1. 0. 0. 0. 0. 0. 0. 0. 0. 0. 0. 0. 0. 0. 0. 0. 0. 0. 0. 0.]
count:  6
5 7.425171588693047e-13 0 [1. 0. 0. 0. 0. 0. 0. 0. 0. 0. 0. 0. 0. 0. 0. 0. 0. 0. 0. 0.]
count:  6
6 4.3520742565306136e-13 0 [1. 0. 0. 0. 0. 0. 0. 0. 0. 0. 0. 0. 0. 0. 0. 0. 0. 0. 0. 0.]
count:  4
7 1.3749001936957939e-12 1 [1. 0. 0. 0. 0. 0. 0. 1. 0. 0. 0. 0. 0. 0. 0. 0. 0. 0. 0. 0.]
count:  6
8 -1.758593271006248e-13 0 [1. 0. 0. 0. 0. 0. 0. 1. 0. 0. 0. 0. 0. 0. 0. 0. 0. 0. 0. 0.]
count:  6
9 5.417888360170764e-13 0 [1. 0. 0. 0. 0. 0. 0. 1. 0. 0. 0. 0. 0. 0. 0. 0. 0. 0. 0. 0.]
count:  1
10 1.8456347561368602e-12 1 [1. 0. 0. 0. 0. 0. 0. 1. 0. 0. 1. 0. 0. 0. 0. 0. 0. 0. 0. 0.]
count:  0
11 1.6040502259784262e-12 1 [1. 0. 0. 0. 0. 0. 0. 1. 0. 0. 1. 1. 0. 0. 0. 0. 0. 0. 0. 0.]
count:  1
12 1.9468870959826745e-12 1 [1. 0. 0. 0. 0. 0. 0. 1. 0. 0. 1. 1. 1. 0. 0. 0. 0. 0. 0. 0.]
count:  6
13 -4.440892098500626e-14 0 [1. 0. 0. 0. 0. 0. 0. 1. 0. 0. 1. 1. 1. 0. 0. 0. 0. 0. 0. 0.]
count:  0
14 2.254196829198918e-12 1 [1. 0. 0. 0. 0. 0. 0. 1. 0. 0. 1. 1. 1. 0. 1. 0. 0. 0. 0. 0.]
count:  6
15 4.991562718714704e-13 0 [1. 0. 0. 0. 0. 0. 0. 1. 0. 0. 1. 1. 1. 0. 1. 0. 0. 0. 0. 0.]
count:  6
16 5.577760475716786e-13 0 [1. 0. 0. 0. 0. 0. 0. 1. 0. 0. 1. 1. 1. 0. 1. 0. 0. 0. 0. 0.]
count:  6
17 3.872457909892546e-13 0 [1. 0. 0. 0. 0. 0. 0. 1. 0. 0. 1. 1. 1. 0. 1. 0. 0. 0. 0. 0.]
count:  6
18 -3.5349501104064984e-13 0 [1. 0. 0. 0. 0. 0. 0. 1. 0. 0. 1. 1. 1. 0. 1. 0. 0. 0. 0. 0.]
count:  6
19 9.183764859699295e-13 0 [1. 0. 0. 0. 0. 0. 0. 1. 0. 0. 1. 1. 1. 0. 1. 0. 0. 0. 0. 0.]
Reject rate_u:  0.3
Test Power of Baselines (K times): 
[[0.3 0. ]]
Average Test Power of Baselines (K times): 
MMD-D:  0.3 C2ST-L: 
[1.0, None, None, None]
test power, MMD/varest= [ 0.07158092  0.03077535  0.03573656  0.04374357  0.01981181  0.03465994
  0.02621748  0.05725521 -0.01465722  0.02672318  0.06804132  0.05772412
  0.07246561 -0.00284406  0.07958997  0.02706111  0.03496492  0.01896378
 -0.0329806   0.04128063] sum= 0.03480568076333611
-23.34714126586914
count:  6
0 4.511946372076636e-13 0 [0. 0. 0. 0. 0. 0. 0. 0. 0. 0. 0. 0. 0. 0. 0. 0. 0. 0. 0. 0.]
count:  6
1 3.6770586575585185e-13 0 [0. 0. 0. 0. 0. 0. 0. 0. 0. 0. 0. 0. 0. 0. 0. 0. 0. 0. 0. 0.]
count:  6
2 1.8474111129762605e-13 0 [0. 0. 0. 0. 0. 0. 0. 0. 0. 0. 0. 0. 0. 0. 0. 0. 0. 0. 0. 0.]
count:  1
3 1.8349766151004587e-12 1 [0. 0. 0. 1. 0. 0. 0. 0. 0. 0. 0. 0. 0. 0. 0. 0. 0. 0. 0. 0.]
count:  6
4 3.375077994860476e-14 0 [0. 0. 0. 1. 0. 0. 0. 0. 0. 0. 0. 0. 0. 0. 0. 0. 0. 0. 0. 0.]
count:  6
5 4.742872761198669e-13 0 [0. 0. 0. 1. 0. 0. 0. 0. 0. 0. 0. 0. 0. 0. 0. 0. 0. 0. 0. 0.]
count:  3
6 1.0746958878371515e-12 1 [0. 0. 0. 1. 0. 0. 1. 0. 0. 0. 0. 0. 0. 0. 0. 0. 0. 0. 0. 0.]
count:  6
7 -3.446132268436486e-13 0 [0. 0. 0. 1. 0. 0. 1. 0. 0. 0. 0. 0. 0. 0. 0. 0. 0. 0. 0. 0.]
count:  1
8 1.9131363160340698e-12 1 [0. 0. 0. 1. 0. 0. 1. 0. 1. 0. 0. 0. 0. 0. 0. 0. 0. 0. 0. 0.]
count:  1
9 1.55964130499342e-12 1 [0. 0. 0. 1. 0. 0. 1. 0. 1. 1. 0. 0. 0. 0. 0. 0. 0. 0. 0. 0.]
count:  4
10 1.0693668173189508e-12 1 [0. 0. 0. 1. 0. 0. 1. 0. 1. 1. 1. 0. 0. 0. 0. 0. 0. 0. 0. 0.]
count:  0
11 1.7621459846850485e-12 1 [0. 0. 0. 1. 0. 0. 1. 0. 1. 1. 1. 1. 0. 0. 0. 0. 0. 0. 0. 0.]
count:  6
12 -4.1389114358025836e-13 0 [0. 0. 0. 1. 0. 0. 1. 0. 1. 1. 1. 1. 0. 0. 0. 0. 0. 0. 0. 0.]
count:  6
13 9.2192919964873e-13 0 [0. 0. 0. 1. 0. 0. 1. 0. 1. 1. 1. 1. 0. 0. 0. 0. 0. 0. 0. 0.]
count:  2
14 1.5241141682054149e-12 1 [0. 0. 0. 1. 0. 0. 1. 0. 1. 1. 1. 1. 0. 0. 1. 0. 0. 0. 0. 0.]
count:  4
15 1.0320633236915455e-12 1 [0. 0. 0. 1. 0. 0. 1. 0. 1. 1. 1. 1. 0. 0. 1. 1. 0. 0. 0. 0.]
count:  5
16 1.2434497875801753e-12 1 [0. 0. 0. 1. 0. 0. 1. 0. 1. 1. 1. 1. 0. 0. 1. 1. 1. 0. 0. 0.]
count:  6
17 4.884981308350689e-13 0 [0. 0. 0. 1. 0. 0. 1. 0. 1. 1. 1. 1. 0. 0. 1. 1. 1. 0. 0. 0.]
count:  4
18 1.4939161019356106e-12 1 [0. 0. 0. 1. 0. 0. 1. 0. 1. 1. 1. 1. 0. 0. 1. 1. 1. 0. 1. 0.]
count:  0
19 1.6981971384666394e-12 1 [0. 0. 0. 1. 0. 0. 1. 0. 1. 1. 1. 1. 0. 0. 1. 1. 1. 0. 1. 1.]
Reject rate_u:  0.55
Test Power of Baselines (K times): 
[[0.3  0.55]]
Average Test Power of Baselines (K times): 
MMD-D:  0.42500000000000004 C2ST-L: 
[1.0, None, None, None]
test power, MMD/varest= [ 0.02979859  0.01848104  0.01122221  0.07352145  0.0018102   0.02587391
  0.0516724  -0.02378429  0.07810074  0.06796113  0.05019842  0.06947095
 -0.03793682  0.0431839   0.06436804  0.04371388  0.05692529  0.02361089
  0.05299179  0.06768069] sum= 0.03844321981708021
