Namespace(K=2, N=20, N_per=100, bandwidths=[1.0, None, None], batch_size=100, filter_sizes=[3, 3, 3], g_activs=['cos', 'relu', 'relu'], init_stdvs=[None, 1.0, 1.0], kernel_type='ntk', mode='type2', n=400, poolings=['st2', 'st2', 'st2'], run_id=0, top_dir='/scratch/hdd001/home/sheng/NTKTST_test', use_components=None, widths=[300, 300, 300])
400
[300, 300, 300]
-23.220361709594727
count:  1
0 2.1700543584302068e-09 1 [1. 0. 0. 0. 0. 0. 0. 0. 0. 0. 0. 0. 0. 0. 0. 0. 0. 0. 0. 0.]
count:  6
1 3.474269760772586e-10 0 [1. 0. 0. 0. 0. 0. 0. 0. 0. 0. 0. 0. 0. 0. 0. 0. 0. 0. 0. 0.]
count:  6
2 8.421920938417315e-10 0 [1. 0. 0. 0. 0. 0. 0. 0. 0. 0. 0. 0. 0. 0. 0. 0. 0. 0. 0. 0.]
count:  6
3 -3.2741809263825417e-11 0 [1. 0. 0. 0. 0. 0. 0. 0. 0. 0. 0. 0. 0. 0. 0. 0. 0. 0. 0. 0.]
count:  2
4 1.4242687029764056e-09 1 [1. 0. 0. 0. 1. 0. 0. 0. 0. 0. 0. 0. 0. 0. 0. 0. 0. 0. 0. 0.]
count:  1
5 1.293301465921104e-09 1 [1. 0. 0. 0. 1. 1. 0. 0. 0. 0. 0. 0. 0. 0. 0. 0. 0. 0. 0. 0.]
count:  1
6 1.44427758641541e-09 1 [1. 0. 0. 0. 1. 1. 1. 0. 0. 0. 0. 0. 0. 0. 0. 0. 0. 0. 0. 0.]
count:  6
7 1.5643308870494366e-10 0 [1. 0. 0. 0. 1. 1. 1. 0. 0. 0. 0. 0. 0. 0. 0. 0. 0. 0. 0. 0.]
count:  6
8 -2.2009771782904863e-10 0 [1. 0. 0. 0. 1. 1. 1. 0. 0. 0. 0. 0. 0. 0. 0. 0. 0. 0. 0. 0.]
count:  6
9 6.530171958729625e-10 0 [1. 0. 0. 0. 1. 1. 1. 0. 0. 0. 0. 0. 0. 0. 0. 0. 0. 0. 0. 0.]
count:  0
10 2.2773747332394123e-09 1 [1. 0. 0. 0. 1. 1. 1. 0. 0. 0. 1. 0. 0. 0. 0. 0. 0. 0. 0. 0.]
count:  6
11 6.111804395914078e-10 0 [1. 0. 0. 0. 1. 1. 1. 0. 0. 0. 1. 0. 0. 0. 0. 0. 0. 0. 0. 0.]
count:  4
12 1.1496013030409813e-09 1 [1. 0. 0. 0. 1. 1. 1. 0. 0. 0. 1. 0. 1. 0. 0. 0. 0. 0. 0. 0.]
count:  6
13 6.111804395914078e-10 0 [1. 0. 0. 0. 1. 1. 1. 0. 0. 0. 1. 0. 1. 0. 0. 0. 0. 0. 0. 0.]
count:  0
14 2.0590960048139095e-09 1 [1. 0. 0. 0. 1. 1. 1. 0. 0. 0. 1. 0. 1. 0. 1. 0. 0. 0. 0. 0.]
count:  5
15 1.2951204553246498e-09 1 [1. 0. 0. 0. 1. 1. 1. 0. 0. 0. 1. 0. 1. 0. 1. 1. 0. 0. 0. 0.]
count:  6
16 1.0113581083714962e-09 0 [1. 0. 0. 0. 1. 1. 1. 0. 0. 0. 1. 0. 1. 0. 1. 1. 0. 0. 0. 0.]
count:  6
17 1.7644197214394808e-10 0 [1. 0. 0. 0. 1. 1. 1. 0. 0. 0. 1. 0. 1. 0. 1. 1. 0. 0. 0. 0.]
count:  6
18 7.60337570682168e-10 0 [1. 0. 0. 0. 1. 1. 1. 0. 0. 0. 1. 0. 1. 0. 1. 1. 0. 0. 0. 0.]
count:  2
19 1.3878889149054885e-09 1 [1. 0. 0. 0. 1. 1. 1. 0. 0. 0. 1. 0. 1. 0. 1. 1. 0. 0. 0. 1.]
Reject rate_u:  0.45
Test Power of Baselines (K times): 
[[0.45 0.  ]]
Average Test Power of Baselines (K times): 
MMD-D:  0.45 C2ST-L: 
[1.0, None, None]
test power, MMD/varest= [ 0.07557558  0.02051502  0.04496127 -0.00234591  0.06855897  0.06253111
  0.06354483  0.010248   -0.01662887  0.03087105  0.08429654  0.03521105
  0.0640076   0.03557079  0.08836718  0.05734915  0.05205636  0.012449
  0.03999254  0.06321458] sum= 0.044517292897923534
-23.34714126586914
count:  6
0 -8.36735125631094e-11 0 [0. 0. 0. 0. 0. 0. 0. 0. 0. 0. 0. 0. 0. 0. 0. 0. 0. 0. 0. 0.]
count:  4
1 1.0095391189679503e-09 1 [0. 1. 0. 0. 0. 0. 0. 0. 0. 0. 0. 0. 0. 0. 0. 0. 0. 0. 0. 0.]
count:  6
2 5.329638952389359e-10 0 [0. 1. 0. 0. 0. 0. 0. 0. 0. 0. 0. 0. 0. 0. 0. 0. 0. 0. 0. 0.]
count:  0
3 1.4133547665551305e-09 1 [0. 1. 0. 1. 0. 0. 0. 0. 0. 0. 0. 0. 0. 0. 0. 0. 0. 0. 0. 0.]
count:  6
4 2.4920154828578234e-10 0 [0. 1. 0. 1. 0. 0. 0. 0. 0. 0. 0. 0. 0. 0. 0. 0. 0. 0. 0. 0.]
count:  6
5 -2.091837814077735e-10 0 [0. 1. 0. 1. 0. 0. 0. 0. 0. 0. 0. 0. 0. 0. 0. 0. 0. 0. 0. 0.]
count:  6
6 7.967173587530851e-10 0 [0. 1. 0. 1. 0. 0. 0. 0. 0. 0. 0. 0. 0. 0. 0. 0. 0. 0. 0. 0.]
count:  6
7 3.346940502524376e-10 0 [0. 1. 0. 1. 0. 0. 0. 0. 0. 0. 0. 0. 0. 0. 0. 0. 0. 0. 0. 0.]
count:  6
8 8.149072527885437e-10 0 [0. 1. 0. 1. 0. 0. 0. 0. 0. 0. 0. 0. 0. 0. 0. 0. 0. 0. 0. 0.]
count:  4
9 1.0950316209346056e-09 1 [0. 1. 0. 1. 0. 0. 0. 0. 0. 1. 0. 0. 0. 0. 0. 0. 0. 0. 0. 0.]
count:  6
10 6.675691111013293e-10 0 [0. 1. 0. 1. 0. 0. 0. 0. 0. 1. 0. 0. 0. 0. 0. 0. 0. 0. 0. 0.]
count:  0
11 1.5115801943466067e-09 1 [0. 1. 0. 1. 0. 0. 0. 0. 0. 1. 0. 1. 0. 0. 0. 0. 0. 0. 0. 0.]
count:  6
12 3.1650415621697903e-10 0 [0. 1. 0. 1. 0. 0. 0. 0. 0. 1. 0. 1. 0. 0. 0. 0. 0. 0. 0. 0.]
count:  5
13 1.0695657692849636e-09 1 [0. 1. 0. 1. 0. 0. 0. 0. 0. 1. 0. 1. 0. 1. 0. 0. 0. 0. 0. 0.]
count:  1
14 1.1496013030409813e-09 1 [0. 1. 0. 1. 0. 0. 0. 0. 0. 1. 0. 1. 0. 1. 1. 0. 0. 0. 0. 0.]
count:  6
15 -1.4915713109076023e-10 0 [0. 1. 0. 1. 0. 0. 0. 0. 0. 1. 0. 1. 0. 1. 1. 0. 0. 0. 0. 0.]
count:  6
16 1.255102688446641e-10 0 [0. 1. 0. 1. 0. 0. 0. 0. 0. 1. 0. 1. 0. 1. 1. 0. 0. 0. 0. 0.]
count:  6
17 7.657945388928056e-10 0 [0. 1. 0. 1. 0. 0. 0. 0. 0. 1. 0. 1. 0. 1. 1. 0. 0. 0. 0. 0.]
count:  3
18 1.1714291758835316e-09 1 [0. 1. 0. 1. 0. 0. 0. 0. 0. 1. 0. 1. 0. 1. 1. 0. 0. 0. 1. 0.]
count:  4
19 1.1896190699189901e-09 1 [0. 1. 0. 1. 0. 0. 0. 0. 0. 1. 0. 1. 0. 1. 1. 0. 0. 0. 1. 1.]
Reject rate_u:  0.4
Test Power of Baselines (K times): 
[[0.45 0.4 ]]
Average Test Power of Baselines (K times): 
MMD-D:  0.42500000000000004 C2ST-L: 
[1.0, None, None]
test power, MMD/varest= [-0.00520872  0.0457434   0.02641137  0.06178956  0.01865822 -0.01411998
  0.03535765  0.01939993  0.04080257  0.05647373  0.03367426  0.06669705
  0.01849724  0.05588811  0.04910983 -0.01157986  0.01093926  0.04023546
  0.05198518  0.06555909] sum= 0.0333156689222908
