Namespace(K=2, N=20, N_per=100, bandwidths=[1.0, None, None, None], batch_size=100, filter_sizes=[3, 3, 3, 3], g_activs=['cos', 'relu', 'relu', 'relu'], init_stdvs=[None, 1.0, 1.0, 1.0], kernel_type='ntk', mode='type2', n=400, poolings=['st3', 'st3', 'st3', 'st3'], run_id=0, top_dir='/scratch/hdd001/home/sheng/NTKTST_test', use_components=None, widths=[300, 300, 300, 300])
400
[300, 300, 300, 300]
-23.220361709594727
count:  0
0 6.128431095930864e-12 1 [1. 0. 0. 0. 0. 0. 0. 0. 0. 0. 0. 0. 0. 0. 0. 0. 0. 0. 0. 0.]
count:  0
1 8.681055874149024e-12 1 [1. 1. 0. 0. 0. 0. 0. 0. 0. 0. 0. 0. 0. 0. 0. 0. 0. 0. 0. 0.]
count:  0
2 5.213607323639735e-12 1 [1. 1. 1. 0. 0. 0. 0. 0. 0. 0. 0. 0. 0. 0. 0. 0. 0. 0. 0. 0.]
count:  5
3 2.5703883466121624e-12 1 [1. 1. 1. 1. 0. 0. 0. 0. 0. 0. 0. 0. 0. 0. 0. 0. 0. 0. 0. 0.]
count:  0
4 6.03073146976385e-12 1 [1. 1. 1. 1. 1. 0. 0. 0. 0. 0. 0. 0. 0. 0. 0. 0. 0. 0. 0. 0.]
count:  0
5 5.902833777327032e-12 1 [1. 1. 1. 1. 1. 1. 0. 0. 0. 0. 0. 0. 0. 0. 0. 0. 0. 0. 0. 0.]
count:  0
6 8.43947134399059e-12 1 [1. 1. 1. 1. 1. 1. 1. 0. 0. 0. 0. 0. 0. 0. 0. 0. 0. 0. 0. 0.]
count:  1
7 3.0482283364108298e-12 1 [1. 1. 1. 1. 1. 1. 1. 1. 0. 0. 0. 0. 0. 0. 0. 0. 0. 0. 0. 0.]
count:  2
8 3.183231456205249e-12 1 [1. 1. 1. 1. 1. 1. 1. 1. 1. 0. 0. 0. 0. 0. 0. 0. 0. 0. 0. 0.]
count:  6
9 5.275779813018744e-13 0 [1. 1. 1. 1. 1. 1. 1. 1. 1. 0. 0. 0. 0. 0. 0. 0. 0. 0. 0. 0.]
count:  0
10 6.318501277746691e-12 1 [1. 1. 1. 1. 1. 1. 1. 1. 1. 0. 1. 0. 0. 0. 0. 0. 0. 0. 0. 0.]
count:  0
11 5.8406612879480235e-12 1 [1. 1. 1. 1. 1. 1. 1. 1. 1. 0. 1. 1. 0. 0. 0. 0. 0. 0. 0. 0.]
count:  0
12 5.215383680479135e-12 1 [1. 1. 1. 1. 1. 1. 1. 1. 1. 0. 1. 1. 1. 0. 0. 0. 0. 0. 0. 0.]
count:  2
13 2.957634137601417e-12 1 [1. 1. 1. 1. 1. 1. 1. 1. 1. 0. 1. 1. 1. 1. 0. 0. 0. 0. 0. 0.]
count:  3
14 2.4229507289419416e-12 1 [1. 1. 1. 1. 1. 1. 1. 1. 1. 0. 1. 1. 1. 1. 1. 0. 0. 0. 0. 0.]
count:  6
15 1.1173284519827575e-12 0 [1. 1. 1. 1. 1. 1. 1. 1. 1. 0. 1. 1. 1. 1. 1. 0. 0. 0. 0. 0.]
count:  1
16 3.176126028847648e-12 1 [1. 1. 1. 1. 1. 1. 1. 1. 1. 0. 1. 1. 1. 1. 1. 0. 1. 0. 0. 0.]
count:  0
17 5.336175945558352e-12 1 [1. 1. 1. 1. 1. 1. 1. 1. 1. 0. 1. 1. 1. 1. 1. 0. 1. 1. 0. 0.]
count:  6
18 -4.1389114358025836e-13 0 [1. 1. 1. 1. 1. 1. 1. 1. 1. 0. 1. 1. 1. 1. 1. 0. 1. 1. 0. 0.]
count:  0
19 5.38769029390096e-12 1 [1. 1. 1. 1. 1. 1. 1. 1. 1. 0. 1. 1. 1. 1. 1. 0. 1. 1. 0. 1.]
Reject rate_u:  0.85
Test Power of Baselines (K times): 
[[0.85 0.  ]]
Average Test Power of Baselines (K times): 
MMD-D:  0.85 C2ST-L: 
[1.0, None, None, None]
test power, MMD/varest= [ 0.0735693   0.09320237  0.06340141  0.0431799   0.07506752  0.08205928
  0.09491831  0.04471899  0.04675098  0.01391886  0.0809172   0.07649227
  0.07202768  0.04828876  0.04042283  0.02854359  0.06153492  0.06231986
 -0.01040758  0.07068245] sum= 0.05808044642402267
-23.34714126586914
count:  6
0 9.130474154517287e-13 0 [0. 0. 0. 0. 0. 0. 0. 0. 0. 0. 0. 0. 0. 0. 0. 0. 0. 0. 0. 0.]
count:  0
1 7.739586749266891e-12 1 [0. 1. 0. 0. 0. 0. 0. 0. 0. 0. 0. 0. 0. 0. 0. 0. 0. 0. 0. 0.]
count:  0
2 6.81055212226056e-12 1 [0. 1. 1. 0. 0. 0. 0. 0. 0. 0. 0. 0. 0. 0. 0. 0. 0. 0. 0. 0.]
count:  2
3 2.8030910925735952e-12 1 [0. 1. 1. 1. 0. 0. 0. 0. 0. 0. 0. 0. 0. 0. 0. 0. 0. 0. 0. 0.]
count:  1
4 4.0394354527961696e-12 1 [0. 1. 1. 1. 1. 0. 0. 0. 0. 0. 0. 0. 0. 0. 0. 0. 0. 0. 0. 0.]
count:  6
5 1.0125233984581428e-13 0 [0. 1. 1. 1. 1. 0. 0. 0. 0. 0. 0. 0. 0. 0. 0. 0. 0. 0. 0. 0.]
count:  1
6 4.279243626115203e-12 1 [0. 1. 1. 1. 1. 0. 1. 0. 0. 0. 0. 0. 0. 0. 0. 0. 0. 0. 0. 0.]
count:  0
7 8.137490681292547e-12 1 [0. 1. 1. 1. 1. 0. 1. 1. 0. 0. 0. 0. 0. 0. 0. 0. 0. 0. 0. 0.]
count:  6
8 1.092459456231154e-12 0 [0. 1. 1. 1. 1. 0. 1. 1. 0. 0. 0. 0. 0. 0. 0. 0. 0. 0. 0. 0.]
count:  0
9 5.45874456747697e-12 1 [0. 1. 1. 1. 1. 0. 1. 1. 0. 1. 0. 0. 0. 0. 0. 0. 0. 0. 0. 0.]
count:  0
10 5.051958851254312e-12 1 [0. 1. 1. 1. 1. 0. 1. 1. 0. 1. 1. 0. 0. 0. 0. 0. 0. 0. 0. 0.]
count:  0
11 3.3502089991088724e-12 1 [0. 1. 1. 1. 1. 0. 1. 1. 0. 1. 1. 1. 0. 0. 0. 0. 0. 0. 0. 0.]
count:  4
12 2.568611989772762e-12 1 [0. 1. 1. 1. 1. 0. 1. 1. 0. 1. 1. 1. 1. 0. 0. 0. 0. 0. 0. 0.]
count:  0
13 5.6754601018838e-12 1 [0. 1. 1. 1. 1. 0. 1. 1. 0. 1. 1. 1. 1. 1. 0. 0. 0. 0. 0. 0.]
count:  3
14 3.934630399271555e-12 1 [0. 1. 1. 1. 1. 0. 1. 1. 0. 1. 1. 1. 1. 1. 1. 0. 0. 0. 0. 0.]
count:  5
15 3.0411229090532288e-12 1 [0. 1. 1. 1. 1. 0. 1. 1. 0. 1. 1. 1. 1. 1. 1. 1. 0. 0. 0. 0.]
count:  5
16 2.1369572777985013e-12 1 [0. 1. 1. 1. 1. 0. 1. 1. 0. 1. 1. 1. 1. 1. 1. 1. 1. 0. 0. 0.]
count:  6
17 7.194245199571014e-13 0 [0. 1. 1. 1. 1. 0. 1. 1. 0. 1. 1. 1. 1. 1. 1. 1. 1. 0. 0. 0.]
count:  6
18 1.858069254012662e-12 0 [0. 1. 1. 1. 1. 0. 1. 1. 0. 1. 1. 1. 1. 1. 1. 1. 1. 0. 0. 0.]
count:  0
19 3.0109248427834245e-12 1 [0. 1. 1. 1. 1. 0. 1. 1. 0. 1. 1. 1. 1. 1. 1. 1. 1. 0. 0. 1.]
Reject rate_u:  0.75
Test Power of Baselines (K times): 
[[0.85 0.75]]
Average Test Power of Baselines (K times): 
MMD-D:  0.8 C2ST-L: 
[1.0, None, None, None]
test power, MMD/varest= [0.0176875  0.09451794 0.08810893 0.04978435 0.05142715 0.00231316
 0.06818802 0.0869136  0.01975478 0.06714713 0.06613261 0.0558109
 0.04066563 0.0764501  0.05858225 0.05123013 0.03662141 0.0147823
 0.03418924 0.05523777] sum= 0.05177724508220052
