Namespace(K=2, N=20, N_per=100, bandwidths=[1.0, None, None], batch_size=100, filter_sizes=[3, 3, 2], g_activs=['cos', 'relu', 'relu'], init_stdvs=[None, 1.0, 1.0], kernel_type='ntk', mode='type2', n=400, poolings=['st3', 'st3', 'st3'], run_id=0, top_dir='/scratch/hdd001/home/sheng/NTKTST_test', use_components=None, widths=[300, 300, 300])
400
[300, 300, 300]
-23.220361709594727
count:  0
0 3.410605131648481e-10 1 [1. 0. 0. 0. 0. 0. 0. 0. 0. 0. 0. 0. 0. 0. 0. 0. 0. 0. 0. 0.]
count:  6
1 1.6416379367001355e-10 0 [1. 0. 0. 0. 0. 0. 0. 0. 0. 0. 0. 0. 0. 0. 0. 0. 0. 0. 0. 0.]
count:  3
2 2.091837814077735e-10 1 [1. 0. 1. 0. 0. 0. 0. 0. 0. 0. 0. 0. 0. 0. 0. 0. 0. 0. 0. 0.]
count:  6
3 1.355147105641663e-10 0 [1. 0. 1. 0. 0. 0. 0. 0. 0. 0. 0. 0. 0. 0. 0. 0. 0. 0. 0. 0.]
count:  6
4 9.549694368615746e-11 0 [1. 0. 1. 0. 0. 0. 0. 0. 0. 0. 0. 0. 0. 0. 0. 0. 0. 0. 0. 0.]
count:  0
5 3.055902197957039e-10 1 [1. 0. 1. 0. 0. 1. 0. 0. 0. 0. 0. 0. 0. 0. 0. 0. 0. 0. 0. 0.]
count:  6
6 1.4915713109076023e-10 0 [1. 0. 1. 0. 0. 1. 0. 0. 0. 0. 0. 0. 0. 0. 0. 0. 0. 0. 0. 0.]
count:  6
7 1.382431946694851e-10 0 [1. 0. 1. 0. 0. 1. 0. 0. 0. 0. 0. 0. 0. 0. 0. 0. 0. 0. 0. 0.]
count:  6
8 6.684786058031023e-11 0 [1. 0. 1. 0. 0. 1. 0. 0. 0. 0. 0. 0. 0. 0. 0. 0. 0. 0. 0. 0.]
count:  2
9 3.583409124985337e-10 1 [1. 0. 1. 0. 0. 1. 0. 0. 0. 1. 0. 0. 0. 0. 0. 0. 0. 0. 0. 0.]
count:  2
10 2.814886101987213e-10 1 [1. 0. 1. 0. 0. 1. 0. 0. 0. 1. 1. 0. 0. 0. 0. 0. 0. 0. 0. 0.]
count:  6
11 1.9372237147763371e-10 0 [1. 0. 1. 0. 0. 1. 0. 0. 0. 1. 1. 0. 0. 0. 0. 0. 0. 0. 0. 0.]
count:  1
12 2.510205376893282e-10 1 [1. 0. 1. 0. 0. 1. 0. 0. 0. 1. 1. 0. 1. 0. 0. 0. 0. 0. 0. 0.]
count:  6
13 -6.821210263296962e-12 0 [1. 0. 1. 0. 0. 1. 0. 0. 0. 1. 1. 0. 1. 0. 0. 0. 0. 0. 0. 0.]
count:  1
14 3.2605385058559477e-10 1 [1. 0. 1. 0. 0. 1. 0. 0. 0. 1. 1. 0. 1. 0. 1. 0. 0. 0. 0. 0.]
count:  6
15 -4.865796654485166e-11 0 [1. 0. 1. 0. 0. 1. 0. 0. 0. 1. 1. 0. 1. 0. 1. 0. 0. 0. 0. 0.]
count:  1
16 2.7421265258453786e-10 1 [1. 0. 1. 0. 0. 1. 0. 0. 0. 1. 1. 0. 1. 0. 1. 0. 1. 0. 0. 0.]
count:  6
17 1.0913936421275139e-11 0 [1. 0. 1. 0. 0. 1. 0. 0. 0. 1. 1. 0. 1. 0. 1. 0. 1. 0. 0. 0.]
count:  6
18 5.002220859751105e-12 0 [1. 0. 1. 0. 0. 1. 0. 0. 0. 1. 1. 0. 1. 0. 1. 0. 1. 0. 0. 0.]
count:  6
19 2.546585164964199e-10 0 [1. 0. 1. 0. 0. 1. 0. 0. 0. 1. 1. 0. 1. 0. 1. 0. 1. 0. 0. 0.]
Reject rate_u:  0.4
Test Power of Baselines (K times): 
[[0.4 0. ]]
Average Test Power of Baselines (K times): 
MMD-D:  0.4 C2ST-L: 
[1.0, None, None]
test power, MMD/varest= [ 0.06916288  0.04942517  0.04996156  0.03694705  0.0297436   0.06946363
  0.0400212   0.03151267  0.02020011  0.06748891  0.07339268  0.05425762
  0.05967261 -0.0025308   0.07139137 -0.0237935   0.0576615   0.00392624
  0.00154257  0.05454009] sum= 0.04069935788323427
-23.34714126586914
count:  6
0 6.002665031701326e-11 0 [0. 0. 0. 0. 0. 0. 0. 0. 0. 0. 0. 0. 0. 0. 0. 0. 0. 0. 0. 0.]
count:  1
1 2.955857780762017e-10 1 [0. 1. 0. 0. 0. 0. 0. 0. 0. 0. 0. 0. 0. 0. 0. 0. 0. 0. 0. 0.]
count:  6
2 1.950866135302931e-10 0 [0. 1. 0. 0. 0. 0. 0. 0. 0. 0. 0. 0. 0. 0. 0. 0. 0. 0. 0. 0.]
count:  0
3 5.557012627832592e-10 1 [0. 1. 0. 1. 0. 0. 0. 0. 0. 0. 0. 0. 0. 0. 0. 0. 0. 0. 0. 0.]
count:  6
4 1.1323209037072957e-10 0 [0. 1. 0. 1. 0. 0. 0. 0. 0. 0. 0. 0. 0. 0. 0. 0. 0. 0. 0. 0.]
count:  6
5 -5.547917680814862e-11 0 [0. 1. 0. 1. 0. 0. 0. 0. 0. 0. 0. 0. 0. 0. 0. 0. 0. 0. 0. 0.]
count:  5
6 2.2009771782904863e-10 1 [0. 1. 0. 1. 0. 0. 1. 0. 0. 0. 0. 0. 0. 0. 0. 0. 0. 0. 0. 0.]
count:  6
7 6.59383658785373e-11 0 [0. 1. 0. 1. 0. 0. 1. 0. 0. 0. 0. 0. 0. 0. 0. 0. 0. 0. 0. 0.]
count:  6
8 -1.3642420526593924e-12 0 [0. 1. 0. 1. 0. 0. 1. 0. 0. 0. 0. 0. 0. 0. 0. 0. 0. 0. 0. 0.]
count:  2
9 3.192326403222978e-10 1 [0. 1. 0. 1. 0. 0. 1. 0. 0. 1. 0. 0. 0. 0. 0. 0. 0. 0. 0. 0.]
count:  0
10 4.24279278377071e-10 1 [0. 1. 0. 1. 0. 0. 1. 0. 0. 1. 1. 0. 0. 0. 0. 0. 0. 0. 0. 0.]
count:  6
11 8.640199666842818e-12 0 [0. 1. 0. 1. 0. 0. 1. 0. 0. 1. 1. 0. 0. 0. 0. 0. 0. 0. 0. 0.]
count:  6
12 -2.0463630789890885e-11 0 [0. 1. 0. 1. 0. 0. 1. 0. 0. 1. 1. 0. 0. 0. 0. 0. 0. 0. 0. 0.]
count:  6
13 1.8553691916167736e-10 0 [0. 1. 0. 1. 0. 0. 1. 0. 0. 1. 1. 0. 0. 0. 0. 0. 0. 0. 0. 0.]
count:  0
14 4.197318048682064e-10 1 [0. 1. 0. 1. 0. 0. 1. 0. 0. 1. 1. 0. 0. 0. 1. 0. 0. 0. 0. 0.]
count:  6
15 -7.594280759803951e-11 0 [0. 1. 0. 1. 0. 0. 1. 0. 0. 1. 1. 0. 0. 0. 1. 0. 0. 0. 0. 0.]
count:  3
16 2.1509549696929753e-10 1 [0. 1. 0. 1. 0. 0. 1. 0. 0. 1. 1. 0. 0. 0. 1. 0. 1. 0. 0. 0.]
count:  6
17 7.503331289626658e-11 0 [0. 1. 0. 1. 0. 0. 1. 0. 0. 1. 1. 0. 0. 0. 1. 0. 1. 0. 0. 0.]
count:  6
18 1.5552359400317073e-10 0 [0. 1. 0. 1. 0. 0. 1. 0. 0. 1. 1. 0. 0. 0. 1. 0. 1. 0. 0. 0.]
count:  6
19 1.8053469830192626e-10 0 [0. 1. 0. 1. 0. 0. 1. 0. 0. 1. 1. 0. 0. 0. 1. 0. 1. 0. 0. 0.]
Reject rate_u:  0.35
Test Power of Baselines (K times): 
[[0.4  0.35]]
Average Test Power of Baselines (K times): 
MMD-D:  0.375 C2ST-L: 
[1.0, None, None]
test power, MMD/varest= [ 0.01579421  0.0620572   0.04594024  0.0826205   0.03305852 -0.0241462
  0.05092376  0.02014899 -0.00049581  0.06108604  0.06853258  0.0036536
 -0.00732799  0.04394349  0.07978655 -0.05164196  0.04972255  0.02233376
  0.03927497  0.05144541] sum= 0.03233552134151416
