Namespace(K=2, N=20, N_per=100, bandwidths=[1.0, None, None, None], batch_size=100, filter_sizes=[3, 3, 3, 3], g_activs=['cos', 'relu', 'relu', 'relu'], init_stdvs=[None, 1.0, 1.0, 1.0], kernel_type='ntk', mode='type2', n=400, poolings=['st3', 'st3', 'st2', 'st2'], run_id=0, top_dir='/scratch/hdd001/home/sheng/NTKTST_test', use_components=None, widths=[300, 300, 300, 300])
400
[300, 300, 300, 300]
-23.220361709594727
count:  5
0 6.131983809609665e-12 1 [1. 0. 0. 0. 0. 0. 0. 0. 0. 0. 0. 0. 0. 0. 0. 0. 0. 0. 0. 0.]
count:  6
1 3.2081004519568523e-12 0 [1. 0. 0. 0. 0. 0. 0. 0. 0. 0. 0. 0. 0. 0. 0. 0. 0. 0. 0. 0.]
count:  6
2 1.879385536085465e-12 0 [1. 0. 0. 0. 0. 0. 0. 0. 0. 0. 0. 0. 0. 0. 0. 0. 0. 0. 0. 0.]
count:  6
3 6.750155989720952e-12 0 [1. 0. 0. 0. 0. 0. 0. 0. 0. 0. 0. 0. 0. 0. 0. 0. 0. 0. 0. 0.]
count:  6
4 5.254463530945941e-12 0 [1. 0. 0. 0. 0. 0. 0. 0. 0. 0. 0. 0. 0. 0. 0. 0. 0. 0. 0. 0.]
count:  1
5 1.0835776720341528e-11 1 [1. 0. 0. 0. 0. 1. 0. 0. 0. 0. 0. 0. 0. 0. 0. 0. 0. 0. 0. 0.]
count:  4
6 9.2192919964873e-12 1 [1. 0. 0. 0. 0. 1. 1. 0. 0. 0. 0. 0. 0. 0. 0. 0. 0. 0. 0. 0.]
count:  6
7 -2.2239987629291136e-12 0 [1. 0. 0. 0. 0. 1. 1. 0. 0. 0. 0. 0. 0. 0. 0. 0. 0. 0. 0. 0.]
count:  3
8 1.084643486137793e-11 1 [1. 0. 0. 0. 0. 1. 1. 0. 1. 0. 0. 0. 0. 0. 0. 0. 0. 0. 0. 0.]
count:  6
9 2.6894042548519792e-12 0 [1. 0. 0. 0. 0. 1. 1. 0. 1. 0. 0. 0. 0. 0. 0. 0. 0. 0. 0. 0.]
count:  1
10 1.3343992577574681e-11 1 [1. 0. 0. 0. 0. 1. 1. 0. 1. 0. 1. 0. 0. 0. 0. 0. 0. 0. 0. 0.]
count:  6
11 7.016609515630989e-12 0 [1. 0. 0. 0. 0. 1. 1. 0. 1. 0. 1. 0. 0. 0. 0. 0. 0. 0. 0. 0.]
count:  5
12 7.283063041541027e-12 1 [1. 0. 0. 0. 0. 1. 1. 0. 1. 0. 1. 0. 1. 0. 0. 0. 0. 0. 0. 0.]
count:  0
13 2.9530156098189764e-11 1 [1. 0. 0. 0. 0. 1. 1. 0. 1. 0. 1. 0. 1. 1. 0. 0. 0. 0. 0. 0.]
count:  6
14 3.9825920339353615e-12 0 [1. 0. 0. 0. 0. 1. 1. 0. 1. 0. 1. 0. 1. 1. 0. 0. 0. 0. 0. 0.]
count:  6
15 -9.343636975245317e-13 0 [1. 0. 0. 0. 0. 1. 1. 0. 1. 0. 1. 0. 1. 1. 0. 0. 0. 0. 0. 0.]
count:  6
16 3.517186542012496e-13 0 [1. 0. 0. 0. 0. 1. 1. 0. 1. 0. 1. 0. 1. 1. 0. 0. 0. 0. 0. 0.]
count:  6
17 2.1103119252074976e-12 0 [1. 0. 0. 0. 0. 1. 1. 0. 1. 0. 1. 0. 1. 1. 0. 0. 0. 0. 0. 0.]
count:  6
18 -3.154809746774845e-12 0 [1. 0. 0. 0. 0. 1. 1. 0. 1. 0. 1. 0. 1. 1. 0. 0. 0. 0. 0. 0.]
count:  6
19 3.5420555377640994e-12 0 [1. 0. 0. 0. 0. 1. 1. 0. 1. 0. 1. 0. 1. 1. 0. 0. 0. 0. 0. 0.]
Reject rate_u:  0.35
Test Power of Baselines (K times): 
[[0.35 0.  ]]
Average Test Power of Baselines (K times): 
MMD-D:  0.35 C2ST-L: 
[1.0, None, None, None]
test power, MMD/varest= [ 0.04190299  0.02868633  0.01483842  0.0468522   0.04405336  0.06564274
  0.06851826 -0.03704559  0.04802101  0.02786492  0.06301394  0.05185292
  0.05636707  0.09765064  0.03166846 -0.01254869  0.00563613  0.01565033
 -0.04197015  0.0304701 ] sum= 0.032356269717275336
-23.34714126586914
count:  6
0 8.384404281969182e-13 0 [0. 0. 0. 0. 0. 0. 0. 0. 0. 0. 0. 0. 0. 0. 0. 0. 0. 0. 0. 0.]
count:  6
1 4.980904577678302e-12 0 [0. 0. 0. 0. 0. 0. 0. 0. 0. 0. 0. 0. 0. 0. 0. 0. 0. 0. 0. 0.]
count:  6
2 -3.0411229090532288e-12 0 [0. 0. 0. 0. 0. 0. 0. 0. 0. 0. 0. 0. 0. 0. 0. 0. 0. 0. 0. 0.]
count:  6
3 8.206768598029157e-13 0 [0. 0. 0. 0. 0. 0. 0. 0. 0. 0. 0. 0. 0. 0. 0. 0. 0. 0. 0. 0.]
count:  6
4 -8.881784197001252e-14 0 [0. 0. 0. 0. 0. 0. 0. 0. 0. 0. 0. 0. 0. 0. 0. 0. 0. 0. 0. 0.]
count:  6
5 8.277822871605167e-13 0 [0. 0. 0. 0. 0. 0. 0. 0. 0. 0. 0. 0. 0. 0. 0. 0. 0. 0. 0. 0.]
count:  6
6 -7.318590178329032e-13 0 [0. 0. 0. 0. 0. 0. 0. 0. 0. 0. 0. 0. 0. 0. 0. 0. 0. 0. 0. 0.]
count:  6
7 4.803268893738277e-12 0 [0. 0. 0. 0. 0. 0. 0. 0. 0. 0. 0. 0. 0. 0. 0. 0. 0. 0. 0. 0.]
count:  2
8 1.6040502259784262e-11 1 [0. 0. 0. 0. 0. 0. 0. 0. 1. 0. 0. 0. 0. 0. 0. 0. 0. 0. 0. 0.]
count:  6
9 3.2081004519568523e-12 0 [0. 0. 0. 0. 0. 0. 0. 0. 1. 0. 0. 0. 0. 0. 0. 0. 0. 0. 0. 0.]
count:  6
10 -6.181721801112872e-13 0 [0. 0. 0. 0. 0. 0. 0. 0. 1. 0. 0. 0. 0. 0. 0. 0. 0. 0. 0. 0.]
count:  6
11 7.620570841027074e-12 0 [0. 0. 0. 0. 0. 0. 0. 0. 1. 0. 0. 0. 0. 0. 0. 0. 0. 0. 0. 0.]
count:  6
12 2.071232074740692e-12 0 [0. 0. 0. 0. 0. 0. 0. 0. 1. 0. 0. 0. 0. 0. 0. 0. 0. 0. 0. 0.]
count:  6
13 2.8101965199311962e-12 0 [0. 0. 0. 0. 0. 0. 0. 0. 1. 0. 0. 0. 0. 0. 0. 0. 0. 0. 0. 0.]
count:  6
14 2.3803181647963356e-13 0 [0. 0. 0. 0. 0. 0. 0. 0. 1. 0. 0. 0. 0. 0. 0. 0. 0. 0. 0. 0.]
count:  6
15 -2.2737367544323206e-13 0 [0. 0. 0. 0. 0. 0. 0. 0. 1. 0. 0. 0. 0. 0. 0. 0. 0. 0. 0. 0.]
count:  6
16 4.956035581926699e-12 0 [0. 0. 0. 0. 0. 0. 0. 0. 1. 0. 0. 0. 0. 0. 0. 0. 0. 0. 0. 0.]
count:  6
17 5.027089855502709e-12 0 [0. 0. 0. 0. 0. 0. 0. 0. 1. 0. 0. 0. 0. 0. 0. 0. 0. 0. 0. 0.]
count:  6
18 -2.2595258997171186e-12 0 [0. 0. 0. 0. 0. 0. 0. 0. 1. 0. 0. 0. 0. 0. 0. 0. 0. 0. 0. 0.]
count:  6
19 2.8137492336099967e-12 0 [0. 0. 0. 0. 0. 0. 0. 0. 1. 0. 0. 0. 0. 0. 0. 0. 0. 0. 0. 0.]
Reject rate_u:  0.05
Test Power of Baselines (K times): 
[[0.35 0.05]]
Average Test Power of Baselines (K times): 
MMD-D:  0.19999999999999998 C2ST-L: 
[1.0, None, None, None]
test power, MMD/varest= [ 0.00726178  0.03349283 -0.05134641  0.0083444  -0.00070551  0.00720851
 -0.00634498  0.033862    0.06856385  0.03136108 -0.00564409  0.05081662
  0.01679067  0.02128989  0.00238579 -0.00202232  0.03947322  0.03917904
 -0.03912463  0.02408844] sum= 0.013946509457065367
