Namespace(K=2, N=10, N_per=100, bandwidths=[1.0, None, None, None], batch_size=100, filter_sizes=[3, 3, 3, 3], g_activs=['cos', 'relu', 'relu', 'relu'], init_stdvs=[None, 1.0, 1.0, 1.0], kernel_type='ntk', mode='type2', n=1000, poolings=['st4', 'st4', 'st4', 'st4'], run_id=0, top_dir='/scratch/hdd001/home/sheng/NTKTST', use_components=None, widths=[100, 100, 100, 100])
1000
[100, 100, 100, 100]
Files already downloaded and verified
-23.143632888793945
count:  1
0 7.389644451905042e-13 1 [1. 0. 0. 0. 0. 0. 0. 0. 0. 0.]
count:  0
1 2.093436535233195e-12 1 [1. 1. 0. 0. 0. 0. 0. 0. 0. 0.]
count:  0
2 1.3518075547835906e-12 1 [1. 1. 1. 0. 0. 0. 0. 0. 0. 0.]
count:  0
3 1.709743457922741e-12 1 [1. 1. 1. 1. 0. 0. 0. 0. 0. 0.]
count:  0
4 1.652011860642233e-12 1 [1. 1. 1. 1. 1. 0. 0. 0. 0. 0.]
count:  6
5 8.117950756059145e-13 0 [1. 1. 1. 1. 1. 0. 0. 0. 0. 0.]
count:  0
6 1.4370726830748026e-12 1 [1. 1. 1. 1. 1. 0. 1. 0. 0. 0.]
count:  0
7 2.5091040356528538e-12 1 [1. 1. 1. 1. 1. 0. 1. 1. 0. 0.]
count:  2
8 1.0089706847793423e-12 1 [1. 1. 1. 1. 1. 0. 1. 1. 1. 0.]
count:  3
9 1.1821654766208667e-12 1 [1. 1. 1. 1. 1. 0. 1. 1. 1. 1.]
Reject rate_u:  0.9
Test Power of Baselines (K times): 
[[0.9 0. ]]
Average Test Power of Baselines (K times): 
MMD-D:  0.9 C2ST-L: 
test power, MMD/varest= [0.02804828 0.05541921 0.04291565 0.04587095 0.04321781 0.02941175
 0.04478078 0.05542966 0.03378768 0.03756662] sum= 0.04164483748510496
-23.384754180908203
count:  6
0 3.907985046680551e-13 0 [0. 0. 0. 0. 0. 0. 0. 0. 0. 0.]
count:  6
1 2.318145675417327e-13 0 [0. 0. 0. 0. 0. 0. 0. 0. 0. 0.]
count:  1
2 1.5427659150191175e-12 1 [0. 0. 1. 0. 0. 0. 0. 0. 0. 0.]
count:  6
3 1.2878587085651816e-13 0 [0. 0. 1. 0. 0. 0. 0. 0. 0. 0.]
count:  0
4 1.835864793520159e-12 1 [0. 0. 1. 0. 1. 0. 0. 0. 0. 0.]
count:  4
5 6.474820679613913e-13 1 [0. 0. 1. 0. 1. 1. 0. 0. 0. 0.]
count:  6
6 -9.85878045867139e-14 0 [0. 0. 1. 0. 1. 1. 0. 0. 0. 0.]
count:  0
7 1.0151879337172431e-12 1 [0. 0. 1. 0. 1. 1. 0. 1. 0. 0.]
count:  0
8 1.0889067425523535e-12 1 [0. 0. 1. 0. 1. 1. 0. 1. 1. 0.]
count:  6
9 7.034373084024992e-13 0 [0. 0. 1. 0. 1. 1. 0. 1. 1. 0.]
Reject rate_u:  0.5
Test Power of Baselines (K times): 
[[0.9 0.5]]
Average Test Power of Baselines (K times): 
MMD-D:  0.7 C2ST-L: 
test power, MMD/varest= [ 0.02317302  0.02158568  0.04514823  0.00809418  0.0495226   0.02656268
 -0.01268928  0.03558954  0.03867582  0.02960134] sum= 0.026526381842445972
