Namespace(K=2, N=10, N_per=100, bandwidths=[1.0, None, None, None], batch_size=100, filter_sizes=[4, 4, 4, 4], g_activs=['cos', 'relu', 'relu', 'relu'], init_stdvs=[None, 1.0, 1.0, 1.0], kernel_type='ntk', mode='type2', n=1000, poolings=['st2', 'st2', 'st2', 'st2'], run_id=0, top_dir='/scratch/hdd001/home/sheng/NTKTST', use_components=None, widths=[100, 100, 100, 100])
1000
[100, 100, 100, 100]
Files already downloaded and verified
-23.143632888793945
count:  3
0 4.6412651499849744e-11 1 [1. 0. 0. 0. 0. 0. 0. 0. 0. 0.]
count:  6
1 2.5579538487363607e-12 0 [1. 0. 0. 0. 0. 0. 0. 0. 0. 0.]
count:  6
2 3.993250174971763e-11 0 [1. 0. 0. 0. 0. 0. 0. 0. 0. 0.]
count:  6
3 1.1084466677857563e-11 0 [1. 0. 0. 0. 0. 0. 0. 0. 0. 0.]
count:  1
4 4.220623850414995e-11 1 [1. 0. 0. 0. 1. 0. 0. 0. 0. 0.]
count:  6
5 1.1368683772161603e-13 0 [1. 0. 0. 0. 1. 0. 0. 0. 0. 0.]
count:  6
6 2.4300561562995426e-11 0 [1. 0. 0. 0. 1. 0. 0. 0. 0. 0.]
count:  4
7 4.3570480556809343e-11 1 [1. 0. 0. 0. 1. 0. 0. 1. 0. 0.]
count:  6
8 1.2505552149377763e-12 0 [1. 0. 0. 0. 1. 0. 0. 1. 0. 0.]
count:  6
9 9.947598300641403e-13 0 [1. 0. 0. 0. 1. 0. 0. 1. 0. 0.]
Reject rate_u:  0.3
Test Power of Baselines (K times): 
[[0.3 0. ]]
Average Test Power of Baselines (K times): 
MMD-D:  0.3 C2ST-L: 
test power, MMD/varest= [0.02896305 0.00281249 0.02608996 0.01179421 0.0257712  0.00013051
 0.01472159 0.02434899 0.00142364 0.00100885] sum= 0.013706450010840993
-23.384754180908203
count:  1
0 5.3859139370615594e-11 1 [1. 0. 0. 0. 0. 0. 0. 0. 0. 0.]
count:  6
1 1.0089706847793423e-11 0 [1. 0. 0. 0. 0. 0. 0. 0. 0. 0.]
count:  6
2 -7.844391802791506e-12 0 [1. 0. 0. 0. 0. 0. 0. 0. 0. 0.]
count:  6
3 5.684341886080801e-13 0 [1. 0. 0. 0. 0. 0. 0. 0. 0. 0.]
count:  6
4 -9.521272659185342e-12 0 [1. 0. 0. 0. 0. 0. 0. 0. 0. 0.]
count:  6
5 -1.5660361896152608e-11 0 [1. 0. 0. 0. 0. 0. 0. 0. 0. 0.]
count:  6
6 1.3102408047416247e-11 0 [1. 0. 0. 0. 0. 0. 0. 0. 0. 0.]
count:  4
7 3.657874003692996e-11 1 [1. 0. 0. 0. 0. 0. 0. 1. 0. 0.]
count:  6
8 3.211653165635653e-11 0 [1. 0. 0. 0. 0. 0. 0. 1. 0. 0.]
count:  6
9 -9.492850949754938e-12 0 [1. 0. 0. 0. 0. 0. 0. 1. 0. 0.]
Reject rate_u:  0.2
Test Power of Baselines (K times): 
[[0.3 0.2]]
Average Test Power of Baselines (K times): 
MMD-D:  0.25 C2ST-L: 
test power, MMD/varest= [ 0.03110522  0.00816272 -0.01185481  0.00064677 -0.01561505 -0.02380888
  0.01057386  0.02710612  0.02444111 -0.01127592] sum= 0.0039481136579829915
