Namespace(K=2, N=10, N_per=100, bandwidths=[1.0, None, None, None], batch_size=100, filter_sizes=[3, 3, 3, 3], g_activs=['cos', 'relu', 'relu', 'relu'], init_stdvs=[None, 1.0, 1.0, 1.0], kernel_type='ntk', mode='type2', n=1000, poolings=['st2', 'st2', 'st2', 'st2'], run_id=0, top_dir='/scratch/hdd001/home/sheng/NTKTST', use_components=None, widths=[100, 100, 100, 100])
1000
[100, 100, 100, 100]
Files already downloaded and verified
-23.143632888793945
count:  6
0 -1.1368683772161603e-13 0 [0. 0. 0. 0. 0. 0. 0. 0. 0. 0.]
count:  6
1 -1.5702994460298214e-12 0 [0. 0. 0. 0. 0. 0. 0. 0. 0. 0.]
count:  6
2 2.4655832930875476e-12 0 [0. 0. 0. 0. 0. 0. 0. 0. 0. 0.]
count:  6
3 -5.400124791776761e-13 0 [0. 0. 0. 0. 0. 0. 0. 0. 0. 0.]
count:  6
4 1.0302869668521453e-12 0 [0. 0. 0. 0. 0. 0. 0. 0. 0. 0.]
count:  6
5 1.2292389328649733e-12 0 [0. 0. 0. 0. 0. 0. 0. 0. 0. 0.]
count:  6
6 2.2453150450019166e-12 0 [0. 0. 0. 0. 0. 0. 0. 0. 0. 0.]
count:  6
7 -1.2789769243681803e-13 0 [0. 0. 0. 0. 0. 0. 0. 0. 0. 0.]
count:  6
8 -1.0871303857129533e-12 0 [0. 0. 0. 0. 0. 0. 0. 0. 0. 0.]
count:  6
9 -1.0871303857129533e-12 0 [0. 0. 0. 0. 0. 0. 0. 0. 0. 0.]
Reject rate_u:  0.0
Test Power of Baselines (K times): 
[[0. 0.]]
Average Test Power of Baselines (K times): 
MMD-D:  0.0 C2ST-L: 
test power, MMD/varest= [-0.00178326 -0.03289666  0.02553629 -0.00854356  0.01372843  0.01442425
  0.01901538 -0.0016502  -0.02042708 -0.02053639] sum= -0.0013132816342453228
-23.384754180908203
count:  0
0 5.9401372709544376e-12 1 [1. 0. 0. 0. 0. 0. 0. 0. 0. 0.]
count:  3
1 3.382183422218077e-12 1 [1. 1. 0. 0. 0. 0. 0. 0. 0. 0.]
count:  3
2 3.893774191965349e-12 1 [1. 1. 1. 0. 0. 0. 0. 0. 0. 0.]
count:  6
3 1.1937117960769683e-12 0 [1. 1. 1. 0. 0. 0. 0. 0. 0. 0.]
count:  6
4 1.1013412404281553e-12 0 [1. 1. 1. 0. 0. 0. 0. 0. 0. 0.]
count:  6
5 1.1013412404281553e-12 0 [1. 1. 1. 0. 0. 0. 0. 0. 0. 0.]
count:  3
6 4.767741756950272e-12 1 [1. 1. 1. 0. 0. 0. 1. 0. 0. 0.]
count:  6
7 6.892264536872972e-13 0 [1. 1. 1. 0. 0. 0. 1. 0. 0. 0.]
count:  6
8 -4.973799150320701e-14 0 [1. 1. 1. 0. 0. 0. 1. 0. 0. 0.]
count:  6
9 -6.323830348264892e-13 0 [1. 1. 1. 0. 0. 0. 1. 0. 0. 0.]
Reject rate_u:  0.4
Test Power of Baselines (K times): 
[[0.  0.4]]
Average Test Power of Baselines (K times): 
MMD-D:  0.2 C2ST-L: 
test power, MMD/varest= [ 0.04101527  0.02506924  0.03441351  0.01088196  0.01362519  0.01046655
  0.03256882  0.00784081 -0.00068305 -0.00902761] sum= 0.016617068395366003
