Namespace(K=2, N=10, N_per=100, bandwidths=[1.0, None, None, None], batch_size=100, filter_sizes=[4, 4, 4, 4], g_activs=['cos', 'relu', 'relu', 'relu'], init_stdvs=[None, 1.0, 1.0, 1.0], kernel_type='ntk', mode='type2', n=1000, poolings=['st1', 'st3', 'st3', 'st3'], run_id=0, top_dir='/scratch/hdd001/home/sheng/NTKTST', use_components=None, widths=[100, 100, 100, 100])
1000
[100, 100, 100, 100]
Files already downloaded and verified
-23.143632888793945
count:  6
0 5.9685589803848416e-12 0 [0. 0. 0. 0. 0. 0. 0. 0. 0. 0.]
count:  6
1 -5.6701310313655995e-12 0 [0. 0. 0. 0. 0. 0. 0. 0. 0. 0.]
count:  6
2 6.73594513500575e-12 0 [0. 0. 0. 0. 0. 0. 0. 0. 0. 0.]
count:  6
3 -2.1032064978498966e-12 0 [0. 0. 0. 0. 0. 0. 0. 0. 0. 0.]
count:  1
4 2.845013113983441e-11 1 [0. 0. 0. 0. 1. 0. 0. 0. 0. 0.]
count:  6
5 -4.433786671143025e-12 0 [0. 0. 0. 0. 1. 0. 0. 0. 0. 0.]
count:  6
6 -6.266986929404084e-12 0 [0. 0. 0. 0. 1. 0. 0. 0. 0. 0.]
count:  6
7 6.551204023708124e-12 0 [0. 0. 0. 0. 1. 0. 0. 0. 0. 0.]
count:  6
8 -3.680611371237319e-12 0 [0. 0. 0. 0. 1. 0. 0. 0. 0. 0.]
count:  6
9 4.973799150320701e-13 0 [0. 0. 0. 0. 1. 0. 0. 0. 0. 0.]
Reject rate_u:  0.1
Test Power of Baselines (K times): 
[[0.1 0. ]]
Average Test Power of Baselines (K times): 
MMD-D:  0.1 C2ST-L: 
test power, MMD/varest= [ 0.01133908 -0.01516506  0.0103363  -0.00619808  0.02973123 -0.01330516
 -0.01333078  0.00953917 -0.01075335  0.00138676] sum= 0.0003580106908562796
-23.384754180908203
count:  4
0 2.042099822574528e-11 1 [1. 0. 0. 0. 0. 0. 0. 0. 0. 0.]
count:  2
1 1.979572061827639e-11 1 [1. 1. 0. 0. 0. 0. 0. 0. 0. 0.]
count:  6
2 1.3884005056752358e-11 0 [1. 1. 0. 0. 0. 0. 0. 0. 0. 0.]
count:  6
3 9.64917035162216e-12 0 [1. 1. 0. 0. 0. 0. 0. 0. 0. 0.]
count:  6
4 1.1183942660863977e-11 0 [1. 1. 0. 0. 0. 0. 0. 0. 0. 0.]
count:  6
5 -1.0089706847793423e-12 0 [1. 1. 0. 0. 0. 0. 0. 0. 0. 0.]
count:  6
6 1.6115109247039072e-11 0 [1. 1. 0. 0. 0. 0. 0. 0. 0. 0.]
count:  6
7 1.1368683772161603e-11 0 [1. 1. 0. 0. 0. 0. 0. 0. 0. 0.]
count:  6
8 7.986500349943526e-12 0 [1. 1. 0. 0. 0. 0. 0. 0. 0. 0.]
count:  6
9 -4.362732397567015e-12 0 [1. 1. 0. 0. 0. 0. 0. 0. 0. 0.]
Reject rate_u:  0.2
Test Power of Baselines (K times): 
[[0.1 0.2]]
Average Test Power of Baselines (K times): 
MMD-D:  0.15000000000000002 C2ST-L: 
test power, MMD/varest= [ 0.02643871  0.02867805  0.0281243   0.02103859  0.02137921 -0.00288816
  0.02486384  0.01987736  0.0167777  -0.01441916] sum= 0.016987044601112312
