Namespace(K=2, N=10, N_per=100, bandwidths=[1.0, None, None], batch_size=100, filter_sizes=[3, 3, 3], g_activs=['cos', 'relu', 'relu'], init_stdvs=[None, 1.0, 1.0], kernel_type='ntk', mode='type2', n=1000, poolings=['st2', 'st2', 'st2'], run_id=0, top_dir='/scratch/hdd001/home/sheng/NTKTST', use_components=None, widths=[100, 100, 100])
1000
[100, 100, 100]
Files already downloaded and verified
-23.143632888793945
count:  6
0 -1.709850039333105e-10 0 [0. 0. 0. 0. 0. 0. 0. 0. 0. 0.]
count:  6
1 1.4551915228366852e-10 0 [0. 0. 0. 0. 0. 0. 0. 0. 0. 0.]
count:  6
2 -5.4569682106375694e-11 0 [0. 0. 0. 0. 0. 0. 0. 0. 0. 0.]
count:  6
3 3.710738383233547e-10 0 [0. 0. 0. 0. 0. 0. 0. 0. 0. 0.]
count:  6
4 2.4374458007514477e-10 0 [0. 0. 0. 0. 0. 0. 0. 0. 0. 0.]
count:  6
5 8.731149137020111e-11 0 [0. 0. 0. 0. 0. 0. 0. 0. 0. 0.]
count:  6
6 -1.8189894035458565e-10 0 [0. 0. 0. 0. 0. 0. 0. 0. 0. 0.]
count:  6
7 -4.220055416226387e-10 0 [0. 0. 0. 0. 0. 0. 0. 0. 0. 0.]
count:  6
8 2.9103830456733704e-11 0 [0. 0. 0. 0. 0. 0. 0. 0. 0. 0.]
count:  6
9 -2.255546860396862e-10 0 [0. 0. 0. 0. 0. 0. 0. 0. 0. 0.]
Reject rate_u:  0.0
Test Power of Baselines (K times): 
[[0. 0.]]
Average Test Power of Baselines (K times): 
MMD-D:  0.0 C2ST-L: 
test power, MMD/varest= [-0.01387716  0.00850715 -0.00370205  0.01985413  0.01268422  0.00497148
 -0.01523688 -0.05233371  0.0019512  -0.01623933] sum= -0.005342095033286234
-23.384754180908203
count:  6
0 3.892637323588133e-10 0 [0. 0. 0. 0. 0. 0. 0. 0. 0. 0.]
count:  4
1 1.0331859812140465e-09 1 [0. 1. 0. 0. 0. 0. 0. 0. 0. 0.]
count:  6
2 -2.9467628337442875e-10 0 [0. 1. 0. 0. 0. 0. 0. 0. 0. 0.]
count:  6
3 3.092281986027956e-10 0 [0. 1. 0. 0. 0. 0. 0. 0. 0. 0.]
count:  6
4 -2.7284841053187847e-10 0 [0. 1. 0. 0. 0. 0. 0. 0. 0. 0.]
count:  6
5 -8.36735125631094e-11 0 [0. 1. 0. 0. 0. 0. 0. 0. 0. 0.]
count:  3
6 1.1168594937771559e-09 1 [0. 1. 0. 0. 0. 0. 1. 0. 0. 0.]
count:  6
7 -2.0736479200422764e-10 0 [0. 1. 0. 0. 0. 0. 1. 0. 0. 0.]
count:  6
8 -5.4569682106375694e-11 0 [0. 1. 0. 0. 0. 0. 1. 0. 0. 0.]
count:  6
9 -3.055902197957039e-10 0 [0. 1. 0. 0. 0. 0. 1. 0. 0. 0.]
Reject rate_u:  0.2
Test Power of Baselines (K times): 
[[0.  0.2]]
Average Test Power of Baselines (K times): 
MMD-D:  0.1 C2ST-L: 
test power, MMD/varest= [ 0.01695629  0.03047385 -0.02369441  0.01547183 -0.0280805  -0.00454919
  0.03312785 -0.01704068 -0.00337837 -0.02251344] sum= -0.0003226766353371678
