Namespace(K=2, N=10, N_per=100, bandwidths=[1.0, None, None], batch_size=100, filter_sizes=[4, 4, 4], g_activs=['cos', 'relu', 'relu'], init_stdvs=[None, 1.0, 1.0], kernel_type='ntk', mode='type2', n=1000, poolings=['st1', 'st3', 'st3'], run_id=0, top_dir='/scratch/hdd001/home/sheng/NTKTST', use_components=None, widths=[100, 100, 100])
1000
[100, 100, 100]
Files already downloaded and verified
-23.143632888793945
count:  2
0 3.728928277269006e-09 1 [1. 0. 0. 0. 0. 0. 0. 0. 0. 0.]
count:  6
1 1.9281287677586079e-10 0 [1. 0. 0. 0. 0. 0. 0. 0. 0. 0.]
count:  5
2 2.266460796818137e-09 1 [1. 0. 1. 0. 0. 0. 0. 0. 0. 0.]
count:  6
3 4.765752237290144e-10 0 [1. 0. 1. 0. 0. 0. 0. 0. 0. 0.]
count:  6
4 1.7171259969472885e-09 0 [1. 0. 1. 0. 0. 0. 0. 0. 0. 0.]
count:  6
5 5.820766091346741e-10 0 [1. 0. 1. 0. 0. 0. 0. 0. 0. 0.]
count:  6
6 3.7834979593753815e-10 0 [1. 0. 1. 0. 0. 0. 0. 0. 0. 0.]
count:  6
7 1.3242242857813835e-09 0 [1. 0. 1. 0. 0. 0. 0. 0. 0. 0.]
count:  6
8 2.1100277081131935e-09 0 [1. 0. 1. 0. 0. 0. 0. 0. 0. 0.]
count:  6
9 -9.822542779147625e-11 0 [1. 0. 1. 0. 0. 0. 0. 0. 0. 0.]
Reject rate_u:  0.2
Test Power of Baselines (K times): 
[[0.2 0. ]]
Average Test Power of Baselines (K times): 
MMD-D:  0.2 C2ST-L: 
test power, MMD/varest= [ 0.04054427  0.0040009   0.02575413  0.00915309  0.02183362  0.01096458
  0.00526681  0.01674267  0.03053483 -0.0021862 ] sum= 0.016260870177482286
-23.384754180908203
count:  2
0 2.368324203416705e-09 1 [1. 0. 0. 0. 0. 0. 0. 0. 0. 0.]
count:  6
1 1.7680577002465725e-09 0 [1. 0. 0. 0. 0. 0. 0. 0. 0. 0.]
count:  3
2 2.4374458007514477e-09 1 [1. 0. 1. 0. 0. 0. 0. 0. 0. 0.]
count:  3
3 2.306478563696146e-09 1 [1. 0. 1. 1. 0. 0. 0. 0. 0. 0.]
count:  6
4 1.8480932340025902e-09 0 [1. 0. 1. 1. 0. 0. 0. 0. 0. 0.]
count:  1
5 3.5688572097569704e-09 1 [1. 0. 1. 1. 0. 1. 0. 0. 0. 0.]
count:  6
6 1.4770193956792355e-09 0 [1. 0. 1. 1. 0. 1. 0. 0. 0. 0.]
count:  6
7 -1.7826096154749393e-10 0 [1. 0. 1. 1. 0. 1. 0. 0. 0. 0.]
count:  6
8 -3.055902197957039e-10 0 [1. 0. 1. 1. 0. 1. 0. 0. 0. 0.]
count:  6
9 -3.8198777474462986e-10 0 [1. 0. 1. 1. 0. 1. 0. 0. 0. 0.]
Reject rate_u:  0.4
Test Power of Baselines (K times): 
[[0.2 0.4]]
Average Test Power of Baselines (K times): 
MMD-D:  0.30000000000000004 C2ST-L: 
test power, MMD/varest= [ 0.03695494  0.02525763  0.03389308  0.02823936  0.02697824  0.04209263
  0.02065317 -0.00377795 -0.00846639 -0.00970179] sum= 0.01921229275540155
