Namespace(K=2, N=10, N_per=100, bandwidths=[1.0, None, None], batch_size=100, filter_sizes=[3, 3, 3], g_activs=['cos', 'relu', 'relu'], init_stdvs=[None, 1.0, 1.0], kernel_type='ntk', mode='type2', n=1000, poolings=['st4', 'st4', 'st4'], run_id=0, top_dir='/scratch/hdd001/home/sheng/NTKTST', use_components=None, widths=[100, 100, 100])
1000
[100, 100, 100]
Files already downloaded and verified
-23.143632888793945
count:  6
0 6.45741238258779e-11 0 [0. 0. 0. 0. 0. 0. 0. 0. 0. 0.]
count:  6
1 1.5916157281026244e-10 0 [0. 0. 0. 0. 0. 0. 0. 0. 0. 0.]
count:  6
2 -1.7644197214394808e-10 0 [0. 0. 0. 0. 0. 0. 0. 0. 0. 0.]
count:  6
3 -1.0913936421275139e-10 0 [0. 0. 0. 0. 0. 0. 0. 0. 0. 0.]
count:  6
4 -2.1827872842550278e-11 0 [0. 0. 0. 0. 0. 0. 0. 0. 0. 0.]
count:  6
5 1.5643308870494366e-10 0 [0. 0. 0. 0. 0. 0. 0. 0. 0. 0.]
count:  6
6 -2.1827872842550278e-11 0 [0. 0. 0. 0. 0. 0. 0. 0. 0. 0.]
count:  6
7 -8.276401786133647e-11 0 [0. 0. 0. 0. 0. 0. 0. 0. 0. 0.]
count:  6
8 4.883986548520625e-10 0 [0. 0. 0. 0. 0. 0. 0. 0. 0. 0.]
count:  6
9 -8.913048077374697e-11 0 [0. 0. 0. 0. 0. 0. 0. 0. 0. 0.]
Reject rate_u:  0.0
Test Power of Baselines (K times): 
[[0. 0.]]
Average Test Power of Baselines (K times): 
MMD-D:  0.0 C2ST-L: 
test power, MMD/varest= [ 0.00722808  0.01505123 -0.0422771  -0.01843787 -0.0029038   0.01210695
 -0.00269883 -0.01148313  0.03028725 -0.01200314] sum= -0.002513035740236149
-23.384754180908203
count:  6
0 2.2737367544323206e-11 0 [0. 0. 0. 0. 0. 0. 0. 0. 0. 0.]
count:  5
1 4.320099833421409e-10 1 [0. 1. 0. 0. 0. 0. 0. 0. 0. 0.]
count:  6
2 8.913048077374697e-11 0 [0. 1. 0. 0. 0. 0. 0. 0. 0. 0.]
count:  6
3 -1.191438059322536e-10 0 [0. 1. 0. 0. 0. 0. 0. 0. 0. 0.]
count:  6
4 2.2737367544323206e-10 0 [0. 1. 0. 0. 0. 0. 0. 0. 0. 0.]
count:  6
5 8.36735125631094e-11 0 [0. 1. 0. 0. 0. 0. 0. 0. 0. 0.]
count:  6
6 2.582964953035116e-10 0 [0. 1. 0. 0. 0. 0. 0. 0. 0. 0.]
count:  6
7 2.000888343900442e-11 0 [0. 1. 0. 0. 0. 0. 0. 0. 0. 0.]
count:  6
8 2.0463630789890885e-10 0 [0. 1. 0. 0. 0. 0. 0. 0. 0. 0.]
count:  6
9 -4.547473508864641e-12 0 [0. 1. 0. 0. 0. 0. 0. 0. 0. 0.]
Reject rate_u:  0.1
Test Power of Baselines (K times): 
[[0.  0.1]]
Average Test Power of Baselines (K times): 
MMD-D:  0.05 C2ST-L: 
test power, MMD/varest= [ 0.00262129  0.03209115  0.00939352 -0.01548913  0.02040369  0.00950608
  0.01602342  0.00232274  0.02025433 -0.00070195] sum= 0.00964251369695952
