Namespace(K=2, N=10, N_per=100, bandwidths=[1.0, None, None], batch_size=100, filter_sizes=[4, 4, 4], g_activs=['cos', 'relu', 'relu'], init_stdvs=[None, 1.0, 1.0], kernel_type='ntk', mode='type2', n=1000, poolings=['st2', 'st2', 'st2'], run_id=0, top_dir='/scratch/hdd001/home/sheng/NTKTST', use_components=None, widths=[100, 100, 100])
1000
[100, 100, 100]
Files already downloaded and verified
-23.143632888793945
count:  1
0 3.8344296626746655e-09 1 [1. 0. 0. 0. 0. 0. 0. 0. 0. 0.]
count:  6
1 1.6007106751203537e-09 0 [1. 0. 0. 0. 0. 0. 0. 0. 0. 0.]
count:  5
2 3.3251126296818256e-09 1 [1. 0. 1. 0. 0. 0. 0. 0. 0. 0.]
count:  6
3 4.220055416226387e-10 0 [1. 0. 1. 0. 0. 0. 0. 0. 0. 0.]
count:  2
4 2.2264430299401283e-09 1 [1. 0. 1. 0. 1. 0. 0. 0. 0. 0.]
count:  6
5 -1.0550138540565968e-10 0 [1. 0. 1. 0. 1. 0. 0. 0. 0. 0.]
count:  6
6 1.6152625903487206e-09 0 [1. 0. 1. 0. 1. 0. 0. 0. 0. 0.]
count:  0
7 3.5943230614066124e-09 1 [1. 0. 1. 0. 1. 0. 0. 1. 0. 0.]
count:  6
8 3.055902197957039e-09 0 [1. 0. 1. 0. 1. 0. 0. 1. 0. 0.]
count:  6
9 1.2005330063402653e-09 0 [1. 0. 1. 0. 1. 0. 0. 1. 0. 0.]
Reject rate_u:  0.4
Test Power of Baselines (K times): 
[[0.4 0. ]]
Average Test Power of Baselines (K times): 
MMD-D:  0.4 C2ST-L: 
test power, MMD/varest= [ 0.04142281  0.02919156  0.03294497  0.00782702  0.02592568 -0.00225406
  0.01999543  0.03823883  0.03727416  0.02004103] sum= 0.025060742110225735
-23.384754180908203
count:  6
0 1.8590071704238653e-09 0 [0. 0. 0. 0. 0. 0. 0. 0. 0. 0.]
count:  6
1 1.3969838619232178e-09 0 [0. 0. 0. 0. 0. 0. 0. 0. 0. 0.]
count:  6
2 1.3787939678877592e-09 0 [0. 0. 0. 0. 0. 0. 0. 0. 0. 0.]
count:  6
3 1.7644197214394808e-09 0 [0. 0. 0. 0. 0. 0. 0. 0. 0. 0.]
count:  6
4 -7.239577826112509e-10 0 [0. 0. 0. 0. 0. 0. 0. 0. 0. 0.]
count:  6
5 3.346940502524376e-10 0 [0. 0. 0. 0. 0. 0. 0. 0. 0. 0.]
count:  6
6 1.5606929082423449e-09 0 [0. 0. 0. 0. 0. 0. 0. 0. 0. 0.]
count:  6
7 8.039933163672686e-10 0 [0. 0. 0. 0. 0. 0. 0. 0. 0. 0.]
count:  6
8 -1.0913936421275139e-10 0 [0. 0. 0. 0. 0. 0. 0. 0. 0. 0.]
count:  6
9 -4.765752237290144e-10 0 [0. 0. 0. 0. 0. 0. 0. 0. 0. 0.]
Reject rate_u:  0.0
Test Power of Baselines (K times): 
[[0.4 0. ]]
Average Test Power of Baselines (K times): 
MMD-D:  0.2 C2ST-L: 
test power, MMD/varest= [ 0.03254161  0.02536007  0.02794874  0.03036895 -0.01877976  0.00569829
  0.02737716  0.01963224 -0.0031684  -0.01237092] sum= 0.013460800192549426
