Namespace(K=2, N=10, N_per=100, bandwidths=[1.0, None, None, None], batch_size=100, filter_sizes=[3, 3, 3, 3], g_activs=['cos', 'relu', 'relu', 'relu'], init_stdvs=[None, 1.0, 1.0, 1.0], kernel_type='ntk', mode='type2', n=1000, poolings=['st1', 'st3', 'st3', 'st3'], run_id=0, top_dir='/scratch/hdd001/home/sheng/NTKTST', use_components=None, widths=[100, 100, 100, 100])
1000
[100, 100, 100, 100]
Files already downloaded and verified
-23.143632888793945
count:  6
0 3.907985046680551e-13 0 [0. 0. 0. 0. 0. 0. 0. 0. 0. 0.]
count:  6
1 5.293543381412746e-13 0 [0. 0. 0. 0. 0. 0. 0. 0. 0. 0.]
count:  6
2 -5.968558980384842e-13 0 [0. 0. 0. 0. 0. 0. 0. 0. 0. 0.]
count:  6
3 -2.213340621892712e-12 0 [0. 0. 0. 0. 0. 0. 0. 0. 0. 0.]
count:  6
4 2.62545540863357e-12 0 [0. 0. 0. 0. 0. 0. 0. 0. 0. 0.]
count:  6
5 -1.4921397450962104e-12 0 [0. 0. 0. 0. 0. 0. 0. 0. 0. 0.]
count:  6
6 2.0605739337042905e-12 0 [0. 0. 0. 0. 0. 0. 0. 0. 0. 0.]
count:  6
7 4.618527782440651e-14 0 [0. 0. 0. 0. 0. 0. 0. 0. 0. 0.]
count:  6
8 2.0605739337042905e-13 0 [0. 0. 0. 0. 0. 0. 0. 0. 0. 0.]
count:  6
9 -4.831690603168681e-13 0 [0. 0. 0. 0. 0. 0. 0. 0. 0. 0.]
Reject rate_u:  0.0
Test Power of Baselines (K times): 
[[0. 0.]]
Average Test Power of Baselines (K times): 
MMD-D:  0.0 C2ST-L: 
test power, MMD/varest= [ 0.00518481  0.00491422 -0.00855    -0.04941351  0.01842146 -0.02914827
  0.01404021  0.00054894  0.00297534 -0.0070363 ] sum= -0.0048063103962732836
-23.384754180908203
count:  1
0 7.627676268384675e-12 1 [1. 0. 0. 0. 0. 0. 0. 0. 0. 0.]
count:  2
1 8.185452315956354e-12 1 [1. 1. 0. 0. 0. 0. 0. 0. 0. 0.]
count:  6
2 1.4921397450962104e-12 0 [1. 1. 0. 0. 0. 0. 0. 0. 0. 0.]
count:  6
3 -3.694822225952521e-13 0 [1. 1. 0. 0. 0. 0. 0. 0. 0. 0.]
count:  6
4 2.9807267765136203e-12 0 [1. 1. 0. 0. 0. 0. 0. 0. 0. 0.]
count:  4
5 3.5562663924793014e-12 1 [1. 1. 0. 0. 0. 1. 0. 0. 0. 0.]
count:  1
6 5.3859139370615594e-12 1 [1. 1. 0. 0. 0. 1. 1. 0. 0. 0.]
count:  6
7 2.9949376312288223e-12 0 [1. 1. 0. 0. 0. 1. 1. 0. 0. 0.]
count:  6
8 5.719869022868806e-13 0 [1. 1. 0. 0. 0. 1. 1. 0. 0. 0.]
count:  6
9 9.237055564881302e-13 0 [1. 1. 0. 0. 0. 1. 1. 0. 0. 0.]
Reject rate_u:  0.4
Test Power of Baselines (K times): 
[[0.  0.4]]
Average Test Power of Baselines (K times): 
MMD-D:  0.2 C2ST-L: 
test power, MMD/varest= [ 0.03855442  0.04016391  0.01634471 -0.00399267  0.02581011  0.03477972
  0.02890395  0.02315216  0.00698955  0.00846549] sum= 0.02191713528788757
