Namespace(K=2, N=10, N_per=100, bandwidths=[1.0, None, None], batch_size=100, filter_sizes=[3, 3, 3], g_activs=['cos', 'relu', 'relu'], init_stdvs=[None, 1.0, 1.0], kernel_type='ntk', mode='type2', n=1000, poolings=['st1', 'st3', 'st3'], run_id=0, top_dir='/scratch/hdd001/home/sheng/NTKTST', use_components=None, widths=[100, 100, 100])
1000
[100, 100, 100]
Files already downloaded and verified
-23.143632888793945
count:  6
0 -2.3283064365386963e-10 0 [0. 0. 0. 0. 0. 0. 0. 0. 0. 0.]
count:  6
1 -3.5288394428789616e-10 0 [0. 0. 0. 0. 0. 0. 0. 0. 0. 0.]
count:  6
2 -2.4374458007514477e-10 0 [0. 0. 0. 0. 0. 0. 0. 0. 0. 0.]
count:  6
3 -5.4569682106375694e-11 0 [0. 0. 0. 0. 0. 0. 0. 0. 0. 0.]
count:  6
4 4.729372449219227e-11 0 [0. 0. 0. 0. 0. 0. 0. 0. 0. 0.]
count:  6
5 3.4924596548080444e-10 0 [0. 0. 0. 0. 0. 0. 0. 0. 0. 0.]
count:  6
6 -1.6370904631912708e-10 0 [0. 0. 0. 0. 0. 0. 0. 0. 0. 0.]
count:  6
7 -4.874891601502895e-10 0 [0. 0. 0. 0. 0. 0. 0. 0. 0. 0.]
count:  6
8 3.383320290595293e-10 0 [0. 0. 0. 0. 0. 0. 0. 0. 0. 0.]
count:  6
9 1.3460521586239338e-10 0 [0. 0. 0. 0. 0. 0. 0. 0. 0. 0.]
Reject rate_u:  0.0
Test Power of Baselines (K times): 
[[0. 0.]]
Average Test Power of Baselines (K times): 
MMD-D:  0.0 C2ST-L: 
test power, MMD/varest= [-0.02169584 -0.04067941 -0.01820204 -0.0038981   0.00303658  0.01602776
 -0.01388291 -0.06147656  0.01648218  0.00898613] sum= -0.011530220754641265
-23.384754180908203
count:  2
0 1.0331859812140465e-09 1 [1. 0. 0. 0. 0. 0. 0. 0. 0. 0.]
count:  0
1 1.469743438065052e-09 1 [1. 1. 0. 0. 0. 0. 0. 0. 0. 0.]
count:  6
2 1.8553691916167736e-10 0 [1. 1. 0. 0. 0. 0. 0. 0. 0. 0.]
count:  6
3 2.3283064365386963e-10 0 [1. 1. 0. 0. 0. 0. 0. 0. 0. 0.]
count:  6
4 5.347828846424818e-10 0 [1. 1. 0. 0. 0. 0. 0. 0. 0. 0.]
count:  6
5 2.764863893389702e-10 0 [1. 1. 0. 0. 0. 0. 0. 0. 0. 0.]
count:  6
6 4.911271389573812e-10 0 [1. 1. 0. 0. 0. 0. 0. 0. 0. 0.]
count:  6
7 -1.5643308870494366e-10 0 [1. 1. 0. 0. 0. 0. 0. 0. 0. 0.]
count:  6
8 2.473825588822365e-10 0 [1. 1. 0. 0. 0. 0. 0. 0. 0. 0.]
count:  6
9 5.020410753786564e-10 0 [1. 1. 0. 0. 0. 0. 0. 0. 0. 0.]
Reject rate_u:  0.2
Test Power of Baselines (K times): 
[[0.  0.2]]
Average Test Power of Baselines (K times): 
MMD-D:  0.1 C2ST-L: 
test power, MMD/varest= [ 0.02746466  0.0394165   0.01016187  0.00994873  0.01902119  0.01158176
  0.01662385 -0.009077    0.01027651  0.01813277] sum= 0.015355085299708382
