Namespace(K=2, N=10, N_per=100, bandwidths=[1.0, None, None], batch_size=100, filter_sizes=[4, 4, 4], g_activs=['cos', 'relu', 'relu'], init_stdvs=[None, 1.0, 1.0], kernel_type='ntk', mode='type2', n=1000, poolings=['st4', 'st4', 'st4'], run_id=0, top_dir='/scratch/hdd001/home/sheng/NTKTST', use_components=None, widths=[100, 100, 100])
1000
[100, 100, 100]
Files already downloaded and verified
-23.143632888793945
count:  6
0 1.1514202924445271e-09 0 [0. 0. 0. 0. 0. 0. 0. 0. 0. 0.]
count:  6
1 4.1382008930668235e-10 0 [0. 0. 0. 0. 0. 0. 0. 0. 0. 0.]
count:  6
2 1.1823431123048067e-11 0 [0. 0. 0. 0. 0. 0. 0. 0. 0. 0.]
count:  3
3 1.5043042367324233e-09 1 [0. 0. 0. 1. 0. 0. 0. 0. 0. 0.]
count:  6
4 2.446540747769177e-10 0 [0. 0. 0. 1. 0. 0. 0. 0. 0. 0.]
count:  6
5 -1.3642420526593924e-10 0 [0. 0. 0. 1. 0. 0. 0. 0. 0. 0.]
count:  6
6 2.191882231272757e-10 0 [0. 0. 0. 1. 0. 0. 0. 0. 0. 0.]
count:  6
7 2.637534635141492e-10 0 [0. 0. 0. 1. 0. 0. 0. 0. 0. 0.]
count:  6
8 2.701199264265597e-10 0 [0. 0. 0. 1. 0. 0. 0. 0. 0. 0.]
count:  6
9 2.701199264265597e-10 0 [0. 0. 0. 1. 0. 0. 0. 0. 0. 0.]
Reject rate_u:  0.1
Test Power of Baselines (K times): 
[[0.1 0. ]]
Average Test Power of Baselines (K times): 
MMD-D:  0.1 C2ST-L: 
test power, MMD/varest= [ 0.02757429  0.01403975  0.00040739  0.0283593   0.00869149 -0.00603039
  0.00739883  0.01026241  0.00832078  0.01054658] sum= 0.01095704326786871
-23.384754180908203
count:  6
0 1.5561454347334802e-09 0 [0. 0. 0. 0. 0. 0. 0. 0. 0. 0.]
count:  1
1 2.422893885523081e-09 1 [0. 1. 0. 0. 0. 0. 0. 0. 0. 0.]
count:  6
2 1.3642420526593924e-11 0 [0. 1. 0. 0. 0. 0. 0. 0. 0. 0.]
count:  6
3 2.9740476747974753e-10 0 [0. 1. 0. 0. 0. 0. 0. 0. 0. 0.]
count:  6
4 4.82032191939652e-10 0 [0. 1. 0. 0. 0. 0. 0. 0. 0. 0.]
count:  6
5 4.1382008930668235e-10 0 [0. 1. 0. 0. 0. 0. 0. 0. 0. 0.]
count:  4
6 1.203261490445584e-09 1 [0. 1. 0. 0. 0. 0. 1. 0. 0. 0.]
count:  6
7 2.955857780762017e-10 0 [0. 1. 0. 0. 0. 0. 1. 0. 0. 0.]
count:  2
8 1.1004885891452432e-09 1 [0. 1. 0. 0. 0. 0. 1. 0. 1. 0.]
count:  0
9 2.2355379769578576e-09 1 [0. 1. 0. 0. 0. 0. 1. 0. 1. 1.]
Reject rate_u:  0.4
Test Power of Baselines (K times): 
[[0.1 0.4]]
Average Test Power of Baselines (K times): 
MMD-D:  0.25 C2ST-L: 
test power, MMD/varest= [0.03436539 0.04628051 0.00051624 0.01317899 0.01816715 0.01334025
 0.03514905 0.01227773 0.02893299 0.03798678] sum= 0.02401950738102604
