Namespace(K=2, N=10, N_per=100, bandwidths=[1.0, None, None, None], batch_size=100, filter_sizes=[4, 4, 4, 4], g_activs=['cos', 'relu', 'relu', 'relu'], init_stdvs=[None, 1.0, 1.0, 1.0], kernel_type='ntk', mode='type2', n=1000, poolings=['st4', 'st4', 'st4', 'st4'], run_id=0, top_dir='/scratch/hdd001/home/sheng/NTKTST', use_components=None, widths=[100, 100, 100, 100])
1000
[100, 100, 100, 100]
Files already downloaded and verified
-23.143632888793945
count:  6
0 4.636291350834654e-13 0 [0. 0. 0. 0. 0. 0. 0. 0. 0. 0.]
count:  6
1 -8.881784197001252e-14 0 [0. 0. 0. 0. 0. 0. 0. 0. 0. 0.]
count:  6
2 -4.5208281562736374e-13 0 [0. 0. 0. 0. 0. 0. 0. 0. 0. 0.]
count:  6
3 1.9451107391432743e-13 0 [0. 0. 0. 0. 0. 0. 0. 0. 0. 0.]
count:  6
4 -5.764277943853813e-13 0 [0. 0. 0. 0. 0. 0. 0. 0. 0. 0.]
count:  6
5 -7.007727731433988e-13 0 [0. 0. 0. 0. 0. 0. 0. 0. 0. 0.]
count:  6
6 -9.85878045867139e-14 0 [0. 0. 0. 0. 0. 0. 0. 0. 0. 0.]
count:  6
7 -1.06314956838105e-12 0 [0. 0. 0. 0. 0. 0. 0. 0. 0. 0.]
count:  6
8 -4.3876013933186186e-13 0 [0. 0. 0. 0. 0. 0. 0. 0. 0. 0.]
count:  6
9 1.9451107391432743e-13 0 [0. 0. 0. 0. 0. 0. 0. 0. 0. 0.]
Reject rate_u:  0.0
Test Power of Baselines (K times): 
[[0. 0.]]
Average Test Power of Baselines (K times): 
MMD-D:  0.0 C2ST-L: 
test power, MMD/varest= [ 0.00976835 -0.0019324  -0.01075106  0.00358481 -0.01991687 -0.02020745
 -0.00211475 -0.05064213 -0.01133442  0.0043825 ] sum= -0.009916341824538731
-23.384754180908203
count:  6
0 7.451816941284051e-13 0 [0. 0. 0. 0. 0. 0. 0. 0. 0. 0.]
count:  6
1 1.0604850331219495e-12 0 [0. 0. 0. 0. 0. 0. 0. 0. 0. 0.]
count:  6
2 -8.384404281969182e-13 0 [0. 0. 0. 0. 0. 0. 0. 0. 0. 0.]
count:  6
3 -6.261657858885883e-13 0 [0. 0. 0. 0. 0. 0. 0. 0. 0. 0.]
count:  4
4 2.5703883466121624e-12 1 [0. 0. 0. 0. 1. 0. 0. 0. 0. 0.]
count:  6
5 9.547918011776346e-13 0 [0. 0. 0. 0. 1. 0. 0. 0. 0. 0.]
count:  6
6 -2.7355895326763857e-13 0 [0. 0. 0. 0. 1. 0. 0. 0. 0. 0.]
count:  6
7 1.5276668818842154e-12 0 [0. 0. 0. 0. 1. 0. 0. 0. 0. 0.]
count:  6
8 -3.0020430585864233e-13 0 [0. 0. 0. 0. 1. 0. 0. 0. 0. 0.]
count:  6
9 8.384404281969182e-13 0 [0. 0. 0. 0. 1. 0. 0. 0. 0. 0.]
Reject rate_u:  0.1
Test Power of Baselines (K times): 
[[0.  0.1]]
Average Test Power of Baselines (K times): 
MMD-D:  0.05 C2ST-L: 
test power, MMD/varest= [ 0.01224755  0.01895948 -0.04714794 -0.02161407  0.02705631  0.01983246
 -0.00840542  0.02256831 -0.0065171   0.0123858 ] sum= 0.00293653734808078
